Log file open, 03/11/19 02:32:12
LogWindows: Failed to load 'aqProf.dll' (GetLastError=126)
LogWindows: File 'aqProf.dll' does not exist
LogWindows: Failed to load 'VtuneApi.dll' (GetLastError=126)
LogWindows: File 'VtuneApi.dll' does not exist
LogWindows: Failed to load 'VtuneApi32e.dll' (GetLastError=126)
LogWindows: File 'VtuneApi32e.dll' does not exist
LogConsoleResponse: Display: Failed to find resolution value strings in scalability ini. Falling back to default.
LogInit: Display: Running engine for game: GameplayMechanics
LogPakFile: Registered encryption key '00000000000000000000000000000000': 0 pak files mounted, 0 remain pending
LogPlatformFile: Not using cached read wrapper
LogTaskGraph: Started task graph with 5 named threads and 23 total threads with 3 sets of task threads.
LogStats: Stats thread started at 0.271551
LogD3D11RHI: Loaded GFSDK_Aftermath_Lib.x64.dll
LogICUInternationalization: ICU TimeZone Detection - Raw Offset: +0:00, Platform Override: ''
LogPluginManager: Mounting plugin Paper2D
LogPluginManager: Mounting plugin AISupport
LogPluginManager: Mounting plugin LightPropagationVolume
LogPluginManager: Mounting plugin ActorLayerUtilities
LogPluginManager: Mounting plugin CLionSourceCodeAccess
LogPluginManager: Mounting plugin CodeLiteSourceCodeAccess
LogPluginManager: Mounting plugin GitSourceControl
LogPluginManager: Mounting plugin KDevelopSourceCodeAccess
LogPluginManager: Mounting plugin NullSourceCodeAccess
LogPluginManager: Mounting plugin PerforceSourceControl
LogPluginManager: Mounting plugin SubversionSourceControl
LogPluginManager: Mounting plugin UObjectPlugin
LogPluginManager: Mounting plugin VisualStudioCodeSourceCodeAccess
LogPluginManager: Mounting plugin VisualStudioSourceCodeAccess
LogPluginManager: Mounting plugin XCodeSourceCodeAccess
LogPluginManager: Mounting plugin AssetManagerEditor
LogPluginManager: Mounting plugin CryptoKeys
LogPluginManager: Mounting plugin DataValidation
LogPluginManager: Mounting plugin FacialAnimation
LogPluginManager: Mounting plugin GameplayTagsEditor
LogPluginManager: Mounting plugin MacGraphicsSwitching
LogPluginManager: Mounting plugin MeshEditor
LogPluginManager: Mounting plugin MobileLauncherProfileWizard
LogPluginManager: Mounting plugin PluginBrowser
LogPluginManager: Mounting plugin SpeedTreeImporter
LogPluginManager: Mounting plugin DatasmithContent
LogPluginManager: Mounting plugin VariantManagerContent
LogPluginManager: Mounting plugin AlembicImporter
LogPluginManager: Mounting plugin AppleImageUtils
LogPluginManager: Mounting plugin AppleVision
LogPluginManager: Mounting plugin BackChannel
LogPluginManager: Mounting plugin CharacterAI
LogPluginManager: Mounting plugin GeometryCache
LogPluginManager: Mounting plugin HTML5Networking
LogPluginManager: Mounting plugin ProxyLODPlugin
LogPluginManager: Mounting plugin MagicLeap
LogPluginManager: Mounting plugin MagicLeapMedia
LogPluginManager: Mounting plugin AndroidMedia
LogPluginManager: Mounting plugin AvfMedia
LogPluginManager: Mounting plugin ImgMedia
LogPluginManager: Mounting plugin LinearTimecode
LogPluginManager: Mounting plugin MediaCompositing
LogPluginManager: Mounting plugin MediaPlayerEditor
LogPluginManager: Mounting plugin WebMMedia
LogPluginManager: Mounting plugin WmfMedia
LogPluginManager: Mounting plugin TcpMessaging
LogPluginManager: Mounting plugin UdpMessaging
LogPluginManager: Mounting plugin ActorSequence
LogPluginManager: Mounting plugin LevelSequenceEditor
LogPluginManager: Mounting plugin MatineeToLevelSequence
LogPluginManager: Mounting plugin NetcodeUnitTest
LogPluginManager: Mounting plugin NUTUnrealEngine4
LogPluginManager: Mounting plugin OnlineSubsystemGooglePlay
LogPluginManager: Mounting plugin OnlineSubsystemIOS
LogPluginManager: Mounting plugin OnlineSubsystem
LogPluginManager: Mounting plugin OnlineSubsystemNull
LogPluginManager: Mounting plugin OnlineSubsystemUtils
LogPluginManager: Mounting plugin LauncherChunkInstaller
LogPluginManager: Mounting plugin AndroidDeviceProfileSelector
LogPluginManager: Mounting plugin AndroidMoviePlayer
LogPluginManager: Mounting plugin AndroidPermission
LogPluginManager: Mounting plugin AppleMoviePlayer
LogPluginManager: Mounting plugin ArchVisCharacter
LogPluginManager: Mounting plugin AudioCapture
LogPluginManager: Mounting plugin CableComponent
LogPluginManager: Mounting plugin CustomMeshComponent
LogPluginManager: Mounting plugin EditableMesh
LogPluginManager: Mounting plugin ExampleDeviceProfileSelector
LogPluginManager: Mounting plugin Firebase
LogPluginManager: Mounting plugin GoogleCloudMessaging
LogPluginManager: Mounting plugin IOSDeviceProfileSelector
LogPluginManager: Mounting plugin LinuxDeviceProfileSelector
LogPluginManager: Mounting plugin LocationServicesBPLibrary
LogPluginManager: Mounting plugin MobilePatchingUtils
LogPluginManager: Mounting plugin OculusVR
LogPluginManager: Mounting plugin PhysXVehicles
LogPluginManager: Mounting plugin ProceduralMeshComponent
LogPluginManager: Mounting plugin RuntimePhysXCooking
LogPluginManager: Mounting plugin SteamVR
LogPluginManager: Mounting plugin WebMMoviePlayer
LogPluginManager: Mounting plugin WindowsMoviePlayer
LogStreaming: Display: Took  0.086s to configure plugins.
LogInit: Using libcurl 7.55.1-DEV
LogInit:  - built for x86_64-pc-win32
LogInit:  - supports SSL with OpenSSL/1.0.2h
LogInit:  - supports HTTP deflate (compression) using libz 1.2.8
LogInit:  - other features:
LogInit:      CURL_VERSION_SSL
LogInit:      CURL_VERSION_LIBZ
LogInit:      CURL_VERSION_IPV6
LogInit:      CURL_VERSION_ASYNCHDNS
LogInit:      CURL_VERSION_LARGEFILE
LogInit:      CURL_VERSION_IDN
LogInit:  CurlRequestOptions (configurable via config and command line):
LogInit:  - bVerifyPeer = true  - Libcurl will verify peer certificate
LogInit:  - bUseHttpProxy = false  - Libcurl will NOT use HTTP proxy
LogInit:  - bDontReuseConnections = false  - Libcurl will reuse connections
LogInit:  - MaxHostConnections = 16  - Libcurl will limit the number of connections to a host
LogInit:  - LocalHostAddr = Default
LogInit:  - BufferSize = 65536
LogInit: WinSock: version 1.1 (2.2), MaxSocks=32767, MaxUdp=65467
LogInit: Build: ++UE4+Release-4.21-CL-4753647
LogInit: Engine Version: 4.21.2-4753647+++UE4+Release-4.21
LogInit: Compatible Engine Version: 4.21.0-4541578+++UE4+Release-4.21
LogInit: Net CL: 4541578
LogInit: OS: Windows 10 (), CPU: Intel(R) Core(TM) i7-6700K CPU @ 4.00GHz, GPU: NVIDIA GeForce GTX 1080
LogInit: Compiled (64-bit): Jan 19 2019 02:07:31
LogInit: Compiled with Visual C++: 19.13.26129.00
LogInit: Build Configuration: Development
LogInit: Branch Name: ++UE4+Release-4.21
LogInit: Command Line:  -EpicPortal -epicusername=PolishNoble -epicuserid=a099b9665b064454aaa52d270fdb3151 -epiclocale=en-US
LogInit: Base Directory: C:/Program Files/Epic Games/UE_4.21/Engine/Binaries/Win64/
LogInit: Installed Engine Build: 1
LogDevObjectVersion: Number of dev versions registered: 22
LogDevObjectVersion:   Dev-Blueprints (B0D832E4-1F89-4F0D-ACCF-7EB736FD4AA2): 10
LogDevObjectVersion:   Dev-Build (E1C64328-A22C-4D53-A36C-8E866417BD8C): 0
LogDevObjectVersion:   Dev-Core (375EC13C-06E4-48FB-B500-84F0262A717E): 2
LogDevObjectVersion:   Dev-Editor (E4B068ED-F494-42E9-A231-DA0B2E46BB41): 26
LogDevObjectVersion:   Dev-Framework (CFFC743F-43B0-4480-9391-14DF171D2073): 34
LogDevObjectVersion:   Dev-Mobile (B02B49B5-BB20-44E9-A304-32B752E40360): 2
LogDevObjectVersion:   Dev-Networking (A4E4105C-59A1-49B5-A7C5-40C4547EDFEE): 0
LogDevObjectVersion:   Dev-Online (39C831C9-5AE6-47DC-9A44-9C173E1C8E7C): 0
LogDevObjectVersion:   Dev-Physics (78F01B33-EBEA-4F98-B9B4-84EACCB95AA2): 0
LogDevObjectVersion:   Dev-Platform (6631380F-2D4D-43E0-8009-CF276956A95A): 0
LogDevObjectVersion:   Dev-Rendering (12F88B9F-8875-4AFC-A67C-D90C383ABD29): 27
LogDevObjectVersion:   Dev-Sequencer (7B5AE74C-D270-4C10-A958-57980B212A5A): 9
LogDevObjectVersion:   Dev-VR (D7296918-1DD6-4BDD-9DE2-64A83CC13884): 2
LogDevObjectVersion:   Dev-LoadTimes (C2A15278-BFE7-4AFE-6C17-90FF531DF755): 1
LogDevObjectVersion:   Private-Geometry (6EACA3D4-40EC-4CC1-B786-8BED09428FC5): 3
LogDevObjectVersion:   Dev-AnimPhys (29E575DD-E0A3-4627-9D10-D276232CDCEA): 17
LogDevObjectVersion:   Dev-Anim (AF43A65D-7FD3-4947-9873-3E8ED9C1BB05): 2
LogDevObjectVersion:   Dev-ReflectionCapture (6B266CEC-1EC7-4B8F-A30B-E4D90942FC07): 1
LogDevObjectVersion:   Dev-Automation (0DF73D61-A23F-47EA-B727-89E90C41499A): 1
LogDevObjectVersion:   FortniteMain (601D1886-AC64-4F84-AA16-D3DE0DEAC7D6): 17
LogDevObjectVersion:   Dev-Enterprise (9DFFBCD6-494F-0158-E221-12823C92A888): 4
LogDevObjectVersion:   Dev-Niagara (F2AED0AC-9AFE-416F-8664-AA7FFA26D6FC): 1
LogStreaming: Display: Took  0.003s to delete old logs.
LogInit: Presizing for max 8388607 objects, including 0 objects not considered by GC, pre-allocating 0 bytes for permanent pool.
LogInit: Object subsystem initialized
LogConfig: Setting CVar [[con.DebugEarlyDefault:1]]
LogConfig: Setting CVar [[r.setres:1280x720]]
[2019.03.11-02.32.12:615][  0]LogConfig: Setting CVar [[r.VSync:0]]
[2019.03.11-02.32.12:615][  0]LogConfig: Setting CVar [[r.RHICmdBypass:0]]
[2019.03.11-02.32.12:615][  0]LogConfig: Applying CVar settings from Section [/Script/Engine.RendererSettings] File [C:/Users/Michal/Documents/Unreal Projects/GameplayMechanics/Saved/Config/Windows/Engine.ini]
[2019.03.11-02.32.12:615][  0]LogConfig: Setting CVar [[r.GPUCrashDebugging:0]]
[2019.03.11-02.32.12:615][  0]LogConfig: Applying CVar settings from Section [/Script/Engine.RendererOverrideSettings] File [C:/Users/Michal/Documents/Unreal Projects/GameplayMechanics/Saved/Config/Windows/Engine.ini]
[2019.03.11-02.32.12:615][  0]LogConfig: Applying CVar settings from Section [/Script/Engine.StreamingSettings] File [C:/Users/Michal/Documents/Unreal Projects/GameplayMechanics/Saved/Config/Windows/Engine.ini]
[2019.03.11-02.32.12:615][  0]LogConfig: Setting CVar [[s.MinBulkDataSizeForAsyncLoading:131072]]
[2019.03.11-02.32.12:615][  0]LogConfig: Setting CVar [[s.AsyncLoadingThreadEnabled:0]]
[2019.03.11-02.32.12:615][  0]LogConfig: Setting CVar [[s.EventDrivenLoaderEnabled:1]]
[2019.03.11-02.32.12:615][  0]LogConfig: Setting CVar [[s.WarnIfTimeLimitExceeded:0]]
[2019.03.11-02.32.12:615][  0]LogConfig: Setting CVar [[s.TimeLimitExceededMultiplier:1.5]]
[2019.03.11-02.32.12:615][  0]LogConfig: Setting CVar [[s.TimeLimitExceededMinTime:0.005]]
[2019.03.11-02.32.12:615][  0]LogConfig: Setting CVar [[s.UseBackgroundLevelStreaming:1]]
[2019.03.11-02.32.12:615][  0]LogConfig: Setting CVar [[s.PriorityAsyncLoadingExtraTime:15.0]]
[2019.03.11-02.32.12:615][  0]LogConfig: Setting CVar [[s.LevelStreamingActorsUpdateTimeLimit:5.0]]
[2019.03.11-02.32.12:615][  0]LogConfig: Setting CVar [[s.PriorityLevelStreamingActorsUpdateExtraTime:5.0]]
[2019.03.11-02.32.12:615][  0]LogConfig: Setting CVar [[s.LevelStreamingComponentsRegistrationGranularity:10]]
[2019.03.11-02.32.12:615][  0]LogConfig: Setting CVar [[s.UnregisterComponentsTimeLimit:1.0]]
[2019.03.11-02.32.12:615][  0]LogConfig: Setting CVar [[s.LevelStreamingComponentsUnregistrationGranularity:5]]
[2019.03.11-02.32.12:615][  0]LogConfig: Applying CVar settings from Section [/Script/Engine.GarbageCollectionSettings] File [C:/Users/Michal/Documents/Unreal Projects/GameplayMechanics/Saved/Config/Windows/Engine.ini]
[2019.03.11-02.32.12:615][  0]LogConfig: Setting CVar [[gc.MaxObjectsNotConsideredByGC:1]]
[2019.03.11-02.32.12:615][  0]LogConfig: Setting CVar [[gc.SizeOfPermanentObjectPool:0]]
[2019.03.11-02.32.12:615][  0]LogConfig: Setting CVar [[gc.FlushStreamingOnGC:0]]
[2019.03.11-02.32.12:615][  0]LogConfig: Setting CVar [[gc.NumRetriesBeforeForcingGC:10]]
[2019.03.11-02.32.12:615][  0]LogConfig: Setting CVar [[gc.AllowParallelGC:1]]
[2019.03.11-02.32.12:615][  0]LogConfig: Setting CVar [[gc.TimeBetweenPurgingPendingKillObjects:61.1]]
[2019.03.11-02.32.12:615][  0]LogConfig: Setting CVar [[gc.MaxObjectsInEditor:8388607]]
[2019.03.11-02.32.12:615][  0]LogConfig: Setting CVar [[gc.IncrementalBeginDestroyEnabled:1]]
[2019.03.11-02.32.12:615][  0]LogConfig: Setting CVar [[gc.CreateGCClusters:1]]
[2019.03.11-02.32.12:615][  0]LogConfig: Setting CVar [[gc.MergeGCClusters:0]]
[2019.03.11-02.32.12:615][  0]LogConfig: Setting CVar [[gc.MinGCClusterSize:5]]
[2019.03.11-02.32.12:616][  0]LogConfig: Setting CVar [[gc.ActorClusteringEnabled:0]]
[2019.03.11-02.32.12:616][  0]LogConfig: Setting CVar [[gc.BlueprintClusteringEnabled:0]]
[2019.03.11-02.32.12:616][  0]LogConfig: Setting CVar [[gc.UseDisregardForGCOnDedicatedServers:0]]
[2019.03.11-02.32.12:616][  0]LogConfig: Applying CVar settings from Section [/Script/Engine.NetworkSettings] File [C:/Users/Michal/Documents/Unreal Projects/GameplayMechanics/Saved/Config/Windows/Engine.ini]
[2019.03.11-02.32.12:616][  0]LogConfig: Applying CVar settings from Section [/Script/UnrealEd.CookerSettings] File [C:/Users/Michal/Documents/Unreal Projects/GameplayMechanics/Saved/Config/Windows/Engine.ini]
[2019.03.11-02.32.12:622][  0]LogConfig: Applying CVar settings from Section [ViewDistanceQuality@3] File [C:/Users/Michal/Documents/Unreal Projects/GameplayMechanics/Saved/Config/Windows/Scalability.ini]
[2019.03.11-02.32.12:622][  0]LogConfig: Setting CVar [[r.SkeletalMeshLODBias:0]]
[2019.03.11-02.32.12:622][  0]LogConfig: Setting CVar [[r.ViewDistanceScale:1.0]]
[2019.03.11-02.32.12:622][  0]LogConfig: Applying CVar settings from Section [AntiAliasingQuality@3] File [C:/Users/Michal/Documents/Unreal Projects/GameplayMechanics/Saved/Config/Windows/Scalability.ini]
[2019.03.11-02.32.12:622][  0]LogConfig: Setting CVar [[r.PostProcessAAQuality:4]]
[2019.03.11-02.32.12:622][  0]LogConfig: Applying CVar settings from Section [ShadowQuality@3] File [C:/Users/Michal/Documents/Unreal Projects/GameplayMechanics/Saved/Config/Windows/Scalability.ini]
[2019.03.11-02.32.12:622][  0]LogConfig: Setting CVar [[r.LightFunctionQuality:1]]
[2019.03.11-02.32.12:622][  0]LogConfig: Setting CVar [[r.ShadowQuality:5]]
[2019.03.11-02.32.12:622][  0]LogConfig: Setting CVar [[r.Shadow.CSM.MaxCascades:10]]
[2019.03.11-02.32.12:622][  0]LogConfig: Setting CVar [[r.Shadow.MaxResolution:2048]]
[2019.03.11-02.32.12:622][  0]LogConfig: Setting CVar [[r.Shadow.MaxCSMResolution:2048]]
[2019.03.11-02.32.12:622][  0]LogConfig: Setting CVar [[r.Shadow.RadiusThreshold:0.01]]
[2019.03.11-02.32.12:622][  0]LogConfig: Setting CVar [[r.Shadow.DistanceScale:1.0]]
[2019.03.11-02.32.12:622][  0]LogConfig: Setting CVar [[r.Shadow.CSM.TransitionScale:1.0]]
[2019.03.11-02.32.12:622][  0]LogConfig: Setting CVar [[r.Shadow.PreShadowResolutionFactor:1.0]]
[2019.03.11-02.32.12:622][  0]LogConfig: Setting CVar [[r.DistanceFieldShadowing:1]]
[2019.03.11-02.32.12:622][  0]LogConfig: Setting CVar [[r.DistanceFieldAO:1]]
[2019.03.11-02.32.12:622][  0]LogConfig: Setting CVar [[r.AOQuality:2]]
[2019.03.11-02.32.12:622][  0]LogConfig: Setting CVar [[r.VolumetricFog:1]]
[2019.03.11-02.32.12:622][  0]LogConfig: Setting CVar [[r.VolumetricFog.GridPixelSize:8]]
[2019.03.11-02.32.12:622][  0]LogConfig: Setting CVar [[r.VolumetricFog.GridSizeZ:128]]
[2019.03.11-02.32.12:622][  0]LogConfig: Setting CVar [[r.VolumetricFog.HistoryMissSupersampleCount:4]]
[2019.03.11-02.32.12:622][  0]LogConfig: Setting CVar [[r.LightMaxDrawDistanceScale:1]]
[2019.03.11-02.32.12:622][  0]LogConfig: Setting CVar [[r.CapsuleShadows:1]]
[2019.03.11-02.32.12:622][  0]LogConfig: Applying CVar settings from Section [PostProcessQuality@3] File [C:/Users/Michal/Documents/Unreal Projects/GameplayMechanics/Saved/Config/Windows/Scalability.ini]
[2019.03.11-02.32.12:622][  0]LogConfig: Setting CVar [[r.MotionBlurQuality:4]]
[2019.03.11-02.32.12:622][  0]LogConfig: Setting CVar [[r.AmbientOcclusionMipLevelFactor:0.4]]
[2019.03.11-02.32.12:622][  0]LogConfig: Setting CVar [[r.AmbientOcclusionMaxQuality:100]]
[2019.03.11-02.32.12:622][  0]LogConfig: Setting CVar [[r.AmbientOcclusionLevels:-1]]
[2019.03.11-02.32.12:622][  0]LogConfig: Setting CVar [[r.AmbientOcclusionRadiusScale:1.0]]
[2019.03.11-02.32.12:622][  0]LogConfig: Setting CVar [[r.DepthOfFieldQuality:2]]
[2019.03.11-02.32.12:622][  0]LogConfig: Setting CVar [[r.RenderTargetPoolMin:400]]
[2019.03.11-02.32.12:622][  0]LogConfig: Setting CVar [[r.LensFlareQuality:2]]
[2019.03.11-02.32.12:622][  0]LogConfig: Setting CVar [[r.SceneColorFringeQuality:1]]
[2019.03.11-02.32.12:622][  0]LogConfig: Setting CVar [[r.EyeAdaptationQuality:2]]
[2019.03.11-02.32.12:622][  0]LogConfig: Setting CVar [[r.BloomQuality:5]]
[2019.03.11-02.32.12:622][  0]LogConfig: Setting CVar [[r.FastBlurThreshold:100]]
[2019.03.11-02.32.12:622][  0]LogConfig: Setting CVar [[r.Upscale.Quality:3]]
[2019.03.11-02.32.12:622][  0]LogConfig: Setting CVar [[r.Tonemapper.GrainQuantization:1]]
[2019.03.11-02.32.12:622][  0]LogConfig: Setting CVar [[r.LightShaftQuality:1]]
[2019.03.11-02.32.12:622][  0]LogConfig: Setting CVar [[r.Filter.SizeScale:1]]
[2019.03.11-02.32.12:622][  0]LogConfig: Setting CVar [[r.Tonemapper.Quality:5]]
[2019.03.11-02.32.12:622][  0]LogConfig: Setting CVar [[r.DOF.Gather.AccumulatorQuality:1        ; higher gathering accumulator quality]]
[2019.03.11-02.32.12:622][  0]LogConfig: Setting CVar [[r.DOF.Gather.PostfilterMethod:1          ; Median3x3 postfilering method]]
[2019.03.11-02.32.12:622][  0]LogConfig: Setting CVar [[r.DOF.Gather.EnableBokehSettings:0       ; no bokeh simulation when gathering]]
[2019.03.11-02.32.12:622][  0]LogConfig: Setting CVar [[r.DOF.Gather.RingCount:4                 ; medium number of samples when gathering]]
[2019.03.11-02.32.12:623][  0]LogConfig: Setting CVar [[r.DOF.Scatter.ForegroundCompositing:1    ; additive foreground scattering]]
[2019.03.11-02.32.12:623][  0]LogConfig: Setting CVar [[r.DOF.Scatter.BackgroundCompositing:2    ; additive background scattering]]
[2019.03.11-02.32.12:623][  0]LogConfig: Setting CVar [[r.DOF.Scatter.EnableBokehSettings:1      ; bokeh simulation when scattering]]
[2019.03.11-02.32.12:623][  0]LogConfig: Setting CVar [[r.DOF.Scatter.MaxSpriteRatio:0.1         ; only a maximum of 10% of scattered bokeh]]
[2019.03.11-02.32.12:623][  0]LogConfig: Setting CVar [[r.DOF.Recombine.Quality:1                ; cheap slight out of focus]]
[2019.03.11-02.32.12:623][  0]LogConfig: Setting CVar [[r.DOF.Recombine.EnableBokehSettings:0    ; no bokeh simulation on slight out of focus]]
[2019.03.11-02.32.12:623][  0]LogConfig: Setting CVar [[r.DOF.TemporalAAQuality:1                ; more stable temporal accumulation]]
[2019.03.11-02.32.12:623][  0]LogConfig: Setting CVar [[r.DOF.Kernel.MaxForegroundRadius:0.025]]
[2019.03.11-02.32.12:623][  0]LogConfig: Setting CVar [[r.DOF.Kernel.MaxBackgroundRadius:0.025]]
[2019.03.11-02.32.12:623][  0]LogConfig: Applying CVar settings from Section [TextureQuality@3] File [C:/Users/Michal/Documents/Unreal Projects/GameplayMechanics/Saved/Config/Windows/Scalability.ini]
[2019.03.11-02.32.12:623][  0]LogConfig: Setting CVar [[r.Streaming.MipBias:0]]
[2019.03.11-02.32.12:623][  0]LogConfig: Setting CVar [[r.Streaming.AmortizeCPUToGPUCopy:0]]
[2019.03.11-02.32.12:623][  0]LogConfig: Setting CVar [[r.Streaming.MaxNumTexturesToStreamPerFrame:0]]
[2019.03.11-02.32.12:623][  0]LogConfig: Setting CVar [[r.Streaming.Boost:1]]
[2019.03.11-02.32.12:623][  0]LogConfig: Setting CVar [[r.MaxAnisotropy:8]]
[2019.03.11-02.32.12:623][  0]LogConfig: Setting CVar [[r.Streaming.LimitPoolSizeToVRAM:0]]
[2019.03.11-02.32.12:623][  0]LogConfig: Setting CVar [[r.Streaming.PoolSize:1000]]
[2019.03.11-02.32.12:623][  0]LogConfig: Setting CVar [[r.Streaming.MaxEffectiveScreenSize:0]]
[2019.03.11-02.32.12:623][  0]LogConfig: Applying CVar settings from Section [EffectsQuality@3] File [C:/Users/Michal/Documents/Unreal Projects/GameplayMechanics/Saved/Config/Windows/Scalability.ini]
[2019.03.11-02.32.12:623][  0]LogConfig: Setting CVar [[r.TranslucencyLightingVolumeDim:64]]
[2019.03.11-02.32.12:623][  0]LogConfig: Setting CVar [[r.RefractionQuality:2]]
[2019.03.11-02.32.12:623][  0]LogConfig: Setting CVar [[r.SSR.Quality:3]]
[2019.03.11-02.32.12:623][  0]LogConfig: Setting CVar [[r.SceneColorFormat:4]]
[2019.03.11-02.32.12:623][  0]LogConfig: Setting CVar [[r.DetailMode:2]]
[2019.03.11-02.32.12:623][  0]LogConfig: Setting CVar [[r.TranslucencyVolumeBlur:1]]
[2019.03.11-02.32.12:623][  0]LogConfig: Setting CVar [[r.MaterialQualityLevel:1 ; High quality]]
[2019.03.11-02.32.12:623][  0]LogConfig: Setting CVar [[r.SSS.Scale:1]]
[2019.03.11-02.32.12:623][  0]LogConfig: Setting CVar [[r.SSS.SampleSet:2]]
[2019.03.11-02.32.12:623][  0]LogConfig: Setting CVar [[r.SSS.Quality:1]]
[2019.03.11-02.32.12:623][  0]LogConfig: Setting CVar [[r.SSS.HalfRes:1]]
[2019.03.11-02.32.12:623][  0]LogConfig: Setting CVar [[r.EmitterSpawnRateScale:1.0]]
[2019.03.11-02.32.12:623][  0]LogConfig: Setting CVar [[r.ParticleLightQuality:2]]
[2019.03.11-02.32.12:623][  0]LogConfig: Applying CVar settings from Section [FoliageQuality@3] File [C:/Users/Michal/Documents/Unreal Projects/GameplayMechanics/Saved/Config/Windows/Scalability.ini]
[2019.03.11-02.32.12:623][  0]LogConfig: Setting CVar [[foliage.DensityScale:1.0]]
[2019.03.11-02.32.12:623][  0]LogConfig: Setting CVar [[grass.DensityScale:1.0]]
[2019.03.11-02.32.12:623][  0]LogInit: Selected Device Profile: [Windows]
[2019.03.11-02.32.12:623][  0]LogInit: Applying CVar settings loaded from the selected device profile: [Windows]
[2019.03.11-02.32.12:638][  0]LogHAL: Display: Platform has ~ 16 GB [17117184000 / 17179869184 / 16], which maps to Larger [LargestMinGB=32, LargerMinGB=12, DefaultMinGB=8, SmallerMinGB=6, SmallestMinGB=0)
[2019.03.11-02.32.12:638][  0]LogConfig: Setting CVar [[r.Vulkan.UseRealUBs:1]]
[2019.03.11-02.32.12:638][  0]LogInit: Going up to parent DeviceProfile []
[2019.03.11-02.32.12:638][  0]LogConfig: Applying CVar settings from Section [ViewDistanceQuality@3] File [C:/Users/Michal/Documents/Unreal Projects/GameplayMechanics/Saved/Config/Windows/Scalability.ini]
[2019.03.11-02.32.12:638][  0]LogConfig: Setting CVar [[r.SkeletalMeshLODBias:0]]
[2019.03.11-02.32.12:638][  0]LogConfig: Setting CVar [[r.ViewDistanceScale:1.0]]
[2019.03.11-02.32.12:638][  0]LogConfig: Applying CVar settings from Section [AntiAliasingQuality@3] File [C:/Users/Michal/Documents/Unreal Projects/GameplayMechanics/Saved/Config/Windows/Scalability.ini]
[2019.03.11-02.32.12:638][  0]LogConfig: Setting CVar [[r.PostProcessAAQuality:4]]
[2019.03.11-02.32.12:638][  0]LogConfig: Applying CVar settings from Section [ShadowQuality@3] File [C:/Users/Michal/Documents/Unreal Projects/GameplayMechanics/Saved/Config/Windows/Scalability.ini]
[2019.03.11-02.32.12:638][  0]LogConfig: Setting CVar [[r.LightFunctionQuality:1]]
[2019.03.11-02.32.12:638][  0]LogConfig: Setting CVar [[r.ShadowQuality:5]]
[2019.03.11-02.32.12:638][  0]LogConfig: Setting CVar [[r.Shadow.CSM.MaxCascades:10]]
[2019.03.11-02.32.12:638][  0]LogConfig: Setting CVar [[r.Shadow.MaxResolution:2048]]
[2019.03.11-02.32.12:638][  0]LogConfig: Setting CVar [[r.Shadow.MaxCSMResolution:2048]]
[2019.03.11-02.32.12:638][  0]LogConfig: Setting CVar [[r.Shadow.RadiusThreshold:0.01]]
[2019.03.11-02.32.12:638][  0]LogConfig: Setting CVar [[r.Shadow.DistanceScale:1.0]]
[2019.03.11-02.32.12:638][  0]LogConfig: Setting CVar [[r.Shadow.CSM.TransitionScale:1.0]]
[2019.03.11-02.32.12:638][  0]LogConfig: Setting CVar [[r.Shadow.PreShadowResolutionFactor:1.0]]
[2019.03.11-02.32.12:638][  0]LogConfig: Setting CVar [[r.DistanceFieldShadowing:1]]
[2019.03.11-02.32.12:638][  0]LogConfig: Setting CVar [[r.DistanceFieldAO:1]]
[2019.03.11-02.32.12:638][  0]LogConfig: Setting CVar [[r.AOQuality:2]]
[2019.03.11-02.32.12:638][  0]LogConfig: Setting CVar [[r.VolumetricFog:1]]
[2019.03.11-02.32.12:638][  0]LogConfig: Setting CVar [[r.VolumetricFog.GridPixelSize:8]]
[2019.03.11-02.32.12:638][  0]LogConfig: Setting CVar [[r.VolumetricFog.GridSizeZ:128]]
[2019.03.11-02.32.12:638][  0]LogConfig: Setting CVar [[r.VolumetricFog.HistoryMissSupersampleCount:4]]
[2019.03.11-02.32.12:638][  0]LogConfig: Setting CVar [[r.LightMaxDrawDistanceScale:1]]
[2019.03.11-02.32.12:638][  0]LogConfig: Setting CVar [[r.CapsuleShadows:1]]
[2019.03.11-02.32.12:638][  0]LogConfig: Applying CVar settings from Section [PostProcessQuality@3] File [C:/Users/Michal/Documents/Unreal Projects/GameplayMechanics/Saved/Config/Windows/Scalability.ini]
[2019.03.11-02.32.12:638][  0]LogConfig: Setting CVar [[r.MotionBlurQuality:4]]
[2019.03.11-02.32.12:638][  0]LogConfig: Setting CVar [[r.AmbientOcclusionMipLevelFactor:0.4]]
[2019.03.11-02.32.12:638][  0]LogConfig: Setting CVar [[r.AmbientOcclusionMaxQuality:100]]
[2019.03.11-02.32.12:638][  0]LogConfig: Setting CVar [[r.AmbientOcclusionLevels:-1]]
[2019.03.11-02.32.12:638][  0]LogConfig: Setting CVar [[r.AmbientOcclusionRadiusScale:1.0]]
[2019.03.11-02.32.12:638][  0]LogConfig: Setting CVar [[r.DepthOfFieldQuality:2]]
[2019.03.11-02.32.12:638][  0]LogConfig: Setting CVar [[r.RenderTargetPoolMin:400]]
[2019.03.11-02.32.12:638][  0]LogConfig: Setting CVar [[r.LensFlareQuality:2]]
[2019.03.11-02.32.12:639][  0]LogConfig: Setting CVar [[r.SceneColorFringeQuality:1]]
[2019.03.11-02.32.12:639][  0]LogConfig: Setting CVar [[r.EyeAdaptationQuality:2]]
[2019.03.11-02.32.12:639][  0]LogConfig: Setting CVar [[r.BloomQuality:5]]
[2019.03.11-02.32.12:639][  0]LogConfig: Setting CVar [[r.FastBlurThreshold:100]]
[2019.03.11-02.32.12:639][  0]LogConfig: Setting CVar [[r.Upscale.Quality:3]]
[2019.03.11-02.32.12:639][  0]LogConfig: Setting CVar [[r.Tonemapper.GrainQuantization:1]]
[2019.03.11-02.32.12:639][  0]LogConfig: Setting CVar [[r.LightShaftQuality:1]]
[2019.03.11-02.32.12:639][  0]LogConfig: Setting CVar [[r.Filter.SizeScale:1]]
[2019.03.11-02.32.12:639][  0]LogConfig: Setting CVar [[r.Tonemapper.Quality:5]]
[2019.03.11-02.32.12:639][  0]LogConfig: Setting CVar [[r.DOF.Gather.AccumulatorQuality:1        ; higher gathering accumulator quality]]
[2019.03.11-02.32.12:639][  0]LogConfig: Setting CVar [[r.DOF.Gather.PostfilterMethod:1          ; Median3x3 postfilering method]]
[2019.03.11-02.32.12:639][  0]LogConfig: Setting CVar [[r.DOF.Gather.EnableBokehSettings:0       ; no bokeh simulation when gathering]]
[2019.03.11-02.32.12:639][  0]LogConfig: Setting CVar [[r.DOF.Gather.RingCount:4                 ; medium number of samples when gathering]]
[2019.03.11-02.32.12:639][  0]LogConfig: Setting CVar [[r.DOF.Scatter.ForegroundCompositing:1    ; additive foreground scattering]]
[2019.03.11-02.32.12:639][  0]LogConfig: Setting CVar [[r.DOF.Scatter.BackgroundCompositing:2    ; additive background scattering]]
[2019.03.11-02.32.12:639][  0]LogConfig: Setting CVar [[r.DOF.Scatter.EnableBokehSettings:1      ; bokeh simulation when scattering]]
[2019.03.11-02.32.12:639][  0]LogConfig: Setting CVar [[r.DOF.Scatter.MaxSpriteRatio:0.1         ; only a maximum of 10% of scattered bokeh]]
[2019.03.11-02.32.12:639][  0]LogConfig: Setting CVar [[r.DOF.Recombine.Quality:1                ; cheap slight out of focus]]
[2019.03.11-02.32.12:639][  0]LogConfig: Setting CVar [[r.DOF.Recombine.EnableBokehSettings:0    ; no bokeh simulation on slight out of focus]]
[2019.03.11-02.32.12:639][  0]LogConfig: Setting CVar [[r.DOF.TemporalAAQuality:1                ; more stable temporal accumulation]]
[2019.03.11-02.32.12:639][  0]LogConfig: Setting CVar [[r.DOF.Kernel.MaxForegroundRadius:0.025]]
[2019.03.11-02.32.12:639][  0]LogConfig: Setting CVar [[r.DOF.Kernel.MaxBackgroundRadius:0.025]]
[2019.03.11-02.32.12:639][  0]LogConfig: Applying CVar settings from Section [TextureQuality@3] File [C:/Users/Michal/Documents/Unreal Projects/GameplayMechanics/Saved/Config/Windows/Scalability.ini]
[2019.03.11-02.32.12:639][  0]LogConfig: Setting CVar [[r.Streaming.MipBias:0]]
[2019.03.11-02.32.12:639][  0]LogConfig: Setting CVar [[r.Streaming.AmortizeCPUToGPUCopy:0]]
[2019.03.11-02.32.12:639][  0]LogConfig: Setting CVar [[r.Streaming.MaxNumTexturesToStreamPerFrame:0]]
[2019.03.11-02.32.12:639][  0]LogConfig: Setting CVar [[r.Streaming.Boost:1]]
[2019.03.11-02.32.12:639][  0]LogConfig: Setting CVar [[r.MaxAnisotropy:8]]
[2019.03.11-02.32.12:639][  0]LogConfig: Setting CVar [[r.Streaming.LimitPoolSizeToVRAM:0]]
[2019.03.11-02.32.12:639][  0]LogConfig: Setting CVar [[r.Streaming.PoolSize:1000]]
[2019.03.11-02.32.12:639][  0]LogConfig: Setting CVar [[r.Streaming.MaxEffectiveScreenSize:0]]
[2019.03.11-02.32.12:639][  0]LogConfig: Applying CVar settings from Section [EffectsQuality@3] File [C:/Users/Michal/Documents/Unreal Projects/GameplayMechanics/Saved/Config/Windows/Scalability.ini]
[2019.03.11-02.32.12:639][  0]LogConfig: Setting CVar [[r.TranslucencyLightingVolumeDim:64]]
[2019.03.11-02.32.12:639][  0]LogConfig: Setting CVar [[r.RefractionQuality:2]]
[2019.03.11-02.32.12:639][  0]LogConfig: Setting CVar [[r.SSR.Quality:3]]
[2019.03.11-02.32.12:639][  0]LogConfig: Setting CVar [[r.SceneColorFormat:4]]
[2019.03.11-02.32.12:639][  0]LogConfig: Setting CVar [[r.DetailMode:2]]
[2019.03.11-02.32.12:639][  0]LogConfig: Setting CVar [[r.TranslucencyVolumeBlur:1]]
[2019.03.11-02.32.12:639][  0]LogConfig: Setting CVar [[r.MaterialQualityLevel:1 ; High quality]]
[2019.03.11-02.32.12:639][  0]LogConfig: Setting CVar [[r.SSS.Scale:1]]
[2019.03.11-02.32.12:639][  0]LogConfig: Setting CVar [[r.SSS.SampleSet:2]]
[2019.03.11-02.32.12:639][  0]LogConfig: Setting CVar [[r.SSS.Quality:1]]
[2019.03.11-02.32.12:639][  0]LogConfig: Setting CVar [[r.SSS.HalfRes:1]]
[2019.03.11-02.32.12:639][  0]LogConfig: Setting CVar [[r.EmitterSpawnRateScale:1.0]]
[2019.03.11-02.32.12:639][  0]LogConfig: Setting CVar [[r.ParticleLightQuality:2]]
[2019.03.11-02.32.12:639][  0]LogConfig: Applying CVar settings from Section [FoliageQuality@3] File [C:/Users/Michal/Documents/Unreal Projects/GameplayMechanics/Saved/Config/Windows/Scalability.ini]
[2019.03.11-02.32.12:639][  0]LogConfig: Setting CVar [[foliage.DensityScale:1.0]]
[2019.03.11-02.32.12:639][  0]LogConfig: Setting CVar [[grass.DensityScale:1.0]]
[2019.03.11-02.32.12:639][  0]LogConfig: Applying CVar settings from Section [Startup] File [../../../Engine/Config/ConsoleVariables.ini]
[2019.03.11-02.32.12:639][  0]LogConfig: Setting CVar [[net.UseAdaptiveNetUpdateFrequency:0]]
[2019.03.11-02.32.12:639][  0]LogConfig: Applying CVar settings from Section [ConsoleVariables] File [C:/Users/Michal/Documents/Unreal Projects/GameplayMechanics/Saved/Config/Windows/Engine.ini]
[2019.03.11-02.32.12:639][  0]LogInit: Computer: DESKTOP-F66LNLJ
[2019.03.11-02.32.12:639][  0]LogInit: User: Michal
[2019.03.11-02.32.12:639][  0]LogInit: CPU Page size=4096, Cores=4
[2019.03.11-02.32.12:639][  0]LogInit: High frequency timer resolution =3.914063 MHz
[2019.03.11-02.32.12:640][  0]LogMemory: Memory total: Physical=15.9GB (16GB approx)
[2019.03.11-02.32.12:640][  0]LogMemory: Platform Memory Stats for Windows
[2019.03.11-02.32.12:640][  0]LogMemory: Process Physical Memory: 102.08 MB used, 102.08 MB peak
[2019.03.11-02.32.12:640][  0]LogMemory: Process Virtual Memory: 91.17 MB used, 91.17 MB peak
[2019.03.11-02.32.12:640][  0]LogMemory: Physical Memory: 7442.24 MB used,  8881.98 MB free, 16324.22 MB total
[2019.03.11-02.32.12:640][  0]LogMemory: Virtual Memory: 4647.84 MB used,  134213080.00 MB free, 134217728.00 MB total
[2019.03.11-02.32.12:654][  0]LogInit: Using OS detected language (en-US).
[2019.03.11-02.32.12:655][  0]LogInit: Using OS detected locale (en-GB).
[2019.03.11-02.32.12:655][  0]LogTextLocalizationManager: No specific localization for 'en-US' exists, so the 'en' localization will be used.
[2019.03.11-02.32.12:988][  0]LogStreaming: Display: Took  0.334s to InitEngineTextLocalization.
[2019.03.11-02.32.12:988][  0]LogInit: Setting process to per monitor DPI aware
[2019.03.11-02.32.13:024][  0]LogSlate: New Slate User Created.  User Index 0, Is Virtual User: 0
[2019.03.11-02.32.13:024][  0]LogSlate: Slate User Registered.  User Index 0, Is Virtual User: 0
[2019.03.11-02.32.13:216][  0]LogHMD: Failed to initialize OpenVR with code 110
[2019.03.11-02.32.13:216][  0]LogD3D11RHI: D3D11 adapters:
[2019.03.11-02.32.13:279][  0]LogD3D11RHI:    0. 'NVIDIA GeForce GTX 1080' (Feature Level 11_0)
[2019.03.11-02.32.13:279][  0]LogD3D11RHI:       8079/0/8162 MB DedicatedVideo/DedicatedSystem/SharedSystem, Outputs:2, VendorId:0x10de
[2019.03.11-02.32.13:281][  0]LogD3D11RHI:    1. 'Microsoft Basic Render Driver' (Feature Level 11_0)
[2019.03.11-02.32.13:281][  0]LogD3D11RHI:       0/0/8162 MB DedicatedVideo/DedicatedSystem/SharedSystem, Outputs:0, VendorId:0x1414
[2019.03.11-02.32.13:281][  0]LogD3D11RHI: Chosen D3D11 Adapter: 0
[2019.03.11-02.32.13:288][  0]LogD3D11RHI: Creating new Direct3DDevice
[2019.03.11-02.32.13:288][  0]LogD3D11RHI:     GPU DeviceId: 0x1b80 (for the marketing name, search the web for "GPU Device Id")
[2019.03.11-02.32.13:288][  0]LogWindows: EnumDisplayDevices:
[2019.03.11-02.32.13:288][  0]LogWindows:    0. 'NVIDIA GeForce GTX 1080' (P:1 D:1)
[2019.03.11-02.32.13:288][  0]LogWindows:    1. 'NVIDIA GeForce GTX 1080' (P:0 D:1)
[2019.03.11-02.32.13:288][  0]LogWindows:    2. 'NVIDIA GeForce GTX 1080' (P:0 D:0)
[2019.03.11-02.32.13:289][  0]LogWindows:    3. 'NVIDIA GeForce GTX 1080' (P:0 D:0)
[2019.03.11-02.32.13:289][  0]LogWindows: DebugString: FoundDriverCount:4 
[2019.03.11-02.32.13:289][  0]LogD3D11RHI:     Adapter Name: NVIDIA GeForce GTX 1080
[2019.03.11-02.32.13:289][  0]LogD3D11RHI:   Driver Version: 418.81 (internal:25.21.14.1881, unified:418.81)
[2019.03.11-02.32.13:289][  0]LogD3D11RHI:      Driver Date: 1-30-2019
[2019.03.11-02.32.13:289][  0]LogRHI: Texture pool is 5655 MB (70% of 8079 MB)
[2019.03.11-02.32.13:326][  0]LogD3D11RHI: Async texture creation enabled
[2019.03.11-02.32.13:359][  0]LogD3D11RHI: GPU Timing Frequency: 1000.000000 (Debug: 2 1)
[2019.03.11-02.32.13:747][  0]LogTemp: Display: Loaded TP AllDesktopTargetPlatform
[2019.03.11-02.32.13:759][  0]LogTemp: Display: Loaded TP MacClientTargetPlatform
[2019.03.11-02.32.13:771][  0]LogTemp: Display: Loaded TP MacNoEditorTargetPlatform
[2019.03.11-02.32.13:783][  0]LogTemp: Display: Loaded TP MacServerTargetPlatform
[2019.03.11-02.32.13:794][  0]LogTemp: Display: Loaded TP MacTargetPlatform
[2019.03.11-02.32.13:804][  0]LogTemp: Display: Loaded TP WindowsClientTargetPlatform
[2019.03.11-02.32.13:818][  0]LogTemp: Display: Loaded TP WindowsNoEditorTargetPlatform
[2019.03.11-02.32.13:829][  0]LogTemp: Display: Loaded TP WindowsServerTargetPlatform
[2019.03.11-02.32.13:834][  0]LogTemp: Display: Loaded TP WindowsTargetPlatform
[2019.03.11-02.32.13:897][  0]LogTemp: Display: Loaded TP AndroidTargetPlatform
[2019.03.11-02.32.13:897][  0]LogTemp: Display: Loaded TP AndroidTargetPlatform
[2019.03.11-02.32.13:897][  0]LogTemp: Display: Loaded TP AndroidTargetPlatform
[2019.03.11-02.32.13:897][  0]LogTemp: Display: Loaded TP AndroidTargetPlatform
[2019.03.11-02.32.13:897][  0]LogTemp: Display: Loaded TP AndroidTargetPlatform
[2019.03.11-02.32.13:897][  0]LogTemp: Display: Loaded TP AndroidTargetPlatform
[2019.03.11-02.32.13:897][  0]LogTemp: Display: Loaded TP AndroidTargetPlatform
[2019.03.11-02.32.13:897][  0]LogTemp: Display: Loaded TP AndroidTargetPlatform
[2019.03.11-02.32.13:897][  0]LogTemp: Display: Loaded TP AndroidTargetPlatform
[2019.03.11-02.32.13:897][  0]LogTemp: Display: Loaded TP AndroidTargetPlatform
[2019.03.11-02.32.13:898][  0]LogTemp: Display: Loaded TP AndroidTargetPlatform
[2019.03.11-02.32.13:898][  0]LogTemp: Display: Loaded TP AndroidTargetPlatform
[2019.03.11-02.32.13:898][  0]LogTemp: Display: Loaded TP AndroidTargetPlatform
[2019.03.11-02.32.13:898][  0]LogTemp: Display: Loaded TP AndroidTargetPlatform
[2019.03.11-02.32.13:898][  0]LogTemp: Display: Loaded TP AndroidTargetPlatform
[2019.03.11-02.32.13:898][  0]LogTemp: Display: Loaded TP AndroidTargetPlatform
[2019.03.11-02.32.13:898][  0]LogTemp: Display: Loaded TP AndroidTargetPlatform
[2019.03.11-02.32.13:898][  0]LogTemp: Display: Loaded TP AndroidTargetPlatform
[2019.03.11-02.32.13:899][  0]LogTemp: Display: Loaded TP HTML5TargetPlatform
[2019.03.11-02.32.13:961][  0]LogTemp: Display: Loaded TP IOSTargetPlatform
[2019.03.11-02.32.13:961][  0]LogTemp: Display: Loaded TP IOSTargetPlatform
[2019.03.11-02.32.13:992][  0]LogTemp: Display: Loaded TP TVOSTargetPlatform
[2019.03.11-02.32.13:992][  0]LogTemp: Display: Loaded TP TVOSTargetPlatform
[2019.03.11-02.32.14:004][  0]LogTemp: Display: Loaded TP LinuxClientTargetPlatform
[2019.03.11-02.32.14:016][  0]LogTemp: Display: Loaded TP LinuxNoEditorTargetPlatform
[2019.03.11-02.32.14:026][  0]LogTemp: Display: Loaded TP LinuxServerTargetPlatform
[2019.03.11-02.32.14:039][  0]LogTemp: Display: Loaded TP LinuxTargetPlatform
[2019.03.11-02.32.14:080][  0]LogTemp: Display: Loaded TP LuminTargetPlatform
[2019.03.11-02.32.14:080][  0]LogTemp: Display: Loaded TP LuminTargetPlatform
[2019.03.11-02.32.14:080][  0]LogTargetPlatformManager: Display: Building Assets For Windows
[2019.03.11-02.32.14:128][  0]LogShaderCompilers: Guid format shader working directory is -27 characters bigger than the processId version (../../../../../../Users/Michal/Documents/Unreal Projects/GameplayMechanics/Intermediate/Shaders/WorkingDirectory/2716/).
[2019.03.11-02.32.14:128][  0]LogShaderCompilers: Cleaned the shader compiler working directory 'C:/Users/Michal/AppData/Local/Temp/UnrealShaderWorkingDir/CCC2D98F42C19B0A9D91898FA5284D37/'.
[2019.03.11-02.32.14:130][  0]LogXGEController: Cannot use XGE Controller as Incredibuild is not installed on this machine.
[2019.03.11-02.32.14:130][  0]LogShaderCompilers: Cannot use XGE Shader Compiler as Incredibuild is not installed on this machine.
[2019.03.11-02.32.14:130][  0]LogShaderCompilers: Display: Using Local Shader Compiler.
[2019.03.11-02.32.14:611][  0]LogDerivedDataCache: Display: Max Cache Size: 512 MB
[2019.03.11-02.32.14:656][  0]LogDerivedDataCache: Loaded boot cache 0.04s 73MB C:/Users/Michal/AppData/Local/UnrealEngine/4.21/DerivedDataCache/Boot.ddc.
[2019.03.11-02.32.14:656][  0]LogDerivedDataCache: Display: Loaded Boot cache: C:/Users/Michal/AppData/Local/UnrealEngine/4.21/DerivedDataCache/Boot.ddc
[2019.03.11-02.32.14:656][  0]LogDerivedDataCache: FDerivedDataBackendGraph:  Pak pak cache file ../../../../../../Users/Michal/Documents/Unreal Projects/GameplayMechanics/DerivedDataCache/DDC.ddp not found, will not use a pak cache.
[2019.03.11-02.32.14:656][  0]LogDerivedDataCache: Unable to find inner node Pak for hierarchical cache Hierarchy.
[2019.03.11-02.32.14:656][  0]LogDerivedDataCache: FDerivedDataBackendGraph:  CompressedPak pak cache file ../../../../../../Users/Michal/Documents/Unreal Projects/GameplayMechanics/DerivedDataCache/Compressed.ddp not found, will not use a pak cache.
[2019.03.11-02.32.14:656][  0]LogDerivedDataCache: Unable to find inner node CompressedPak for hierarchical cache Hierarchy.
[2019.03.11-02.32.14:668][  0]LogDerivedDataCache: Display: Pak cache opened for reading ../../../Engine/DerivedDataCache/Compressed.ddp.
[2019.03.11-02.32.14:668][  0]LogDerivedDataCache: FDerivedDataBackendGraph:  EnterprisePak pak cache file ../../../Enterprise/DerivedDataCache/Compressed.ddp not found, will not use a pak cache.
[2019.03.11-02.32.14:668][  0]LogDerivedDataCache: Unable to find inner node EnterprisePak for hierarchical cache Hierarchy.
[2019.03.11-02.32.14:680][  0]LogDerivedDataCache: Using Local data cache path C:/Users/Michal/AppData/Local/UnrealEngine/Common/DerivedDataCache: Writable
[2019.03.11-02.32.14:680][  0]LogDerivedDataCache: Shared data cache path not found in *engine.ini, will not use an Shared cache.
[2019.03.11-02.32.14:680][  0]LogDerivedDataCache: Unable to find inner node Shared for hierarchical cache Hierarchy.
[2019.03.11-02.32.14:699][  0]LogMaterial: Verifying Global Shaders for PCD3D_SM5
[2019.03.11-02.32.14:700][  0]LogSlate: Using FreeType 2.6.0
[2019.03.11-02.32.14:701][  0]LogSlate: SlateFontServices - WITH_FREETYPE: 1, WITH_HARFBUZZ: 1
[2019.03.11-02.32.14:773][  0]LogAssetRegistry: FAssetRegistry took 0.0305 seconds to start up
[2019.03.11-02.32.15:053][  0]LogInit: Selected Device Profile: [Windows]
[2019.03.11-02.32.15:184][  0]LogSimplygon: Simplygon DLL not present - disabling.
[2019.03.11-02.32.15:188][  0]LogMeshReduction: Using SimplygonSwarm for distributed automatic mesh merging
[2019.03.11-02.32.15:188][  0]LogMeshReduction: Using ProxyLODMeshReduction for automatic mesh merging
[2019.03.11-02.32.15:188][  0]LogMeshReduction: Using QuadricMeshReduction for automatic static mesh reduction
[2019.03.11-02.32.15:188][  0]LogMeshReduction: No automatic skeletal mesh reduction module available
[2019.03.11-02.32.15:198][  0]LogNetVersion: GameplayMechanics 1.0.0, NetCL: 4541578, EngineNetVer: 5, GameNetVer: 0 (Checksum: 3490075600)
[2019.03.11-02.32.15:633][  0]LogPackageLocalizationCache: Processed 11 localized package path(s) for 2 prioritized culture(s) in 0.088496 seconds
[2019.03.11-02.32.15:638][  0]LogUObjectArray: 39775 objects as part of root set at end of initial load.
[2019.03.11-02.32.15:638][  0]LogUObjectAllocator: 6914656 out of 0 bytes used by permanent object pool.
[2019.03.11-02.32.15:638][  0]LogUObjectArray: CloseDisregardForGC: 0/0 objects in disregard for GC pool
[2019.03.11-02.32.16:345][  0]LogTcpMessaging: Initializing TcpMessaging bridge
[2019.03.11-02.32.16:357][  0]LogUdpMessaging: Initializing bridge on interface 0.0.0.0:0 to multicast group 230.0.0.1:6666.
[2019.03.11-02.32.17:347][  0]SourceControl: Source control is disabled
[2019.03.11-02.32.17:347][  0]SourceControl: Source control is disabled
[2019.03.11-02.32.17:348][  0]SourceControl: Source control is disabled
[2019.03.11-02.32.17:349][  0]SourceControl: Source control is disabled
[2019.03.11-02.32.17:505][  0]LogAndroidPermission: UAndroidPermissionCallbackProxy::GetInstance
[2019.03.11-02.32.17:592][  0]LogOcInput: OculusInput pre-init called
[2019.03.11-02.32.17:717][  0]LogEngine: Initializing Engine...
[2019.03.11-02.32.17:718][  0]LogHMD: Failed to initialize OpenVR with code 110
[2019.03.11-02.32.17:719][  0]LogStats: UGameplayTagsManager::ConstructGameplayTagTree: ImportINI prefixes -  0.000 s
[2019.03.11-02.32.17:719][  0]LogStats: UGameplayTagsManager::ConstructGameplayTagTree: Construct from data asset -  0.000 s
[2019.03.11-02.32.17:719][  0]LogStats: UGameplayTagsManager::ConstructGameplayTagTree: ImportINI -  0.000 s
[2019.03.11-02.32.17:719][  0]LogStats: UGameplayTagsManager::ConstructGameplayTagTree: GameplayTagTreeChangedEvent.Broadcast -  0.000 s
[2019.03.11-02.32.17:918][  0]LogInit: Initializing FReadOnlyCVARCache
[2019.03.11-02.32.17:929][  0]LogAIModule: Creating AISystem for world Untitled
[2019.03.11-02.32.17:946][  0]LogInit: XAudio2 using 'Speakers (Sound Blaster Z)' : 6 channels at 48 kHz using 32 bits per sample (channel mask 0x3f)
[2019.03.11-02.32.17:957][  0]LogInit: FAudioDevice initialized.
[2019.03.11-02.32.17:957][  0]LogNetVersion: Set ProjectVersion to 1.0.0.0. Version Checksum will be recalculated on next use.
[2019.03.11-02.32.18:025][  0]LogDerivedDataCache: Saved boot cache 0.07s 73MB C:/Users/Michal/AppData/Local/UnrealEngine/4.21/DerivedDataCache/Boot.ddc.
[2019.03.11-02.32.18:036][  0]LogInit: Texture streaming: Enabled
[2019.03.11-02.32.18:051][  0]LogEngineSessionManager: EngineSessionManager initialized
[2019.03.11-02.32.18:063][  0]LogInit: Transaction tracking system initialized
[2019.03.11-02.32.18:094][  0]BlueprintLog: New page: Editor Load
[2019.03.11-02.32.18:195][  0]LocalizationService: Localization service is disabled
[2019.03.11-02.32.18:593][  0]LogFileCache: Scanning file cache for directory 'C:/Users/Michal/Documents/Unreal Projects/GameplayMechanics/Content/' took 0.02s
[2019.03.11-02.32.18:593][  0]LogCook: Display: Max memory allowance for cook 16384mb min free memory 0mb
[2019.03.11-02.32.18:593][  0]LogCook: Display: Mobile HDR setting 1
[2019.03.11-02.32.18:593][  0]LogGameplayTags: Display: UGameplayTagsManager::DoneAddingNativeTags. DelegateIsBound: 0
[2019.03.11-02.32.18:593][  0]LogStats: UGameplayTagsManager::ConstructGameplayTagTree: ImportINI prefixes -  0.000 s
[2019.03.11-02.32.18:593][  0]LogStats: UGameplayTagsManager::ConstructGameplayTagTree: Construct from data asset -  0.000 s
[2019.03.11-02.32.18:593][  0]LogStats: UGameplayTagsManager::ConstructGameplayTagTree: ImportINI -  0.000 s
[2019.03.11-02.32.18:593][  0]LogStats: UGameplayTagsManager::ConstructGameplayTagTree: GameplayTagTreeChangedEvent.Broadcast -  0.000 s
[2019.03.11-02.32.18:704][  0]SourceControl: Source control is disabled
[2019.03.11-02.32.18:798][  0]LogWindowsTextInputMethodSystem: Display: IME system now deactivated.
[2019.03.11-02.32.18:800][  0]LogSlate: Took 0.000171 seconds to synchronously load lazily loaded font '../../../Engine/Content/Slate/Fonts/Roboto-Regular.ttf' (155K)
[2019.03.11-02.32.22:420][  0]LogSlate: Window 'Restore Packages' being destroyed
[2019.03.11-02.32.22:420][  0]LogWindowsTextInputMethodSystem: Display: IME system now deactivated.
[2019.03.11-02.32.22:423][  0]LogWindowsTextInputMethodSystem: Display: IME system now deactivated.
[2019.03.11-02.32.22:430][  0]Cmd: MAP LOAD FILE="../../../../../../Users/Michal/Documents/Unreal Projects/GameplayMechanics/Content/FirstPersonCPP/Maps/FirstPersonExampleMap.umap" TEMPLATE=0 SHOWPROGRESS=1 FEATURELEVEL=3
[2019.03.11-02.32.22:430][  0]LightingResults: New page: Lighting Build
[2019.03.11-02.32.22:434][  0]MapCheck: New page: Map Check
[2019.03.11-02.32.22:434][  0]LightingResults: New page: Lighting Build
[2019.03.11-02.32.22:659][  0]LogAIModule: Creating AISystem for world FirstPersonExampleMap
[2019.03.11-02.32.22:665][  0]LogEditorServer: Finished looking for orphan Actors (0.000 secs)
[2019.03.11-02.32.22:687][  0]Cmd: MAP CHECKDEP NOCLEARLOG
[2019.03.11-02.32.22:688][  0]MapCheck: Map check complete: 0 Error(s), 0 Warning(s), took 0.117ms to complete.
[2019.03.11-02.32.22:688][  0]LogFileHelpers: Loading map 'FirstPersonExampleMap' took 0.258
[2019.03.11-02.32.22:754][  0]LogSlate: Updating window title bar state: overlay mode, drag disabled, window buttons hidden, title bar hidden
[2019.03.11-02.32.22:760][  0]LogSlate: Updating window title bar state: overlay mode, drag disabled, window buttons hidden, title bar hidden
[2019.03.11-02.32.22:766][  0]LogSlate: Updating window title bar state: overlay mode, drag disabled, window buttons hidden, title bar hidden
[2019.03.11-02.32.22:772][  0]LogSlate: Updating window title bar state: overlay mode, drag disabled, window buttons hidden, title bar hidden
[2019.03.11-02.32.22:784][  0]LogCollectionManager: Loaded 0 collections in 0.001427 seconds
[2019.03.11-02.32.22:822][  0]LogFileCache: Scanning file cache for directory 'C:/Users/Michal/Documents/Unreal Projects/GameplayMechanics/Saved/Collections/' took 0.01s
[2019.03.11-02.32.22:822][  0]LogFileCache: Scanning file cache for directory 'C:/Users/Michal/Documents/Unreal Projects/GameplayMechanics/Content/Developers/Michal/Collections/' took 0.01s
[2019.03.11-02.32.22:822][  0]LogFileCache: Scanning file cache for directory 'C:/Users/Michal/Documents/Unreal Projects/GameplayMechanics/Content/Collections/' took 0.00s
[2019.03.11-02.32.22:822][  0]LogCollectionManager: Rebuilt the GUID cache for 0 collections in 0.000000 seconds
[2019.03.11-02.32.22:831][  0]LogContentBrowser: Native class hierarchy populated in 0.0085 seconds. Added 2659 classes and 622 folders.
[2019.03.11-02.32.22:843][  0]LogContentBrowser: Native class hierarchy updated for 'WidgetCarousel' in 0.0003 seconds. Added 0 classes and 0 folders.
[2019.03.11-02.32.22:852][  0]LogPakFile: Registered encryption key '00000000000000000000000000000000': 0 pak files mounted, 0 remain pending
[2019.03.11-02.32.22:858][  0]LogPakFile: Registered encryption key '00000000000000000000000000000000': 0 pak files mounted, 0 remain pending
[2019.03.11-02.32.22:878][  0]LogPakFile: Registered encryption key '00000000000000000000000000000000': 0 pak files mounted, 0 remain pending
[2019.03.11-02.32.22:883][  0]LogPakFile: Registered encryption key '00000000000000000000000000000000': 0 pak files mounted, 0 remain pending
[2019.03.11-02.32.22:888][  0]LogPakFile: Registered encryption key '00000000000000000000000000000000': 0 pak files mounted, 0 remain pending
[2019.03.11-02.32.22:893][  0]LogPakFile: Registered encryption key '00000000000000000000000000000000': 0 pak files mounted, 0 remain pending
[2019.03.11-02.32.22:897][  0]LogPakFile: Registered encryption key '00000000000000000000000000000000': 0 pak files mounted, 0 remain pending
[2019.03.11-02.32.22:902][  0]LogPakFile: Registered encryption key '00000000000000000000000000000000': 0 pak files mounted, 0 remain pending
[2019.03.11-02.32.22:908][  0]LogPakFile: Registered encryption key '00000000000000000000000000000000': 0 pak files mounted, 0 remain pending
[2019.03.11-02.32.22:913][  0]LogPakFile: Registered encryption key '00000000000000000000000000000000': 0 pak files mounted, 0 remain pending
[2019.03.11-02.32.22:918][  0]LogPakFile: Registered encryption key '00000000000000000000000000000000': 0 pak files mounted, 0 remain pending
[2019.03.11-02.32.22:923][  0]LogPakFile: Registered encryption key '00000000000000000000000000000000': 0 pak files mounted, 0 remain pending
[2019.03.11-02.32.22:928][  0]LogPakFile: Registered encryption key '00000000000000000000000000000000': 0 pak files mounted, 0 remain pending
[2019.03.11-02.32.22:933][  0]LogPakFile: Registered encryption key '00000000000000000000000000000000': 0 pak files mounted, 0 remain pending
[2019.03.11-02.32.22:938][  0]LogPakFile: Registered encryption key '00000000000000000000000000000000': 0 pak files mounted, 0 remain pending
[2019.03.11-02.32.22:942][  0]LogPakFile: Registered encryption key '00000000000000000000000000000000': 0 pak files mounted, 0 remain pending
[2019.03.11-02.32.22:972][  0]LogPakFile: Registered encryption key '00000000000000000000000000000000': 0 pak files mounted, 0 remain pending
[2019.03.11-02.32.22:977][  0]LogPakFile: Registered encryption key '00000000000000000000000000000000': 0 pak files mounted, 0 remain pending
[2019.03.11-02.32.22:982][  0]LogPakFile: Registered encryption key '00000000000000000000000000000000': 0 pak files mounted, 0 remain pending
[2019.03.11-02.32.22:987][  0]LogPakFile: Registered encryption key '00000000000000000000000000000000': 0 pak files mounted, 0 remain pending
[2019.03.11-02.32.23:023][  0]LogPakFile: Registered encryption key '00000000000000000000000000000000': 0 pak files mounted, 0 remain pending
[2019.03.11-02.32.23:028][  0]LogPakFile: Registered encryption key '00000000000000000000000000000000': 0 pak files mounted, 0 remain pending
[2019.03.11-02.32.23:033][  0]LogPakFile: Registered encryption key '00000000000000000000000000000000': 0 pak files mounted, 0 remain pending
[2019.03.11-02.32.23:039][  0]LogPakFile: Registered encryption key '00000000000000000000000000000000': 0 pak files mounted, 0 remain pending
[2019.03.11-02.32.23:043][  0]LogPakFile: Registered encryption key '00000000000000000000000000000000': 0 pak files mounted, 0 remain pending
[2019.03.11-02.32.23:048][  0]LogPakFile: Registered encryption key '00000000000000000000000000000000': 0 pak files mounted, 0 remain pending
[2019.03.11-02.32.23:189][  0]LogContentBrowser: Native class hierarchy updated for 'AddContentDialog' in 0.0003 seconds. Added 0 classes and 0 folders.
[2019.03.11-02.32.23:199][  0]LogContentBrowser: Native class hierarchy updated for 'SceneOutliner' in 0.0004 seconds. Added 1 classes and 2 folders.
[2019.03.11-02.32.23:263][  0]LogSlate: Took 0.000128 seconds to synchronously load lazily loaded font '../../../Engine/Content/Slate/Fonts/Roboto-Bold.ttf' (160K)
[2019.03.11-02.32.23:276][  0]LogSlate: Took 0.006176 seconds to synchronously load lazily loaded font '../../../Engine/Content/Editor/Slate/Fonts/FontAwesome.ttf' (139K)
[2019.03.11-02.32.23:378][  0]LogRenderer: Reallocating scene render targets to support 1616x808 Format 10 NumSamples 1 (Frame:1).
[2019.03.11-02.32.23:491][  0]LogContentBrowser: Native class hierarchy updated for 'HierarchicalLODOutliner' in 0.0003 seconds. Added 0 classes and 0 folders.
[2019.03.11-02.32.23:491][  0]LogLoad: (Engine Initialization) Total time: 12.45 seconds
[2019.03.11-02.32.23:491][  0]LogLoad: (Engine Initialization) Total Blueprint compile time: 0.00 seconds
[2019.03.11-02.32.23:568][  0]LogContentStreaming: Texture pool size now 1000 MB
[2019.03.11-02.32.23:619][  1]LogAssetRegistry: Asset discovery search completed in 8.8676 seconds
[2019.03.11-02.32.23:620][  1]LogCollectionManager: Rebuilt the object cache for 0 collections in 0.000000 seconds (found 0 objects)
[2019.03.11-02.32.23:620][  1]LogCollectionManager: Fixed up redirectors for 0 collections in 0.000038 seconds (updated 0 objects)
[2019.03.11-02.32.25:053][167]LogSlate: FSceneViewport::OnFocusLost() reason 0
[2019.03.11-02.32.25:120][175]LogTemp: Repeating last play command: Selected Viewport
[2019.03.11-02.32.25:133][175]LogBlueprintUserMessages: Early PlayInEditor Detection: Level '/Game/FirstPersonCPP/Maps/FirstPersonExampleMap.FirstPersonExampleMap:PersistentLevel' has LevelScriptBlueprint '/Game/FirstPersonCPP/Maps/FirstPersonExampleMap.FirstPersonExampleMap:PersistentLevel.FirstPersonExampleMap' with GeneratedClass '/Game/FirstPersonCPP/Maps/FirstPersonExampleMap.FirstPersonExampleMap_C' with ClassGeneratedBy '/Game/FirstPersonCPP/Maps/FirstPersonExampleMap.FirstPersonExampleMap:PersistentLevel.FirstPersonExampleMap'
[2019.03.11-02.32.25:133][175]LogPlayLevel: PlayLevel: No blueprints needed recompiling
[2019.03.11-02.32.25:134][175]PIE: New page: PIE session: FirstPersonExampleMap (11 Mar 2019 02:32:25)
[2019.03.11-02.32.25:146][175]LogPlayLevel: Creating play world package: /Game/FirstPersonCPP/Maps/UEDPIE_0_FirstPersonExampleMap
[2019.03.11-02.32.25:160][175]LogPlayLevel: PIE: StaticDuplicateObject took: (0.013699s)
[2019.03.11-02.32.25:160][175]LogAIModule: Creating AISystem for world FirstPersonExampleMap
[2019.03.11-02.32.25:160][175]LogPlayLevel: PIE: World Init took: (0.000490s)
[2019.03.11-02.32.25:161][175]LogPlayLevel: PIE: Created PIE world by copying editor world from /Game/FirstPersonCPP/Maps/FirstPersonExampleMap.FirstPersonExampleMap to /Game/FirstPersonCPP/Maps/UEDPIE_0_FirstPersonExampleMap.FirstPersonExampleMap (0.014430s)
[2019.03.11-02.32.25:192][175]LogInit: XAudio2 using 'Speakers (Sound Blaster Z)' : 6 channels at 48 kHz using 32 bits per sample (channel mask 0x3f)
[2019.03.11-02.32.25:200][175]LogInit: FAudioDevice initialized.
[2019.03.11-02.32.25:239][175]LogLoad: Game class is 'GameplayMechanicsGameMode'
[2019.03.11-02.32.25:241][175]LogWorld: Bringing World /Game/FirstPersonCPP/Maps/UEDPIE_0_FirstPersonExampleMap.FirstPersonExampleMap up for play (max tick rate 0) at 2019.03.11-02.32.25
[2019.03.11-02.32.25:242][175]LogWorld: Bringing up level for play took: 0.001158
[2019.03.11-02.32.25:263][175]LogContentBrowser: Native class hierarchy updated for 'MovieSceneCapture' in 0.0004 seconds. Added 20 classes and 0 folders.
[2019.03.11-02.32.25:268][175]PIE: Play in editor start time for /Game/FirstPersonCPP/Maps/UEDPIE_0_FirstPersonExampleMap 0.105
[2019.03.11-02.32.25:269][175]LogBlueprintUserMessages: Late PlayInEditor Detection: Level '/Game/FirstPersonCPP/Maps/FirstPersonExampleMap.FirstPersonExampleMap:PersistentLevel' has LevelScriptBlueprint '/Game/FirstPersonCPP/Maps/FirstPersonExampleMap.FirstPersonExampleMap:PersistentLevel.FirstPersonExampleMap' with GeneratedClass '/Game/FirstPersonCPP/Maps/FirstPersonExampleMap.FirstPersonExampleMap_C' with ClassGeneratedBy '/Game/FirstPersonCPP/Maps/FirstPersonExampleMap.FirstPersonExampleMap:PersistentLevel.FirstPersonExampleMap'
[2019.03.11-02.35.47:695][448]LogBlueprintUserMessages: Early EndPlayMap Detection: Level '/Game/FirstPersonCPP/Maps/FirstPersonExampleMap.FirstPersonExampleMap:PersistentLevel' has LevelScriptBlueprint '/Game/FirstPersonCPP/Maps/FirstPersonExampleMap.FirstPersonExampleMap:PersistentLevel.FirstPersonExampleMap' with GeneratedClass '/Game/FirstPersonCPP/Maps/FirstPersonExampleMap.FirstPersonExampleMap_C' with ClassGeneratedBy '/Game/FirstPersonCPP/Maps/FirstPersonExampleMap.FirstPersonExampleMap:PersistentLevel.FirstPersonExampleMap'
[2019.03.11-02.35.47:695][448]LogSlate: Updating window title bar state: overlay mode, drag disabled, window buttons hidden, title bar hidden
[2019.03.11-02.35.47:726][448]LogPlayLevel: Display: Shutting down PIE online subsystems
[2019.03.11-02.35.47:726][448]LogBlueprintUserMessages: Late EndPlayMap Detection: Level '/Game/FirstPersonCPP/Maps/FirstPersonExampleMap.FirstPersonExampleMap:PersistentLevel' has LevelScriptBlueprint '/Game/FirstPersonCPP/Maps/FirstPersonExampleMap.FirstPersonExampleMap:PersistentLevel.FirstPersonExampleMap' with GeneratedClass '/Game/FirstPersonCPP/Maps/FirstPersonExampleMap.FirstPersonExampleMap_C' with ClassGeneratedBy '/Game/FirstPersonCPP/Maps/FirstPersonExampleMap.FirstPersonExampleMap:PersistentLevel.FirstPersonExampleMap'
[2019.03.11-02.35.47:745][448]LogSlate: Updating window title bar state: overlay mode, drag disabled, window buttons hidden, title bar hidden
[2019.03.11-02.35.47:797][453]LogPlayLevel: Display: Destroying online subsystem :Context_2
[2019.03.11-02.35.48:565][544]LogSlate: FSceneViewport::OnFocusLost() reason 0
[2019.03.11-02.35.48:694][558]LogEditor: Attempting to add actor of class 'FlyingArrow' to level at 370.00,740.00,170.00
[2019.03.11-02.35.48:865][574]LogEditor: Attempting to add actor of class 'FlyingArrow' to level at 280.00,870.00,170.00
[2019.03.11-02.35.53:476][971]LogSlate: FSceneViewport::OnFocusLost() reason 0
[2019.03.11-02.35.53:620][976]LogSlate: Took 0.004523 seconds to synchronously load lazily loaded font '../../../Engine/Content/Slate/Fonts/Roboto-Light.ttf' (167K)
[2019.03.11-02.35.53:628][976]LogAssetEditorManager: Opening Asset editor for Class /Script/GameplayMechanics.FlyingArrow
[2019.03.11-02.36.13:514][305]Candidate modules for hot reload:
[2019.03.11-02.36.13:514][305]  GameplayMechanics
[2019.03.11-02.36.13:514][305]Launching UnrealBuildTool... [C:/Program Files/Epic Games/UE_4.21/Engine/Binaries/DotNET/UnrealBuildTool.exe  -ModuleWithSuffix=GameplayMechanics,1552 Win64 Development -TargetType=Editor -Project="../../../../../../Users/Michal/Documents/Unreal Projects/GameplayMechanics/GameplayMechanics.uproject" -canskiplink "C:/Users/Michal/Documents/Unreal Projects/GameplayMechanics/GameplayMechanics.uproject" ]
[2019.03.11-02.36.13:516][305]Warning: Starting HotReload took  0.1s.
[2019.03.11-02.36.59:329][794]CompilerResultsLog: New page: Compilation - 11 Mar 2019 02:36:59
[2019.03.11-02.36.59:329][794]CompilerResultsLog: Creating makefile for hot reloading GameplayMechanicsEditor (source directory changed)
[2019.03.11-02.36.59:329][794]CompilerResultsLog: Compiling game modules for hot reload
[2019.03.11-02.36.59:329][794]CompilerResultsLog: Using Visual Studio 2017 14.16.27023 toolchain (C:\Program Files (x86)\Microsoft Visual Studio\2017\Community\VC\Tools\MSVC\14.16.27023) and Windows 10.0.17763.0 SDK (C:\Program Files (x86)\Windows Kits\10).
[2019.03.11-02.36.59:329][794]CompilerResultsLog: Building 3 actions with 8 processes...
[2019.03.11-02.36.59:329][794]CompilerResultsLog:   [1/3] FlyingArrow.cpp
[2019.03.11-02.36.59:329][794]CompilerResultsLog:   [2/3] UE4Editor-GameplayMechanics-1552.lib
[2019.03.11-02.36.59:329][794]CompilerResultsLog:      Creating library C:\Users\Michal\Documents\Unreal Projects\GameplayMechanics\Intermediate\Build\Win64\UE4Editor\Development\GameplayMechanics\UE4Editor-GameplayMechanics-1552.lib and object C:\Users\Michal\Documents\Unreal Projects\GameplayMechanics\Intermediate\Build\Win64\UE4Editor\Development\GameplayMechanics\UE4Editor-GameplayMechanics-1552.exp
[2019.03.11-02.36.59:329][794]CompilerResultsLog:   [3/3] UE4Editor-GameplayMechanics-1552.dll
[2019.03.11-02.36.59:329][794]CompilerResultsLog:      Creating library C:\Users\Michal\Documents\Unreal Projects\GameplayMechanics\Intermediate\Build\Win64\UE4Editor\Development\GameplayMechanics\UE4Editor-GameplayMechanics-1552.suppressed.lib and object C:\Users\Michal\Documents\Unreal Projects\GameplayMechanics\Intermediate\Build\Win64\UE4Editor\Development\GameplayMechanics\UE4Editor-GameplayMechanics-1552.suppressed.exp
[2019.03.11-02.36.59:329][794]CompilerResultsLog: Total build time: 45.56 seconds (Parallel executor: 9.40 seconds)
[2019.03.11-02.36.59:329][794]LogMainFrame: MainFrame: Module compiling took 45.818 seconds
[2019.03.11-02.36.59:374][794]LogHotReload: Re-instancing FlyingArrow after hot-reload.
[2019.03.11-02.36.59:466][794]LogContentBrowser: Native class hierarchy updated for 'GameplayMechanics' in 0.0004 seconds. Added 8 classes and 2 folders.
[2019.03.11-02.36.59:468][794]Display: HotReload successful (1 functions remapped  0 scriptstructs remapped)
[2019.03.11-02.36.59:584][794]LogContentBrowser: Native class hierarchy populated in 0.0076 seconds. Added 2660 classes and 624 folders.
[2019.03.11-02.36.59:588][794]Display: HotReload took 46.1s.
[2019.03.11-02.37.18:435][ 43]LogSlate: FSceneViewport::OnFocusLost() reason 0
[2019.03.11-02.37.18:493][ 50]LogTemp: Repeating last play command: Selected Viewport
[2019.03.11-02.37.18:506][ 50]LogBlueprintUserMessages: Early PlayInEditor Detection: Level '/Game/FirstPersonCPP/Maps/FirstPersonExampleMap.FirstPersonExampleMap:PersistentLevel' has LevelScriptBlueprint '/Game/FirstPersonCPP/Maps/FirstPersonExampleMap.FirstPersonExampleMap:PersistentLevel.FirstPersonExampleMap' with GeneratedClass '/Game/FirstPersonCPP/Maps/FirstPersonExampleMap.FirstPersonExampleMap_C' with ClassGeneratedBy '/Game/FirstPersonCPP/Maps/FirstPersonExampleMap.FirstPersonExampleMap:PersistentLevel.FirstPersonExampleMap'
[2019.03.11-02.37.18:506][ 50]LogPlayLevel: PlayLevel: No blueprints needed recompiling
[2019.03.11-02.37.18:506][ 50]PIE: New page: PIE session: FirstPersonExampleMap (11 Mar 2019 02:37:18)
[2019.03.11-02.37.18:506][ 50]LogPlayLevel: Creating play world package: /Game/FirstPersonCPP/Maps/UEDPIE_0_FirstPersonExampleMap
[2019.03.11-02.37.18:515][ 50]LogPlayLevel: PIE: StaticDuplicateObject took: (0.008930s)
[2019.03.11-02.37.18:515][ 50]LogAIModule: Creating AISystem for world FirstPersonExampleMap
[2019.03.11-02.37.18:515][ 50]LogPlayLevel: PIE: World Init took: (0.000555s)
[2019.03.11-02.37.18:516][ 50]LogPlayLevel: PIE: Created PIE world by copying editor world from /Game/FirstPersonCPP/Maps/FirstPersonExampleMap.FirstPersonExampleMap to /Game/FirstPersonCPP/Maps/UEDPIE_0_FirstPersonExampleMap.FirstPersonExampleMap (0.009610s)
[2019.03.11-02.37.18:551][ 50]LogInit: XAudio2 using 'Speakers (Sound Blaster Z)' : 6 channels at 48 kHz using 32 bits per sample (channel mask 0x3f)
[2019.03.11-02.37.18:560][ 50]LogInit: FAudioDevice initialized.
[2019.03.11-02.37.18:591][ 50]LogLoad: Game class is 'GameplayMechanicsGameMode'
[2019.03.11-02.37.18:592][ 50]LogWorld: Bringing World /Game/FirstPersonCPP/Maps/UEDPIE_0_FirstPersonExampleMap.FirstPersonExampleMap up for play (max tick rate 0) at 2019.03.11-02.37.18
[2019.03.11-02.37.18:593][ 50]LogWorld: Bringing up level for play took: 0.001099
[2019.03.11-02.37.18:605][ 50]PIE: Play in editor start time for /Game/FirstPersonCPP/Maps/UEDPIE_0_FirstPersonExampleMap -0.558
[2019.03.11-02.37.18:605][ 50]LogBlueprintUserMessages: Late PlayInEditor Detection: Level '/Game/FirstPersonCPP/Maps/FirstPersonExampleMap.FirstPersonExampleMap:PersistentLevel' has LevelScriptBlueprint '/Game/FirstPersonCPP/Maps/FirstPersonExampleMap.FirstPersonExampleMap:PersistentLevel.FirstPersonExampleMap' with GeneratedClass '/Game/FirstPersonCPP/Maps/FirstPersonExampleMap.FirstPersonExampleMap_C' with ClassGeneratedBy '/Game/FirstPersonCPP/Maps/FirstPersonExampleMap.FirstPersonExampleMap:PersistentLevel.FirstPersonExampleMap'
[2019.03.11-02.37.23:724][662]LogBlueprintUserMessages: Early EndPlayMap Detection: Level '/Game/FirstPersonCPP/Maps/FirstPersonExampleMap.FirstPersonExampleMap:PersistentLevel' has LevelScriptBlueprint '/Game/FirstPersonCPP/Maps/FirstPersonExampleMap.FirstPersonExampleMap:PersistentLevel.FirstPersonExampleMap' with GeneratedClass '/Game/FirstPersonCPP/Maps/FirstPersonExampleMap.FirstPersonExampleMap_C' with ClassGeneratedBy '/Game/FirstPersonCPP/Maps/FirstPersonExampleMap.FirstPersonExampleMap:PersistentLevel.FirstPersonExampleMap'
[2019.03.11-02.37.23:725][662]LogSlate: Updating window title bar state: overlay mode, drag disabled, window buttons hidden, title bar hidden
[2019.03.11-02.37.23:752][662]LogPlayLevel: Display: Shutting down PIE online subsystems
[2019.03.11-02.37.23:752][662]LogBlueprintUserMessages: Late EndPlayMap Detection: Level '/Game/FirstPersonCPP/Maps/FirstPersonExampleMap.FirstPersonExampleMap:PersistentLevel' has LevelScriptBlueprint '/Game/FirstPersonCPP/Maps/FirstPersonExampleMap.FirstPersonExampleMap:PersistentLevel.FirstPersonExampleMap' with GeneratedClass '/Game/FirstPersonCPP/Maps/FirstPersonExampleMap.FirstPersonExampleMap_C' with ClassGeneratedBy '/Game/FirstPersonCPP/Maps/FirstPersonExampleMap.FirstPersonExampleMap:PersistentLevel.FirstPersonExampleMap'
[2019.03.11-02.37.23:771][662]LogSlate: Updating window title bar state: overlay mode, drag disabled, window buttons hidden, title bar hidden
[2019.03.11-02.37.23:832][668]LogPlayLevel: Display: Destroying online subsystem :Context_3
[2019.03.11-02.37.29:388][325]LogSlate: FSceneViewport::OnFocusLost() reason 0
[2019.03.11-02.37.29:479][335]LogEditor: Attempting to add actor of class 'FlyingArrow' to level at 680.00,-190.00,170.00
[2019.03.11-02.37.29:729][364]LogEditor: Attempting to add actor of class 'FlyingArrow' to level at 510.00,-50.00,170.00
[2019.03.11-02.37.30:574][461]LogEditorViewport: Clicking on Actor (LMB): StaticMeshActor (Floor)
[2019.03.11-02.37.37:955][316]Cmd: SELECT NONE
[2019.03.11-02.37.42:844][902]LogEditorViewport: Clicking on Actor (LMB): StaticMeshActor (Floor)
[2019.03.11-02.37.43:389][962]LogEditorViewport: Clicking on Actor (LMB): FlyingArrow (FlyingArrow4)
[2019.03.11-02.37.44:129][ 47]Cmd: DELETE
[2019.03.11-02.37.44:129][ 47]Cmd: ACTOR DELETE
[2019.03.11-02.37.44:136][ 47]LogEditorActor: Deleted Actor: FlyingArrow
[2019.03.11-02.37.44:155][ 47]LogEditorActor: Deleted 1 Actors (0.025 secs)
[2019.03.11-02.37.44:861][132]LogSlate: FSceneViewport::OnFocusLost() reason 0
[2019.03.11-02.37.44:936][141]LogTemp: Repeating last play command: Selected Viewport
[2019.03.11-02.37.44:947][141]LogBlueprintUserMessages: Early PlayInEditor Detection: Level '/Game/FirstPersonCPP/Maps/FirstPersonExampleMap.FirstPersonExampleMap:PersistentLevel' has LevelScriptBlueprint '/Game/FirstPersonCPP/Maps/FirstPersonExampleMap.FirstPersonExampleMap:PersistentLevel.FirstPersonExampleMap' with GeneratedClass '/Game/FirstPersonCPP/Maps/FirstPersonExampleMap.FirstPersonExampleMap_C' with ClassGeneratedBy '/Game/FirstPersonCPP/Maps/FirstPersonExampleMap.FirstPersonExampleMap:PersistentLevel.FirstPersonExampleMap'
[2019.03.11-02.37.44:947][141]LogPlayLevel: PlayLevel: No blueprints needed recompiling
[2019.03.11-02.37.44:947][141]PIE: New page: PIE session: FirstPersonExampleMap (11 Mar 2019 02:37:44)
[2019.03.11-02.37.44:947][141]LogPlayLevel: Creating play world package: /Game/FirstPersonCPP/Maps/UEDPIE_0_FirstPersonExampleMap
[2019.03.11-02.37.44:957][141]LogPlayLevel: PIE: StaticDuplicateObject took: (0.009815s)
[2019.03.11-02.37.44:958][141]LogAIModule: Creating AISystem for world FirstPersonExampleMap
[2019.03.11-02.37.44:958][141]LogPlayLevel: PIE: World Init took: (0.000686s)
[2019.03.11-02.37.44:958][141]LogPlayLevel: PIE: Created PIE world by copying editor world from /Game/FirstPersonCPP/Maps/FirstPersonExampleMap.FirstPersonExampleMap to /Game/FirstPersonCPP/Maps/UEDPIE_0_FirstPersonExampleMap.FirstPersonExampleMap (0.010656s)
[2019.03.11-02.37.44:992][141]LogInit: XAudio2 using 'Speakers (Sound Blaster Z)' : 6 channels at 48 kHz using 32 bits per sample (channel mask 0x3f)
[2019.03.11-02.37.45:000][141]LogInit: FAudioDevice initialized.
[2019.03.11-02.37.45:030][141]LogLoad: Game class is 'GameplayMechanicsGameMode'
[2019.03.11-02.37.45:032][141]LogWorld: Bringing World /Game/FirstPersonCPP/Maps/UEDPIE_0_FirstPersonExampleMap.FirstPersonExampleMap up for play (max tick rate 0) at 2019.03.11-02.37.45
[2019.03.11-02.37.45:032][141]LogWorld: Bringing up level for play took: 0.001062
[2019.03.11-02.37.45:044][141]PIE: Play in editor start time for /Game/FirstPersonCPP/Maps/UEDPIE_0_FirstPersonExampleMap -0.118
[2019.03.11-02.37.45:044][141]LogBlueprintUserMessages: Late PlayInEditor Detection: Level '/Game/FirstPersonCPP/Maps/FirstPersonExampleMap.FirstPersonExampleMap:PersistentLevel' has LevelScriptBlueprint '/Game/FirstPersonCPP/Maps/FirstPersonExampleMap.FirstPersonExampleMap:PersistentLevel.FirstPersonExampleMap' with GeneratedClass '/Game/FirstPersonCPP/Maps/FirstPersonExampleMap.FirstPersonExampleMap_C' with ClassGeneratedBy '/Game/FirstPersonCPP/Maps/FirstPersonExampleMap.FirstPersonExampleMap:PersistentLevel.FirstPersonExampleMap'
[2019.03.11-02.37.50:555][800]LogBlueprintUserMessages: Early EndPlayMap Detection: Level '/Game/FirstPersonCPP/Maps/FirstPersonExampleMap.FirstPersonExampleMap:PersistentLevel' has LevelScriptBlueprint '/Game/FirstPersonCPP/Maps/FirstPersonExampleMap.FirstPersonExampleMap:PersistentLevel.FirstPersonExampleMap' with GeneratedClass '/Game/FirstPersonCPP/Maps/FirstPersonExampleMap.FirstPersonExampleMap_C' with ClassGeneratedBy '/Game/FirstPersonCPP/Maps/FirstPersonExampleMap.FirstPersonExampleMap:PersistentLevel.FirstPersonExampleMap'
[2019.03.11-02.37.50:555][800]LogSlate: Updating window title bar state: overlay mode, drag disabled, window buttons hidden, title bar hidden
[2019.03.11-02.37.50:586][800]LogPlayLevel: Display: Shutting down PIE online subsystems
[2019.03.11-02.37.50:586][800]LogBlueprintUserMessages: Late EndPlayMap Detection: Level '/Game/FirstPersonCPP/Maps/FirstPersonExampleMap.FirstPersonExampleMap:PersistentLevel' has LevelScriptBlueprint '/Game/FirstPersonCPP/Maps/FirstPersonExampleMap.FirstPersonExampleMap:PersistentLevel.FirstPersonExampleMap' with GeneratedClass '/Game/FirstPersonCPP/Maps/FirstPersonExampleMap.FirstPersonExampleMap_C' with ClassGeneratedBy '/Game/FirstPersonCPP/Maps/FirstPersonExampleMap.FirstPersonExampleMap:PersistentLevel.FirstPersonExampleMap'
[2019.03.11-02.37.50:604][800]LogSlate: Updating window title bar state: overlay mode, drag disabled, window buttons hidden, title bar hidden
[2019.03.11-02.37.50:658][805]LogPlayLevel: Display: Destroying online subsystem :Context_6
[2019.03.11-02.37.57:101][993]LogSlate: FSceneViewport::OnFocusLost() reason 0
[2019.03.11-02.37.57:151][998]Candidate modules for hot reload:
[2019.03.11-02.37.57:151][998]  GameplayMechanics
[2019.03.11-02.37.57:151][998]Launching UnrealBuildTool... [C:/Program Files/Epic Games/UE_4.21/Engine/Binaries/DotNET/UnrealBuildTool.exe  -ModuleWithSuffix=GameplayMechanics,9053 Win64 Development -TargetType=Editor -Project="../../../../../../Users/Michal/Documents/Unreal Projects/GameplayMechanics/GameplayMechanics.uproject" -canskiplink "C:/Users/Michal/Documents/Unreal Projects/GameplayMechanics/GameplayMechanics.uproject" ]
[2019.03.11-02.37.57:154][998]Warning: Starting HotReload took  0.0s.
[2019.03.11-02.38.03:895][800]CompilerResultsLog: New page: Compilation - 11 Mar 2019 02:38:03
[2019.03.11-02.38.03:895][800]CompilerResultsLog: Creating makefile for hot reloading GameplayMechanicsEditor (source directory changed)
[2019.03.11-02.38.03:895][800]CompilerResultsLog: Compiling game modules for hot reload
[2019.03.11-02.38.03:895][800]CompilerResultsLog: Using Visual Studio 2017 14.16.27023 toolchain (C:\Program Files (x86)\Microsoft Visual Studio\2017\Community\VC\Tools\MSVC\14.16.27023) and Windows 10.0.17763.0 SDK (C:\Program Files (x86)\Windows Kits\10).
[2019.03.11-02.38.03:895][800]CompilerResultsLog: Building 3 actions with 8 processes...
[2019.03.11-02.38.03:895][800]CompilerResultsLog:   [1/3] FlyingArrow.cpp
[2019.03.11-02.38.03:895][800]CompilerResultsLog:   [2/3] UE4Editor-GameplayMechanics-9053.lib
[2019.03.11-02.38.03:895][800]CompilerResultsLog:      Creating library C:\Users\Michal\Documents\Unreal Projects\GameplayMechanics\Intermediate\Build\Win64\UE4Editor\Development\GameplayMechanics\UE4Editor-GameplayMechanics-9053.lib and object C:\Users\Michal\Documents\Unreal Projects\GameplayMechanics\Intermediate\Build\Win64\UE4Editor\Development\GameplayMechanics\UE4Editor-GameplayMechanics-9053.exp
[2019.03.11-02.38.03:895][800]CompilerResultsLog:   [3/3] UE4Editor-GameplayMechanics-9053.dll
[2019.03.11-02.38.03:895][800]CompilerResultsLog:      Creating library C:\Users\Michal\Documents\Unreal Projects\GameplayMechanics\Intermediate\Build\Win64\UE4Editor\Development\GameplayMechanics\UE4Editor-GameplayMechanics-9053.suppressed.lib and object C:\Users\Michal\Documents\Unreal Projects\GameplayMechanics\Intermediate\Build\Win64\UE4Editor\Development\GameplayMechanics\UE4Editor-GameplayMechanics-9053.suppressed.exp
[2019.03.11-02.38.03:895][800]CompilerResultsLog: Total build time: 6.50 seconds (Parallel executor: 1.72 seconds)
[2019.03.11-02.38.03:895][800]LogMainFrame: MainFrame: Module compiling took 6.747 seconds
[2019.03.11-02.38.03:941][800]LogHotReload: Re-instancing FlyingArrow after hot-reload.
[2019.03.11-02.38.03:999][800]LogContentBrowser: Native class hierarchy updated for 'GameplayMechanics' in 0.0004 seconds. Added 8 classes and 2 folders.
[2019.03.11-02.38.04:001][800]Display: HotReload successful (1 functions remapped  0 scriptstructs remapped)
[2019.03.11-02.38.04:049][800]LogContentBrowser: Native class hierarchy populated in 0.0074 seconds. Added 2660 classes and 624 folders.
[2019.03.11-02.38.04:049][800]Display: HotReload took  6.9s.
[2019.03.11-02.38.05:245][939]LogSlate: FSceneViewport::OnFocusLost() reason 0
[2019.03.11-02.38.05:312][947]LogTemp: Repeating last play command: Selected Viewport
[2019.03.11-02.38.05:324][947]LogBlueprintUserMessages: Early PlayInEditor Detection: Level '/Game/FirstPersonCPP/Maps/FirstPersonExampleMap.FirstPersonExampleMap:PersistentLevel' has LevelScriptBlueprint '/Game/FirstPersonCPP/Maps/FirstPersonExampleMap.FirstPersonExampleMap:PersistentLevel.FirstPersonExampleMap' with GeneratedClass '/Game/FirstPersonCPP/Maps/FirstPersonExampleMap.FirstPersonExampleMap_C' with ClassGeneratedBy '/Game/FirstPersonCPP/Maps/FirstPersonExampleMap.FirstPersonExampleMap:PersistentLevel.FirstPersonExampleMap'
[2019.03.11-02.38.05:324][947]LogPlayLevel: PlayLevel: No blueprints needed recompiling
[2019.03.11-02.38.05:324][947]PIE: New page: PIE session: FirstPersonExampleMap (11 Mar 2019 02:38:05)
[2019.03.11-02.38.05:325][947]LogPlayLevel: Creating play world package: /Game/FirstPersonCPP/Maps/UEDPIE_0_FirstPersonExampleMap
[2019.03.11-02.38.05:334][947]LogPlayLevel: PIE: StaticDuplicateObject took: (0.009278s)
[2019.03.11-02.38.05:334][947]LogAIModule: Creating AISystem for world FirstPersonExampleMap
[2019.03.11-02.38.05:335][947]LogPlayLevel: PIE: World Init took: (0.000783s)
[2019.03.11-02.38.05:335][947]LogPlayLevel: PIE: Created PIE world by copying editor world from /Game/FirstPersonCPP/Maps/FirstPersonExampleMap.FirstPersonExampleMap to /Game/FirstPersonCPP/Maps/UEDPIE_0_FirstPersonExampleMap.FirstPersonExampleMap (0.010241s)
[2019.03.11-02.38.05:368][947]LogInit: XAudio2 using 'Speakers (Sound Blaster Z)' : 6 channels at 48 kHz using 32 bits per sample (channel mask 0x3f)
[2019.03.11-02.38.05:375][947]LogInit: FAudioDevice initialized.
[2019.03.11-02.38.05:404][947]LogLoad: Game class is 'GameplayMechanicsGameMode'
[2019.03.11-02.38.05:406][947]LogWorld: Bringing World /Game/FirstPersonCPP/Maps/UEDPIE_0_FirstPersonExampleMap.FirstPersonExampleMap up for play (max tick rate 0) at 2019.03.11-02.38.05
[2019.03.11-02.38.05:406][947]LogWorld: Bringing up level for play took: 0.001054
[2019.03.11-02.38.05:418][947]PIE: Play in editor start time for /Game/FirstPersonCPP/Maps/UEDPIE_0_FirstPersonExampleMap 0.256
[2019.03.11-02.38.05:418][947]LogBlueprintUserMessages: Late PlayInEditor Detection: Level '/Game/FirstPersonCPP/Maps/FirstPersonExampleMap.FirstPersonExampleMap:PersistentLevel' has LevelScriptBlueprint '/Game/FirstPersonCPP/Maps/FirstPersonExampleMap.FirstPersonExampleMap:PersistentLevel.FirstPersonExampleMap' with GeneratedClass '/Game/FirstPersonCPP/Maps/FirstPersonExampleMap.FirstPersonExampleMap_C' with ClassGeneratedBy '/Game/FirstPersonCPP/Maps/FirstPersonExampleMap.FirstPersonExampleMap:PersistentLevel.FirstPersonExampleMap'
[2019.03.11-02.38.06:627][ 90]LogBlueprintUserMessages: Early EndPlayMap Detection: Level '/Game/FirstPersonCPP/Maps/FirstPersonExampleMap.FirstPersonExampleMap:PersistentLevel' has LevelScriptBlueprint '/Game/FirstPersonCPP/Maps/FirstPersonExampleMap.FirstPersonExampleMap:PersistentLevel.FirstPersonExampleMap' with GeneratedClass '/Game/FirstPersonCPP/Maps/FirstPersonExampleMap.FirstPersonExampleMap_C' with ClassGeneratedBy '/Game/FirstPersonCPP/Maps/FirstPersonExampleMap.FirstPersonExampleMap:PersistentLevel.FirstPersonExampleMap'
[2019.03.11-02.38.06:627][ 90]LogSlate: Updating window title bar state: overlay mode, drag disabled, window buttons hidden, title bar hidden
[2019.03.11-02.38.06:660][ 90]LogPlayLevel: Display: Shutting down PIE online subsystems
[2019.03.11-02.38.06:660][ 90]LogBlueprintUserMessages: Late EndPlayMap Detection: Level '/Game/FirstPersonCPP/Maps/FirstPersonExampleMap.FirstPersonExampleMap:PersistentLevel' has LevelScriptBlueprint '/Game/FirstPersonCPP/Maps/FirstPersonExampleMap.FirstPersonExampleMap:PersistentLevel.FirstPersonExampleMap' with GeneratedClass '/Game/FirstPersonCPP/Maps/FirstPersonExampleMap.FirstPersonExampleMap_C' with ClassGeneratedBy '/Game/FirstPersonCPP/Maps/FirstPersonExampleMap.FirstPersonExampleMap:PersistentLevel.FirstPersonExampleMap'
[2019.03.11-02.38.06:680][ 90]LogSlate: Updating window title bar state: overlay mode, drag disabled, window buttons hidden, title bar hidden
[2019.03.11-02.38.06:730][ 94]LogPlayLevel: Display: Destroying online subsystem :Context_7
[2019.03.11-02.38.07:147][144]LogEditorViewport: Clicking on Actor (context menu): StaticMeshActor (BigWall2)
[2019.03.11-02.38.07:197][144]LogSlate: FSceneViewport::OnFocusLost() reason 2
[2019.03.11-02.38.09:316][392]LogEditorViewport: Clicking on Actor (LMB): FlyingArrow (FlyingArrow1)
[2019.03.11-02.38.10:060][478]Cmd: DELETE
[2019.03.11-02.38.10:060][478]Cmd: ACTOR DELETE
[2019.03.11-02.38.10:062][478]LogEditorActor: Deleted Actor: FlyingArrow
[2019.03.11-02.38.10:081][478]LogEditorActor: Deleted 1 Actors (0.021 secs)
[2019.03.11-02.38.10:786][562]LogSlate: FSceneViewport::OnFocusLost() reason 0
[2019.03.11-02.38.10:860][571]LogTemp: Repeating last play command: Selected Viewport
[2019.03.11-02.38.10:871][571]LogBlueprintUserMessages: Early PlayInEditor Detection: Level '/Game/FirstPersonCPP/Maps/FirstPersonExampleMap.FirstPersonExampleMap:PersistentLevel' has LevelScriptBlueprint '/Game/FirstPersonCPP/Maps/FirstPersonExampleMap.FirstPersonExampleMap:PersistentLevel.FirstPersonExampleMap' with GeneratedClass '/Game/FirstPersonCPP/Maps/FirstPersonExampleMap.FirstPersonExampleMap_C' with ClassGeneratedBy '/Game/FirstPersonCPP/Maps/FirstPersonExampleMap.FirstPersonExampleMap:PersistentLevel.FirstPersonExampleMap'
[2019.03.11-02.38.10:871][571]LogPlayLevel: PlayLevel: No blueprints needed recompiling
[2019.03.11-02.38.10:871][571]PIE: New page: PIE session: FirstPersonExampleMap (11 Mar 2019 02:38:10)
[2019.03.11-02.38.10:871][571]LogPlayLevel: Creating play world package: /Game/FirstPersonCPP/Maps/UEDPIE_0_FirstPersonExampleMap
[2019.03.11-02.38.10:879][571]LogPlayLevel: PIE: StaticDuplicateObject took: (0.007646s)
[2019.03.11-02.38.10:879][571]LogAIModule: Creating AISystem for world FirstPersonExampleMap
[2019.03.11-02.38.10:879][571]LogPlayLevel: PIE: World Init took: (0.000482s)
[2019.03.11-02.38.10:880][571]LogPlayLevel: PIE: Created PIE world by copying editor world from /Game/FirstPersonCPP/Maps/FirstPersonExampleMap.FirstPersonExampleMap to /Game/FirstPersonCPP/Maps/UEDPIE_0_FirstPersonExampleMap.FirstPersonExampleMap (0.008288s)
[2019.03.11-02.38.10:912][571]LogInit: XAudio2 using 'Speakers (Sound Blaster Z)' : 6 channels at 48 kHz using 32 bits per sample (channel mask 0x3f)
[2019.03.11-02.38.10:920][571]LogInit: FAudioDevice initialized.
[2019.03.11-02.38.10:953][571]LogLoad: Game class is 'GameplayMechanicsGameMode'
[2019.03.11-02.38.10:955][571]LogWorld: Bringing World /Game/FirstPersonCPP/Maps/UEDPIE_0_FirstPersonExampleMap.FirstPersonExampleMap up for play (max tick rate 0) at 2019.03.11-02.38.10
[2019.03.11-02.38.10:955][571]LogWorld: Bringing up level for play took: 0.000920
[2019.03.11-02.38.10:967][571]PIE: Play in editor start time for /Game/FirstPersonCPP/Maps/UEDPIE_0_FirstPersonExampleMap -0.196
[2019.03.11-02.38.10:967][571]LogBlueprintUserMessages: Late PlayInEditor Detection: Level '/Game/FirstPersonCPP/Maps/FirstPersonExampleMap.FirstPersonExampleMap:PersistentLevel' has LevelScriptBlueprint '/Game/FirstPersonCPP/Maps/FirstPersonExampleMap.FirstPersonExampleMap:PersistentLevel.FirstPersonExampleMap' with GeneratedClass '/Game/FirstPersonCPP/Maps/FirstPersonExampleMap.FirstPersonExampleMap_C' with ClassGeneratedBy '/Game/FirstPersonCPP/Maps/FirstPersonExampleMap.FirstPersonExampleMap:PersistentLevel.FirstPersonExampleMap'
[2019.03.11-02.42.47:144][675]LogBlueprintUserMessages: Early EndPlayMap Detection: Level '/Game/FirstPersonCPP/Maps/FirstPersonExampleMap.FirstPersonExampleMap:PersistentLevel' has LevelScriptBlueprint '/Game/FirstPersonCPP/Maps/FirstPersonExampleMap.FirstPersonExampleMap:PersistentLevel.FirstPersonExampleMap' with GeneratedClass '/Game/FirstPersonCPP/Maps/FirstPersonExampleMap.FirstPersonExampleMap_C' with ClassGeneratedBy '/Game/FirstPersonCPP/Maps/FirstPersonExampleMap.FirstPersonExampleMap:PersistentLevel.FirstPersonExampleMap'
[2019.03.11-02.42.47:144][675]LogSlate: Updating window title bar state: overlay mode, drag disabled, window buttons hidden, title bar hidden
[2019.03.11-02.42.47:174][675]LogPlayLevel: Display: Shutting down PIE online subsystems
[2019.03.11-02.42.47:174][675]LogBlueprintUserMessages: Late EndPlayMap Detection: Level '/Game/FirstPersonCPP/Maps/FirstPersonExampleMap.FirstPersonExampleMap:PersistentLevel' has LevelScriptBlueprint '/Game/FirstPersonCPP/Maps/FirstPersonExampleMap.FirstPersonExampleMap:PersistentLevel.FirstPersonExampleMap' with GeneratedClass '/Game/FirstPersonCPP/Maps/FirstPersonExampleMap.FirstPersonExampleMap_C' with ClassGeneratedBy '/Game/FirstPersonCPP/Maps/FirstPersonExampleMap.FirstPersonExampleMap:PersistentLevel.FirstPersonExampleMap'
[2019.03.11-02.42.47:194][675]LogSlate: Updating window title bar state: overlay mode, drag disabled, window buttons hidden, title bar hidden
[2019.03.11-02.42.47:242][678]LogPlayLevel: Display: Destroying online subsystem :Context_8
[2019.03.11-02.42.48:268][801]LogSlate: FSceneViewport::OnFocusLost() reason 0
[2019.03.11-02.42.48:343][810]LogTemp: Repeating last play command: Selected Viewport
[2019.03.11-02.42.48:361][810]LogBlueprintUserMessages: Early PlayInEditor Detection: Level '/Game/FirstPersonCPP/Maps/FirstPersonExampleMap.FirstPersonExampleMap:PersistentLevel' has LevelScriptBlueprint '/Game/FirstPersonCPP/Maps/FirstPersonExampleMap.FirstPersonExampleMap:PersistentLevel.FirstPersonExampleMap' with GeneratedClass '/Game/FirstPersonCPP/Maps/FirstPersonExampleMap.FirstPersonExampleMap_C' with ClassGeneratedBy '/Game/FirstPersonCPP/Maps/FirstPersonExampleMap.FirstPersonExampleMap:PersistentLevel.FirstPersonExampleMap'
[2019.03.11-02.42.48:361][810]LogPlayLevel: PlayLevel: No blueprints needed recompiling
[2019.03.11-02.42.48:361][810]PIE: New page: PIE session: FirstPersonExampleMap (11 Mar 2019 02:42:48)
[2019.03.11-02.42.48:361][810]LogPlayLevel: Creating play world package: /Game/FirstPersonCPP/Maps/UEDPIE_0_FirstPersonExampleMap
[2019.03.11-02.42.48:370][810]LogPlayLevel: PIE: StaticDuplicateObject took: (0.008783s)
[2019.03.11-02.42.48:370][810]LogAIModule: Creating AISystem for world FirstPersonExampleMap
[2019.03.11-02.42.48:370][810]LogPlayLevel: PIE: World Init took: (0.000515s)
[2019.03.11-02.42.48:370][810]LogPlayLevel: PIE: Created PIE world by copying editor world from /Game/FirstPersonCPP/Maps/FirstPersonExampleMap.FirstPersonExampleMap to /Game/FirstPersonCPP/Maps/UEDPIE_0_FirstPersonExampleMap.FirstPersonExampleMap (0.009416s)
[2019.03.11-02.42.48:401][810]LogInit: XAudio2 using 'Speakers (Sound Blaster Z)' : 6 channels at 48 kHz using 32 bits per sample (channel mask 0x3f)
[2019.03.11-02.42.48:409][810]LogInit: FAudioDevice initialized.
[2019.03.11-02.42.48:441][810]LogLoad: Game class is 'GameplayMechanicsGameMode'
[2019.03.11-02.42.48:443][810]LogWorld: Bringing World /Game/FirstPersonCPP/Maps/UEDPIE_0_FirstPersonExampleMap.FirstPersonExampleMap up for play (max tick rate 0) at 2019.03.11-02.42.48
[2019.03.11-02.42.48:443][810]LogWorld: Bringing up level for play took: 0.000923
[2019.03.11-02.42.48:455][810]PIE: Play in editor start time for /Game/FirstPersonCPP/Maps/UEDPIE_0_FirstPersonExampleMap -0.708
[2019.03.11-02.42.48:455][810]LogBlueprintUserMessages: Late PlayInEditor Detection: Level '/Game/FirstPersonCPP/Maps/FirstPersonExampleMap.FirstPersonExampleMap:PersistentLevel' has LevelScriptBlueprint '/Game/FirstPersonCPP/Maps/FirstPersonExampleMap.FirstPersonExampleMap:PersistentLevel.FirstPersonExampleMap' with GeneratedClass '/Game/FirstPersonCPP/Maps/FirstPersonExampleMap.FirstPersonExampleMap_C' with ClassGeneratedBy '/Game/FirstPersonCPP/Maps/FirstPersonExampleMap.FirstPersonExampleMap:PersistentLevel.FirstPersonExampleMap'
[2019.03.11-02.47.51:781][187]LogBlueprintUserMessages: Early EndPlayMap Detection: Level '/Game/FirstPersonCPP/Maps/FirstPersonExampleMap.FirstPersonExampleMap:PersistentLevel' has LevelScriptBlueprint '/Game/FirstPersonCPP/Maps/FirstPersonExampleMap.FirstPersonExampleMap:PersistentLevel.FirstPersonExampleMap' with GeneratedClass '/Game/FirstPersonCPP/Maps/FirstPersonExampleMap.FirstPersonExampleMap_C' with ClassGeneratedBy '/Game/FirstPersonCPP/Maps/FirstPersonExampleMap.FirstPersonExampleMap:PersistentLevel.FirstPersonExampleMap'
[2019.03.11-02.47.51:781][187]LogSlate: Updating window title bar state: overlay mode, drag disabled, window buttons hidden, title bar hidden
[2019.03.11-02.47.51:813][187]LogPlayLevel: Display: Shutting down PIE online subsystems
[2019.03.11-02.47.51:813][187]LogBlueprintUserMessages: Late EndPlayMap Detection: Level '/Game/FirstPersonCPP/Maps/FirstPersonExampleMap.FirstPersonExampleMap:PersistentLevel' has LevelScriptBlueprint '/Game/FirstPersonCPP/Maps/FirstPersonExampleMap.FirstPersonExampleMap:PersistentLevel.FirstPersonExampleMap' with GeneratedClass '/Game/FirstPersonCPP/Maps/FirstPersonExampleMap.FirstPersonExampleMap_C' with ClassGeneratedBy '/Game/FirstPersonCPP/Maps/FirstPersonExampleMap.FirstPersonExampleMap:PersistentLevel.FirstPersonExampleMap'
[2019.03.11-02.47.51:832][187]LogSlate: Updating window title bar state: overlay mode, drag disabled, window buttons hidden, title bar hidden
[2019.03.11-02.47.51:886][191]LogPlayLevel: Display: Destroying online subsystem :Context_9
[2019.03.11-02.47.53:003][325]LogSlate: FSceneViewport::OnFocusLost() reason 0
[2019.03.11-02.47.53:488][382]Candidate modules for hot reload:
[2019.03.11-02.47.53:488][382]  GameplayMechanics
[2019.03.11-02.47.53:488][382]Launching UnrealBuildTool... [C:/Program Files/Epic Games/UE_4.21/Engine/Binaries/DotNET/UnrealBuildTool.exe  -ModuleWithSuffix=GameplayMechanics,6321 Win64 Development -TargetType=Editor -Project="../../../../../../Users/Michal/Documents/Unreal Projects/GameplayMechanics/GameplayMechanics.uproject" -canskiplink "C:/Users/Michal/Documents/Unreal Projects/GameplayMechanics/GameplayMechanics.uproject" ]
[2019.03.11-02.47.53:492][382]Warning: Starting HotReload took  0.0s.
[2019.03.11-02.47.55:277][597]CompilerResultsLog: New page: Compilation - 11 Mar 2019 02:47:55
[2019.03.11-02.47.55:277][597]CompilerResultsLog: Compiling game modules for hot reload
[2019.03.11-02.47.55:277][597]CompilerResultsLog: Target is up to date
[2019.03.11-02.47.55:277][597]CompilerResultsLog: Total build time: 1.55 seconds (NoActionsToExecute executor: 0.00 seconds)
[2019.03.11-02.47.55:277][597]LogMainFrame: MainFrame: Module compiling took 1.791 seconds
[2019.03.11-02.47.55:306][597]LogContentBrowser: Native class hierarchy populated in 0.0070 seconds. Added 2660 classes and 624 folders.
[2019.03.11-02.47.55:306][597]Display: HotReload took  1.8s.
[2019.03.11-02.48.00:748][231]LogSavePackage: Moving '../../../../../../Users/Michal/Documents/Unreal Projects/GameplayMechanics/Saved/FirstPersonExampleMap93E62045475AF9C490540797FECBB2E2.tmp' to '../../../../../../Users/Michal/Documents/Unreal Projects/GameplayMechanics/Content/FirstPersonCPP/Maps/FirstPersonExampleMap.umap'
[2019.03.11-02.48.01:882][231]LogSavePackage: Moving '../../../../../../Users/Michal/Documents/Unreal Projects/GameplayMechanics/Saved/FirstPersonExampleMap_BuiltData88FCB5594E0DAF505F8B158A553991A5.tmp' to '../../../../../../Users/Michal/Documents/Unreal Projects/GameplayMechanics/Content/FirstPersonCPP/Maps/FirstPersonExampleMap_BuiltData.uasset'
[2019.03.11-02.58.00:775][970]LogFileHelpers: Editor autosave (incl. sublevels) for '/Game/FirstPersonCPP/Maps/FirstPersonExampleMap' took 0.020
