Log file open, 03/31/19 18:58:29
LogWindows: Failed to load 'aqProf.dll' (GetLastError=126)
LogWindows: File 'aqProf.dll' does not exist
LogWindows: Failed to load 'VtuneApi.dll' (GetLastError=126)
LogWindows: File 'VtuneApi.dll' does not exist
LogWindows: Failed to load 'VtuneApi32e.dll' (GetLastError=126)
LogWindows: File 'VtuneApi32e.dll' does not exist
LogConsoleResponse: Display: Failed to find resolution value strings in scalability ini. Falling back to default.
LogInit: Display: Running engine for game: GameplayMechanics
LogPakFile: Registered encryption key '00000000000000000000000000000000': 0 pak files mounted, 0 remain pending
LogPlatformFile: Not using cached read wrapper
LogTaskGraph: Started task graph with 5 named threads and 23 total threads with 3 sets of task threads.
LogStats: Stats thread started at 0.293483
LogD3D11RHI: Loaded GFSDK_Aftermath_Lib.x64.dll
LogICUInternationalization: ICU TimeZone Detection - Raw Offset: +0:00, Platform Override: ''
LogPluginManager: Mounting plugin Paper2D
LogPluginManager: Mounting plugin AISupport
LogPluginManager: Mounting plugin LightPropagationVolume
LogPluginManager: Mounting plugin ActorLayerUtilities
LogPluginManager: Mounting plugin CLionSourceCodeAccess
LogPluginManager: Mounting plugin CodeLiteSourceCodeAccess
LogPluginManager: Mounting plugin GitSourceControl
LogPluginManager: Mounting plugin KDevelopSourceCodeAccess
LogPluginManager: Mounting plugin NullSourceCodeAccess
LogPluginManager: Mounting plugin PerforceSourceControl
LogPluginManager: Mounting plugin SubversionSourceControl
LogPluginManager: Mounting plugin UObjectPlugin
LogPluginManager: Mounting plugin VisualStudioCodeSourceCodeAccess
LogPluginManager: Mounting plugin VisualStudioSourceCodeAccess
LogPluginManager: Mounting plugin XCodeSourceCodeAccess
LogPluginManager: Mounting plugin AssetManagerEditor
LogPluginManager: Mounting plugin CryptoKeys
LogPluginManager: Mounting plugin DataValidation
LogPluginManager: Mounting plugin FacialAnimation
LogPluginManager: Mounting plugin GameplayTagsEditor
LogPluginManager: Mounting plugin MacGraphicsSwitching
LogPluginManager: Mounting plugin MeshEditor
LogPluginManager: Mounting plugin MobileLauncherProfileWizard
LogPluginManager: Mounting plugin PluginBrowser
LogPluginManager: Mounting plugin SpeedTreeImporter
LogPluginManager: Mounting plugin DatasmithContent
LogPluginManager: Mounting plugin VariantManagerContent
LogPluginManager: Mounting plugin AlembicImporter
LogPluginManager: Mounting plugin AppleImageUtils
LogPluginManager: Mounting plugin AppleVision
LogPluginManager: Mounting plugin BackChannel
LogPluginManager: Mounting plugin CharacterAI
LogPluginManager: Mounting plugin GeometryCache
LogPluginManager: Mounting plugin HTML5Networking
LogPluginManager: Mounting plugin ProxyLODPlugin
LogPluginManager: Mounting plugin MagicLeap
LogPluginManager: Mounting plugin MagicLeapMedia
LogPluginManager: Mounting plugin AndroidMedia
LogPluginManager: Mounting plugin AvfMedia
LogPluginManager: Mounting plugin ImgMedia
LogPluginManager: Mounting plugin LinearTimecode
LogPluginManager: Mounting plugin MediaCompositing
LogPluginManager: Mounting plugin MediaPlayerEditor
LogPluginManager: Mounting plugin WebMMedia
LogPluginManager: Mounting plugin WmfMedia
LogPluginManager: Mounting plugin TcpMessaging
LogPluginManager: Mounting plugin UdpMessaging
LogPluginManager: Mounting plugin ActorSequence
LogPluginManager: Mounting plugin LevelSequenceEditor
LogPluginManager: Mounting plugin MatineeToLevelSequence
LogPluginManager: Mounting plugin NetcodeUnitTest
LogPluginManager: Mounting plugin NUTUnrealEngine4
LogPluginManager: Mounting plugin OnlineSubsystemGooglePlay
LogPluginManager: Mounting plugin OnlineSubsystemIOS
LogPluginManager: Mounting plugin OnlineSubsystem
LogPluginManager: Mounting plugin OnlineSubsystemNull
LogPluginManager: Mounting plugin OnlineSubsystemUtils
LogPluginManager: Mounting plugin LauncherChunkInstaller
LogPluginManager: Mounting plugin AndroidDeviceProfileSelector
LogPluginManager: Mounting plugin AndroidMoviePlayer
LogPluginManager: Mounting plugin AndroidPermission
LogPluginManager: Mounting plugin AppleMoviePlayer
LogPluginManager: Mounting plugin ArchVisCharacter
LogPluginManager: Mounting plugin AudioCapture
LogPluginManager: Mounting plugin CableComponent
LogPluginManager: Mounting plugin CustomMeshComponent
LogPluginManager: Mounting plugin EditableMesh
LogPluginManager: Mounting plugin ExampleDeviceProfileSelector
LogPluginManager: Mounting plugin Firebase
LogPluginManager: Mounting plugin GoogleCloudMessaging
LogPluginManager: Mounting plugin IOSDeviceProfileSelector
LogPluginManager: Mounting plugin LinuxDeviceProfileSelector
LogPluginManager: Mounting plugin LocationServicesBPLibrary
LogPluginManager: Mounting plugin MobilePatchingUtils
LogPluginManager: Mounting plugin OculusVR
LogPluginManager: Mounting plugin PhysXVehicles
LogPluginManager: Mounting plugin ProceduralMeshComponent
LogPluginManager: Mounting plugin RuntimePhysXCooking
LogPluginManager: Mounting plugin SteamVR
LogPluginManager: Mounting plugin WebMMoviePlayer
LogPluginManager: Mounting plugin WindowsMoviePlayer
LogStreaming: Display: Took  0.082s to configure plugins.
LogInit: Using libcurl 7.55.1-DEV
LogInit:  - built for x86_64-pc-win32
LogInit:  - supports SSL with OpenSSL/1.0.2h
LogInit:  - supports HTTP deflate (compression) using libz 1.2.8
LogInit:  - other features:
LogInit:      CURL_VERSION_SSL
LogInit:      CURL_VERSION_LIBZ
LogInit:      CURL_VERSION_IPV6
LogInit:      CURL_VERSION_ASYNCHDNS
LogInit:      CURL_VERSION_LARGEFILE
LogInit:      CURL_VERSION_IDN
LogInit:  CurlRequestOptions (configurable via config and command line):
LogInit:  - bVerifyPeer = true  - Libcurl will verify peer certificate
LogInit:  - bUseHttpProxy = false  - Libcurl will NOT use HTTP proxy
LogInit:  - bDontReuseConnections = false  - Libcurl will reuse connections
LogInit:  - MaxHostConnections = 16  - Libcurl will limit the number of connections to a host
LogInit:  - LocalHostAddr = Default
LogInit:  - BufferSize = 65536
LogInit: WinSock: version 1.1 (2.2), MaxSocks=32767, MaxUdp=65467
LogInit: Build: ++UE4+Release-4.21-CL-4753647
LogInit: Engine Version: 4.21.2-4753647+++UE4+Release-4.21
LogInit: Compatible Engine Version: 4.21.0-4541578+++UE4+Release-4.21
LogInit: Net CL: 4541578
LogInit: OS: Windows 10 (), CPU: Intel(R) Core(TM) i7-6700K CPU @ 4.00GHz, GPU: NVIDIA GeForce GTX 1080
LogInit: Compiled (64-bit): Jan 19 2019 02:07:31
LogInit: Compiled with Visual C++: 19.13.26129.00
LogInit: Build Configuration: Development
LogInit: Branch Name: ++UE4+Release-4.21
LogInit: Command Line:  -EpicPortal -epicusername=PolishNoble -epicuserid=a099b9665b064454aaa52d270fdb3151 -epiclocale=en-US
LogInit: Base Directory: C:/Program Files/Epic Games/UE_4.21/Engine/Binaries/Win64/
LogInit: Installed Engine Build: 1
LogDevObjectVersion: Number of dev versions registered: 22
LogDevObjectVersion:   Dev-Blueprints (B0D832E4-1F89-4F0D-ACCF-7EB736FD4AA2): 10
LogDevObjectVersion:   Dev-Build (E1C64328-A22C-4D53-A36C-8E866417BD8C): 0
LogDevObjectVersion:   Dev-Core (375EC13C-06E4-48FB-B500-84F0262A717E): 2
LogDevObjectVersion:   Dev-Editor (E4B068ED-F494-42E9-A231-DA0B2E46BB41): 26
LogDevObjectVersion:   Dev-Framework (CFFC743F-43B0-4480-9391-14DF171D2073): 34
LogDevObjectVersion:   Dev-Mobile (B02B49B5-BB20-44E9-A304-32B752E40360): 2
LogDevObjectVersion:   Dev-Networking (A4E4105C-59A1-49B5-A7C5-40C4547EDFEE): 0
LogDevObjectVersion:   Dev-Online (39C831C9-5AE6-47DC-9A44-9C173E1C8E7C): 0
LogDevObjectVersion:   Dev-Physics (78F01B33-EBEA-4F98-B9B4-84EACCB95AA2): 0
LogDevObjectVersion:   Dev-Platform (6631380F-2D4D-43E0-8009-CF276956A95A): 0
LogDevObjectVersion:   Dev-Rendering (12F88B9F-8875-4AFC-A67C-D90C383ABD29): 27
LogDevObjectVersion:   Dev-Sequencer (7B5AE74C-D270-4C10-A958-57980B212A5A): 9
LogDevObjectVersion:   Dev-VR (D7296918-1DD6-4BDD-9DE2-64A83CC13884): 2
LogDevObjectVersion:   Dev-LoadTimes (C2A15278-BFE7-4AFE-6C17-90FF531DF755): 1
LogDevObjectVersion:   Private-Geometry (6EACA3D4-40EC-4CC1-B786-8BED09428FC5): 3
LogDevObjectVersion:   Dev-AnimPhys (29E575DD-E0A3-4627-9D10-D276232CDCEA): 17
LogDevObjectVersion:   Dev-Anim (AF43A65D-7FD3-4947-9873-3E8ED9C1BB05): 2
LogDevObjectVersion:   Dev-ReflectionCapture (6B266CEC-1EC7-4B8F-A30B-E4D90942FC07): 1
LogDevObjectVersion:   Dev-Automation (0DF73D61-A23F-47EA-B727-89E90C41499A): 1
LogDevObjectVersion:   FortniteMain (601D1886-AC64-4F84-AA16-D3DE0DEAC7D6): 17
LogDevObjectVersion:   Dev-Enterprise (9DFFBCD6-494F-0158-E221-12823C92A888): 4
LogDevObjectVersion:   Dev-Niagara (F2AED0AC-9AFE-416F-8664-AA7FFA26D6FC): 1
LogStreaming: Display: Took  0.002s to delete old logs.
LogInit: Presizing for max 8388607 objects, including 0 objects not considered by GC, pre-allocating 0 bytes for permanent pool.
LogInit: Object subsystem initialized
LogConfig: Setting CVar [[con.DebugEarlyDefault:1]]
LogConfig: Setting CVar [[r.setres:1280x720]]
[2019.03.31-17.58.29:715][  0]LogConfig: Setting CVar [[r.VSync:0]]
[2019.03.31-17.58.29:715][  0]LogConfig: Setting CVar [[r.RHICmdBypass:0]]
[2019.03.31-17.58.29:715][  0]LogConfig: Applying CVar settings from Section [/Script/Engine.RendererSettings] File [C:/Users/Michal/Documents/GitHub/Gameplay-Mechanics/GameplayMechanics/Saved/Config/Windows/Engine.ini]
[2019.03.31-17.58.29:715][  0]LogConfig: Setting CVar [[r.GPUCrashDebugging:0]]
[2019.03.31-17.58.29:716][  0]LogConfig: Setting CVar [[r.CustomDepth:3]]
[2019.03.31-17.58.29:716][  0]LogConfig: Setting CVar [[r.CustomDepthTemporalAAJitter:1]]
[2019.03.31-17.58.29:716][  0]LogConfig: Setting CVar [[r.PostProcessing.PropagateAlpha:0]]
[2019.03.31-17.58.29:716][  0]LogConfig: Applying CVar settings from Section [/Script/Engine.RendererOverrideSettings] File [C:/Users/Michal/Documents/GitHub/Gameplay-Mechanics/GameplayMechanics/Saved/Config/Windows/Engine.ini]
[2019.03.31-17.58.29:716][  0]LogConfig: Applying CVar settings from Section [/Script/Engine.StreamingSettings] File [C:/Users/Michal/Documents/GitHub/Gameplay-Mechanics/GameplayMechanics/Saved/Config/Windows/Engine.ini]
[2019.03.31-17.58.29:716][  0]LogConfig: Setting CVar [[s.MinBulkDataSizeForAsyncLoading:131072]]
[2019.03.31-17.58.29:716][  0]LogConfig: Setting CVar [[s.AsyncLoadingThreadEnabled:0]]
[2019.03.31-17.58.29:716][  0]LogConfig: Setting CVar [[s.EventDrivenLoaderEnabled:1]]
[2019.03.31-17.58.29:716][  0]LogConfig: Setting CVar [[s.WarnIfTimeLimitExceeded:0]]
[2019.03.31-17.58.29:716][  0]LogConfig: Setting CVar [[s.TimeLimitExceededMultiplier:1.5]]
[2019.03.31-17.58.29:716][  0]LogConfig: Setting CVar [[s.TimeLimitExceededMinTime:0.005]]
[2019.03.31-17.58.29:716][  0]LogConfig: Setting CVar [[s.UseBackgroundLevelStreaming:1]]
[2019.03.31-17.58.29:716][  0]LogConfig: Setting CVar [[s.PriorityAsyncLoadingExtraTime:15.0]]
[2019.03.31-17.58.29:716][  0]LogConfig: Setting CVar [[s.LevelStreamingActorsUpdateTimeLimit:5.0]]
[2019.03.31-17.58.29:716][  0]LogConfig: Setting CVar [[s.PriorityLevelStreamingActorsUpdateExtraTime:5.0]]
[2019.03.31-17.58.29:716][  0]LogConfig: Setting CVar [[s.LevelStreamingComponentsRegistrationGranularity:10]]
[2019.03.31-17.58.29:716][  0]LogConfig: Setting CVar [[s.UnregisterComponentsTimeLimit:1.0]]
[2019.03.31-17.58.29:716][  0]LogConfig: Setting CVar [[s.LevelStreamingComponentsUnregistrationGranularity:5]]
[2019.03.31-17.58.29:716][  0]LogConfig: Applying CVar settings from Section [/Script/Engine.GarbageCollectionSettings] File [C:/Users/Michal/Documents/GitHub/Gameplay-Mechanics/GameplayMechanics/Saved/Config/Windows/Engine.ini]
[2019.03.31-17.58.29:716][  0]LogConfig: Setting CVar [[gc.MaxObjectsNotConsideredByGC:1]]
[2019.03.31-17.58.29:716][  0]LogConfig: Setting CVar [[gc.SizeOfPermanentObjectPool:0]]
[2019.03.31-17.58.29:716][  0]LogConfig: Setting CVar [[gc.FlushStreamingOnGC:0]]
[2019.03.31-17.58.29:716][  0]LogConfig: Setting CVar [[gc.NumRetriesBeforeForcingGC:10]]
[2019.03.31-17.58.29:716][  0]LogConfig: Setting CVar [[gc.AllowParallelGC:1]]
[2019.03.31-17.58.29:716][  0]LogConfig: Setting CVar [[gc.TimeBetweenPurgingPendingKillObjects:61.1]]
[2019.03.31-17.58.29:716][  0]LogConfig: Setting CVar [[gc.MaxObjectsInEditor:8388607]]
[2019.03.31-17.58.29:716][  0]LogConfig: Setting CVar [[gc.IncrementalBeginDestroyEnabled:1]]
[2019.03.31-17.58.29:716][  0]LogConfig: Setting CVar [[gc.CreateGCClusters:1]]
[2019.03.31-17.58.29:716][  0]LogConfig: Setting CVar [[gc.MergeGCClusters:0]]
[2019.03.31-17.58.29:716][  0]LogConfig: Setting CVar [[gc.MinGCClusterSize:5]]
[2019.03.31-17.58.29:716][  0]LogConfig: Setting CVar [[gc.ActorClusteringEnabled:0]]
[2019.03.31-17.58.29:716][  0]LogConfig: Setting CVar [[gc.BlueprintClusteringEnabled:0]]
[2019.03.31-17.58.29:716][  0]LogConfig: Setting CVar [[gc.UseDisregardForGCOnDedicatedServers:0]]
[2019.03.31-17.58.29:716][  0]LogConfig: Applying CVar settings from Section [/Script/Engine.NetworkSettings] File [C:/Users/Michal/Documents/GitHub/Gameplay-Mechanics/GameplayMechanics/Saved/Config/Windows/Engine.ini]
[2019.03.31-17.58.29:716][  0]LogConfig: Applying CVar settings from Section [/Script/UnrealEd.CookerSettings] File [C:/Users/Michal/Documents/GitHub/Gameplay-Mechanics/GameplayMechanics/Saved/Config/Windows/Engine.ini]
[2019.03.31-17.58.29:723][  0]LogConfig: Applying CVar settings from Section [ViewDistanceQuality@3] File [C:/Users/Michal/Documents/GitHub/Gameplay-Mechanics/GameplayMechanics/Saved/Config/Windows/Scalability.ini]
[2019.03.31-17.58.29:723][  0]LogConfig: Setting CVar [[r.SkeletalMeshLODBias:0]]
[2019.03.31-17.58.29:723][  0]LogConfig: Setting CVar [[r.ViewDistanceScale:1.0]]
[2019.03.31-17.58.29:723][  0]LogConfig: Applying CVar settings from Section [AntiAliasingQuality@3] File [C:/Users/Michal/Documents/GitHub/Gameplay-Mechanics/GameplayMechanics/Saved/Config/Windows/Scalability.ini]
[2019.03.31-17.58.29:723][  0]LogConfig: Setting CVar [[r.PostProcessAAQuality:4]]
[2019.03.31-17.58.29:723][  0]LogConfig: Applying CVar settings from Section [ShadowQuality@3] File [C:/Users/Michal/Documents/GitHub/Gameplay-Mechanics/GameplayMechanics/Saved/Config/Windows/Scalability.ini]
[2019.03.31-17.58.29:723][  0]LogConfig: Setting CVar [[r.LightFunctionQuality:1]]
[2019.03.31-17.58.29:723][  0]LogConfig: Setting CVar [[r.ShadowQuality:5]]
[2019.03.31-17.58.29:723][  0]LogConfig: Setting CVar [[r.Shadow.CSM.MaxCascades:10]]
[2019.03.31-17.58.29:723][  0]LogConfig: Setting CVar [[r.Shadow.MaxResolution:2048]]
[2019.03.31-17.58.29:723][  0]LogConfig: Setting CVar [[r.Shadow.MaxCSMResolution:2048]]
[2019.03.31-17.58.29:723][  0]LogConfig: Setting CVar [[r.Shadow.RadiusThreshold:0.01]]
[2019.03.31-17.58.29:723][  0]LogConfig: Setting CVar [[r.Shadow.DistanceScale:1.0]]
[2019.03.31-17.58.29:723][  0]LogConfig: Setting CVar [[r.Shadow.CSM.TransitionScale:1.0]]
[2019.03.31-17.58.29:723][  0]LogConfig: Setting CVar [[r.Shadow.PreShadowResolutionFactor:1.0]]
[2019.03.31-17.58.29:723][  0]LogConfig: Setting CVar [[r.DistanceFieldShadowing:1]]
[2019.03.31-17.58.29:723][  0]LogConfig: Setting CVar [[r.DistanceFieldAO:1]]
[2019.03.31-17.58.29:723][  0]LogConfig: Setting CVar [[r.AOQuality:2]]
[2019.03.31-17.58.29:723][  0]LogConfig: Setting CVar [[r.VolumetricFog:1]]
[2019.03.31-17.58.29:723][  0]LogConfig: Setting CVar [[r.VolumetricFog.GridPixelSize:8]]
[2019.03.31-17.58.29:723][  0]LogConfig: Setting CVar [[r.VolumetricFog.GridSizeZ:128]]
[2019.03.31-17.58.29:723][  0]LogConfig: Setting CVar [[r.VolumetricFog.HistoryMissSupersampleCount:4]]
[2019.03.31-17.58.29:723][  0]LogConfig: Setting CVar [[r.LightMaxDrawDistanceScale:1]]
[2019.03.31-17.58.29:723][  0]LogConfig: Setting CVar [[r.CapsuleShadows:1]]
[2019.03.31-17.58.29:723][  0]LogConfig: Applying CVar settings from Section [PostProcessQuality@3] File [C:/Users/Michal/Documents/GitHub/Gameplay-Mechanics/GameplayMechanics/Saved/Config/Windows/Scalability.ini]
[2019.03.31-17.58.29:723][  0]LogConfig: Setting CVar [[r.MotionBlurQuality:4]]
[2019.03.31-17.58.29:723][  0]LogConfig: Setting CVar [[r.AmbientOcclusionMipLevelFactor:0.4]]
[2019.03.31-17.58.29:723][  0]LogConfig: Setting CVar [[r.AmbientOcclusionMaxQuality:100]]
[2019.03.31-17.58.29:723][  0]LogConfig: Setting CVar [[r.AmbientOcclusionLevels:-1]]
[2019.03.31-17.58.29:723][  0]LogConfig: Setting CVar [[r.AmbientOcclusionRadiusScale:1.0]]
[2019.03.31-17.58.29:723][  0]LogConfig: Setting CVar [[r.DepthOfFieldQuality:2]]
[2019.03.31-17.58.29:723][  0]LogConfig: Setting CVar [[r.RenderTargetPoolMin:400]]
[2019.03.31-17.58.29:723][  0]LogConfig: Setting CVar [[r.LensFlareQuality:2]]
[2019.03.31-17.58.29:723][  0]LogConfig: Setting CVar [[r.SceneColorFringeQuality:1]]
[2019.03.31-17.58.29:723][  0]LogConfig: Setting CVar [[r.EyeAdaptationQuality:2]]
[2019.03.31-17.58.29:723][  0]LogConfig: Setting CVar [[r.BloomQuality:5]]
[2019.03.31-17.58.29:723][  0]LogConfig: Setting CVar [[r.FastBlurThreshold:100]]
[2019.03.31-17.58.29:723][  0]LogConfig: Setting CVar [[r.Upscale.Quality:3]]
[2019.03.31-17.58.29:723][  0]LogConfig: Setting CVar [[r.Tonemapper.GrainQuantization:1]]
[2019.03.31-17.58.29:723][  0]LogConfig: Setting CVar [[r.LightShaftQuality:1]]
[2019.03.31-17.58.29:723][  0]LogConfig: Setting CVar [[r.Filter.SizeScale:1]]
[2019.03.31-17.58.29:723][  0]LogConfig: Setting CVar [[r.Tonemapper.Quality:5]]
[2019.03.31-17.58.29:723][  0]LogConfig: Setting CVar [[r.DOF.Gather.AccumulatorQuality:1        ; higher gathering accumulator quality]]
[2019.03.31-17.58.29:723][  0]LogConfig: Setting CVar [[r.DOF.Gather.PostfilterMethod:1          ; Median3x3 postfilering method]]
[2019.03.31-17.58.29:723][  0]LogConfig: Setting CVar [[r.DOF.Gather.EnableBokehSettings:0       ; no bokeh simulation when gathering]]
[2019.03.31-17.58.29:723][  0]LogConfig: Setting CVar [[r.DOF.Gather.RingCount:4                 ; medium number of samples when gathering]]
[2019.03.31-17.58.29:723][  0]LogConfig: Setting CVar [[r.DOF.Scatter.ForegroundCompositing:1    ; additive foreground scattering]]
[2019.03.31-17.58.29:723][  0]LogConfig: Setting CVar [[r.DOF.Scatter.BackgroundCompositing:2    ; additive background scattering]]
[2019.03.31-17.58.29:723][  0]LogConfig: Setting CVar [[r.DOF.Scatter.EnableBokehSettings:1      ; bokeh simulation when scattering]]
[2019.03.31-17.58.29:723][  0]LogConfig: Setting CVar [[r.DOF.Scatter.MaxSpriteRatio:0.1         ; only a maximum of 10% of scattered bokeh]]
[2019.03.31-17.58.29:723][  0]LogConfig: Setting CVar [[r.DOF.Recombine.Quality:1                ; cheap slight out of focus]]
[2019.03.31-17.58.29:723][  0]LogConfig: Setting CVar [[r.DOF.Recombine.EnableBokehSettings:0    ; no bokeh simulation on slight out of focus]]
[2019.03.31-17.58.29:723][  0]LogConfig: Setting CVar [[r.DOF.TemporalAAQuality:1                ; more stable temporal accumulation]]
[2019.03.31-17.58.29:723][  0]LogConfig: Setting CVar [[r.DOF.Kernel.MaxForegroundRadius:0.025]]
[2019.03.31-17.58.29:723][  0]LogConfig: Setting CVar [[r.DOF.Kernel.MaxBackgroundRadius:0.025]]
[2019.03.31-17.58.29:724][  0]LogConfig: Applying CVar settings from Section [TextureQuality@3] File [C:/Users/Michal/Documents/GitHub/Gameplay-Mechanics/GameplayMechanics/Saved/Config/Windows/Scalability.ini]
[2019.03.31-17.58.29:724][  0]LogConfig: Setting CVar [[r.Streaming.MipBias:0]]
[2019.03.31-17.58.29:724][  0]LogConfig: Setting CVar [[r.Streaming.AmortizeCPUToGPUCopy:0]]
[2019.03.31-17.58.29:724][  0]LogConfig: Setting CVar [[r.Streaming.MaxNumTexturesToStreamPerFrame:0]]
[2019.03.31-17.58.29:724][  0]LogConfig: Setting CVar [[r.Streaming.Boost:1]]
[2019.03.31-17.58.29:724][  0]LogConfig: Setting CVar [[r.MaxAnisotropy:8]]
[2019.03.31-17.58.29:724][  0]LogConfig: Setting CVar [[r.Streaming.LimitPoolSizeToVRAM:0]]
[2019.03.31-17.58.29:724][  0]LogConfig: Setting CVar [[r.Streaming.PoolSize:1000]]
[2019.03.31-17.58.29:724][  0]LogConfig: Setting CVar [[r.Streaming.MaxEffectiveScreenSize:0]]
[2019.03.31-17.58.29:724][  0]LogConfig: Applying CVar settings from Section [EffectsQuality@3] File [C:/Users/Michal/Documents/GitHub/Gameplay-Mechanics/GameplayMechanics/Saved/Config/Windows/Scalability.ini]
[2019.03.31-17.58.29:724][  0]LogConfig: Setting CVar [[r.TranslucencyLightingVolumeDim:64]]
[2019.03.31-17.58.29:724][  0]LogConfig: Setting CVar [[r.RefractionQuality:2]]
[2019.03.31-17.58.29:724][  0]LogConfig: Setting CVar [[r.SSR.Quality:3]]
[2019.03.31-17.58.29:724][  0]LogConfig: Setting CVar [[r.SceneColorFormat:4]]
[2019.03.31-17.58.29:724][  0]LogConfig: Setting CVar [[r.DetailMode:2]]
[2019.03.31-17.58.29:724][  0]LogConfig: Setting CVar [[r.TranslucencyVolumeBlur:1]]
[2019.03.31-17.58.29:724][  0]LogConfig: Setting CVar [[r.MaterialQualityLevel:1 ; High quality]]
[2019.03.31-17.58.29:724][  0]LogConfig: Setting CVar [[r.SSS.Scale:1]]
[2019.03.31-17.58.29:724][  0]LogConfig: Setting CVar [[r.SSS.SampleSet:2]]
[2019.03.31-17.58.29:724][  0]LogConfig: Setting CVar [[r.SSS.Quality:1]]
[2019.03.31-17.58.29:724][  0]LogConfig: Setting CVar [[r.SSS.HalfRes:1]]
[2019.03.31-17.58.29:724][  0]LogConfig: Setting CVar [[r.EmitterSpawnRateScale:1.0]]
[2019.03.31-17.58.29:724][  0]LogConfig: Setting CVar [[r.ParticleLightQuality:2]]
[2019.03.31-17.58.29:724][  0]LogConfig: Applying CVar settings from Section [FoliageQuality@3] File [C:/Users/Michal/Documents/GitHub/Gameplay-Mechanics/GameplayMechanics/Saved/Config/Windows/Scalability.ini]
[2019.03.31-17.58.29:724][  0]LogConfig: Setting CVar [[foliage.DensityScale:1.0]]
[2019.03.31-17.58.29:724][  0]LogConfig: Setting CVar [[grass.DensityScale:1.0]]
[2019.03.31-17.58.29:724][  0]LogInit: Selected Device Profile: [Windows]
[2019.03.31-17.58.29:724][  0]LogInit: Applying CVar settings loaded from the selected device profile: [Windows]
[2019.03.31-17.58.29:735][  0]LogHAL: Display: Platform has ~ 16 GB [17117184000 / 17179869184 / 16], which maps to Larger [LargestMinGB=32, LargerMinGB=12, DefaultMinGB=8, SmallerMinGB=6, SmallestMinGB=0)
[2019.03.31-17.58.29:736][  0]LogConfig: Setting CVar [[r.Vulkan.UseRealUBs:1]]
[2019.03.31-17.58.29:736][  0]LogInit: Going up to parent DeviceProfile []
[2019.03.31-17.58.29:736][  0]LogConfig: Applying CVar settings from Section [ViewDistanceQuality@3] File [C:/Users/Michal/Documents/GitHub/Gameplay-Mechanics/GameplayMechanics/Saved/Config/Windows/Scalability.ini]
[2019.03.31-17.58.29:736][  0]LogConfig: Setting CVar [[r.SkeletalMeshLODBias:0]]
[2019.03.31-17.58.29:736][  0]LogConfig: Setting CVar [[r.ViewDistanceScale:1.0]]
[2019.03.31-17.58.29:736][  0]LogConfig: Applying CVar settings from Section [AntiAliasingQuality@3] File [C:/Users/Michal/Documents/GitHub/Gameplay-Mechanics/GameplayMechanics/Saved/Config/Windows/Scalability.ini]
[2019.03.31-17.58.29:736][  0]LogConfig: Setting CVar [[r.PostProcessAAQuality:4]]
[2019.03.31-17.58.29:736][  0]LogConfig: Applying CVar settings from Section [ShadowQuality@3] File [C:/Users/Michal/Documents/GitHub/Gameplay-Mechanics/GameplayMechanics/Saved/Config/Windows/Scalability.ini]
[2019.03.31-17.58.29:736][  0]LogConfig: Setting CVar [[r.LightFunctionQuality:1]]
[2019.03.31-17.58.29:736][  0]LogConfig: Setting CVar [[r.ShadowQuality:5]]
[2019.03.31-17.58.29:736][  0]LogConfig: Setting CVar [[r.Shadow.CSM.MaxCascades:10]]
[2019.03.31-17.58.29:736][  0]LogConfig: Setting CVar [[r.Shadow.MaxResolution:2048]]
[2019.03.31-17.58.29:736][  0]LogConfig: Setting CVar [[r.Shadow.MaxCSMResolution:2048]]
[2019.03.31-17.58.29:736][  0]LogConfig: Setting CVar [[r.Shadow.RadiusThreshold:0.01]]
[2019.03.31-17.58.29:736][  0]LogConfig: Setting CVar [[r.Shadow.DistanceScale:1.0]]
[2019.03.31-17.58.29:736][  0]LogConfig: Setting CVar [[r.Shadow.CSM.TransitionScale:1.0]]
[2019.03.31-17.58.29:736][  0]LogConfig: Setting CVar [[r.Shadow.PreShadowResolutionFactor:1.0]]
[2019.03.31-17.58.29:736][  0]LogConfig: Setting CVar [[r.DistanceFieldShadowing:1]]
[2019.03.31-17.58.29:736][  0]LogConfig: Setting CVar [[r.DistanceFieldAO:1]]
[2019.03.31-17.58.29:736][  0]LogConfig: Setting CVar [[r.AOQuality:2]]
[2019.03.31-17.58.29:736][  0]LogConfig: Setting CVar [[r.VolumetricFog:1]]
[2019.03.31-17.58.29:736][  0]LogConfig: Setting CVar [[r.VolumetricFog.GridPixelSize:8]]
[2019.03.31-17.58.29:736][  0]LogConfig: Setting CVar [[r.VolumetricFog.GridSizeZ:128]]
[2019.03.31-17.58.29:736][  0]LogConfig: Setting CVar [[r.VolumetricFog.HistoryMissSupersampleCount:4]]
[2019.03.31-17.58.29:736][  0]LogConfig: Setting CVar [[r.LightMaxDrawDistanceScale:1]]
[2019.03.31-17.58.29:736][  0]LogConfig: Setting CVar [[r.CapsuleShadows:1]]
[2019.03.31-17.58.29:736][  0]LogConfig: Applying CVar settings from Section [PostProcessQuality@3] File [C:/Users/Michal/Documents/GitHub/Gameplay-Mechanics/GameplayMechanics/Saved/Config/Windows/Scalability.ini]
[2019.03.31-17.58.29:736][  0]LogConfig: Setting CVar [[r.MotionBlurQuality:4]]
[2019.03.31-17.58.29:736][  0]LogConfig: Setting CVar [[r.AmbientOcclusionMipLevelFactor:0.4]]
[2019.03.31-17.58.29:736][  0]LogConfig: Setting CVar [[r.AmbientOcclusionMaxQuality:100]]
[2019.03.31-17.58.29:736][  0]LogConfig: Setting CVar [[r.AmbientOcclusionLevels:-1]]
[2019.03.31-17.58.29:736][  0]LogConfig: Setting CVar [[r.AmbientOcclusionRadiusScale:1.0]]
[2019.03.31-17.58.29:736][  0]LogConfig: Setting CVar [[r.DepthOfFieldQuality:2]]
[2019.03.31-17.58.29:736][  0]LogConfig: Setting CVar [[r.RenderTargetPoolMin:400]]
[2019.03.31-17.58.29:736][  0]LogConfig: Setting CVar [[r.LensFlareQuality:2]]
[2019.03.31-17.58.29:736][  0]LogConfig: Setting CVar [[r.SceneColorFringeQuality:1]]
[2019.03.31-17.58.29:736][  0]LogConfig: Setting CVar [[r.EyeAdaptationQuality:2]]
[2019.03.31-17.58.29:736][  0]LogConfig: Setting CVar [[r.BloomQuality:5]]
[2019.03.31-17.58.29:736][  0]LogConfig: Setting CVar [[r.FastBlurThreshold:100]]
[2019.03.31-17.58.29:736][  0]LogConfig: Setting CVar [[r.Upscale.Quality:3]]
[2019.03.31-17.58.29:736][  0]LogConfig: Setting CVar [[r.Tonemapper.GrainQuantization:1]]
[2019.03.31-17.58.29:736][  0]LogConfig: Setting CVar [[r.LightShaftQuality:1]]
[2019.03.31-17.58.29:736][  0]LogConfig: Setting CVar [[r.Filter.SizeScale:1]]
[2019.03.31-17.58.29:736][  0]LogConfig: Setting CVar [[r.Tonemapper.Quality:5]]
[2019.03.31-17.58.29:736][  0]LogConfig: Setting CVar [[r.DOF.Gather.AccumulatorQuality:1        ; higher gathering accumulator quality]]
[2019.03.31-17.58.29:736][  0]LogConfig: Setting CVar [[r.DOF.Gather.PostfilterMethod:1          ; Median3x3 postfilering method]]
[2019.03.31-17.58.29:736][  0]LogConfig: Setting CVar [[r.DOF.Gather.EnableBokehSettings:0       ; no bokeh simulation when gathering]]
[2019.03.31-17.58.29:736][  0]LogConfig: Setting CVar [[r.DOF.Gather.RingCount:4                 ; medium number of samples when gathering]]
[2019.03.31-17.58.29:736][  0]LogConfig: Setting CVar [[r.DOF.Scatter.ForegroundCompositing:1    ; additive foreground scattering]]
[2019.03.31-17.58.29:736][  0]LogConfig: Setting CVar [[r.DOF.Scatter.BackgroundCompositing:2    ; additive background scattering]]
[2019.03.31-17.58.29:736][  0]LogConfig: Setting CVar [[r.DOF.Scatter.EnableBokehSettings:1      ; bokeh simulation when scattering]]
[2019.03.31-17.58.29:736][  0]LogConfig: Setting CVar [[r.DOF.Scatter.MaxSpriteRatio:0.1         ; only a maximum of 10% of scattered bokeh]]
[2019.03.31-17.58.29:736][  0]LogConfig: Setting CVar [[r.DOF.Recombine.Quality:1                ; cheap slight out of focus]]
[2019.03.31-17.58.29:736][  0]LogConfig: Setting CVar [[r.DOF.Recombine.EnableBokehSettings:0    ; no bokeh simulation on slight out of focus]]
[2019.03.31-17.58.29:736][  0]LogConfig: Setting CVar [[r.DOF.TemporalAAQuality:1                ; more stable temporal accumulation]]
[2019.03.31-17.58.29:736][  0]LogConfig: Setting CVar [[r.DOF.Kernel.MaxForegroundRadius:0.025]]
[2019.03.31-17.58.29:736][  0]LogConfig: Setting CVar [[r.DOF.Kernel.MaxBackgroundRadius:0.025]]
[2019.03.31-17.58.29:736][  0]LogConfig: Applying CVar settings from Section [TextureQuality@3] File [C:/Users/Michal/Documents/GitHub/Gameplay-Mechanics/GameplayMechanics/Saved/Config/Windows/Scalability.ini]
[2019.03.31-17.58.29:736][  0]LogConfig: Setting CVar [[r.Streaming.MipBias:0]]
[2019.03.31-17.58.29:736][  0]LogConfig: Setting CVar [[r.Streaming.AmortizeCPUToGPUCopy:0]]
[2019.03.31-17.58.29:736][  0]LogConfig: Setting CVar [[r.Streaming.MaxNumTexturesToStreamPerFrame:0]]
[2019.03.31-17.58.29:736][  0]LogConfig: Setting CVar [[r.Streaming.Boost:1]]
[2019.03.31-17.58.29:736][  0]LogConfig: Setting CVar [[r.MaxAnisotropy:8]]
[2019.03.31-17.58.29:736][  0]LogConfig: Setting CVar [[r.Streaming.LimitPoolSizeToVRAM:0]]
[2019.03.31-17.58.29:736][  0]LogConfig: Setting CVar [[r.Streaming.PoolSize:1000]]
[2019.03.31-17.58.29:736][  0]LogConfig: Setting CVar [[r.Streaming.MaxEffectiveScreenSize:0]]
[2019.03.31-17.58.29:737][  0]LogConfig: Applying CVar settings from Section [EffectsQuality@3] File [C:/Users/Michal/Documents/GitHub/Gameplay-Mechanics/GameplayMechanics/Saved/Config/Windows/Scalability.ini]
[2019.03.31-17.58.29:737][  0]LogConfig: Setting CVar [[r.TranslucencyLightingVolumeDim:64]]
[2019.03.31-17.58.29:737][  0]LogConfig: Setting CVar [[r.RefractionQuality:2]]
[2019.03.31-17.58.29:737][  0]LogConfig: Setting CVar [[r.SSR.Quality:3]]
[2019.03.31-17.58.29:737][  0]LogConfig: Setting CVar [[r.SceneColorFormat:4]]
[2019.03.31-17.58.29:737][  0]LogConfig: Setting CVar [[r.DetailMode:2]]
[2019.03.31-17.58.29:737][  0]LogConfig: Setting CVar [[r.TranslucencyVolumeBlur:1]]
[2019.03.31-17.58.29:737][  0]LogConfig: Setting CVar [[r.MaterialQualityLevel:1 ; High quality]]
[2019.03.31-17.58.29:737][  0]LogConfig: Setting CVar [[r.SSS.Scale:1]]
[2019.03.31-17.58.29:737][  0]LogConfig: Setting CVar [[r.SSS.SampleSet:2]]
[2019.03.31-17.58.29:737][  0]LogConfig: Setting CVar [[r.SSS.Quality:1]]
[2019.03.31-17.58.29:737][  0]LogConfig: Setting CVar [[r.SSS.HalfRes:1]]
[2019.03.31-17.58.29:737][  0]LogConfig: Setting CVar [[r.EmitterSpawnRateScale:1.0]]
[2019.03.31-17.58.29:737][  0]LogConfig: Setting CVar [[r.ParticleLightQuality:2]]
[2019.03.31-17.58.29:737][  0]LogConfig: Applying CVar settings from Section [FoliageQuality@3] File [C:/Users/Michal/Documents/GitHub/Gameplay-Mechanics/GameplayMechanics/Saved/Config/Windows/Scalability.ini]
[2019.03.31-17.58.29:737][  0]LogConfig: Setting CVar [[foliage.DensityScale:1.0]]
[2019.03.31-17.58.29:737][  0]LogConfig: Setting CVar [[grass.DensityScale:1.0]]
[2019.03.31-17.58.29:737][  0]LogConfig: Applying CVar settings from Section [Startup] File [../../../Engine/Config/ConsoleVariables.ini]
[2019.03.31-17.58.29:737][  0]LogConfig: Setting CVar [[net.UseAdaptiveNetUpdateFrequency:0]]
[2019.03.31-17.58.29:737][  0]LogConfig: Applying CVar settings from Section [ConsoleVariables] File [C:/Users/Michal/Documents/GitHub/Gameplay-Mechanics/GameplayMechanics/Saved/Config/Windows/Engine.ini]
[2019.03.31-17.58.29:737][  0]LogInit: Computer: DESKTOP-F66LNLJ
[2019.03.31-17.58.29:737][  0]LogInit: User: Michal
[2019.03.31-17.58.29:737][  0]LogInit: CPU Page size=4096, Cores=4
[2019.03.31-17.58.29:737][  0]LogInit: High frequency timer resolution =3.914063 MHz
[2019.03.31-17.58.29:737][  0]LogMemory: Memory total: Physical=15.9GB (16GB approx)
[2019.03.31-17.58.29:737][  0]LogMemory: Platform Memory Stats for Windows
[2019.03.31-17.58.29:737][  0]LogMemory: Process Physical Memory: 102.48 MB used, 102.48 MB peak
[2019.03.31-17.58.29:737][  0]LogMemory: Process Virtual Memory: 89.69 MB used, 89.69 MB peak
[2019.03.31-17.58.29:737][  0]LogMemory: Physical Memory: 10067.79 MB used,  6256.43 MB free, 16324.22 MB total
[2019.03.31-17.58.29:737][  0]LogMemory: Virtual Memory: 4646.27 MB used,  134213080.00 MB free, 134217728.00 MB total
[2019.03.31-17.58.29:755][  0]LogInit: Using OS detected language (en-US).
[2019.03.31-17.58.29:755][  0]LogInit: Using OS detected locale (en-GB).
[2019.03.31-17.58.29:756][  0]LogTextLocalizationManager: No specific localization for 'en-US' exists, so the 'en' localization will be used.
[2019.03.31-17.58.30:124][  0]LogStreaming: Display: Took  0.370s to InitEngineTextLocalization.
[2019.03.31-17.58.30:124][  0]LogInit: Setting process to per monitor DPI aware
[2019.03.31-17.58.30:184][  0]LogSlate: New Slate User Created.  User Index 0, Is Virtual User: 0
[2019.03.31-17.58.30:184][  0]LogSlate: Slate User Registered.  User Index 0, Is Virtual User: 0
[2019.03.31-17.58.30:398][  0]LogHMD: Failed to initialize OpenVR with code 110
[2019.03.31-17.58.30:398][  0]LogD3D11RHI: D3D11 adapters:
[2019.03.31-17.58.30:475][  0]LogD3D11RHI:    0. 'NVIDIA GeForce GTX 1080' (Feature Level 11_0)
[2019.03.31-17.58.30:475][  0]LogD3D11RHI:       8079/0/8162 MB DedicatedVideo/DedicatedSystem/SharedSystem, Outputs:2, VendorId:0x10de
[2019.03.31-17.58.30:477][  0]LogD3D11RHI:    1. 'Microsoft Basic Render Driver' (Feature Level 11_0)
[2019.03.31-17.58.30:477][  0]LogD3D11RHI:       0/0/8162 MB DedicatedVideo/DedicatedSystem/SharedSystem, Outputs:0, VendorId:0x1414
[2019.03.31-17.58.30:477][  0]LogD3D11RHI: Chosen D3D11 Adapter: 0
[2019.03.31-17.58.30:488][  0]LogD3D11RHI: Creating new Direct3DDevice
[2019.03.31-17.58.30:488][  0]LogD3D11RHI:     GPU DeviceId: 0x1b80 (for the marketing name, search the web for "GPU Device Id")
[2019.03.31-17.58.30:488][  0]LogWindows: EnumDisplayDevices:
[2019.03.31-17.58.30:489][  0]LogWindows:    0. 'NVIDIA GeForce GTX 1080' (P:1 D:1)
[2019.03.31-17.58.30:489][  0]LogWindows:    1. 'NVIDIA GeForce GTX 1080' (P:0 D:1)
[2019.03.31-17.58.30:489][  0]LogWindows:    2. 'NVIDIA GeForce GTX 1080' (P:0 D:0)
[2019.03.31-17.58.30:489][  0]LogWindows:    3. 'NVIDIA GeForce GTX 1080' (P:0 D:0)
[2019.03.31-17.58.30:489][  0]LogWindows: DebugString: FoundDriverCount:4 
[2019.03.31-17.58.30:489][  0]LogD3D11RHI:     Adapter Name: NVIDIA GeForce GTX 1080
[2019.03.31-17.58.30:489][  0]LogD3D11RHI:   Driver Version: 418.81 (internal:25.21.14.1881, unified:418.81)
[2019.03.31-17.58.30:489][  0]LogD3D11RHI:      Driver Date: 1-30-2019
[2019.03.31-17.58.30:489][  0]LogRHI: Texture pool is 5655 MB (70% of 8079 MB)
[2019.03.31-17.58.30:540][  0]LogD3D11RHI: Async texture creation enabled
[2019.03.31-17.58.30:564][  0]LogD3D11RHI: GPU Timing Frequency: 1000.000000 (Debug: 2 2)
[2019.03.31-17.58.30:975][  0]LogTemp: Display: Loaded TP AllDesktopTargetPlatform
[2019.03.31-17.58.30:989][  0]LogTemp: Display: Loaded TP MacClientTargetPlatform
[2019.03.31-17.58.31:002][  0]LogTemp: Display: Loaded TP MacNoEditorTargetPlatform
[2019.03.31-17.58.31:015][  0]LogTemp: Display: Loaded TP MacServerTargetPlatform
[2019.03.31-17.58.31:028][  0]LogTemp: Display: Loaded TP MacTargetPlatform
[2019.03.31-17.58.31:042][  0]LogTemp: Display: Loaded TP WindowsClientTargetPlatform
[2019.03.31-17.58.31:056][  0]LogTemp: Display: Loaded TP WindowsNoEditorTargetPlatform
[2019.03.31-17.58.31:071][  0]LogTemp: Display: Loaded TP WindowsServerTargetPlatform
[2019.03.31-17.58.31:076][  0]LogTemp: Display: Loaded TP WindowsTargetPlatform
[2019.03.31-17.58.31:149][  0]LogTemp: Display: Loaded TP AndroidTargetPlatform
[2019.03.31-17.58.31:149][  0]LogTemp: Display: Loaded TP AndroidTargetPlatform
[2019.03.31-17.58.31:149][  0]LogTemp: Display: Loaded TP AndroidTargetPlatform
[2019.03.31-17.58.31:149][  0]LogTemp: Display: Loaded TP AndroidTargetPlatform
[2019.03.31-17.58.31:149][  0]LogTemp: Display: Loaded TP AndroidTargetPlatform
[2019.03.31-17.58.31:149][  0]LogTemp: Display: Loaded TP AndroidTargetPlatform
[2019.03.31-17.58.31:149][  0]LogTemp: Display: Loaded TP AndroidTargetPlatform
[2019.03.31-17.58.31:149][  0]LogTemp: Display: Loaded TP AndroidTargetPlatform
[2019.03.31-17.58.31:149][  0]LogTemp: Display: Loaded TP AndroidTargetPlatform
[2019.03.31-17.58.31:149][  0]LogTemp: Display: Loaded TP AndroidTargetPlatform
[2019.03.31-17.58.31:149][  0]LogTemp: Display: Loaded TP AndroidTargetPlatform
[2019.03.31-17.58.31:149][  0]LogTemp: Display: Loaded TP AndroidTargetPlatform
[2019.03.31-17.58.31:149][  0]LogTemp: Display: Loaded TP AndroidTargetPlatform
[2019.03.31-17.58.31:149][  0]LogTemp: Display: Loaded TP AndroidTargetPlatform
[2019.03.31-17.58.31:149][  0]LogTemp: Display: Loaded TP AndroidTargetPlatform
[2019.03.31-17.58.31:149][  0]LogTemp: Display: Loaded TP AndroidTargetPlatform
[2019.03.31-17.58.31:149][  0]LogTemp: Display: Loaded TP AndroidTargetPlatform
[2019.03.31-17.58.31:149][  0]LogTemp: Display: Loaded TP AndroidTargetPlatform
[2019.03.31-17.58.31:151][  0]LogTemp: Display: Loaded TP HTML5TargetPlatform
[2019.03.31-17.58.31:210][  0]LogTemp: Display: Loaded TP IOSTargetPlatform
[2019.03.31-17.58.31:210][  0]LogTemp: Display: Loaded TP IOSTargetPlatform
[2019.03.31-17.58.31:232][  0]LogTemp: Display: Loaded TP TVOSTargetPlatform
[2019.03.31-17.58.31:232][  0]LogTemp: Display: Loaded TP TVOSTargetPlatform
[2019.03.31-17.58.31:244][  0]LogTemp: Display: Loaded TP LinuxClientTargetPlatform
[2019.03.31-17.58.31:257][  0]LogTemp: Display: Loaded TP LinuxNoEditorTargetPlatform
[2019.03.31-17.58.31:269][  0]LogTemp: Display: Loaded TP LinuxServerTargetPlatform
[2019.03.31-17.58.31:281][  0]LogTemp: Display: Loaded TP LinuxTargetPlatform
[2019.03.31-17.58.31:320][  0]LogTemp: Display: Loaded TP LuminTargetPlatform
[2019.03.31-17.58.31:320][  0]LogTemp: Display: Loaded TP LuminTargetPlatform
[2019.03.31-17.58.31:320][  0]LogTargetPlatformManager: Display: Building Assets For Windows
[2019.03.31-17.58.31:384][  0]LogShaderCompilers: Guid format shader working directory is -37 characters bigger than the processId version (../../../../../../Users/Michal/Documents/GitHub/Gameplay-Mechanics/GameplayMechanics/Intermediate/Shaders/WorkingDirectory/8336/).
[2019.03.31-17.58.31:384][  0]LogShaderCompilers: Cleaned the shader compiler working directory 'C:/Users/Michal/AppData/Local/Temp/UnrealShaderWorkingDir/7C5D16CF447286031088B2A60C38E89C/'.
[2019.03.31-17.58.31:387][  0]LogXGEController: Cannot use XGE Controller as Incredibuild is not installed on this machine.
[2019.03.31-17.58.31:387][  0]LogShaderCompilers: Cannot use XGE Shader Compiler as Incredibuild is not installed on this machine.
[2019.03.31-17.58.31:387][  0]LogShaderCompilers: Display: Using Local Shader Compiler.
[2019.03.31-17.58.31:900][  0]LogDerivedDataCache: Display: Max Cache Size: 512 MB
[2019.03.31-17.58.31:947][  0]LogDerivedDataCache: Loaded boot cache 0.05s 73MB C:/Users/Michal/AppData/Local/UnrealEngine/4.21/DerivedDataCache/Boot.ddc.
[2019.03.31-17.58.31:947][  0]LogDerivedDataCache: Display: Loaded Boot cache: C:/Users/Michal/AppData/Local/UnrealEngine/4.21/DerivedDataCache/Boot.ddc
[2019.03.31-17.58.31:948][  0]LogDerivedDataCache: FDerivedDataBackendGraph:  Pak pak cache file ../../../../../../Users/Michal/Documents/GitHub/Gameplay-Mechanics/GameplayMechanics/DerivedDataCache/DDC.ddp not found, will not use a pak cache.
[2019.03.31-17.58.31:948][  0]LogDerivedDataCache: Unable to find inner node Pak for hierarchical cache Hierarchy.
[2019.03.31-17.58.31:948][  0]LogDerivedDataCache: FDerivedDataBackendGraph:  CompressedPak pak cache file ../../../../../../Users/Michal/Documents/GitHub/Gameplay-Mechanics/GameplayMechanics/DerivedDataCache/Compressed.ddp not found, will not use a pak cache.
[2019.03.31-17.58.31:948][  0]LogDerivedDataCache: Unable to find inner node CompressedPak for hierarchical cache Hierarchy.
[2019.03.31-17.58.31:964][  0]LogDerivedDataCache: Display: Pak cache opened for reading ../../../Engine/DerivedDataCache/Compressed.ddp.
[2019.03.31-17.58.31:964][  0]LogDerivedDataCache: FDerivedDataBackendGraph:  EnterprisePak pak cache file ../../../Enterprise/DerivedDataCache/Compressed.ddp not found, will not use a pak cache.
[2019.03.31-17.58.31:964][  0]LogDerivedDataCache: Unable to find inner node EnterprisePak for hierarchical cache Hierarchy.
[2019.03.31-17.58.31:976][  0]LogDerivedDataCache: Using Local data cache path C:/Users/Michal/AppData/Local/UnrealEngine/Common/DerivedDataCache: Writable
[2019.03.31-17.58.31:976][  0]LogDerivedDataCache: Shared data cache path not found in *engine.ini, will not use an Shared cache.
[2019.03.31-17.58.31:976][  0]LogDerivedDataCache: Unable to find inner node Shared for hierarchical cache Hierarchy.
[2019.03.31-17.58.31:994][  0]LogMaterial: Verifying Global Shaders for PCD3D_SM5
[2019.03.31-17.58.31:995][  0]LogSlate: Using FreeType 2.6.0
[2019.03.31-17.58.31:996][  0]LogSlate: SlateFontServices - WITH_FREETYPE: 1, WITH_HARFBUZZ: 1
[2019.03.31-17.58.32:079][  0]LogAssetRegistry: FAssetRegistry took 0.0338 seconds to start up
[2019.03.31-17.58.32:416][  0]LogInit: Selected Device Profile: [Windows]
[2019.03.31-17.58.32:560][  0]LogSimplygon: Simplygon DLL not present - disabling.
[2019.03.31-17.58.32:563][  0]LogMeshReduction: Using SimplygonSwarm for distributed automatic mesh merging
[2019.03.31-17.58.32:563][  0]LogMeshReduction: Using ProxyLODMeshReduction for automatic mesh merging
[2019.03.31-17.58.32:563][  0]LogMeshReduction: Using QuadricMeshReduction for automatic static mesh reduction
[2019.03.31-17.58.32:563][  0]LogMeshReduction: No automatic skeletal mesh reduction module available
[2019.03.31-17.58.32:574][  0]LogNetVersion: GameplayMechanics 1.0.0, NetCL: 4541578, EngineNetVer: 5, GameNetVer: 0 (Checksum: 3490075600)
[2019.03.31-17.58.33:070][  0]LogPackageLocalizationCache: Processed 11 localized package path(s) for 2 prioritized culture(s) in 0.096911 seconds
[2019.03.31-17.58.33:075][  0]LogUObjectArray: 39775 objects as part of root set at end of initial load.
[2019.03.31-17.58.33:075][  0]LogUObjectAllocator: 6914656 out of 0 bytes used by permanent object pool.
[2019.03.31-17.58.33:075][  0]LogUObjectArray: CloseDisregardForGC: 0/0 objects in disregard for GC pool
[2019.03.31-17.58.33:900][  0]LogTcpMessaging: Initializing TcpMessaging bridge
[2019.03.31-17.58.33:912][  0]LogUdpMessaging: Initializing bridge on interface 0.0.0.0:0 to multicast group 230.0.0.1:6666.
[2019.03.31-17.58.34:727][  0]SourceControl: Source control is disabled
[2019.03.31-17.58.35:223][  0]LogAndroidPermission: UAndroidPermissionCallbackProxy::GetInstance
[2019.03.31-17.58.35:317][  0]LogOcInput: OculusInput pre-init called
[2019.03.31-17.58.35:446][  0]LogEngine: Initializing Engine...
[2019.03.31-17.58.35:447][  0]LogHMD: Failed to initialize OpenVR with code 110
[2019.03.31-17.58.35:448][  0]LogStats: UGameplayTagsManager::ConstructGameplayTagTree: ImportINI prefixes -  0.000 s
[2019.03.31-17.58.35:448][  0]LogStats: UGameplayTagsManager::ConstructGameplayTagTree: Construct from data asset -  0.000 s
[2019.03.31-17.58.35:448][  0]LogStats: UGameplayTagsManager::ConstructGameplayTagTree: ImportINI -  0.000 s
[2019.03.31-17.58.35:448][  0]LogStats: UGameplayTagsManager::ConstructGameplayTagTree: GameplayTagTreeChangedEvent.Broadcast -  0.000 s
[2019.03.31-17.58.35:659][  0]LogInit: Initializing FReadOnlyCVARCache
[2019.03.31-17.58.35:673][  0]LogAIModule: Creating AISystem for world Untitled
[2019.03.31-17.58.35:748][  0]LogInit: XAudio2 using 'Speakers (Sound Blaster Z)' : 6 channels at 48 kHz using 32 bits per sample (channel mask 0x3f)
[2019.03.31-17.58.35:762][  0]LogInit: FAudioDevice initialized.
[2019.03.31-17.58.35:763][  0]LogNetVersion: Set ProjectVersion to 1.0.0.0. Version Checksum will be recalculated on next use.
[2019.03.31-17.58.35:878][  0]LogDerivedDataCache: Saved boot cache 0.11s 73MB C:/Users/Michal/AppData/Local/UnrealEngine/4.21/DerivedDataCache/Boot.ddc.
[2019.03.31-17.58.35:886][  0]LogInit: Texture streaming: Enabled
[2019.03.31-17.58.35:905][  0]LogEngineSessionManager: EngineSessionManager initialized
[2019.03.31-17.58.35:918][  0]LogInit: Transaction tracking system initialized
[2019.03.31-17.58.35:946][  0]BlueprintLog: New page: Editor Load
[2019.03.31-17.58.36:063][  0]LocalizationService: Localization service is disabled
[2019.03.31-17.58.36:523][  0]LogFileCache: Scanning file cache for directory 'C:/Users/Michal/Documents/GitHub/Gameplay-Mechanics/GameplayMechanics/Content/' took 0.02s
[2019.03.31-17.58.36:523][  0]LogCook: Display: Max memory allowance for cook 16384mb min free memory 0mb
[2019.03.31-17.58.36:523][  0]LogCook: Display: Mobile HDR setting 1
[2019.03.31-17.58.36:523][  0]LogGameplayTags: Display: UGameplayTagsManager::DoneAddingNativeTags. DelegateIsBound: 0
[2019.03.31-17.58.36:523][  0]LogStats: UGameplayTagsManager::ConstructGameplayTagTree: ImportINI prefixes -  0.000 s
[2019.03.31-17.58.36:523][  0]LogStats: UGameplayTagsManager::ConstructGameplayTagTree: Construct from data asset -  0.000 s
[2019.03.31-17.58.36:523][  0]LogStats: UGameplayTagsManager::ConstructGameplayTagTree: ImportINI -  0.000 s
[2019.03.31-17.58.36:523][  0]LogStats: UGameplayTagsManager::ConstructGameplayTagTree: GameplayTagTreeChangedEvent.Broadcast -  0.000 s
[2019.03.31-17.58.36:759][  0]LogWindowsTextInputMethodSystem: Display: IME system now deactivated.
[2019.03.31-17.58.36:760][  0]LogSlate: Took 0.000159 seconds to synchronously load lazily loaded font '../../../Engine/Content/Slate/Fonts/Roboto-Regular.ttf' (155K)
[2019.03.31-17.58.39:407][  0]LogSlate: Window 'Restore Packages' being destroyed
[2019.03.31-17.58.39:407][  0]LogWindowsTextInputMethodSystem: Display: IME system now deactivated.
[2019.03.31-17.58.39:410][  0]LogWindowsTextInputMethodSystem: Display: IME system now deactivated.
[2019.03.31-17.58.39:478][  0]LogWindowsTextInputMethodSystem: Display: IME system now deactivated.
[2019.03.31-17.58.39:479][  0]LogWindowsTextInputMethodSystem: Display: IME system now deactivated.
[2019.03.31-17.58.39:492][  0]Cmd: MAP LOAD FILE="../../../../../../Users/Michal/Documents/GitHub/Gameplay-Mechanics/GameplayMechanics/Content/FirstPersonCPP/Maps/FirstPersonExampleMap.umap" TEMPLATE=0 SHOWPROGRESS=1 FEATURELEVEL=3
[2019.03.31-17.58.39:493][  0]LightingResults: New page: Lighting Build
[2019.03.31-17.58.39:497][  0]MapCheck: New page: Map Check
[2019.03.31-17.58.39:497][  0]LightingResults: New page: Lighting Build
[2019.03.31-17.58.39:703][  0]LogAIModule: Creating AISystem for world FirstPersonExampleMap
[2019.03.31-17.58.39:711][  0]LogEditorServer: Finished looking for orphan Actors (0.000 secs)
[2019.03.31-17.58.39:735][  0]Cmd: MAP CHECKDEP NOCLEARLOG
[2019.03.31-17.58.39:735][  0]MapCheck: Map check complete: 0 Error(s), 0 Warning(s), took 0.159ms to complete.
[2019.03.31-17.58.39:735][  0]LogFileHelpers: Loading map 'FirstPersonExampleMap' took 0.243
[2019.03.31-17.58.39:793][  0]LogSlate: Updating window title bar state: overlay mode, drag disabled, window buttons hidden, title bar hidden
[2019.03.31-17.58.39:803][  0]LogSlate: Updating window title bar state: overlay mode, drag disabled, window buttons hidden, title bar hidden
[2019.03.31-17.58.39:813][  0]LogSlate: Updating window title bar state: overlay mode, drag disabled, window buttons hidden, title bar hidden
[2019.03.31-17.58.39:823][  0]LogSlate: Updating window title bar state: overlay mode, drag disabled, window buttons hidden, title bar hidden
[2019.03.31-17.58.39:829][  0]LogCollectionManager: Loaded 0 collections in 0.002326 seconds
[2019.03.31-17.58.39:846][  0]LogFileCache: Scanning file cache for directory 'C:/Users/Michal/Documents/GitHub/Gameplay-Mechanics/GameplayMechanics/Saved/Collections/' took 0.01s
[2019.03.31-17.58.39:846][  0]LogFileCache: Scanning file cache for directory 'C:/Users/Michal/Documents/GitHub/Gameplay-Mechanics/GameplayMechanics/Content/Developers/Michal/Collections/' took 0.00s
[2019.03.31-17.58.39:846][  0]LogFileCache: Scanning file cache for directory 'C:/Users/Michal/Documents/GitHub/Gameplay-Mechanics/GameplayMechanics/Content/Collections/' took 0.00s
[2019.03.31-17.58.39:846][  0]LogCollectionManager: Rebuilt the GUID cache for 0 collections in 0.000000 seconds
[2019.03.31-17.58.39:857][  0]LogContentBrowser: Native class hierarchy populated in 0.0106 seconds. Added 2662 classes and 622 folders.
[2019.03.31-17.58.39:865][  0]LogContentBrowser: Native class hierarchy updated for 'WidgetCarousel' in 0.0006 seconds. Added 0 classes and 0 folders.
[2019.03.31-17.58.39:866][  0]LogPakFile: Registered encryption key '00000000000000000000000000000000': 0 pak files mounted, 0 remain pending
[2019.03.31-17.58.39:867][  0]LogPakFile: Registered encryption key '00000000000000000000000000000000': 0 pak files mounted, 0 remain pending
[2019.03.31-17.58.39:868][  0]LogPakFile: Registered encryption key '00000000000000000000000000000000': 0 pak files mounted, 0 remain pending
[2019.03.31-17.58.39:868][  0]LogPakFile: Registered encryption key '00000000000000000000000000000000': 0 pak files mounted, 0 remain pending
[2019.03.31-17.58.39:868][  0]LogPakFile: Registered encryption key '00000000000000000000000000000000': 0 pak files mounted, 0 remain pending
[2019.03.31-17.58.39:869][  0]LogPakFile: Registered encryption key '00000000000000000000000000000000': 0 pak files mounted, 0 remain pending
[2019.03.31-17.58.39:870][  0]LogPakFile: Registered encryption key '00000000000000000000000000000000': 0 pak files mounted, 0 remain pending
[2019.03.31-17.58.39:870][  0]LogPakFile: Registered encryption key '00000000000000000000000000000000': 0 pak files mounted, 0 remain pending
[2019.03.31-17.58.39:870][  0]LogPakFile: Registered encryption key '00000000000000000000000000000000': 0 pak files mounted, 0 remain pending
[2019.03.31-17.58.39:871][  0]LogPakFile: Registered encryption key '00000000000000000000000000000000': 0 pak files mounted, 0 remain pending
[2019.03.31-17.58.39:871][  0]LogPakFile: Registered encryption key '00000000000000000000000000000000': 0 pak files mounted, 0 remain pending
[2019.03.31-17.58.39:872][  0]LogPakFile: Registered encryption key '00000000000000000000000000000000': 0 pak files mounted, 0 remain pending
[2019.03.31-17.58.39:873][  0]LogPakFile: Registered encryption key '00000000000000000000000000000000': 0 pak files mounted, 0 remain pending
[2019.03.31-17.58.39:873][  0]LogPakFile: Registered encryption key '00000000000000000000000000000000': 0 pak files mounted, 0 remain pending
[2019.03.31-17.58.39:874][  0]LogPakFile: Registered encryption key '00000000000000000000000000000000': 0 pak files mounted, 0 remain pending
[2019.03.31-17.58.39:874][  0]LogPakFile: Registered encryption key '00000000000000000000000000000000': 0 pak files mounted, 0 remain pending
[2019.03.31-17.58.39:875][  0]LogPakFile: Registered encryption key '00000000000000000000000000000000': 0 pak files mounted, 0 remain pending
[2019.03.31-17.58.39:875][  0]LogPakFile: Registered encryption key '00000000000000000000000000000000': 0 pak files mounted, 0 remain pending
[2019.03.31-17.58.39:876][  0]LogPakFile: Registered encryption key '00000000000000000000000000000000': 0 pak files mounted, 0 remain pending
[2019.03.31-17.58.39:876][  0]LogPakFile: Registered encryption key '00000000000000000000000000000000': 0 pak files mounted, 0 remain pending
[2019.03.31-17.58.39:877][  0]LogPakFile: Registered encryption key '00000000000000000000000000000000': 0 pak files mounted, 0 remain pending
[2019.03.31-17.58.39:878][  0]LogPakFile: Registered encryption key '00000000000000000000000000000000': 0 pak files mounted, 0 remain pending
[2019.03.31-17.58.39:878][  0]LogPakFile: Registered encryption key '00000000000000000000000000000000': 0 pak files mounted, 0 remain pending
[2019.03.31-17.58.39:879][  0]LogPakFile: Registered encryption key '00000000000000000000000000000000': 0 pak files mounted, 0 remain pending
[2019.03.31-17.58.39:879][  0]LogPakFile: Registered encryption key '00000000000000000000000000000000': 0 pak files mounted, 0 remain pending
[2019.03.31-17.58.39:880][  0]LogPakFile: Registered encryption key '00000000000000000000000000000000': 0 pak files mounted, 0 remain pending
[2019.03.31-17.58.39:916][  0]LogContentBrowser: Native class hierarchy updated for 'AddContentDialog' in 0.0005 seconds. Added 0 classes and 0 folders.
[2019.03.31-17.58.39:921][  0]LogContentBrowser: Native class hierarchy updated for 'SceneOutliner' in 0.0005 seconds. Added 1 classes and 2 folders.
[2019.03.31-17.58.39:934][  0]LogSlate: Took 0.000139 seconds to synchronously load lazily loaded font '../../../Engine/Content/Slate/Fonts/Roboto-Bold.ttf' (160K)
[2019.03.31-17.58.39:941][  0]LogSlate: Took 0.000162 seconds to synchronously load lazily loaded font '../../../Engine/Content/Editor/Slate/Fonts/FontAwesome.ttf' (139K)
[2019.03.31-17.58.39:998][  0]LogRenderer: Reallocating scene render targets to support 1616x808 Format 10 NumSamples 1 (Frame:1).
[2019.03.31-17.58.40:164][  0]LogContentBrowser: Native class hierarchy updated for 'HierarchicalLODOutliner' in 0.0005 seconds. Added 0 classes and 0 folders.
[2019.03.31-17.58.40:164][  0]LogLoad: (Engine Initialization) Total time: 12.31 seconds
[2019.03.31-17.58.40:164][  0]LogLoad: (Engine Initialization) Total Blueprint compile time: 0.00 seconds
[2019.03.31-17.58.40:255][  0]LogContentStreaming: Texture pool size now 1000 MB
[2019.03.31-17.58.40:297][  1]LogAssetRegistry: Asset discovery search completed in 8.2399 seconds
[2019.03.31-17.58.40:299][  1]LogCollectionManager: Rebuilt the object cache for 0 collections in 0.000000 seconds (found 0 objects)
[2019.03.31-17.58.40:299][  1]LogCollectionManager: Fixed up redirectors for 0 collections in 0.000054 seconds (updated 0 objects)
[2019.03.31-17.58.44:240][430]LogSlate: FSceneViewport::OnFocusLost() reason 0
[2019.03.31-17.58.50:874][221]LogEditorViewport: Clicking on Actor (LMB): SphereReflectionCapture (SphereReflectionCapture)
[2019.03.31-17.58.52:948][463]LogEditorViewport: Clicking on Actor (LMB): DirectionalLight (Light Source)
[2019.03.31-17.58.54:184][605]LogEditorViewport: Clicking on Actor (LMB): PlayerStart (NetworkPlayerStart)
[2019.03.31-17.58.59:300][201]LogSlate: FSceneViewport::OnFocusLost() reason 2
[2019.03.31-17.59.02:191][544]LogSlate: Took 0.000114 seconds to synchronously load lazily loaded font '../../../Engine/Content/Slate/Fonts/Roboto-Light.ttf' (167K)
[2019.03.31-17.59.02:693][597]LogSlate: FSceneViewport::OnFocusLost() reason 2
[2019.03.31-17.59.02:698][597]LogAssetEditorManager: Opening Asset editor for LevelScriptBlueprint /Game/FirstPersonCPP/Maps/FirstPersonExampleMap.FirstPersonExampleMap:PersistentLevel.FirstPersonExampleMap
[2019.03.31-17.59.03:263][597]LogContentBrowser: Native class hierarchy updated for 'BlueprintGraph' in 0.0008 seconds. Added 117 classes and 0 folders.
[2019.03.31-17.59.03:991][597]LogSlate: Took 0.003419 seconds to synchronously load lazily loaded font '../../../Engine/Content/Slate/Fonts/Roboto-BoldCondensed.ttf' (158K)
[2019.03.31-17.59.06:878][919]LogSlate: Window 'FirstPersonExampleMap - Level Blueprint Editor' being destroyed
[2019.03.31-17.59.06:882][919]LogSlate: Window 'FirstPersonExampleMap - Level Blueprint Editor' being destroyed
[2019.03.31-17.59.07:757][ 19]LogSlate: FSceneViewport::OnFocusLost() reason 0
[2019.03.31-17.59.24:392][991]LogAssetEditorManager: Opening Asset editor for Class /Script/GameplayMechanics.GameplayMechanicsGameMode
[2019.03.31-17.59.32:627][244]LogAssetEditorManager: Opening Asset editor for Class /Script/GameplayMechanics.GameplayMechanicsHUD
[2019.03.31-18.02.03:116][455]Candidate modules for hot reload:
[2019.03.31-18.02.03:116][455]  GameplayMechanics
[2019.03.31-18.02.03:116][455]Launching UnrealBuildTool... [C:/Program Files/Epic Games/UE_4.21/Engine/Binaries/DotNET/UnrealBuildTool.exe  -ModuleWithSuffix=GameplayMechanics,4408 Win64 Development -TargetType=Editor -Project="../../../../../../Users/Michal/Documents/GitHub/Gameplay-Mechanics/GameplayMechanics/GameplayMechanics.uproject" -canskiplink "C:/Users/Michal/Documents/GitHub/Gameplay-Mechanics/GameplayMechanics/GameplayMechanics.uproject" ]
[2019.03.31-18.02.03:119][455]Warning: Starting HotReload took  0.0s.
[2019.03.31-18.02.25:786][ 86]CompilerResultsLog: New page: Compilation - 31 Mar 2019 20:02:25
[2019.03.31-18.02.25:786][ 86]CompilerResultsLog: Using 'git status' to determine working set for adaptive non-unity build (C:\Users\Michal\Documents\GitHub\Gameplay-Mechanics).
[2019.03.31-18.02.25:786][ 86]CompilerResultsLog: Creating makefile for hot reloading GameplayMechanicsEditor (source directory changed)
[2019.03.31-18.02.25:786][ 86]CompilerResultsLog: Compiling game modules for hot reload
[2019.03.31-18.02.25:786][ 86]CompilerResultsLog: Using Visual Studio 2017 14.16.27023 toolchain (C:\Program Files (x86)\Microsoft Visual Studio\2017\Community\VC\Tools\MSVC\14.16.27023) and Windows 10.0.17763.0 SDK (C:\Program Files (x86)\Windows Kits\10).
[2019.03.31-18.02.25:786][ 86]CompilerResultsLog: Parsing headers for GameplayMechanicsEditor
[2019.03.31-18.02.25:786][ 86]CompilerResultsLog:   Running UnrealHeaderTool "C:\Users\Michal\Documents\GitHub\Gameplay-Mechanics\GameplayMechanics\GameplayMechanics.uproject" "C:\Users\Michal\Documents\GitHub\Gameplay-Mechanics\GameplayMechanics\Intermediate\Build\Win64\GameplayMechanicsEditor\Development\GameplayMechanicsEditor.uhtmanifest" -LogCmds="loginit warning, logexit warning, logdatabase error" -Unattended -WarningsAsErrors -installed
[2019.03.31-18.02.25:786][ 86]CompilerResultsLog: Reflection code generated for GameplayMechanicsEditor in 12.2316993 seconds
[2019.03.31-18.02.25:786][ 86]CompilerResultsLog: Building 6 actions with 8 processes...
[2019.03.31-18.02.25:786][ 86]CompilerResultsLog:   [1/6] GameplayMechanics.init.gen.cpp
[2019.03.31-18.02.25:786][ 86]CompilerResultsLog:   [2/6] GameplayMechanicsCharacter.gen.cpp
[2019.03.31-18.02.25:786][ 86]CompilerResultsLog:   [3/6] GameplayMechanicsGameMode.cpp
[2019.03.31-18.02.25:786][ 86]CompilerResultsLog:   [4/6] GameplayMechanicsCharacter.cpp
[2019.03.31-18.02.25:786][ 86]CompilerResultsLog:    C:\Users\Michal\Documents\GitHub\Gameplay-Mechanics\GameplayMechanics\Source\GameplayMechanics\GameplayMechanicsCharacter.cpp(183) : error C2065: 'climbTime': undeclared identifier
[2019.03.31-18.02.25:786][ 86]CompilerResultsLog:    C:\Users\Michal\Documents\GitHub\Gameplay-Mechanics\GameplayMechanics\Source\GameplayMechanics\GameplayMechanicsCharacter.cpp(184) : error C2065: 'climbTime': undeclared identifier
[2019.03.31-18.02.25:786][ 86]CompilerResultsLog:    C:\Users\Michal\Documents\GitHub\Gameplay-Mechanics\GameplayMechanics\Source\GameplayMechanics\GameplayMechanicsCharacter.cpp(194) : error C2039: 'wallClimb': is not a member of 'AGameplayMechanicsCharacter'
[2019.03.31-18.02.25:786][ 86]CompilerResultsLog:   c:\users\michal\documents\github\gameplay-mechanics\gameplaymechanics\source\gameplaymechanics\GameplayMechanicsCharacter.h(19): note: see declaration of 'AGameplayMechanicsCharacter'
[2019.03.31-18.02.25:786][ 86]CompilerResultsLog: ERROR: UBT ERROR: Failed to produce item: C:\Users\Michal\Documents\GitHub\Gameplay-Mechanics\GameplayMechanics\Binaries\Win64\UE4Editor-GameplayMechanics-4408.dll
[2019.03.31-18.02.25:786][ 86]CompilerResultsLog:        (see ../Programs/UnrealBuildTool/Log.txt for full exception trace)
[2019.03.31-18.02.25:786][ 86]CompilerResultsLog: Total build time: 22.37 seconds (Parallel executor: 0.00 seconds)
[2019.03.31-18.02.25:786][ 86]LogMainFrame: MainFrame: Module compiling took 22.672 seconds
[2019.03.31-18.02.25:786][ 86]Warning: HotReload failed, recompile failed
[2019.03.31-18.02.58:154][283]LogSlate: FSceneViewport::OnFocusLost() reason 2
[2019.03.31-18.02.59:273][389]Candidate modules for hot reload:
[2019.03.31-18.02.59:274][389]  GameplayMechanics
[2019.03.31-18.02.59:274][389]Launching UnrealBuildTool... [C:/Program Files/Epic Games/UE_4.21/Engine/Binaries/DotNET/UnrealBuildTool.exe  -ModuleWithSuffix=GameplayMechanics,2239 Win64 Development -TargetType=Editor -Project="../../../../../../Users/Michal/Documents/GitHub/Gameplay-Mechanics/GameplayMechanics/GameplayMechanics.uproject" -canskiplink "C:/Users/Michal/Documents/GitHub/Gameplay-Mechanics/GameplayMechanics/GameplayMechanics.uproject" ]
[2019.03.31-18.02.59:275][389]Warning: Starting HotReload took  0.0s.
[2019.03.31-18.03.23:565][164]CompilerResultsLog: New page: Compilation - 31 Mar 2019 20:03:23
[2019.03.31-18.03.23:565][164]CompilerResultsLog: Using 'git status' to determine working set for adaptive non-unity build (C:\Users\Michal\Documents\GitHub\Gameplay-Mechanics).
[2019.03.31-18.03.23:565][164]CompilerResultsLog: Creating makefile for hot reloading GameplayMechanicsEditor (source directory changed)
[2019.03.31-18.03.23:565][164]CompilerResultsLog: Compiling game modules for hot reload
[2019.03.31-18.03.23:565][164]CompilerResultsLog: Using Visual Studio 2017 14.16.27023 toolchain (C:\Program Files (x86)\Microsoft Visual Studio\2017\Community\VC\Tools\MSVC\14.16.27023) and Windows 10.0.17763.0 SDK (C:\Program Files (x86)\Windows Kits\10).
[2019.03.31-18.03.23:565][164]CompilerResultsLog: Parsing headers for GameplayMechanicsEditor
[2019.03.31-18.03.23:565][164]CompilerResultsLog:   Running UnrealHeaderTool "C:\Users\Michal\Documents\GitHub\Gameplay-Mechanics\GameplayMechanics\GameplayMechanics.uproject" "C:\Users\Michal\Documents\GitHub\Gameplay-Mechanics\GameplayMechanics\Intermediate\Build\Win64\GameplayMechanicsEditor\Development\GameplayMechanicsEditor.uhtmanifest" -LogCmds="loginit warning, logexit warning, logdatabase error" -Unattended -WarningsAsErrors -installed
[2019.03.31-18.03.23:565][164]CompilerResultsLog: Reflection code generated for GameplayMechanicsEditor in 13.4963788 seconds
[2019.03.31-18.03.23:565][164]CompilerResultsLog: Building 5 actions with 8 processes...
[2019.03.31-18.03.23:565][164]CompilerResultsLog:   [1/5] GameplayMechanicsGameMode.cpp
[2019.03.31-18.03.23:565][164]CompilerResultsLog:   [2/5] GameplayMechanicsCharacter.gen.cpp
[2019.03.31-18.03.23:565][164]CompilerResultsLog:   [3/5] GameplayMechanicsCharacter.cpp
[2019.03.31-18.03.23:565][164]CompilerResultsLog:    C:\Users\Michal\Documents\GitHub\Gameplay-Mechanics\GameplayMechanics\Source\GameplayMechanics\GameplayMechanicsCharacter.cpp(183) : error C2065: 'climbTime': undeclared identifier
[2019.03.31-18.03.23:565][164]CompilerResultsLog:    C:\Users\Michal\Documents\GitHub\Gameplay-Mechanics\GameplayMechanics\Source\GameplayMechanics\GameplayMechanicsCharacter.cpp(184) : error C2065: 'climbTime': undeclared identifier
[2019.03.31-18.03.23:565][164]CompilerResultsLog:    C:\Users\Michal\Documents\GitHub\Gameplay-Mechanics\GameplayMechanics\Source\GameplayMechanics\GameplayMechanicsCharacter.cpp(194) : error C2039: 'wallClimb': is not a member of 'AGameplayMechanicsCharacter'
[2019.03.31-18.03.23:565][164]CompilerResultsLog:   c:\users\michal\documents\github\gameplay-mechanics\gameplaymechanics\source\gameplaymechanics\GameplayMechanicsCharacter.h(19): note: see declaration of 'AGameplayMechanicsCharacter'
[2019.03.31-18.03.23:565][164]CompilerResultsLog: ERROR: UBT ERROR: Failed to produce item: C:\Users\Michal\Documents\GitHub\Gameplay-Mechanics\GameplayMechanics\Binaries\Win64\UE4Editor-GameplayMechanics-2239.dll
[2019.03.31-18.03.23:565][164]CompilerResultsLog:        (see ../Programs/UnrealBuildTool/Log.txt for full exception trace)
[2019.03.31-18.03.23:565][164]CompilerResultsLog: Total build time: 23.98 seconds (Parallel executor: 0.00 seconds)
[2019.03.31-18.03.23:565][164]LogMainFrame: MainFrame: Module compiling took 24.294 seconds
[2019.03.31-18.03.23:566][164]Warning: HotReload failed, recompile failed
[2019.03.31-18.03.25:033][328]LogSlate: FSceneViewport::OnFocusLost() reason 0
[2019.03.31-18.04.04:349][143]Candidate modules for hot reload:
[2019.03.31-18.04.04:349][143]  GameplayMechanics
[2019.03.31-18.04.04:350][143]Launching UnrealBuildTool... [C:/Program Files/Epic Games/UE_4.21/Engine/Binaries/DotNET/UnrealBuildTool.exe  -ModuleWithSuffix=GameplayMechanics,4516 Win64 Development -TargetType=Editor -Project="../../../../../../Users/Michal/Documents/GitHub/Gameplay-Mechanics/GameplayMechanics/GameplayMechanics.uproject" -canskiplink "C:/Users/Michal/Documents/GitHub/Gameplay-Mechanics/GameplayMechanics/GameplayMechanics.uproject" ]
[2019.03.31-18.04.04:352][143]Warning: Starting HotReload took  0.0s.
[2019.03.31-18.04.05:305][243]LogSlate: Window 'Message Log' being destroyed
[2019.03.31-18.04.05:308][243]LogSlate: Window 'Message Log' being destroyed
[2019.03.31-18.04.10:467][798]LogEditorViewport: Clicking on Actor (LMB): StaticMeshActor (BigWall2)
[2019.03.31-18.04.11:078][855]LogSlate: Took 0.000149 seconds to synchronously load lazily loaded font '../../../Engine/Content/Slate/Fonts/Roboto-Italic.ttf' (157K)
[2019.03.31-18.04.11:864][943]LogSlate: FSceneViewport::OnFocusLost() reason 0
[2019.03.31-18.04.28:492][852]CompilerResultsLog: New page: Compilation - 31 Mar 2019 20:04:28
[2019.03.31-18.04.28:492][852]CompilerResultsLog: Using 'git status' to determine working set for adaptive non-unity build (C:\Users\Michal\Documents\GitHub\Gameplay-Mechanics).
[2019.03.31-18.04.28:492][852]CompilerResultsLog: Creating makefile for hot reloading GameplayMechanicsEditor (source directory changed)
[2019.03.31-18.04.28:492][852]CompilerResultsLog: Compiling game modules for hot reload
[2019.03.31-18.04.28:492][852]CompilerResultsLog: Using Visual Studio 2017 14.16.27023 toolchain (C:\Program Files (x86)\Microsoft Visual Studio\2017\Community\VC\Tools\MSVC\14.16.27023) and Windows 10.0.17763.0 SDK (C:\Program Files (x86)\Windows Kits\10).
[2019.03.31-18.04.28:493][852]CompilerResultsLog: Parsing headers for GameplayMechanicsEditor
[2019.03.31-18.04.28:493][852]CompilerResultsLog:   Running UnrealHeaderTool "C:\Users\Michal\Documents\GitHub\Gameplay-Mechanics\GameplayMechanics\GameplayMechanics.uproject" "C:\Users\Michal\Documents\GitHub\Gameplay-Mechanics\GameplayMechanics\Intermediate\Build\Win64\GameplayMechanicsEditor\Development\GameplayMechanicsEditor.uhtmanifest" -LogCmds="loginit warning, logexit warning, logdatabase error" -Unattended -WarningsAsErrors -installed
[2019.03.31-18.04.28:493][852]CompilerResultsLog: Reflection code generated for GameplayMechanicsEditor in 12.3502541 seconds
[2019.03.31-18.04.28:493][852]CompilerResultsLog: Building 5 actions with 8 processes...
[2019.03.31-18.04.28:493][852]CompilerResultsLog:   [1/5] GameplayMechanicsCharacter.gen.cpp
[2019.03.31-18.04.28:493][852]CompilerResultsLog:   [2/5] GameplayMechanicsGameMode.cpp
[2019.03.31-18.04.28:493][852]CompilerResultsLog:   [3/5] GameplayMechanicsCharacter.cpp
[2019.03.31-18.04.28:493][852]CompilerResultsLog:   [4/5] UE4Editor-GameplayMechanics-4516.lib
[2019.03.31-18.04.28:493][852]CompilerResultsLog:      Creating library C:\Users\Michal\Documents\GitHub\Gameplay-Mechanics\GameplayMechanics\Intermediate\Build\Win64\UE4Editor\Development\GameplayMechanics\UE4Editor-GameplayMechanics-4516.lib and object C:\Users\Michal\Documents\GitHub\Gameplay-Mechanics\GameplayMechanics\Intermediate\Build\Win64\UE4Editor\Development\GameplayMechanics\UE4Editor-GameplayMechanics-4516.exp
[2019.03.31-18.04.28:493][852]CompilerResultsLog:   [5/5] UE4Editor-GameplayMechanics-4516.dll
[2019.03.31-18.04.28:493][852]CompilerResultsLog:      Creating library C:\Users\Michal\Documents\GitHub\Gameplay-Mechanics\GameplayMechanics\Intermediate\Build\Win64\UE4Editor\Development\GameplayMechanics\UE4Editor-GameplayMechanics-4516.suppressed.lib and object C:\Users\Michal\Documents\GitHub\Gameplay-Mechanics\GameplayMechanics\Intermediate\Build\Win64\UE4Editor\Development\GameplayMechanics\UE4Editor-GameplayMechanics-4516.suppressed.exp
[2019.03.31-18.04.28:493][852]CompilerResultsLog: Total build time: 23.86 seconds (Parallel executor: 4.74 seconds)
[2019.03.31-18.04.28:493][852]LogMainFrame: MainFrame: Module compiling took 24.146 seconds
[2019.03.31-18.04.28:560][852]LogClass: Could not find existing class GameplayMechanicsCharacter in package /Script/GameplayMechanics for HotReload, assuming new class
[2019.03.31-18.04.28:581][852]LogHotReload: Re-instancing GameplayMechanicsCharacter after hot-reload.
[2019.03.31-18.04.28:832][852]LogContentBrowser: Native class hierarchy updated for 'GameplayMechanics' in 0.0008 seconds. Added 11 classes and 2 folders.
[2019.03.31-18.04.28:835][852]Display: HotReload successful (7 functions remapped  0 scriptstructs remapped)
[2019.03.31-18.04.29:254][852]LogContentBrowser: Native class hierarchy populated in 0.0072 seconds. Added 2663 classes and 624 folders.
[2019.03.31-18.04.29:254][852]Display: HotReload took 24.9s.
[2019.03.31-18.04.30:589][989]LogSlate: FSceneViewport::OnFocusLost() reason 0
[2019.03.31-18.04.30:689][  1]LogTemp: Repeating last play command: Selected Viewport
[2019.03.31-18.04.30:704][  1]LogBlueprintUserMessages: Early PlayInEditor Detection: Level '/Game/FirstPersonCPP/Maps/FirstPersonExampleMap.FirstPersonExampleMap:PersistentLevel' has LevelScriptBlueprint '/Game/FirstPersonCPP/Maps/FirstPersonExampleMap.FirstPersonExampleMap:PersistentLevel.FirstPersonExampleMap' with GeneratedClass '/Game/FirstPersonCPP/Maps/FirstPersonExampleMap.FirstPersonExampleMap_C' with ClassGeneratedBy '/Game/FirstPersonCPP/Maps/FirstPersonExampleMap.FirstPersonExampleMap:PersistentLevel.FirstPersonExampleMap'
[2019.03.31-18.04.30:704][  1]LogPlayLevel: PlayLevel: No blueprints needed recompiling
[2019.03.31-18.04.30:705][  1]PIE: New page: PIE session: FirstPersonExampleMap (31 Mar 2019 20:04:30)
[2019.03.31-18.04.30:717][  1]LogPlayLevel: Creating play world package: /Game/FirstPersonCPP/Maps/UEDPIE_0_FirstPersonExampleMap
[2019.03.31-18.04.30:736][  1]LogPlayLevel: PIE: StaticDuplicateObject took: (0.019648s)
[2019.03.31-18.04.30:736][  1]LogAIModule: Creating AISystem for world FirstPersonExampleMap
[2019.03.31-18.04.30:736][  1]LogPlayLevel: PIE: World Init took: (0.000634s)
[2019.03.31-18.04.30:736][  1]LogPlayLevel: PIE: Created PIE world by copying editor world from /Game/FirstPersonCPP/Maps/FirstPersonExampleMap.FirstPersonExampleMap to /Game/FirstPersonCPP/Maps/UEDPIE_0_FirstPersonExampleMap.FirstPersonExampleMap (0.020605s)
[2019.03.31-18.04.30:833][  1]LogInit: XAudio2 using 'Speakers (Sound Blaster Z)' : 6 channels at 48 kHz using 32 bits per sample (channel mask 0x3f)
[2019.03.31-18.04.30:845][  1]LogInit: FAudioDevice initialized.
[2019.03.31-18.04.30:888][  1]LogLoad: Game class is 'GameplayMechanicsGameMode'
[2019.03.31-18.04.30:890][  1]LogWorld: Bringing World /Game/FirstPersonCPP/Maps/UEDPIE_0_FirstPersonExampleMap.FirstPersonExampleMap up for play (max tick rate 0) at 2019.03.31-19.04.30
[2019.03.31-18.04.30:890][  1]LogWorld: Bringing up level for play took: 0.001263
[2019.03.31-18.04.30:933][  1]LogContentBrowser: Native class hierarchy updated for 'MovieSceneCapture' in 0.0006 seconds. Added 20 classes and 0 folders.
[2019.03.31-18.04.30:934][  1]PIE: Play in editor start time for /Game/FirstPersonCPP/Maps/UEDPIE_0_FirstPersonExampleMap -0.183
[2019.03.31-18.04.30:935][  1]LogBlueprintUserMessages: Late PlayInEditor Detection: Level '/Game/FirstPersonCPP/Maps/FirstPersonExampleMap.FirstPersonExampleMap:PersistentLevel' has LevelScriptBlueprint '/Game/FirstPersonCPP/Maps/FirstPersonExampleMap.FirstPersonExampleMap:PersistentLevel.FirstPersonExampleMap' with GeneratedClass '/Game/FirstPersonCPP/Maps/FirstPersonExampleMap.FirstPersonExampleMap_C' with ClassGeneratedBy '/Game/FirstPersonCPP/Maps/FirstPersonExampleMap.FirstPersonExampleMap:PersistentLevel.FirstPersonExampleMap'
[2019.03.31-18.05.19:283][470]LogSlate: FSceneViewport::OnFocusLost() reason 2
[2019.03.31-18.07.41:459][928]LogSlate: FSceneViewport::OnFocusLost() reason 2
[2019.03.31-18.08.38:666][737]LogBlueprintUserMessages: Early EndPlayMap Detection: Level '/Game/FirstPersonCPP/Maps/FirstPersonExampleMap.FirstPersonExampleMap:PersistentLevel' has LevelScriptBlueprint '/Game/FirstPersonCPP/Maps/FirstPersonExampleMap.FirstPersonExampleMap:PersistentLevel.FirstPersonExampleMap' with GeneratedClass '/Game/FirstPersonCPP/Maps/FirstPersonExampleMap.FirstPersonExampleMap_C' with ClassGeneratedBy '/Game/FirstPersonCPP/Maps/FirstPersonExampleMap.FirstPersonExampleMap:PersistentLevel.FirstPersonExampleMap'
[2019.03.31-18.08.38:666][737]LogSlate: Updating window title bar state: overlay mode, drag disabled, window buttons hidden, title bar hidden
[2019.03.31-18.08.38:697][737]LogPlayLevel: Display: Shutting down PIE online subsystems
[2019.03.31-18.08.38:698][737]LogBlueprintUserMessages: Late EndPlayMap Detection: Level '/Game/FirstPersonCPP/Maps/FirstPersonExampleMap.FirstPersonExampleMap:PersistentLevel' has LevelScriptBlueprint '/Game/FirstPersonCPP/Maps/FirstPersonExampleMap.FirstPersonExampleMap:PersistentLevel.FirstPersonExampleMap' with GeneratedClass '/Game/FirstPersonCPP/Maps/FirstPersonExampleMap.FirstPersonExampleMap_C' with ClassGeneratedBy '/Game/FirstPersonCPP/Maps/FirstPersonExampleMap.FirstPersonExampleMap:PersistentLevel.FirstPersonExampleMap'
[2019.03.31-18.08.38:726][737]LogSlate: Updating window title bar state: overlay mode, drag disabled, window buttons hidden, title bar hidden
[2019.03.31-18.08.38:774][740]LogPlayLevel: Display: Destroying online subsystem :Context_11
[2019.03.31-18.09.29:319][ 11]LogSlate: FSceneViewport::OnFocusLost() reason 2
[2019.03.31-18.09.30:153][ 73]LogTemp: Repeating last play command: Selected Viewport
[2019.03.31-18.09.30:168][ 73]LogBlueprintUserMessages: Early PlayInEditor Detection: Level '/Game/FirstPersonCPP/Maps/FirstPersonExampleMap.FirstPersonExampleMap:PersistentLevel' has LevelScriptBlueprint '/Game/FirstPersonCPP/Maps/FirstPersonExampleMap.FirstPersonExampleMap:PersistentLevel.FirstPersonExampleMap' with GeneratedClass '/Game/FirstPersonCPP/Maps/FirstPersonExampleMap.FirstPersonExampleMap_C' with ClassGeneratedBy '/Game/FirstPersonCPP/Maps/FirstPersonExampleMap.FirstPersonExampleMap:PersistentLevel.FirstPersonExampleMap'
[2019.03.31-18.09.30:169][ 73]LogPlayLevel: PlayLevel: No blueprints needed recompiling
[2019.03.31-18.09.30:169][ 73]PIE: New page: PIE session: FirstPersonExampleMap (31 Mar 2019 20:09:30)
[2019.03.31-18.09.30:169][ 73]LogPlayLevel: Creating play world package: /Game/FirstPersonCPP/Maps/UEDPIE_0_FirstPersonExampleMap
[2019.03.31-18.09.30:181][ 73]LogPlayLevel: PIE: StaticDuplicateObject took: (0.012264s)
[2019.03.31-18.09.30:182][ 73]LogAIModule: Creating AISystem for world FirstPersonExampleMap
[2019.03.31-18.09.30:182][ 73]LogPlayLevel: PIE: World Init took: (0.000695s)
[2019.03.31-18.09.30:182][ 73]LogPlayLevel: PIE: Created PIE world by copying editor world from /Game/FirstPersonCPP/Maps/FirstPersonExampleMap.FirstPersonExampleMap to /Game/FirstPersonCPP/Maps/UEDPIE_0_FirstPersonExampleMap.FirstPersonExampleMap (0.013105s)
[2019.03.31-18.09.30:235][ 73]LogInit: XAudio2 using 'Speakers (Sound Blaster Z)' : 6 channels at 48 kHz using 32 bits per sample (channel mask 0x3f)
[2019.03.31-18.09.30:258][ 73]LogInit: FAudioDevice initialized.
[2019.03.31-18.09.30:295][ 73]LogLoad: Game class is 'GameplayMechanicsGameMode'
[2019.03.31-18.09.30:296][ 73]LogWorld: Bringing World /Game/FirstPersonCPP/Maps/UEDPIE_0_FirstPersonExampleMap.FirstPersonExampleMap up for play (max tick rate 0) at 2019.03.31-19.09.30
[2019.03.31-18.09.30:296][ 73]LogWorld: Bringing up level for play took: 0.001161
[2019.03.31-18.09.30:309][ 73]PIE: Play in editor start time for /Game/FirstPersonCPP/Maps/UEDPIE_0_FirstPersonExampleMap -0.808
[2019.03.31-18.09.30:310][ 73]LogBlueprintUserMessages: Late PlayInEditor Detection: Level '/Game/FirstPersonCPP/Maps/FirstPersonExampleMap.FirstPersonExampleMap:PersistentLevel' has LevelScriptBlueprint '/Game/FirstPersonCPP/Maps/FirstPersonExampleMap.FirstPersonExampleMap:PersistentLevel.FirstPersonExampleMap' with GeneratedClass '/Game/FirstPersonCPP/Maps/FirstPersonExampleMap.FirstPersonExampleMap_C' with ClassGeneratedBy '/Game/FirstPersonCPP/Maps/FirstPersonExampleMap.FirstPersonExampleMap:PersistentLevel.FirstPersonExampleMap'
[2019.03.31-18.09.42:143][489]LogBlueprintUserMessages: Early EndPlayMap Detection: Level '/Game/FirstPersonCPP/Maps/FirstPersonExampleMap.FirstPersonExampleMap:PersistentLevel' has LevelScriptBlueprint '/Game/FirstPersonCPP/Maps/FirstPersonExampleMap.FirstPersonExampleMap:PersistentLevel.FirstPersonExampleMap' with GeneratedClass '/Game/FirstPersonCPP/Maps/FirstPersonExampleMap.FirstPersonExampleMap_C' with ClassGeneratedBy '/Game/FirstPersonCPP/Maps/FirstPersonExampleMap.FirstPersonExampleMap:PersistentLevel.FirstPersonExampleMap'
[2019.03.31-18.09.42:144][489]LogSlate: Updating window title bar state: overlay mode, drag disabled, window buttons hidden, title bar hidden
[2019.03.31-18.09.42:175][489]LogPlayLevel: Display: Shutting down PIE online subsystems
[2019.03.31-18.09.42:175][489]LogBlueprintUserMessages: Late EndPlayMap Detection: Level '/Game/FirstPersonCPP/Maps/FirstPersonExampleMap.FirstPersonExampleMap:PersistentLevel' has LevelScriptBlueprint '/Game/FirstPersonCPP/Maps/FirstPersonExampleMap.FirstPersonExampleMap:PersistentLevel.FirstPersonExampleMap' with GeneratedClass '/Game/FirstPersonCPP/Maps/FirstPersonExampleMap.FirstPersonExampleMap_C' with ClassGeneratedBy '/Game/FirstPersonCPP/Maps/FirstPersonExampleMap.FirstPersonExampleMap:PersistentLevel.FirstPersonExampleMap'
[2019.03.31-18.09.42:197][489]LogSlate: Updating window title bar state: overlay mode, drag disabled, window buttons hidden, title bar hidden
[2019.03.31-18.09.42:250][493]LogPlayLevel: Display: Destroying online subsystem :Context_12
[2019.03.31-18.10.02:721][572]LogSlate: FSceneViewport::OnFocusLost() reason 2
[2019.03.31-18.10.03:676][669]Candidate modules for hot reload:
[2019.03.31-18.10.03:676][669]  GameplayMechanics
[2019.03.31-18.10.03:676][669]Launching UnrealBuildTool... [C:/Program Files/Epic Games/UE_4.21/Engine/Binaries/DotNET/UnrealBuildTool.exe  -ModuleWithSuffix=GameplayMechanics,7736 Win64 Development -TargetType=Editor -Project="../../../../../../Users/Michal/Documents/GitHub/Gameplay-Mechanics/GameplayMechanics/GameplayMechanics.uproject" -canskiplink "C:/Users/Michal/Documents/GitHub/Gameplay-Mechanics/GameplayMechanics/GameplayMechanics.uproject" ]
[2019.03.31-18.10.03:678][669]Warning: Starting HotReload took  0.0s.
[2019.03.31-18.10.14:102][906]CompilerResultsLog: New page: Compilation - 31 Mar 2019 20:10:14
[2019.03.31-18.10.14:102][906]CompilerResultsLog: Using 'git status' to determine working set for adaptive non-unity build (C:\Users\Michal\Documents\GitHub\Gameplay-Mechanics).
[2019.03.31-18.10.14:102][906]CompilerResultsLog: Creating makefile for hot reloading GameplayMechanicsEditor (source directory changed)
[2019.03.31-18.10.14:102][906]CompilerResultsLog: Compiling game modules for hot reload
[2019.03.31-18.10.14:102][906]CompilerResultsLog: Using Visual Studio 2017 14.16.27023 toolchain (C:\Program Files (x86)\Microsoft Visual Studio\2017\Community\VC\Tools\MSVC\14.16.27023) and Windows 10.0.17763.0 SDK (C:\Program Files (x86)\Windows Kits\10).
[2019.03.31-18.10.14:102][906]CompilerResultsLog: Building 3 actions with 8 processes...
[2019.03.31-18.10.14:102][906]CompilerResultsLog:   [1/3] GameplayMechanicsCharacter.cpp
[2019.03.31-18.10.14:102][906]CompilerResultsLog:   [2/3] UE4Editor-GameplayMechanics-7736.lib
[2019.03.31-18.10.14:102][906]CompilerResultsLog:      Creating library C:\Users\Michal\Documents\GitHub\Gameplay-Mechanics\GameplayMechanics\Intermediate\Build\Win64\UE4Editor\Development\GameplayMechanics\UE4Editor-GameplayMechanics-7736.lib and object C:\Users\Michal\Documents\GitHub\Gameplay-Mechanics\GameplayMechanics\Intermediate\Build\Win64\UE4Editor\Development\GameplayMechanics\UE4Editor-GameplayMechanics-7736.exp
[2019.03.31-18.10.14:102][906]CompilerResultsLog:   [3/3] UE4Editor-GameplayMechanics-7736.dll
[2019.03.31-18.10.14:102][906]CompilerResultsLog:      Creating library C:\Users\Michal\Documents\GitHub\Gameplay-Mechanics\GameplayMechanics\Intermediate\Build\Win64\UE4Editor\Development\GameplayMechanics\UE4Editor-GameplayMechanics-7736.suppressed.lib and object C:\Users\Michal\Documents\GitHub\Gameplay-Mechanics\GameplayMechanics\Intermediate\Build\Win64\UE4Editor\Development\GameplayMechanics\UE4Editor-GameplayMechanics-7736.suppressed.exp
[2019.03.31-18.10.14:102][906]CompilerResultsLog: Total build time: 10.12 seconds (Parallel executor: 4.13 seconds)
[2019.03.31-18.10.14:102][906]LogMainFrame: MainFrame: Module compiling took 10.428 seconds
[2019.03.31-18.10.14:165][906]LogHotReload: Re-instancing FlyingArrow after hot-reload.
[2019.03.31-18.10.14:284][906]LogHotReload: Re-instancing GameplayMechanicsCharacter after hot-reload.
[2019.03.31-18.10.14:524][906]LogHotReload: Re-instancing ScatterArrow after hot-reload.
[2019.03.31-18.10.14:627][906]LogHotReload: Re-instancing SonicArrow after hot-reload.
[2019.03.31-18.10.14:726][906]LogHotReload: Re-instancing StandardArrow after hot-reload.
[2019.03.31-18.10.14:826][906]LogContentBrowser: Native class hierarchy updated for 'GameplayMechanics' in 0.0005 seconds. Added 11 classes and 2 folders.
[2019.03.31-18.10.14:830][906]Display: HotReload successful (7 functions remapped  0 scriptstructs remapped)
[2019.03.31-18.10.15:154][906]LogContentBrowser: Native class hierarchy populated in 0.0074 seconds. Added 2663 classes and 624 folders.
[2019.03.31-18.10.15:154][906]Display: HotReload took 11.5s.
[2019.03.31-18.10.16:299][  4]LogSlate: FSceneViewport::OnFocusLost() reason 0
[2019.03.31-18.10.16:367][ 12]LogTemp: Repeating last play command: Selected Viewport
[2019.03.31-18.10.16:385][ 12]LogBlueprintUserMessages: Early PlayInEditor Detection: Level '/Game/FirstPersonCPP/Maps/FirstPersonExampleMap.FirstPersonExampleMap:PersistentLevel' has LevelScriptBlueprint '/Game/FirstPersonCPP/Maps/FirstPersonExampleMap.FirstPersonExampleMap:PersistentLevel.FirstPersonExampleMap' with GeneratedClass '/Game/FirstPersonCPP/Maps/FirstPersonExampleMap.FirstPersonExampleMap_C' with ClassGeneratedBy '/Game/FirstPersonCPP/Maps/FirstPersonExampleMap.FirstPersonExampleMap:PersistentLevel.FirstPersonExampleMap'
[2019.03.31-18.10.16:385][ 12]LogPlayLevel: PlayLevel: No blueprints needed recompiling
[2019.03.31-18.10.16:386][ 12]PIE: New page: PIE session: FirstPersonExampleMap (31 Mar 2019 20:10:16)
[2019.03.31-18.10.16:386][ 12]LogPlayLevel: Creating play world package: /Game/FirstPersonCPP/Maps/UEDPIE_0_FirstPersonExampleMap
[2019.03.31-18.10.16:400][ 12]LogPlayLevel: PIE: StaticDuplicateObject took: (0.014161s)
[2019.03.31-18.10.16:400][ 12]LogAIModule: Creating AISystem for world FirstPersonExampleMap
[2019.03.31-18.10.16:401][ 12]LogPlayLevel: PIE: World Init took: (0.000693s)
[2019.03.31-18.10.16:401][ 12]LogPlayLevel: PIE: Created PIE world by copying editor world from /Game/FirstPersonCPP/Maps/FirstPersonExampleMap.FirstPersonExampleMap to /Game/FirstPersonCPP/Maps/UEDPIE_0_FirstPersonExampleMap.FirstPersonExampleMap (0.015023s)
[2019.03.31-18.10.16:483][ 12]LogInit: XAudio2 using 'Speakers (Sound Blaster Z)' : 6 channels at 48 kHz using 32 bits per sample (channel mask 0x3f)
[2019.03.31-18.10.16:494][ 12]LogInit: FAudioDevice initialized.
[2019.03.31-18.10.16:529][ 12]LogLoad: Game class is 'GameplayMechanicsGameMode'
[2019.03.31-18.10.16:530][ 12]LogWorld: Bringing World /Game/FirstPersonCPP/Maps/UEDPIE_0_FirstPersonExampleMap.FirstPersonExampleMap up for play (max tick rate 0) at 2019.03.31-19.10.16
[2019.03.31-18.10.16:531][ 12]LogWorld: Bringing up level for play took: 0.001212
[2019.03.31-18.10.18:098][ 12]LogWindows: Error: === Critical error: ===
[2019.03.31-18.10.18:098][ 12]LogWindows: Error: 
[2019.03.31-18.10.18:098][ 12]LogWindows: Error: Fatal error!
[2019.03.31-18.10.18:098][ 12]LogWindows: Error: 
[2019.03.31-18.10.18:098][ 12]LogWindows: Error: Unhandled Exception: EXCEPTION_ACCESS_VIOLATION reading address 0x000001dc
[2019.03.31-18.10.18:098][ 12]LogWindows: Error: 
[2019.03.31-18.10.18:099][ 12]LogWindows: Error: [Callstack] 0x00007fff73960d78 UE4Editor-Engine.dll!UnknownFunction []
[2019.03.31-18.10.18:099][ 12]LogWindows: Error: [Callstack] 0x00007fff5be07dd3 UE4Editor-GameplayMechanics-7736.dll!AGameplayMechanicsCharacter::BeginPlay() [c:\users\michal\documents\github\gameplay-mechanics\gameplaymechanics\source\gameplaymechanics\gameplaymechanicscharacter.cpp:107]
[2019.03.31-18.10.18:099][ 12]LogWindows: Error: [Callstack] 0x00007fff73413c95 UE4Editor-Engine.dll!UnknownFunction []
[2019.03.31-18.10.18:099][ 12]LogWindows: Error: [Callstack] 0x00007fff7486060c UE4Editor-Engine.dll!UnknownFunction []
[2019.03.31-18.10.18:099][ 12]LogWindows: Error: [Callstack] 0x00007fff73c1eb41 UE4Editor-Engine.dll!UnknownFunction []
[2019.03.31-18.10.18:099][ 12]LogWindows: Error: [Callstack] 0x00007fff7480865e UE4Editor-Engine.dll!UnknownFunction []
[2019.03.31-18.10.18:099][ 12]LogWindows: Error: [Callstack] 0x00007fff73bbc1f1 UE4Editor-Engine.dll!UnknownFunction []
[2019.03.31-18.10.18:099][ 12]LogWindows: Error: [Callstack] 0x00007fff86a4ac89 UE4Editor-UnrealEd.dll!UnknownFunction []
[2019.03.31-18.10.18:099][ 12]LogWindows: Error: [Callstack] 0x00007fff86a6b350 UE4Editor-UnrealEd.dll!UnknownFunction []
[2019.03.31-18.10.18:099][ 12]LogWindows: Error: [Callstack] 0x00007fff86a892e6 UE4Editor-UnrealEd.dll!UnknownFunction []
[2019.03.31-18.10.18:099][ 12]LogWindows: Error: [Callstack] 0x00007fff86481891 UE4Editor-UnrealEd.dll!UnknownFunction []
[2019.03.31-18.10.18:099][ 12]LogWindows: Error: [Callstack] 0x00007fff86da2346 UE4Editor-UnrealEd.dll!UnknownFunction []
[2019.03.31-18.10.18:099][ 12]LogWindows: Error: [Callstack] 0x00007ff78b8a6225 UE4Editor.exe!UnknownFunction []
[2019.03.31-18.10.18:099][ 12]LogWindows: Error: [Callstack] 0x00007ff78b8b596c UE4Editor.exe!UnknownFunction []
[2019.03.31-18.10.18:099][ 12]LogWindows: Error: [Callstack] 0x00007ff78b8b59ea UE4Editor.exe!UnknownFunction []
[2019.03.31-18.10.18:099][ 12]LogWindows: Error: [Callstack] 0x00007ff78b8c48da UE4Editor.exe!UnknownFunction []
[2019.03.31-18.10.18:099][ 12]LogWindows: Error: [Callstack] 0x00007ff78b8c659a UE4Editor.exe!UnknownFunction []
[2019.03.31-18.10.18:099][ 12]LogWindows: Error: [Callstack] 0x00007fffc9b83dc4 KERNEL32.DLL!UnknownFunction []
[2019.03.31-18.10.18:099][ 12]LogWindows: Error: [Callstack] 0x00007fffc9ce3691 ntdll.dll!UnknownFunction []
[2019.03.31-18.10.18:099][ 12]LogWindows: Error: 
[2019.03.31-18.10.18:118][ 12]LogExit: Executing StaticShutdownAfterError
[2019.03.31-18.10.18:120][ 12]LogWindows: FPlatformMisc::RequestExit(1)
[2019.03.31-18.10.18:131][ 12]Log file closed, 03/31/19 19:10:18
