Log file open, 04/15/19 04:50:15
LogWindows: Failed to load 'aqProf.dll' (GetLastError=126)
LogWindows: File 'aqProf.dll' does not exist
LogWindows: Failed to load 'VtuneApi.dll' (GetLastError=126)
LogWindows: File 'VtuneApi.dll' does not exist
LogWindows: Failed to load 'VtuneApi32e.dll' (GetLastError=126)
LogWindows: File 'VtuneApi32e.dll' does not exist
LogConsoleResponse: Display: Failed to find resolution value strings in scalability ini. Falling back to default.
LogInit: Display: Running engine for game: GameplayMechanics
LogPakFile: Registered encryption key '00000000000000000000000000000000': 0 pak files mounted, 0 remain pending
LogPlatformFile: Not using cached read wrapper
LogTaskGraph: Started task graph with 5 named threads and 23 total threads with 3 sets of task threads.
LogStats: Stats thread started at 0.634465
LogD3D11RHI: Loaded GFSDK_Aftermath_Lib.x64.dll
LogICUInternationalization: ICU TimeZone Detection - Raw Offset: +0:00, Platform Override: ''
LogPluginManager: Mounting plugin Paper2D
LogPluginManager: Mounting plugin AISupport
LogPluginManager: Mounting plugin LightPropagationVolume
LogPluginManager: Mounting plugin ActorLayerUtilities
LogPluginManager: Mounting plugin CLionSourceCodeAccess
LogPluginManager: Mounting plugin CodeLiteSourceCodeAccess
LogPluginManager: Mounting plugin GitSourceControl
LogPluginManager: Mounting plugin KDevelopSourceCodeAccess
LogPluginManager: Mounting plugin NullSourceCodeAccess
LogPluginManager: Mounting plugin PerforceSourceControl
LogPluginManager: Mounting plugin SubversionSourceControl
LogPluginManager: Mounting plugin UObjectPlugin
LogPluginManager: Mounting plugin VisualStudioCodeSourceCodeAccess
LogPluginManager: Mounting plugin VisualStudioSourceCodeAccess
LogPluginManager: Mounting plugin XCodeSourceCodeAccess
LogPluginManager: Mounting plugin AssetManagerEditor
LogPluginManager: Mounting plugin CryptoKeys
LogPluginManager: Mounting plugin DataValidation
LogPluginManager: Mounting plugin FacialAnimation
LogPluginManager: Mounting plugin GameplayTagsEditor
LogPluginManager: Mounting plugin MacGraphicsSwitching
LogPluginManager: Mounting plugin MeshEditor
LogPluginManager: Mounting plugin MobileLauncherProfileWizard
LogPluginManager: Mounting plugin PluginBrowser
LogPluginManager: Mounting plugin SpeedTreeImporter
LogPluginManager: Mounting plugin DatasmithContent
LogPluginManager: Mounting plugin VariantManagerContent
LogPluginManager: Mounting plugin AlembicImporter
LogPluginManager: Mounting plugin AppleImageUtils
LogPluginManager: Mounting plugin AppleVision
LogPluginManager: Mounting plugin BackChannel
LogPluginManager: Mounting plugin CharacterAI
LogPluginManager: Mounting plugin GeometryCache
LogPluginManager: Mounting plugin HTML5Networking
LogPluginManager: Mounting plugin ProxyLODPlugin
LogPluginManager: Mounting plugin MagicLeap
LogPluginManager: Mounting plugin MagicLeapMedia
LogPluginManager: Mounting plugin AndroidMedia
LogPluginManager: Mounting plugin AvfMedia
LogPluginManager: Mounting plugin ImgMedia
LogPluginManager: Mounting plugin LinearTimecode
LogPluginManager: Mounting plugin MediaCompositing
LogPluginManager: Mounting plugin MediaPlayerEditor
LogPluginManager: Mounting plugin WebMMedia
LogPluginManager: Mounting plugin WmfMedia
LogPluginManager: Mounting plugin TcpMessaging
LogPluginManager: Mounting plugin UdpMessaging
LogPluginManager: Mounting plugin ActorSequence
LogPluginManager: Mounting plugin LevelSequenceEditor
LogPluginManager: Mounting plugin MatineeToLevelSequence
LogPluginManager: Mounting plugin NetcodeUnitTest
LogPluginManager: Mounting plugin NUTUnrealEngine4
LogPluginManager: Mounting plugin OnlineSubsystemGooglePlay
LogPluginManager: Mounting plugin OnlineSubsystemIOS
LogPluginManager: Mounting plugin OnlineSubsystem
LogPluginManager: Mounting plugin OnlineSubsystemNull
LogPluginManager: Mounting plugin OnlineSubsystemUtils
LogPluginManager: Mounting plugin LauncherChunkInstaller
LogPluginManager: Mounting plugin AndroidDeviceProfileSelector
LogPluginManager: Mounting plugin AndroidMoviePlayer
LogPluginManager: Mounting plugin AndroidPermission
LogPluginManager: Mounting plugin AppleMoviePlayer
LogPluginManager: Mounting plugin ArchVisCharacter
LogPluginManager: Mounting plugin AudioCapture
LogPluginManager: Mounting plugin CableComponent
LogPluginManager: Mounting plugin CustomMeshComponent
LogPluginManager: Mounting plugin EditableMesh
LogPluginManager: Mounting plugin ExampleDeviceProfileSelector
LogPluginManager: Mounting plugin Firebase
LogPluginManager: Mounting plugin GoogleCloudMessaging
LogPluginManager: Mounting plugin IOSDeviceProfileSelector
LogPluginManager: Mounting plugin LinuxDeviceProfileSelector
LogPluginManager: Mounting plugin LocationServicesBPLibrary
LogPluginManager: Mounting plugin MobilePatchingUtils
LogPluginManager: Mounting plugin OculusVR
LogPluginManager: Mounting plugin PhysXVehicles
LogPluginManager: Mounting plugin ProceduralMeshComponent
LogPluginManager: Mounting plugin RuntimePhysXCooking
LogPluginManager: Mounting plugin SteamVR
LogPluginManager: Mounting plugin WebMMoviePlayer
LogPluginManager: Mounting plugin WindowsMoviePlayer
LogStreaming: Display: Took  0.097s to configure plugins.
LogInit: Using libcurl 7.55.1-DEV
LogInit:  - built for x86_64-pc-win32
LogInit:  - supports SSL with OpenSSL/1.0.2h
LogInit:  - supports HTTP deflate (compression) using libz 1.2.8
LogInit:  - other features:
LogInit:      CURL_VERSION_SSL
LogInit:      CURL_VERSION_LIBZ
LogInit:      CURL_VERSION_IPV6
LogInit:      CURL_VERSION_ASYNCHDNS
LogInit:      CURL_VERSION_LARGEFILE
LogInit:      CURL_VERSION_IDN
LogInit:  CurlRequestOptions (configurable via config and command line):
LogInit:  - bVerifyPeer = true  - Libcurl will verify peer certificate
LogInit:  - bUseHttpProxy = false  - Libcurl will NOT use HTTP proxy
LogInit:  - bDontReuseConnections = false  - Libcurl will reuse connections
LogInit:  - MaxHostConnections = 16  - Libcurl will limit the number of connections to a host
LogInit:  - LocalHostAddr = Default
LogInit:  - BufferSize = 65536
LogInit: WinSock: version 1.1 (2.2), MaxSocks=32767, MaxUdp=65467
LogInit: Build: ++UE4+Release-4.21-CL-4753647
LogInit: Engine Version: 4.21.2-4753647+++UE4+Release-4.21
LogInit: Compatible Engine Version: 4.21.0-4541578+++UE4+Release-4.21
LogInit: Net CL: 4541578
LogInit: OS: Windows 10 (), CPU: Intel(R) Core(TM) i7-6700K CPU @ 4.00GHz, GPU: NVIDIA GeForce GTX 1080
LogInit: Compiled (64-bit): Jan 19 2019 02:07:31
LogInit: Compiled with Visual C++: 19.13.26129.00
LogInit: Build Configuration: Development
LogInit: Branch Name: ++UE4+Release-4.21
LogInit: Command Line:  -skipcompile
LogInit: Base Directory: C:/Program Files/Epic Games/UE_4.21/Engine/Binaries/Win64/
LogInit: Installed Engine Build: 1
LogDevObjectVersion: Number of dev versions registered: 22
LogDevObjectVersion:   Dev-Blueprints (B0D832E4-1F89-4F0D-ACCF-7EB736FD4AA2): 10
LogDevObjectVersion:   Dev-Build (E1C64328-A22C-4D53-A36C-8E866417BD8C): 0
LogDevObjectVersion:   Dev-Core (375EC13C-06E4-48FB-B500-84F0262A717E): 2
LogDevObjectVersion:   Dev-Editor (E4B068ED-F494-42E9-A231-DA0B2E46BB41): 26
LogDevObjectVersion:   Dev-Framework (CFFC743F-43B0-4480-9391-14DF171D2073): 34
LogDevObjectVersion:   Dev-Mobile (B02B49B5-BB20-44E9-A304-32B752E40360): 2
LogDevObjectVersion:   Dev-Networking (A4E4105C-59A1-49B5-A7C5-40C4547EDFEE): 0
LogDevObjectVersion:   Dev-Online (39C831C9-5AE6-47DC-9A44-9C173E1C8E7C): 0
LogDevObjectVersion:   Dev-Physics (78F01B33-EBEA-4F98-B9B4-84EACCB95AA2): 0
LogDevObjectVersion:   Dev-Platform (6631380F-2D4D-43E0-8009-CF276956A95A): 0
LogDevObjectVersion:   Dev-Rendering (12F88B9F-8875-4AFC-A67C-D90C383ABD29): 27
LogDevObjectVersion:   Dev-Sequencer (7B5AE74C-D270-4C10-A958-57980B212A5A): 9
LogDevObjectVersion:   Dev-VR (D7296918-1DD6-4BDD-9DE2-64A83CC13884): 2
LogDevObjectVersion:   Dev-LoadTimes (C2A15278-BFE7-4AFE-6C17-90FF531DF755): 1
LogDevObjectVersion:   Private-Geometry (6EACA3D4-40EC-4CC1-B786-8BED09428FC5): 3
LogDevObjectVersion:   Dev-AnimPhys (29E575DD-E0A3-4627-9D10-D276232CDCEA): 17
LogDevObjectVersion:   Dev-Anim (AF43A65D-7FD3-4947-9873-3E8ED9C1BB05): 2
LogDevObjectVersion:   Dev-ReflectionCapture (6B266CEC-1EC7-4B8F-A30B-E4D90942FC07): 1
LogDevObjectVersion:   Dev-Automation (0DF73D61-A23F-47EA-B727-89E90C41499A): 1
LogDevObjectVersion:   FortniteMain (601D1886-AC64-4F84-AA16-D3DE0DEAC7D6): 17
LogDevObjectVersion:   Dev-Enterprise (9DFFBCD6-494F-0158-E221-12823C92A888): 4
LogDevObjectVersion:   Dev-Niagara (F2AED0AC-9AFE-416F-8664-AA7FFA26D6FC): 1
LogStreaming: Display: Took  0.004s to delete old logs.
LogInit: Presizing for max 8388607 objects, including 0 objects not considered by GC, pre-allocating 0 bytes for permanent pool.
LogInit: Object subsystem initialized
LogConfig: Setting CVar [[con.DebugEarlyDefault:1]]
LogConfig: Setting CVar [[r.setres:1280x720]]
[2019.04.15-03.50.15:748][  0]LogConfig: Setting CVar [[r.VSync:0]]
[2019.04.15-03.50.15:748][  0]LogConfig: Setting CVar [[r.RHICmdBypass:0]]
[2019.04.15-03.50.15:749][  0]LogConfig: Applying CVar settings from Section [/Script/Engine.RendererSettings] File [C:/Users/Michal/Documents/GitHub/Gameplay-Mechanics/GameplayMechanics/Saved/Config/Windows/Engine.ini]
[2019.04.15-03.50.15:749][  0]LogConfig: Setting CVar [[r.GPUCrashDebugging:0]]
[2019.04.15-03.50.15:749][  0]LogConfig: Setting CVar [[r.CustomDepth:3]]
[2019.04.15-03.50.15:749][  0]LogConfig: Setting CVar [[r.CustomDepthTemporalAAJitter:1]]
[2019.04.15-03.50.15:749][  0]LogConfig: Setting CVar [[r.PostProcessing.PropagateAlpha:0]]
[2019.04.15-03.50.15:749][  0]LogConfig: Applying CVar settings from Section [/Script/Engine.RendererOverrideSettings] File [C:/Users/Michal/Documents/GitHub/Gameplay-Mechanics/GameplayMechanics/Saved/Config/Windows/Engine.ini]
[2019.04.15-03.50.15:749][  0]LogConfig: Applying CVar settings from Section [/Script/Engine.StreamingSettings] File [C:/Users/Michal/Documents/GitHub/Gameplay-Mechanics/GameplayMechanics/Saved/Config/Windows/Engine.ini]
[2019.04.15-03.50.15:749][  0]LogConfig: Setting CVar [[s.MinBulkDataSizeForAsyncLoading:131072]]
[2019.04.15-03.50.15:749][  0]LogConfig: Setting CVar [[s.AsyncLoadingThreadEnabled:0]]
[2019.04.15-03.50.15:749][  0]LogConfig: Setting CVar [[s.EventDrivenLoaderEnabled:1]]
[2019.04.15-03.50.15:749][  0]LogConfig: Setting CVar [[s.WarnIfTimeLimitExceeded:0]]
[2019.04.15-03.50.15:749][  0]LogConfig: Setting CVar [[s.TimeLimitExceededMultiplier:1.5]]
[2019.04.15-03.50.15:749][  0]LogConfig: Setting CVar [[s.TimeLimitExceededMinTime:0.005]]
[2019.04.15-03.50.15:749][  0]LogConfig: Setting CVar [[s.UseBackgroundLevelStreaming:1]]
[2019.04.15-03.50.15:749][  0]LogConfig: Setting CVar [[s.PriorityAsyncLoadingExtraTime:15.0]]
[2019.04.15-03.50.15:749][  0]LogConfig: Setting CVar [[s.LevelStreamingActorsUpdateTimeLimit:5.0]]
[2019.04.15-03.50.15:750][  0]LogConfig: Setting CVar [[s.PriorityLevelStreamingActorsUpdateExtraTime:5.0]]
[2019.04.15-03.50.15:750][  0]LogConfig: Setting CVar [[s.LevelStreamingComponentsRegistrationGranularity:10]]
[2019.04.15-03.50.15:750][  0]LogConfig: Setting CVar [[s.UnregisterComponentsTimeLimit:1.0]]
[2019.04.15-03.50.15:750][  0]LogConfig: Setting CVar [[s.LevelStreamingComponentsUnregistrationGranularity:5]]
[2019.04.15-03.50.15:750][  0]LogConfig: Applying CVar settings from Section [/Script/Engine.GarbageCollectionSettings] File [C:/Users/Michal/Documents/GitHub/Gameplay-Mechanics/GameplayMechanics/Saved/Config/Windows/Engine.ini]
[2019.04.15-03.50.15:750][  0]LogConfig: Setting CVar [[gc.MaxObjectsNotConsideredByGC:1]]
[2019.04.15-03.50.15:750][  0]LogConfig: Setting CVar [[gc.SizeOfPermanentObjectPool:0]]
[2019.04.15-03.50.15:750][  0]LogConfig: Setting CVar [[gc.FlushStreamingOnGC:0]]
[2019.04.15-03.50.15:750][  0]LogConfig: Setting CVar [[gc.NumRetriesBeforeForcingGC:10]]
[2019.04.15-03.50.15:750][  0]LogConfig: Setting CVar [[gc.AllowParallelGC:1]]
[2019.04.15-03.50.15:750][  0]LogConfig: Setting CVar [[gc.TimeBetweenPurgingPendingKillObjects:61.1]]
[2019.04.15-03.50.15:750][  0]LogConfig: Setting CVar [[gc.MaxObjectsInEditor:8388607]]
[2019.04.15-03.50.15:750][  0]LogConfig: Setting CVar [[gc.IncrementalBeginDestroyEnabled:1]]
[2019.04.15-03.50.15:750][  0]LogConfig: Setting CVar [[gc.CreateGCClusters:1]]
[2019.04.15-03.50.15:750][  0]LogConfig: Setting CVar [[gc.MergeGCClusters:0]]
[2019.04.15-03.50.15:750][  0]LogConfig: Setting CVar [[gc.MinGCClusterSize:5]]
[2019.04.15-03.50.15:750][  0]LogConfig: Setting CVar [[gc.ActorClusteringEnabled:0]]
[2019.04.15-03.50.15:750][  0]LogConfig: Setting CVar [[gc.BlueprintClusteringEnabled:0]]
[2019.04.15-03.50.15:750][  0]LogConfig: Setting CVar [[gc.UseDisregardForGCOnDedicatedServers:0]]
[2019.04.15-03.50.15:750][  0]LogConfig: Applying CVar settings from Section [/Script/Engine.NetworkSettings] File [C:/Users/Michal/Documents/GitHub/Gameplay-Mechanics/GameplayMechanics/Saved/Config/Windows/Engine.ini]
[2019.04.15-03.50.15:751][  0]LogConfig: Applying CVar settings from Section [/Script/UnrealEd.CookerSettings] File [C:/Users/Michal/Documents/GitHub/Gameplay-Mechanics/GameplayMechanics/Saved/Config/Windows/Engine.ini]
[2019.04.15-03.50.15:763][  0]LogConfig: Applying CVar settings from Section [ViewDistanceQuality@3] File [C:/Users/Michal/Documents/GitHub/Gameplay-Mechanics/GameplayMechanics/Saved/Config/Windows/Scalability.ini]
[2019.04.15-03.50.15:763][  0]LogConfig: Setting CVar [[r.SkeletalMeshLODBias:0]]
[2019.04.15-03.50.15:763][  0]LogConfig: Setting CVar [[r.ViewDistanceScale:1.0]]
[2019.04.15-03.50.15:763][  0]LogConfig: Applying CVar settings from Section [AntiAliasingQuality@3] File [C:/Users/Michal/Documents/GitHub/Gameplay-Mechanics/GameplayMechanics/Saved/Config/Windows/Scalability.ini]
[2019.04.15-03.50.15:763][  0]LogConfig: Setting CVar [[r.PostProcessAAQuality:4]]
[2019.04.15-03.50.15:763][  0]LogConfig: Applying CVar settings from Section [ShadowQuality@3] File [C:/Users/Michal/Documents/GitHub/Gameplay-Mechanics/GameplayMechanics/Saved/Config/Windows/Scalability.ini]
[2019.04.15-03.50.15:763][  0]LogConfig: Setting CVar [[r.LightFunctionQuality:1]]
[2019.04.15-03.50.15:763][  0]LogConfig: Setting CVar [[r.ShadowQuality:5]]
[2019.04.15-03.50.15:763][  0]LogConfig: Setting CVar [[r.Shadow.CSM.MaxCascades:10]]
[2019.04.15-03.50.15:763][  0]LogConfig: Setting CVar [[r.Shadow.MaxResolution:2048]]
[2019.04.15-03.50.15:763][  0]LogConfig: Setting CVar [[r.Shadow.MaxCSMResolution:2048]]
[2019.04.15-03.50.15:763][  0]LogConfig: Setting CVar [[r.Shadow.RadiusThreshold:0.01]]
[2019.04.15-03.50.15:763][  0]LogConfig: Setting CVar [[r.Shadow.DistanceScale:1.0]]
[2019.04.15-03.50.15:763][  0]LogConfig: Setting CVar [[r.Shadow.CSM.TransitionScale:1.0]]
[2019.04.15-03.50.15:763][  0]LogConfig: Setting CVar [[r.Shadow.PreShadowResolutionFactor:1.0]]
[2019.04.15-03.50.15:764][  0]LogConfig: Setting CVar [[r.DistanceFieldShadowing:1]]
[2019.04.15-03.50.15:764][  0]LogConfig: Setting CVar [[r.DistanceFieldAO:1]]
[2019.04.15-03.50.15:764][  0]LogConfig: Setting CVar [[r.AOQuality:2]]
[2019.04.15-03.50.15:764][  0]LogConfig: Setting CVar [[r.VolumetricFog:1]]
[2019.04.15-03.50.15:764][  0]LogConfig: Setting CVar [[r.VolumetricFog.GridPixelSize:8]]
[2019.04.15-03.50.15:764][  0]LogConfig: Setting CVar [[r.VolumetricFog.GridSizeZ:128]]
[2019.04.15-03.50.15:764][  0]LogConfig: Setting CVar [[r.VolumetricFog.HistoryMissSupersampleCount:4]]
[2019.04.15-03.50.15:764][  0]LogConfig: Setting CVar [[r.LightMaxDrawDistanceScale:1]]
[2019.04.15-03.50.15:764][  0]LogConfig: Setting CVar [[r.CapsuleShadows:1]]
[2019.04.15-03.50.15:764][  0]LogConfig: Applying CVar settings from Section [PostProcessQuality@3] File [C:/Users/Michal/Documents/GitHub/Gameplay-Mechanics/GameplayMechanics/Saved/Config/Windows/Scalability.ini]
[2019.04.15-03.50.15:764][  0]LogConfig: Setting CVar [[r.MotionBlurQuality:4]]
[2019.04.15-03.50.15:764][  0]LogConfig: Setting CVar [[r.AmbientOcclusionMipLevelFactor:0.4]]
[2019.04.15-03.50.15:764][  0]LogConfig: Setting CVar [[r.AmbientOcclusionMaxQuality:100]]
[2019.04.15-03.50.15:764][  0]LogConfig: Setting CVar [[r.AmbientOcclusionLevels:-1]]
[2019.04.15-03.50.15:764][  0]LogConfig: Setting CVar [[r.AmbientOcclusionRadiusScale:1.0]]
[2019.04.15-03.50.15:764][  0]LogConfig: Setting CVar [[r.DepthOfFieldQuality:2]]
[2019.04.15-03.50.15:764][  0]LogConfig: Setting CVar [[r.RenderTargetPoolMin:400]]
[2019.04.15-03.50.15:764][  0]LogConfig: Setting CVar [[r.LensFlareQuality:2]]
[2019.04.15-03.50.15:764][  0]LogConfig: Setting CVar [[r.SceneColorFringeQuality:1]]
[2019.04.15-03.50.15:764][  0]LogConfig: Setting CVar [[r.EyeAdaptationQuality:2]]
[2019.04.15-03.50.15:765][  0]LogConfig: Setting CVar [[r.BloomQuality:5]]
[2019.04.15-03.50.15:765][  0]LogConfig: Setting CVar [[r.FastBlurThreshold:100]]
[2019.04.15-03.50.15:765][  0]LogConfig: Setting CVar [[r.Upscale.Quality:3]]
[2019.04.15-03.50.15:765][  0]LogConfig: Setting CVar [[r.Tonemapper.GrainQuantization:1]]
[2019.04.15-03.50.15:765][  0]LogConfig: Setting CVar [[r.LightShaftQuality:1]]
[2019.04.15-03.50.15:765][  0]LogConfig: Setting CVar [[r.Filter.SizeScale:1]]
[2019.04.15-03.50.15:765][  0]LogConfig: Setting CVar [[r.Tonemapper.Quality:5]]
[2019.04.15-03.50.15:765][  0]LogConfig: Setting CVar [[r.DOF.Gather.AccumulatorQuality:1        ; higher gathering accumulator quality]]
[2019.04.15-03.50.15:765][  0]LogConfig: Setting CVar [[r.DOF.Gather.PostfilterMethod:1          ; Median3x3 postfilering method]]
[2019.04.15-03.50.15:765][  0]LogConfig: Setting CVar [[r.DOF.Gather.EnableBokehSettings:0       ; no bokeh simulation when gathering]]
[2019.04.15-03.50.15:765][  0]LogConfig: Setting CVar [[r.DOF.Gather.RingCount:4                 ; medium number of samples when gathering]]
[2019.04.15-03.50.15:765][  0]LogConfig: Setting CVar [[r.DOF.Scatter.ForegroundCompositing:1    ; additive foreground scattering]]
[2019.04.15-03.50.15:765][  0]LogConfig: Setting CVar [[r.DOF.Scatter.BackgroundCompositing:2    ; additive background scattering]]
[2019.04.15-03.50.15:765][  0]LogConfig: Setting CVar [[r.DOF.Scatter.EnableBokehSettings:1      ; bokeh simulation when scattering]]
[2019.04.15-03.50.15:765][  0]LogConfig: Setting CVar [[r.DOF.Scatter.MaxSpriteRatio:0.1         ; only a maximum of 10% of scattered bokeh]]
[2019.04.15-03.50.15:765][  0]LogConfig: Setting CVar [[r.DOF.Recombine.Quality:1                ; cheap slight out of focus]]
[2019.04.15-03.50.15:765][  0]LogConfig: Setting CVar [[r.DOF.Recombine.EnableBokehSettings:0    ; no bokeh simulation on slight out of focus]]
[2019.04.15-03.50.15:765][  0]LogConfig: Setting CVar [[r.DOF.TemporalAAQuality:1                ; more stable temporal accumulation]]
[2019.04.15-03.50.15:765][  0]LogConfig: Setting CVar [[r.DOF.Kernel.MaxForegroundRadius:0.025]]
[2019.04.15-03.50.15:765][  0]LogConfig: Setting CVar [[r.DOF.Kernel.MaxBackgroundRadius:0.025]]
[2019.04.15-03.50.15:765][  0]LogConfig: Applying CVar settings from Section [TextureQuality@3] File [C:/Users/Michal/Documents/GitHub/Gameplay-Mechanics/GameplayMechanics/Saved/Config/Windows/Scalability.ini]
[2019.04.15-03.50.15:766][  0]LogConfig: Setting CVar [[r.Streaming.MipBias:0]]
[2019.04.15-03.50.15:766][  0]LogConfig: Setting CVar [[r.Streaming.AmortizeCPUToGPUCopy:0]]
[2019.04.15-03.50.15:766][  0]LogConfig: Setting CVar [[r.Streaming.MaxNumTexturesToStreamPerFrame:0]]
[2019.04.15-03.50.15:766][  0]LogConfig: Setting CVar [[r.Streaming.Boost:1]]
[2019.04.15-03.50.15:766][  0]LogConfig: Setting CVar [[r.MaxAnisotropy:8]]
[2019.04.15-03.50.15:766][  0]LogConfig: Setting CVar [[r.Streaming.LimitPoolSizeToVRAM:0]]
[2019.04.15-03.50.15:766][  0]LogConfig: Setting CVar [[r.Streaming.PoolSize:1000]]
[2019.04.15-03.50.15:766][  0]LogConfig: Setting CVar [[r.Streaming.MaxEffectiveScreenSize:0]]
[2019.04.15-03.50.15:766][  0]LogConfig: Applying CVar settings from Section [EffectsQuality@3] File [C:/Users/Michal/Documents/GitHub/Gameplay-Mechanics/GameplayMechanics/Saved/Config/Windows/Scalability.ini]
[2019.04.15-03.50.15:766][  0]LogConfig: Setting CVar [[r.TranslucencyLightingVolumeDim:64]]
[2019.04.15-03.50.15:766][  0]LogConfig: Setting CVar [[r.RefractionQuality:2]]
[2019.04.15-03.50.15:766][  0]LogConfig: Setting CVar [[r.SSR.Quality:3]]
[2019.04.15-03.50.15:766][  0]LogConfig: Setting CVar [[r.SceneColorFormat:4]]
[2019.04.15-03.50.15:766][  0]LogConfig: Setting CVar [[r.DetailMode:2]]
[2019.04.15-03.50.15:766][  0]LogConfig: Setting CVar [[r.TranslucencyVolumeBlur:1]]
[2019.04.15-03.50.15:766][  0]LogConfig: Setting CVar [[r.MaterialQualityLevel:1 ; High quality]]
[2019.04.15-03.50.15:766][  0]LogConfig: Setting CVar [[r.SSS.Scale:1]]
[2019.04.15-03.50.15:766][  0]LogConfig: Setting CVar [[r.SSS.SampleSet:2]]
[2019.04.15-03.50.15:766][  0]LogConfig: Setting CVar [[r.SSS.Quality:1]]
[2019.04.15-03.50.15:767][  0]LogConfig: Setting CVar [[r.SSS.HalfRes:1]]
[2019.04.15-03.50.15:767][  0]LogConfig: Setting CVar [[r.EmitterSpawnRateScale:1.0]]
[2019.04.15-03.50.15:767][  0]LogConfig: Setting CVar [[r.ParticleLightQuality:2]]
[2019.04.15-03.50.15:767][  0]LogConfig: Applying CVar settings from Section [FoliageQuality@3] File [C:/Users/Michal/Documents/GitHub/Gameplay-Mechanics/GameplayMechanics/Saved/Config/Windows/Scalability.ini]
[2019.04.15-03.50.15:767][  0]LogConfig: Setting CVar [[foliage.DensityScale:1.0]]
[2019.04.15-03.50.15:767][  0]LogConfig: Setting CVar [[grass.DensityScale:1.0]]
[2019.04.15-03.50.15:767][  0]LogInit: Selected Device Profile: [Windows]
[2019.04.15-03.50.15:768][  0]LogInit: Applying CVar settings loaded from the selected device profile: [Windows]
[2019.04.15-03.50.15:783][  0]LogHAL: Display: Platform has ~ 16 GB [17117184000 / 17179869184 / 16], which maps to Larger [LargestMinGB=32, LargerMinGB=12, DefaultMinGB=8, SmallerMinGB=6, SmallestMinGB=0)
[2019.04.15-03.50.15:783][  0]LogConfig: Setting CVar [[r.Vulkan.UseRealUBs:1]]
[2019.04.15-03.50.15:784][  0]LogInit: Going up to parent DeviceProfile []
[2019.04.15-03.50.15:784][  0]LogConfig: Applying CVar settings from Section [ViewDistanceQuality@3] File [C:/Users/Michal/Documents/GitHub/Gameplay-Mechanics/GameplayMechanics/Saved/Config/Windows/Scalability.ini]
[2019.04.15-03.50.15:784][  0]LogConfig: Setting CVar [[r.SkeletalMeshLODBias:0]]
[2019.04.15-03.50.15:784][  0]LogConfig: Setting CVar [[r.ViewDistanceScale:1.0]]
[2019.04.15-03.50.15:784][  0]LogConfig: Applying CVar settings from Section [AntiAliasingQuality@3] File [C:/Users/Michal/Documents/GitHub/Gameplay-Mechanics/GameplayMechanics/Saved/Config/Windows/Scalability.ini]
[2019.04.15-03.50.15:784][  0]LogConfig: Setting CVar [[r.PostProcessAAQuality:4]]
[2019.04.15-03.50.15:784][  0]LogConfig: Applying CVar settings from Section [ShadowQuality@3] File [C:/Users/Michal/Documents/GitHub/Gameplay-Mechanics/GameplayMechanics/Saved/Config/Windows/Scalability.ini]
[2019.04.15-03.50.15:784][  0]LogConfig: Setting CVar [[r.LightFunctionQuality:1]]
[2019.04.15-03.50.15:784][  0]LogConfig: Setting CVar [[r.ShadowQuality:5]]
[2019.04.15-03.50.15:784][  0]LogConfig: Setting CVar [[r.Shadow.CSM.MaxCascades:10]]
[2019.04.15-03.50.15:784][  0]LogConfig: Setting CVar [[r.Shadow.MaxResolution:2048]]
[2019.04.15-03.50.15:784][  0]LogConfig: Setting CVar [[r.Shadow.MaxCSMResolution:2048]]
[2019.04.15-03.50.15:784][  0]LogConfig: Setting CVar [[r.Shadow.RadiusThreshold:0.01]]
[2019.04.15-03.50.15:784][  0]LogConfig: Setting CVar [[r.Shadow.DistanceScale:1.0]]
[2019.04.15-03.50.15:784][  0]LogConfig: Setting CVar [[r.Shadow.CSM.TransitionScale:1.0]]
[2019.04.15-03.50.15:784][  0]LogConfig: Setting CVar [[r.Shadow.PreShadowResolutionFactor:1.0]]
[2019.04.15-03.50.15:784][  0]LogConfig: Setting CVar [[r.DistanceFieldShadowing:1]]
[2019.04.15-03.50.15:784][  0]LogConfig: Setting CVar [[r.DistanceFieldAO:1]]
[2019.04.15-03.50.15:784][  0]LogConfig: Setting CVar [[r.AOQuality:2]]
[2019.04.15-03.50.15:785][  0]LogConfig: Setting CVar [[r.VolumetricFog:1]]
[2019.04.15-03.50.15:785][  0]LogConfig: Setting CVar [[r.VolumetricFog.GridPixelSize:8]]
[2019.04.15-03.50.15:785][  0]LogConfig: Setting CVar [[r.VolumetricFog.GridSizeZ:128]]
[2019.04.15-03.50.15:785][  0]LogConfig: Setting CVar [[r.VolumetricFog.HistoryMissSupersampleCount:4]]
[2019.04.15-03.50.15:785][  0]LogConfig: Setting CVar [[r.LightMaxDrawDistanceScale:1]]
[2019.04.15-03.50.15:785][  0]LogConfig: Setting CVar [[r.CapsuleShadows:1]]
[2019.04.15-03.50.15:785][  0]LogConfig: Applying CVar settings from Section [PostProcessQuality@3] File [C:/Users/Michal/Documents/GitHub/Gameplay-Mechanics/GameplayMechanics/Saved/Config/Windows/Scalability.ini]
[2019.04.15-03.50.15:785][  0]LogConfig: Setting CVar [[r.MotionBlurQuality:4]]
[2019.04.15-03.50.15:785][  0]LogConfig: Setting CVar [[r.AmbientOcclusionMipLevelFactor:0.4]]
[2019.04.15-03.50.15:785][  0]LogConfig: Setting CVar [[r.AmbientOcclusionMaxQuality:100]]
[2019.04.15-03.50.15:785][  0]LogConfig: Setting CVar [[r.AmbientOcclusionLevels:-1]]
[2019.04.15-03.50.15:785][  0]LogConfig: Setting CVar [[r.AmbientOcclusionRadiusScale:1.0]]
[2019.04.15-03.50.15:785][  0]LogConfig: Setting CVar [[r.DepthOfFieldQuality:2]]
[2019.04.15-03.50.15:785][  0]LogConfig: Setting CVar [[r.RenderTargetPoolMin:400]]
[2019.04.15-03.50.15:785][  0]LogConfig: Setting CVar [[r.LensFlareQuality:2]]
[2019.04.15-03.50.15:785][  0]LogConfig: Setting CVar [[r.SceneColorFringeQuality:1]]
[2019.04.15-03.50.15:785][  0]LogConfig: Setting CVar [[r.EyeAdaptationQuality:2]]
[2019.04.15-03.50.15:785][  0]LogConfig: Setting CVar [[r.BloomQuality:5]]
[2019.04.15-03.50.15:785][  0]LogConfig: Setting CVar [[r.FastBlurThreshold:100]]
[2019.04.15-03.50.15:785][  0]LogConfig: Setting CVar [[r.Upscale.Quality:3]]
[2019.04.15-03.50.15:786][  0]LogConfig: Setting CVar [[r.Tonemapper.GrainQuantization:1]]
[2019.04.15-03.50.15:786][  0]LogConfig: Setting CVar [[r.LightShaftQuality:1]]
[2019.04.15-03.50.15:786][  0]LogConfig: Setting CVar [[r.Filter.SizeScale:1]]
[2019.04.15-03.50.15:786][  0]LogConfig: Setting CVar [[r.Tonemapper.Quality:5]]
[2019.04.15-03.50.15:786][  0]LogConfig: Setting CVar [[r.DOF.Gather.AccumulatorQuality:1        ; higher gathering accumulator quality]]
[2019.04.15-03.50.15:786][  0]LogConfig: Setting CVar [[r.DOF.Gather.PostfilterMethod:1          ; Median3x3 postfilering method]]
[2019.04.15-03.50.15:786][  0]LogConfig: Setting CVar [[r.DOF.Gather.EnableBokehSettings:0       ; no bokeh simulation when gathering]]
[2019.04.15-03.50.15:786][  0]LogConfig: Setting CVar [[r.DOF.Gather.RingCount:4                 ; medium number of samples when gathering]]
[2019.04.15-03.50.15:786][  0]LogConfig: Setting CVar [[r.DOF.Scatter.ForegroundCompositing:1    ; additive foreground scattering]]
[2019.04.15-03.50.15:786][  0]LogConfig: Setting CVar [[r.DOF.Scatter.BackgroundCompositing:2    ; additive background scattering]]
[2019.04.15-03.50.15:786][  0]LogConfig: Setting CVar [[r.DOF.Scatter.EnableBokehSettings:1      ; bokeh simulation when scattering]]
[2019.04.15-03.50.15:786][  0]LogConfig: Setting CVar [[r.DOF.Scatter.MaxSpriteRatio:0.1         ; only a maximum of 10% of scattered bokeh]]
[2019.04.15-03.50.15:786][  0]LogConfig: Setting CVar [[r.DOF.Recombine.Quality:1                ; cheap slight out of focus]]
[2019.04.15-03.50.15:786][  0]LogConfig: Setting CVar [[r.DOF.Recombine.EnableBokehSettings:0    ; no bokeh simulation on slight out of focus]]
[2019.04.15-03.50.15:786][  0]LogConfig: Setting CVar [[r.DOF.TemporalAAQuality:1                ; more stable temporal accumulation]]
[2019.04.15-03.50.15:786][  0]LogConfig: Setting CVar [[r.DOF.Kernel.MaxForegroundRadius:0.025]]
[2019.04.15-03.50.15:786][  0]LogConfig: Setting CVar [[r.DOF.Kernel.MaxBackgroundRadius:0.025]]
[2019.04.15-03.50.15:786][  0]LogConfig: Applying CVar settings from Section [TextureQuality@3] File [C:/Users/Michal/Documents/GitHub/Gameplay-Mechanics/GameplayMechanics/Saved/Config/Windows/Scalability.ini]
[2019.04.15-03.50.15:786][  0]LogConfig: Setting CVar [[r.Streaming.MipBias:0]]
[2019.04.15-03.50.15:786][  0]LogConfig: Setting CVar [[r.Streaming.AmortizeCPUToGPUCopy:0]]
[2019.04.15-03.50.15:787][  0]LogConfig: Setting CVar [[r.Streaming.MaxNumTexturesToStreamPerFrame:0]]
[2019.04.15-03.50.15:787][  0]LogConfig: Setting CVar [[r.Streaming.Boost:1]]
[2019.04.15-03.50.15:787][  0]LogConfig: Setting CVar [[r.MaxAnisotropy:8]]
[2019.04.15-03.50.15:787][  0]LogConfig: Setting CVar [[r.Streaming.LimitPoolSizeToVRAM:0]]
[2019.04.15-03.50.15:787][  0]LogConfig: Setting CVar [[r.Streaming.PoolSize:1000]]
[2019.04.15-03.50.15:787][  0]LogConfig: Setting CVar [[r.Streaming.MaxEffectiveScreenSize:0]]
[2019.04.15-03.50.15:787][  0]LogConfig: Applying CVar settings from Section [EffectsQuality@3] File [C:/Users/Michal/Documents/GitHub/Gameplay-Mechanics/GameplayMechanics/Saved/Config/Windows/Scalability.ini]
[2019.04.15-03.50.15:787][  0]LogConfig: Setting CVar [[r.TranslucencyLightingVolumeDim:64]]
[2019.04.15-03.50.15:787][  0]LogConfig: Setting CVar [[r.RefractionQuality:2]]
[2019.04.15-03.50.15:787][  0]LogConfig: Setting CVar [[r.SSR.Quality:3]]
[2019.04.15-03.50.15:787][  0]LogConfig: Setting CVar [[r.SceneColorFormat:4]]
[2019.04.15-03.50.15:787][  0]LogConfig: Setting CVar [[r.DetailMode:2]]
[2019.04.15-03.50.15:787][  0]LogConfig: Setting CVar [[r.TranslucencyVolumeBlur:1]]
[2019.04.15-03.50.15:787][  0]LogConfig: Setting CVar [[r.MaterialQualityLevel:1 ; High quality]]
[2019.04.15-03.50.15:787][  0]LogConfig: Setting CVar [[r.SSS.Scale:1]]
[2019.04.15-03.50.15:787][  0]LogConfig: Setting CVar [[r.SSS.SampleSet:2]]
[2019.04.15-03.50.15:787][  0]LogConfig: Setting CVar [[r.SSS.Quality:1]]
[2019.04.15-03.50.15:787][  0]LogConfig: Setting CVar [[r.SSS.HalfRes:1]]
[2019.04.15-03.50.15:787][  0]LogConfig: Setting CVar [[r.EmitterSpawnRateScale:1.0]]
[2019.04.15-03.50.15:787][  0]LogConfig: Setting CVar [[r.ParticleLightQuality:2]]
[2019.04.15-03.50.15:787][  0]LogConfig: Applying CVar settings from Section [FoliageQuality@3] File [C:/Users/Michal/Documents/GitHub/Gameplay-Mechanics/GameplayMechanics/Saved/Config/Windows/Scalability.ini]
[2019.04.15-03.50.15:787][  0]LogConfig: Setting CVar [[foliage.DensityScale:1.0]]
[2019.04.15-03.50.15:788][  0]LogConfig: Setting CVar [[grass.DensityScale:1.0]]
[2019.04.15-03.50.15:788][  0]LogConfig: Applying CVar settings from Section [Startup] File [../../../Engine/Config/ConsoleVariables.ini]
[2019.04.15-03.50.15:788][  0]LogConfig: Setting CVar [[net.UseAdaptiveNetUpdateFrequency:0]]
[2019.04.15-03.50.15:788][  0]LogConfig: Applying CVar settings from Section [ConsoleVariables] File [C:/Users/Michal/Documents/GitHub/Gameplay-Mechanics/GameplayMechanics/Saved/Config/Windows/Engine.ini]
[2019.04.15-03.50.15:788][  0]LogInit: Computer: DESKTOP-F66LNLJ
[2019.04.15-03.50.15:788][  0]LogInit: User: Michal
[2019.04.15-03.50.15:788][  0]LogInit: CPU Page size=4096, Cores=4
[2019.04.15-03.50.15:788][  0]LogInit: High frequency timer resolution =3.914067 MHz
[2019.04.15-03.50.15:789][  0]LogMemory: Memory total: Physical=15.9GB (16GB approx)
[2019.04.15-03.50.15:789][  0]LogMemory: Platform Memory Stats for Windows
[2019.04.15-03.50.15:789][  0]LogMemory: Process Physical Memory: 103.62 MB used, 103.62 MB peak
[2019.04.15-03.50.15:789][  0]LogMemory: Process Virtual Memory: 93.57 MB used, 93.57 MB peak
[2019.04.15-03.50.15:789][  0]LogMemory: Physical Memory: 9524.43 MB used,  6799.79 MB free, 16324.22 MB total
[2019.04.15-03.50.15:789][  0]LogMemory: Virtual Memory: 4650.27 MB used,  134213080.00 MB free, 134217728.00 MB total
[2019.04.15-03.50.15:953][  0]LogInit: Using OS detected language (en-US).
[2019.04.15-03.50.15:954][  0]LogInit: Using OS detected locale (en-GB).
[2019.04.15-03.50.15:954][  0]LogTextLocalizationManager: No specific localization for 'en-US' exists, so the 'en' localization will be used.
[2019.04.15-03.50.16:395][  0]LogStreaming: Display: Took  0.442s to InitEngineTextLocalization.
[2019.04.15-03.50.16:396][  0]LogInit: Setting process to per monitor DPI aware
[2019.04.15-03.50.16:468][  0]LogSlate: New Slate User Created.  User Index 0, Is Virtual User: 0
[2019.04.15-03.50.16:468][  0]LogSlate: Slate User Registered.  User Index 0, Is Virtual User: 0
[2019.04.15-03.50.18:160][  0]LogHMD: Failed to initialize OpenVR with code 110
[2019.04.15-03.50.18:160][  0]LogD3D11RHI: D3D11 adapters:
[2019.04.15-03.50.18:225][  0]LogD3D11RHI:    0. 'NVIDIA GeForce GTX 1080' (Feature Level 11_0)
[2019.04.15-03.50.18:225][  0]LogD3D11RHI:       8079/0/8162 MB DedicatedVideo/DedicatedSystem/SharedSystem, Outputs:2, VendorId:0x10de
[2019.04.15-03.50.18:230][  0]LogD3D11RHI:    1. 'Microsoft Basic Render Driver' (Feature Level 11_0)
[2019.04.15-03.50.18:230][  0]LogD3D11RHI:       0/0/8162 MB DedicatedVideo/DedicatedSystem/SharedSystem, Outputs:0, VendorId:0x1414
[2019.04.15-03.50.18:230][  0]LogD3D11RHI: Chosen D3D11 Adapter: 0
[2019.04.15-03.50.18:238][  0]LogD3D11RHI: Creating new Direct3DDevice
[2019.04.15-03.50.18:239][  0]LogD3D11RHI:     GPU DeviceId: 0x1b80 (for the marketing name, search the web for "GPU Device Id")
[2019.04.15-03.50.18:239][  0]LogWindows: EnumDisplayDevices:
[2019.04.15-03.50.18:239][  0]LogWindows:    0. 'NVIDIA GeForce GTX 1080' (P:1 D:1)
[2019.04.15-03.50.18:239][  0]LogWindows:    1. 'NVIDIA GeForce GTX 1080' (P:0 D:1)
[2019.04.15-03.50.18:240][  0]LogWindows:    2. 'NVIDIA GeForce GTX 1080' (P:0 D:0)
[2019.04.15-03.50.18:240][  0]LogWindows:    3. 'NVIDIA GeForce GTX 1080' (P:0 D:0)
[2019.04.15-03.50.18:240][  0]LogWindows: DebugString: FoundDriverCount:4 
[2019.04.15-03.50.18:240][  0]LogD3D11RHI:     Adapter Name: NVIDIA GeForce GTX 1080
[2019.04.15-03.50.18:240][  0]LogD3D11RHI:   Driver Version: 418.81 (internal:25.21.14.1881, unified:418.81)
[2019.04.15-03.50.18:240][  0]LogD3D11RHI:      Driver Date: 1-30-2019
[2019.04.15-03.50.18:241][  0]LogRHI: Texture pool is 5655 MB (70% of 8079 MB)
[2019.04.15-03.50.18:279][  0]LogD3D11RHI: Async texture creation enabled
[2019.04.15-03.50.18:307][  0]LogD3D11RHI: GPU Timing Frequency: 1000.000000 (Debug: 2 1)
[2019.04.15-03.50.18:671][  0]LogTemp: Display: Loaded TP AllDesktopTargetPlatform
[2019.04.15-03.50.18:684][  0]LogTemp: Display: Loaded TP MacClientTargetPlatform
[2019.04.15-03.50.18:697][  0]LogTemp: Display: Loaded TP MacNoEditorTargetPlatform
[2019.04.15-03.50.18:709][  0]LogTemp: Display: Loaded TP MacServerTargetPlatform
[2019.04.15-03.50.18:725][  0]LogTemp: Display: Loaded TP MacTargetPlatform
[2019.04.15-03.50.18:737][  0]LogTemp: Display: Loaded TP WindowsClientTargetPlatform
[2019.04.15-03.50.18:749][  0]LogTemp: Display: Loaded TP WindowsNoEditorTargetPlatform
[2019.04.15-03.50.18:762][  0]LogTemp: Display: Loaded TP WindowsServerTargetPlatform
[2019.04.15-03.50.18:769][  0]LogTemp: Display: Loaded TP WindowsTargetPlatform
[2019.04.15-03.50.18:837][  0]LogTemp: Display: Loaded TP AndroidTargetPlatform
[2019.04.15-03.50.18:837][  0]LogTemp: Display: Loaded TP AndroidTargetPlatform
[2019.04.15-03.50.18:837][  0]LogTemp: Display: Loaded TP AndroidTargetPlatform
[2019.04.15-03.50.18:837][  0]LogTemp: Display: Loaded TP AndroidTargetPlatform
[2019.04.15-03.50.18:838][  0]LogTemp: Display: Loaded TP AndroidTargetPlatform
[2019.04.15-03.50.18:838][  0]LogTemp: Display: Loaded TP AndroidTargetPlatform
[2019.04.15-03.50.18:838][  0]LogTemp: Display: Loaded TP AndroidTargetPlatform
[2019.04.15-03.50.18:838][  0]LogTemp: Display: Loaded TP AndroidTargetPlatform
[2019.04.15-03.50.18:838][  0]LogTemp: Display: Loaded TP AndroidTargetPlatform
[2019.04.15-03.50.18:838][  0]LogTemp: Display: Loaded TP AndroidTargetPlatform
[2019.04.15-03.50.18:838][  0]LogTemp: Display: Loaded TP AndroidTargetPlatform
[2019.04.15-03.50.18:838][  0]LogTemp: Display: Loaded TP AndroidTargetPlatform
[2019.04.15-03.50.18:838][  0]LogTemp: Display: Loaded TP AndroidTargetPlatform
[2019.04.15-03.50.18:838][  0]LogTemp: Display: Loaded TP AndroidTargetPlatform
[2019.04.15-03.50.18:838][  0]LogTemp: Display: Loaded TP AndroidTargetPlatform
[2019.04.15-03.50.18:838][  0]LogTemp: Display: Loaded TP AndroidTargetPlatform
[2019.04.15-03.50.18:838][  0]LogTemp: Display: Loaded TP AndroidTargetPlatform
[2019.04.15-03.50.18:838][  0]LogTemp: Display: Loaded TP AndroidTargetPlatform
[2019.04.15-03.50.18:841][  0]LogTemp: Display: Loaded TP HTML5TargetPlatform
[2019.04.15-03.50.18:909][  0]LogTemp: Display: Loaded TP IOSTargetPlatform
[2019.04.15-03.50.18:909][  0]LogTemp: Display: Loaded TP IOSTargetPlatform
[2019.04.15-03.50.18:929][  0]LogTemp: Display: Loaded TP TVOSTargetPlatform
[2019.04.15-03.50.18:929][  0]LogTemp: Display: Loaded TP TVOSTargetPlatform
[2019.04.15-03.50.18:941][  0]LogTemp: Display: Loaded TP LinuxClientTargetPlatform
[2019.04.15-03.50.18:952][  0]LogTemp: Display: Loaded TP LinuxNoEditorTargetPlatform
[2019.04.15-03.50.18:964][  0]LogTemp: Display: Loaded TP LinuxServerTargetPlatform
[2019.04.15-03.50.18:981][  0]LogTemp: Display: Loaded TP LinuxTargetPlatform
[2019.04.15-03.50.19:020][  0]LogTemp: Display: Loaded TP LuminTargetPlatform
[2019.04.15-03.50.19:020][  0]LogTemp: Display: Loaded TP LuminTargetPlatform
[2019.04.15-03.50.19:020][  0]LogTargetPlatformManager: Display: Building Assets For Windows
[2019.04.15-03.50.19:123][  0]LogShaderCompilers: Guid format shader working directory is -38 characters bigger than the processId version (../../../../../../Users/Michal/Documents/GitHub/Gameplay-Mechanics/GameplayMechanics/Intermediate/Shaders/WorkingDirectory/20044/).
[2019.04.15-03.50.19:123][  0]LogShaderCompilers: Cleaned the shader compiler working directory 'C:/Users/Michal/AppData/Local/Temp/UnrealShaderWorkingDir/E0794E4A4B1199E37C876C91CF1896D8/'.
[2019.04.15-03.50.19:126][  0]LogXGEController: Cleaning working directory: C:/Users/Michal/AppData/Local/Temp/UnrealXGEWorkingDir/
[2019.04.15-03.50.19:126][  0]LogXGEController: Cannot use XGE Controller as Incredibuild is not installed on this machine.
[2019.04.15-03.50.19:126][  0]LogShaderCompilers: Cannot use XGE Shader Compiler as Incredibuild is not installed on this machine.
[2019.04.15-03.50.19:126][  0]LogShaderCompilers: Display: Using Local Shader Compiler.
[2019.04.15-03.50.19:587][  0]LogDerivedDataCache: Display: Max Cache Size: 512 MB
[2019.04.15-03.50.19:899][  0]LogDerivedDataCache: Loaded boot cache 0.31s 77MB C:/Users/Michal/AppData/Local/UnrealEngine/4.21/DerivedDataCache/Boot.ddc.
[2019.04.15-03.50.19:899][  0]LogDerivedDataCache: Display: Loaded Boot cache: C:/Users/Michal/AppData/Local/UnrealEngine/4.21/DerivedDataCache/Boot.ddc
[2019.04.15-03.50.19:899][  0]LogDerivedDataCache: FDerivedDataBackendGraph:  Pak pak cache file ../../../../../../Users/Michal/Documents/GitHub/Gameplay-Mechanics/GameplayMechanics/DerivedDataCache/DDC.ddp not found, will not use a pak cache.
[2019.04.15-03.50.19:899][  0]LogDerivedDataCache: Unable to find inner node Pak for hierarchical cache Hierarchy.
[2019.04.15-03.50.19:899][  0]LogDerivedDataCache: FDerivedDataBackendGraph:  CompressedPak pak cache file ../../../../../../Users/Michal/Documents/GitHub/Gameplay-Mechanics/GameplayMechanics/DerivedDataCache/Compressed.ddp not found, will not use a pak cache.
[2019.04.15-03.50.19:899][  0]LogDerivedDataCache: Unable to find inner node CompressedPak for hierarchical cache Hierarchy.
[2019.04.15-03.50.19:918][  0]LogDerivedDataCache: Display: Pak cache opened for reading ../../../Engine/DerivedDataCache/Compressed.ddp.
[2019.04.15-03.50.19:918][  0]LogDerivedDataCache: FDerivedDataBackendGraph:  EnterprisePak pak cache file ../../../Enterprise/DerivedDataCache/Compressed.ddp not found, will not use a pak cache.
[2019.04.15-03.50.19:919][  0]LogDerivedDataCache: Unable to find inner node EnterprisePak for hierarchical cache Hierarchy.
[2019.04.15-03.50.19:932][  0]LogDerivedDataCache: Using Local data cache path C:/Users/Michal/AppData/Local/UnrealEngine/Common/DerivedDataCache: Writable
[2019.04.15-03.50.19:932][  0]LogDerivedDataCache: Shared data cache path not found in *engine.ini, will not use an Shared cache.
[2019.04.15-03.50.19:932][  0]LogDerivedDataCache: Unable to find inner node Shared for hierarchical cache Hierarchy.
[2019.04.15-03.50.19:952][  0]LogMaterial: Verifying Global Shaders for PCD3D_SM5
[2019.04.15-03.50.19:954][  0]LogSlate: Using FreeType 2.6.0
[2019.04.15-03.50.19:955][  0]LogSlate: SlateFontServices - WITH_FREETYPE: 1, WITH_HARFBUZZ: 1
[2019.04.15-03.50.20:056][  0]LogAssetRegistry: FAssetRegistry took 0.0334 seconds to start up
[2019.04.15-03.50.20:367][  0]LogInit: Selected Device Profile: [Windows]
[2019.04.15-03.50.20:595][  0]LogSimplygon: Simplygon DLL not present - disabling.
[2019.04.15-03.50.20:612][  0]LogMeshReduction: Using SimplygonSwarm for distributed automatic mesh merging
[2019.04.15-03.50.20:612][  0]LogMeshReduction: Using ProxyLODMeshReduction for automatic mesh merging
[2019.04.15-03.50.20:613][  0]LogMeshReduction: Using QuadricMeshReduction for automatic static mesh reduction
[2019.04.15-03.50.20:613][  0]LogMeshReduction: No automatic skeletal mesh reduction module available
[2019.04.15-03.50.20:644][  0]LogNetVersion: GameplayMechanics 1.0.0, NetCL: 4541578, EngineNetVer: 5, GameNetVer: 0 (Checksum: 3490075600)
[2019.04.15-03.50.21:607][  0]LogPackageLocalizationCache: Processed 11 localized package path(s) for 2 prioritized culture(s) in 0.086061 seconds
[2019.04.15-03.50.21:612][  0]LogUObjectArray: 39775 objects as part of root set at end of initial load.
[2019.04.15-03.50.21:612][  0]LogUObjectAllocator: 6914656 out of 0 bytes used by permanent object pool.
[2019.04.15-03.50.21:612][  0]LogUObjectArray: CloseDisregardForGC: 0/0 objects in disregard for GC pool
[2019.04.15-03.50.24:494][  0]LogTcpMessaging: Initializing TcpMessaging bridge
[2019.04.15-03.50.24:509][  0]LogUdpMessaging: Initializing bridge on interface 0.0.0.0:0 to multicast group 230.0.0.1:6666.
[2019.04.15-03.50.25:407][  0]SourceControl: Source control is disabled
[2019.04.15-03.50.26:259][  0]LogAndroidPermission: UAndroidPermissionCallbackProxy::GetInstance
[2019.04.15-03.50.26:402][  0]LogOcInput: OculusInput pre-init called
[2019.04.15-03.50.26:594][  0]LogEngine: Initializing Engine...
[2019.04.15-03.50.26:595][  0]LogHMD: Failed to initialize OpenVR with code 110
[2019.04.15-03.50.26:597][  0]LogStats: UGameplayTagsManager::ConstructGameplayTagTree: ImportINI prefixes -  0.000 s
[2019.04.15-03.50.26:597][  0]LogStats: UGameplayTagsManager::ConstructGameplayTagTree: Construct from data asset -  0.000 s
[2019.04.15-03.50.26:597][  0]LogStats: UGameplayTagsManager::ConstructGameplayTagTree: ImportINI -  0.000 s
[2019.04.15-03.50.26:597][  0]LogStats: UGameplayTagsManager::ConstructGameplayTagTree: GameplayTagTreeChangedEvent.Broadcast -  0.000 s
[2019.04.15-03.50.26:931][  0]LogInit: Initializing FReadOnlyCVARCache
[2019.04.15-03.50.26:951][  0]LogAIModule: Creating AISystem for world Untitled
[2019.04.15-03.50.27:000][  0]LogInit: XAudio2 using 'Speakers (Sound Blaster Z)' : 6 channels at 48 kHz using 32 bits per sample (channel mask 0x3f)
[2019.04.15-03.50.27:016][  0]LogInit: FAudioDevice initialized.
[2019.04.15-03.50.27:017][  0]LogNetVersion: Set ProjectVersion to 1.0.0.0. Version Checksum will be recalculated on next use.
[2019.04.15-03.50.27:130][  0]LogDerivedDataCache: Saved boot cache 0.11s 77MB C:/Users/Michal/AppData/Local/UnrealEngine/4.21/DerivedDataCache/Boot.ddc.
[2019.04.15-03.50.27:137][  0]LogInit: Texture streaming: Enabled
[2019.04.15-03.50.27:160][  0]LogEngineSessionManager: EngineSessionManager initialized
[2019.04.15-03.50.27:161][  0]LogEngineSessionManager: EngineSessionManager sent abnormal shutdown report. Type=Crashed, SessionId={CCFDB06B-4FB2-F044-21FC-10B7CA960368}
[2019.04.15-03.50.27:175][  0]LogInit: Transaction tracking system initialized
[2019.04.15-03.50.27:219][  0]BlueprintLog: New page: Editor Load
[2019.04.15-03.50.27:401][  0]LocalizationService: Localization service is disabled
[2019.04.15-03.50.28:053][  0]LogFileCache: Scanning file cache for directory 'C:/Users/Michal/Documents/GitHub/Gameplay-Mechanics/GameplayMechanics/Content/' took 0.02s
[2019.04.15-03.50.28:054][  0]LogCook: Display: Max memory allowance for cook 16384mb min free memory 0mb
[2019.04.15-03.50.28:054][  0]LogCook: Display: Mobile HDR setting 1
[2019.04.15-03.50.28:054][  0]LogGameplayTags: Display: UGameplayTagsManager::DoneAddingNativeTags. DelegateIsBound: 0
[2019.04.15-03.50.28:054][  0]LogStats: UGameplayTagsManager::ConstructGameplayTagTree: ImportINI prefixes -  0.000 s
[2019.04.15-03.50.28:054][  0]LogStats: UGameplayTagsManager::ConstructGameplayTagTree: Construct from data asset -  0.000 s
[2019.04.15-03.50.28:055][  0]LogStats: UGameplayTagsManager::ConstructGameplayTagTree: ImportINI -  0.000 s
[2019.04.15-03.50.28:055][  0]LogStats: UGameplayTagsManager::ConstructGameplayTagTree: GameplayTagTreeChangedEvent.Broadcast -  0.000 s
[2019.04.15-03.50.28:441][  0]LogWindowsTextInputMethodSystem: Display: IME system now deactivated.
[2019.04.15-03.50.28:443][  0]LogSlate: Took 0.000144 seconds to synchronously load lazily loaded font '../../../Engine/Content/Slate/Fonts/Roboto-Regular.ttf' (155K)
[2019.04.15-03.50.49:197][  0]LogSlate: Window 'Restore Packages' being destroyed
[2019.04.15-03.50.49:197][  0]LogWindowsTextInputMethodSystem: Display: IME system now deactivated.
[2019.04.15-03.50.49:200][  0]LogWindowsTextInputMethodSystem: Display: IME system now deactivated.
[2019.04.15-03.50.49:389][  0]LogWindowsTextInputMethodSystem: Display: IME system now deactivated.
[2019.04.15-03.50.49:392][  0]LogWindowsTextInputMethodSystem: Display: IME system now deactivated.
[2019.04.15-03.50.49:476][  0]LoadErrors: New page: Loading package: /Game/FirstPersonCPP/Blueprints/FirstPersonCharacter
[2019.04.15-03.50.49:488][  0]Cmd: MAP LOAD FILE="../../../../../../Users/Michal/Documents/GitHub/Gameplay-Mechanics/GameplayMechanics/Content/FirstPersonCPP/Maps/FirstPersonExampleMap.umap" TEMPLATE=0 SHOWPROGRESS=1 FEATURELEVEL=3
[2019.04.15-03.50.49:489][  0]LightingResults: New page: Lighting Build
[2019.04.15-03.50.49:500][  0]MapCheck: New page: Map Check
[2019.04.15-03.50.49:500][  0]LightingResults: New page: Lighting Build
[2019.04.15-03.50.52:095][  0]LogTexture: Display: Building textures: HQ_Lightmap0_6 (AutoDXT, 64X64)
[2019.04.15-03.50.52:095][  0]LogTexture: Display: Building textures: LQ_Lightmap_0_6 (DXT1, 64X64)
[2019.04.15-03.50.52:095][  0]LogTexture: Display: Building textures: HQ_Lightmap1_3 (AutoDXT, 2048X2048)
[2019.04.15-03.50.52:095][  0]LogTexture: Display: Building textures: HQ_Lightmap1_2 (AutoDXT, 2048X2048)
[2019.04.15-03.50.52:095][  0]LogTexture: Display: Building textures: HQ_Lightmap1_5 (AutoDXT, 2048X2048)
[2019.04.15-03.50.52:096][  0]LogTexture: Display: Building textures: LQ_Lightmap_1_1 (DXT1, 2048X2048)
[2019.04.15-03.50.52:096][  0]LogTexture: Display: Building textures: HQ_Lightmap1_4 (AutoDXT, 2048X2048)
[2019.04.15-03.50.52:096][  0]LogTexture: Display: Building textures: HQ_Lightmap1_1 (AutoDXT, 2048X2048)
[2019.04.15-03.50.52:096][  0]LogTexture: Display: Building textures: LQ_Lightmap_1_2 (DXT1, 2048X2048)
[2019.04.15-03.50.52:096][  0]LogTexture: Display: Building textures: LQ_Lightmap_1_3 (DXT1, 2048X2048)
[2019.04.15-03.50.52:096][  0]LogTexture: Display: Building textures: LQ_Lightmap_1_4 (DXT1, 2048X2048)
[2019.04.15-03.50.52:096][  0]LogTexture: Display: Building textures: LQ_Lightmap_1_5 (DXT1, 2048X2048)
[2019.04.15-03.50.52:096][  0]LogTexture: Display: Building textures: SkyOcclusion0_6 (AutoDXT, 64X32)
[2019.04.15-03.50.52:097][  0]LogTexture: Display: Building textures: SkyOcclusion1_1 (AutoDXT, 2048X1024)
[2019.04.15-03.50.52:097][  0]LogTexture: Display: Building textures: SkyOcclusion1_2 (AutoDXT, 2048X1024)
[2019.04.15-03.50.52:097][  0]LogTexture: Display: Building textures: SkyOcclusion1_3 (AutoDXT, 2048X1024)
[2019.04.15-03.50.52:097][  0]LogTexture: Display: Building textures: SkyOcclusion1_4 (AutoDXT, 2048X1024)
[2019.04.15-03.50.52:097][  0]LogTexture: Display: Building textures: SkyOcclusion1_5 (AutoDXT, 2048X1024)
[2019.04.15-03.50.52:226][  0]LogAIModule: Creating AISystem for world FirstPersonExampleMap
[2019.04.15-03.50.52:302][  0]LogEditorServer: Finished looking for orphan Actors (0.000 secs)
[2019.04.15-03.50.52:326][  0]Cmd: MAP CHECKDEP NOCLEARLOG
[2019.04.15-03.50.52:326][  0]MapCheck: Map check complete: 0 Error(s), 0 Warning(s), took 0.161ms to complete.
[2019.04.15-03.50.52:327][  0]LogFileHelpers: Loading map 'FirstPersonExampleMap' took 2.839
[2019.04.15-03.50.52:436][  0]LogSlate: Updating window title bar state: overlay mode, drag disabled, window buttons hidden, title bar hidden
[2019.04.15-03.50.52:444][  0]LogSlate: Updating window title bar state: overlay mode, drag disabled, window buttons hidden, title bar hidden
[2019.04.15-03.50.52:452][  0]LogSlate: Updating window title bar state: overlay mode, drag disabled, window buttons hidden, title bar hidden
[2019.04.15-03.50.52:461][  0]LogSlate: Updating window title bar state: overlay mode, drag disabled, window buttons hidden, title bar hidden
[2019.04.15-03.50.52:475][  0]LogCollectionManager: Loaded 0 collections in 0.002560 seconds
[2019.04.15-03.50.52:494][  0]LogFileCache: Scanning file cache for directory 'C:/Users/Michal/Documents/GitHub/Gameplay-Mechanics/GameplayMechanics/Saved/Collections/' took 0.01s
[2019.04.15-03.50.52:494][  0]LogFileCache: Scanning file cache for directory 'C:/Users/Michal/Documents/GitHub/Gameplay-Mechanics/GameplayMechanics/Content/Developers/Michal/Collections/' took 0.00s
[2019.04.15-03.50.52:494][  0]LogFileCache: Scanning file cache for directory 'C:/Users/Michal/Documents/GitHub/Gameplay-Mechanics/GameplayMechanics/Content/Collections/' took 0.00s
[2019.04.15-03.50.52:494][  0]LogCollectionManager: Rebuilt the GUID cache for 0 collections in 0.000001 seconds
[2019.04.15-03.50.52:504][  0]LogContentBrowser: Native class hierarchy populated in 0.0092 seconds. Added 2660 classes and 622 folders.
[2019.04.15-03.50.52:513][  0]LogContentBrowser: Native class hierarchy updated for 'WidgetCarousel' in 0.0003 seconds. Added 0 classes and 0 folders.
[2019.04.15-03.50.52:523][  0]LogPakFile: Registered encryption key '00000000000000000000000000000000': 0 pak files mounted, 0 remain pending
[2019.04.15-03.50.52:530][  0]LogPakFile: Registered encryption key '00000000000000000000000000000000': 0 pak files mounted, 0 remain pending
[2019.04.15-03.50.52:541][  0]LogPakFile: Registered encryption key '00000000000000000000000000000000': 0 pak files mounted, 0 remain pending
[2019.04.15-03.50.52:546][  0]LogPakFile: Registered encryption key '00000000000000000000000000000000': 0 pak files mounted, 0 remain pending
[2019.04.15-03.50.52:551][  0]LogPakFile: Registered encryption key '00000000000000000000000000000000': 0 pak files mounted, 0 remain pending
[2019.04.15-03.50.52:555][  0]LogPakFile: Registered encryption key '00000000000000000000000000000000': 0 pak files mounted, 0 remain pending
[2019.04.15-03.50.52:560][  0]LogPakFile: Registered encryption key '00000000000000000000000000000000': 0 pak files mounted, 0 remain pending
[2019.04.15-03.50.52:565][  0]LogPakFile: Registered encryption key '00000000000000000000000000000000': 0 pak files mounted, 0 remain pending
[2019.04.15-03.50.52:573][  0]LogPakFile: Registered encryption key '00000000000000000000000000000000': 0 pak files mounted, 0 remain pending
[2019.04.15-03.50.52:579][  0]LogPakFile: Registered encryption key '00000000000000000000000000000000': 0 pak files mounted, 0 remain pending
[2019.04.15-03.50.52:584][  0]LogPakFile: Registered encryption key '00000000000000000000000000000000': 0 pak files mounted, 0 remain pending
[2019.04.15-03.50.52:589][  0]LogPakFile: Registered encryption key '00000000000000000000000000000000': 0 pak files mounted, 0 remain pending
[2019.04.15-03.50.52:594][  0]LogPakFile: Registered encryption key '00000000000000000000000000000000': 0 pak files mounted, 0 remain pending
[2019.04.15-03.50.52:600][  0]LogPakFile: Registered encryption key '00000000000000000000000000000000': 0 pak files mounted, 0 remain pending
[2019.04.15-03.50.52:604][  0]LogPakFile: Registered encryption key '00000000000000000000000000000000': 0 pak files mounted, 0 remain pending
[2019.04.15-03.50.52:608][  0]LogPakFile: Registered encryption key '00000000000000000000000000000000': 0 pak files mounted, 0 remain pending
[2019.04.15-03.50.52:629][  0]LogPakFile: Registered encryption key '00000000000000000000000000000000': 0 pak files mounted, 0 remain pending
[2019.04.15-03.50.52:634][  0]LogPakFile: Registered encryption key '00000000000000000000000000000000': 0 pak files mounted, 0 remain pending
[2019.04.15-03.50.52:639][  0]LogPakFile: Registered encryption key '00000000000000000000000000000000': 0 pak files mounted, 0 remain pending
[2019.04.15-03.50.52:643][  0]LogPakFile: Registered encryption key '00000000000000000000000000000000': 0 pak files mounted, 0 remain pending
[2019.04.15-03.50.52:664][  0]LogPakFile: Registered encryption key '00000000000000000000000000000000': 0 pak files mounted, 0 remain pending
[2019.04.15-03.50.52:669][  0]LogPakFile: Registered encryption key '00000000000000000000000000000000': 0 pak files mounted, 0 remain pending
[2019.04.15-03.50.52:673][  0]LogPakFile: Registered encryption key '00000000000000000000000000000000': 0 pak files mounted, 0 remain pending
[2019.04.15-03.50.52:678][  0]LogPakFile: Registered encryption key '00000000000000000000000000000000': 0 pak files mounted, 0 remain pending
[2019.04.15-03.50.52:687][  0]LogPakFile: Registered encryption key '00000000000000000000000000000000': 0 pak files mounted, 0 remain pending
[2019.04.15-03.50.52:691][  0]LogPakFile: Registered encryption key '00000000000000000000000000000000': 0 pak files mounted, 0 remain pending
[2019.04.15-03.50.52:821][  0]LogContentBrowser: Native class hierarchy updated for 'AddContentDialog' in 0.0004 seconds. Added 0 classes and 0 folders.
[2019.04.15-03.50.52:827][  0]LogContentBrowser: Native class hierarchy updated for 'SceneOutliner' in 0.0004 seconds. Added 1 classes and 2 folders.
[2019.04.15-03.50.52:894][  0]LogSlate: Took 0.000126 seconds to synchronously load lazily loaded font '../../../Engine/Content/Slate/Fonts/Roboto-Bold.ttf' (160K)
[2019.04.15-03.50.52:903][  0]LogSlate: Took 0.004638 seconds to synchronously load lazily loaded font '../../../Engine/Content/Editor/Slate/Fonts/FontAwesome.ttf' (139K)
[2019.04.15-03.50.52:988][  0]LogRenderer: Reallocating scene render targets to support 1616x808 Format 10 NumSamples 1 (Frame:1).
[2019.04.15-03.50.53:165][  0]LogContentBrowser: Native class hierarchy updated for 'HierarchicalLODOutliner' in 0.0005 seconds. Added 0 classes and 0 folders.
[2019.04.15-03.50.53:165][  0]LogLoad: (Engine Initialization) Total time: 40.05 seconds
[2019.04.15-03.50.53:165][  0]LogLoad: (Engine Initialization) Total Blueprint compile time: 0.00 seconds
[2019.04.15-03.50.53:250][  0]LogContentStreaming: Texture pool size now 1000 MB
[2019.04.15-03.50.53:354][  2]LogAssetRegistry: Asset discovery search completed in 33.3223 seconds
[2019.04.15-03.50.53:356][  2]LogCollectionManager: Rebuilt the object cache for 0 collections in 0.000000 seconds (found 0 objects)
[2019.04.15-03.50.53:356][  2]LogCollectionManager: Fixed up redirectors for 0 collections in 0.000111 seconds (updated 0 objects)
[2019.04.15-03.51.11:672][191]LogSlate: FSceneViewport::OnFocusLost() reason 0
[2019.04.15-03.51.11:730][198]LogTemp: Repeating last play command: Selected Viewport
[2019.04.15-03.51.11:745][198]LogBlueprintUserMessages: Early PlayInEditor Detection: Level '/Game/FirstPersonCPP/Maps/FirstPersonExampleMap.FirstPersonExampleMap:PersistentLevel' has LevelScriptBlueprint '/Game/FirstPersonCPP/Maps/FirstPersonExampleMap.FirstPersonExampleMap:PersistentLevel.FirstPersonExampleMap' with GeneratedClass '/Game/FirstPersonCPP/Maps/FirstPersonExampleMap.FirstPersonExampleMap_C' with ClassGeneratedBy '/Game/FirstPersonCPP/Maps/FirstPersonExampleMap.FirstPersonExampleMap:PersistentLevel.FirstPersonExampleMap'
[2019.04.15-03.51.11:746][198]LogPlayLevel: PlayLevel: No blueprints needed recompiling
[2019.04.15-03.51.11:749][198]PIE: New page: PIE session: FirstPersonExampleMap (15 Apr 2019 05:51:11)
[2019.04.15-03.51.11:762][198]LogPlayLevel: Creating play world package: /Game/FirstPersonCPP/Maps/UEDPIE_0_FirstPersonExampleMap
[2019.04.15-03.51.11:782][198]LogPlayLevel: PIE: StaticDuplicateObject took: (0.019283s)
[2019.04.15-03.51.11:782][198]LogAIModule: Creating AISystem for world FirstPersonExampleMap
[2019.04.15-03.51.11:783][198]LogPlayLevel: PIE: World Init took: (0.000751s)
[2019.04.15-03.51.11:783][198]LogPlayLevel: PIE: Created PIE world by copying editor world from /Game/FirstPersonCPP/Maps/FirstPersonExampleMap.FirstPersonExampleMap to /Game/FirstPersonCPP/Maps/UEDPIE_0_FirstPersonExampleMap.FirstPersonExampleMap (0.020491s)
[2019.04.15-03.51.11:816][198]LogInit: XAudio2 using 'Speakers (Sound Blaster Z)' : 6 channels at 48 kHz using 32 bits per sample (channel mask 0x3f)
[2019.04.15-03.51.11:827][198]LogInit: FAudioDevice initialized.
[2019.04.15-03.51.11:873][198]LogLoad: Game class is 'GameplayMechanicsGameMode'
[2019.04.15-03.51.11:875][198]LogWorld: Bringing World /Game/FirstPersonCPP/Maps/UEDPIE_0_FirstPersonExampleMap.FirstPersonExampleMap up for play (max tick rate 0) at 2019.04.15-04.51.11
[2019.04.15-03.51.11:876][198]LogWorld: Bringing up level for play took: 0.001452
[2019.04.15-03.51.11:893][198]LogContentBrowser: Native class hierarchy updated for 'MovieSceneCapture' in 0.0004 seconds. Added 20 classes and 0 folders.
[2019.04.15-03.51.11:897][198]PIE: Play in editor start time for /Game/FirstPersonCPP/Maps/UEDPIE_0_FirstPersonExampleMap 0.396
[2019.04.15-03.51.11:897][198]LogBlueprintUserMessages: Late PlayInEditor Detection: Level '/Game/FirstPersonCPP/Maps/FirstPersonExampleMap.FirstPersonExampleMap:PersistentLevel' has LevelScriptBlueprint '/Game/FirstPersonCPP/Maps/FirstPersonExampleMap.FirstPersonExampleMap:PersistentLevel.FirstPersonExampleMap' with GeneratedClass '/Game/FirstPersonCPP/Maps/FirstPersonExampleMap.FirstPersonExampleMap_C' with ClassGeneratedBy '/Game/FirstPersonCPP/Maps/FirstPersonExampleMap.FirstPersonExampleMap:PersistentLevel.FirstPersonExampleMap'
[2019.04.15-03.52.03:813][424]LogBlueprintUserMessages: Early EndPlayMap Detection: Level '/Game/FirstPersonCPP/Maps/FirstPersonExampleMap.FirstPersonExampleMap:PersistentLevel' has LevelScriptBlueprint '/Game/FirstPersonCPP/Maps/FirstPersonExampleMap.FirstPersonExampleMap:PersistentLevel.FirstPersonExampleMap' with GeneratedClass '/Game/FirstPersonCPP/Maps/FirstPersonExampleMap.FirstPersonExampleMap_C' with ClassGeneratedBy '/Game/FirstPersonCPP/Maps/FirstPersonExampleMap.FirstPersonExampleMap:PersistentLevel.FirstPersonExampleMap'
[2019.04.15-03.52.03:813][424]LogSlate: Updating window title bar state: overlay mode, drag disabled, window buttons hidden, title bar hidden
[2019.04.15-03.52.03:849][424]LogPlayLevel: Display: Shutting down PIE online subsystems
[2019.04.15-03.52.03:849][424]LogBlueprintUserMessages: Late EndPlayMap Detection: Level '/Game/FirstPersonCPP/Maps/FirstPersonExampleMap.FirstPersonExampleMap:PersistentLevel' has LevelScriptBlueprint '/Game/FirstPersonCPP/Maps/FirstPersonExampleMap.FirstPersonExampleMap:PersistentLevel.FirstPersonExampleMap' with GeneratedClass '/Game/FirstPersonCPP/Maps/FirstPersonExampleMap.FirstPersonExampleMap_C' with ClassGeneratedBy '/Game/FirstPersonCPP/Maps/FirstPersonExampleMap.FirstPersonExampleMap:PersistentLevel.FirstPersonExampleMap'
[2019.04.15-03.52.03:869][424]LogSlate: Updating window title bar state: overlay mode, drag disabled, window buttons hidden, title bar hidden
[2019.04.15-03.52.03:913][428]LogPlayLevel: Display: Destroying online subsystem :Context_7
[2019.04.15-03.52.05:125][573]LogSlate: FSceneViewport::OnFocusLost() reason 0
[2019.04.15-03.52.15:551][811]LogSlate: Took 0.006122 seconds to synchronously load lazily loaded font '../../../Engine/Content/Slate/Fonts/Roboto-Light.ttf' (167K)
[2019.04.15-03.52.15:557][811]LogAssetEditorManager: Opening Asset editor for Material /Game/PP_OutlineCustomDepthOcclusion_2.PP_OutlineCustomDepthOcclusion_2
[2019.04.15-03.52.15:561][811]LogMaterial: Display: Missing cached shader map for material PP_OutlineCustomDepthOcclusion_2, compiling. 
[2019.04.15-03.52.15:846][811]LogMaterial: Display: Missing cached shader map for material PP_OutlineCustomDepthOcclusion_2, compiling. 
[2019.04.15-03.52.15:855][811]LogMaterial: Display: Missing cached shader map for material PP_OutlineCustomDepthOcclusion_2, compiling. 
[2019.04.15-03.52.15:877][811]LogShaderCompilers: Display: Shaders left to compile 7
[2019.04.15-03.52.15:877][811]LogShaderCompilers: Display: Shaders left to compile 6
[2019.04.15-03.52.15:877][811]LogShaderCompilers: Display: Shaders left to compile 5
[2019.04.15-03.52.15:877][811]LogShaderCompilers: Display: Shaders left to compile 4
[2019.04.15-03.52.15:892][811]LogMaterial: Display: Missing cached shader map for material FMatExpressionPreview MaterialExpressionVectorParameter_3, compiling. 
[2019.04.15-03.52.15:968][811]LogSlate: Took 0.006506 seconds to synchronously load lazily loaded font '../../../Engine/Content/Slate/Fonts/Roboto-BoldCondensed.ttf' (158K)
[2019.04.15-03.52.16:202][812]LogSlate: Took 0.000220 seconds to synchronously load lazily loaded font '../../../Engine/Content/Slate/Fonts/Roboto-Italic.ttf' (157K)
[2019.04.15-03.52.16:252][814]LogShaderCompilers: Display: Shaders left to compile 5
[2019.04.15-03.52.16:269][815]LogShaderCompilers: Display: Shaders left to compile 4
[2019.04.15-03.52.16:410][824]LogShaderCompilers: Display: Shaders left to compile 3
[2019.04.15-03.52.16:410][824]LogShaderCompilers: Display: Shaders left to compile 2
[2019.04.15-03.52.16:507][831]LogShaderCompilers: Display: Shaders left to compile 1
[2019.04.15-03.52.16:578][836]MaterialEditorStats: Base pass shader without light map: 35 instructions
[2019.04.15-03.52.16:578][836]MaterialEditorStats: Base pass vertex shader: 32 instructions
[2019.04.15-03.52.16:578][836]MaterialEditorStats: Texture samplers: 3/16
[2019.04.15-03.52.16:578][836]MaterialEditorStats: Texture Lookups (Est.): VS(0), PS(12)
[2019.04.15-03.52.23:631][532]LogMaterial: Display: Missing cached shader map for material PP_OutlineCustomDepthOcclusion_2, compiling. 
[2019.04.15-03.52.23:639][532]LogMaterial: Display: Missing cached shader map for material PP_OutlineCustomDepthOcclusion_2, compiling. 
[2019.04.15-03.52.23:655][533]LogShaderCompilers: Display: Shaders left to compile 7
[2019.04.15-03.52.23:655][533]LogShaderCompilers: Display: Shaders left to compile 6
[2019.04.15-03.52.23:655][533]LogShaderCompilers: Display: Shaders left to compile 5
[2019.04.15-03.52.23:655][533]LogShaderCompilers: Display: Shaders left to compile 4
[2019.04.15-03.52.23:799][545]LogShaderCompilers: Display: Shaders left to compile 3
[2019.04.15-03.52.23:828][547]LogShaderCompilers: Display: Shaders left to compile 2
[2019.04.15-03.52.23:911][553]LogShaderCompilers: Display: Shaders left to compile 1
[2019.04.15-03.52.24:107][569]MaterialEditorStats: Base pass shader without light map: 35 instructions
[2019.04.15-03.52.24:107][569]MaterialEditorStats: Base pass vertex shader: 32 instructions
[2019.04.15-03.52.24:107][569]MaterialEditorStats: Texture samplers: 3/16
[2019.04.15-03.52.24:107][569]MaterialEditorStats: Texture Lookups (Est.): VS(0), PS(12)
[2019.04.15-03.52.25:683][734]LogMaterial: Display: Missing cached shader map for material PP_OutlineCustomDepthOcclusion_2, compiling. 
[2019.04.15-03.52.25:699][735]LogShaderCompilers: Display: Shaders left to compile 7
[2019.04.15-03.52.25:699][735]LogShaderCompilers: Display: Shaders left to compile 6
[2019.04.15-03.52.25:699][735]LogShaderCompilers: Display: Shaders left to compile 5
[2019.04.15-03.52.25:699][735]LogShaderCompilers: Display: Shaders left to compile 4
[2019.04.15-03.52.25:749][739]LogMaterialEditor: Saving and Compiling material PP_OutlineCustomDepthOcclusion_2
[2019.04.15-03.52.26:146][739]LogShaderCompilers: Display: Shaders left to compile 3
[2019.04.15-03.52.26:146][739]LogShaderCompilers: Display: Shaders left to compile 2
[2019.04.15-03.52.26:146][739]LogShaderCompilers: Display: Shaders left to compile 1
[2019.04.15-03.52.26:158][739]LogMaterial: Display: Missing cached shader map for material PP_OutlineCustomDepthOcclusion_2, compiling. 
[2019.04.15-03.52.26:172][739]LogShaderCompilers: Display: Shaders left to compile 7
[2019.04.15-03.52.26:172][739]LogShaderCompilers: Display: Shaders left to compile 6
[2019.04.15-03.52.26:172][739]LogShaderCompilers: Display: Shaders left to compile 5
[2019.04.15-03.52.26:172][739]LogShaderCompilers: Display: Shaders left to compile 4
[2019.04.15-03.52.26:200][739]LogMaterial: Display: Missing cached shader map for material PP_OutlineCustomDepthOcclusion_2, compiling. 
[2019.04.15-03.52.26:218][739]LogMaterial: Display: Missing cached shader map for material PP_OutlineCustomDepthOcclusion_2, compiling. 
[2019.04.15-03.52.26:252][739]TextureStreamingBuild: Display: Compiling optional shaders took 0.000 seconds.
[2019.04.15-03.52.27:539][739]LogShaderCompilers: Display: Shaders left to compile 11
[2019.04.15-03.52.27:539][739]LogShaderCompilers: Display: Shaders left to compile 10
[2019.04.15-03.52.27:539][739]LogShaderCompilers: Display: Shaders left to compile 9
[2019.04.15-03.52.27:539][739]LogShaderCompilers: Display: Shaders left to compile 8
[2019.04.15-03.52.27:614][739]LogSavePackage: Moving '../../../../../../Users/Michal/Documents/GitHub/Gameplay-Mechanics/GameplayMechanics/Saved/PP_OutlineCustomDepthOcclusion_268B668DA4C1778EF27841590E6952200.tmp' to '../../../../../../Users/Michal/Documents/GitHub/Gameplay-Mechanics/GameplayMechanics/Content/PP_OutlineCustomDepthOcclusion_2.uasset'
[2019.04.15-03.52.27:624][739]MaterialEditorStats: Base pass shader without light map: 35 instructions
[2019.04.15-03.52.27:624][739]MaterialEditorStats: Base pass vertex shader: 32 instructions
[2019.04.15-03.52.27:624][739]MaterialEditorStats: Texture samplers: 3/16
[2019.04.15-03.52.27:625][739]MaterialEditorStats: Texture Lookups (Est.): VS(0), PS(12)
[2019.04.15-03.52.31:537][184]LogTemp: Repeating last play command: Selected Viewport
[2019.04.15-03.52.31:553][184]LogBlueprintUserMessages: Early PlayInEditor Detection: Level '/Game/FirstPersonCPP/Maps/FirstPersonExampleMap.FirstPersonExampleMap:PersistentLevel' has LevelScriptBlueprint '/Game/FirstPersonCPP/Maps/FirstPersonExampleMap.FirstPersonExampleMap:PersistentLevel.FirstPersonExampleMap' with GeneratedClass '/Game/FirstPersonCPP/Maps/FirstPersonExampleMap.FirstPersonExampleMap_C' with ClassGeneratedBy '/Game/FirstPersonCPP/Maps/FirstPersonExampleMap.FirstPersonExampleMap:PersistentLevel.FirstPersonExampleMap'
[2019.04.15-03.52.31:553][184]LogPlayLevel: PlayLevel: No blueprints needed recompiling
[2019.04.15-03.52.31:553][184]PIE: New page: PIE session: FirstPersonExampleMap (15 Apr 2019 05:52:31)
[2019.04.15-03.52.31:553][184]LogPlayLevel: Creating play world package: /Game/FirstPersonCPP/Maps/UEDPIE_0_FirstPersonExampleMap
[2019.04.15-03.52.31:564][184]LogPlayLevel: PIE: StaticDuplicateObject took: (0.010437s)
[2019.04.15-03.52.31:564][184]LogAIModule: Creating AISystem for world FirstPersonExampleMap
[2019.04.15-03.52.31:565][184]LogPlayLevel: PIE: World Init took: (0.000706s)
[2019.04.15-03.52.31:565][184]LogPlayLevel: PIE: Created PIE world by copying editor world from /Game/FirstPersonCPP/Maps/FirstPersonExampleMap.FirstPersonExampleMap to /Game/FirstPersonCPP/Maps/UEDPIE_0_FirstPersonExampleMap.FirstPersonExampleMap (0.011531s)
[2019.04.15-03.52.31:605][184]LogInit: XAudio2 using 'Speakers (Sound Blaster Z)' : 6 channels at 48 kHz using 32 bits per sample (channel mask 0x3f)
[2019.04.15-03.52.31:616][184]LogInit: FAudioDevice initialized.
[2019.04.15-03.52.31:650][184]LogLoad: Game class is 'GameplayMechanicsGameMode'
[2019.04.15-03.52.31:652][184]LogWorld: Bringing World /Game/FirstPersonCPP/Maps/UEDPIE_0_FirstPersonExampleMap.FirstPersonExampleMap up for play (max tick rate 0) at 2019.04.15-04.52.31
[2019.04.15-03.52.31:652][184]LogWorld: Bringing up level for play took: 0.001603
[2019.04.15-03.52.31:666][184]PIE: Play in editor start time for /Game/FirstPersonCPP/Maps/UEDPIE_0_FirstPersonExampleMap 0.166
[2019.04.15-03.52.31:667][184]LogBlueprintUserMessages: Late PlayInEditor Detection: Level '/Game/FirstPersonCPP/Maps/FirstPersonExampleMap.FirstPersonExampleMap:PersistentLevel' has LevelScriptBlueprint '/Game/FirstPersonCPP/Maps/FirstPersonExampleMap.FirstPersonExampleMap:PersistentLevel.FirstPersonExampleMap' with GeneratedClass '/Game/FirstPersonCPP/Maps/FirstPersonExampleMap.FirstPersonExampleMap_C' with ClassGeneratedBy '/Game/FirstPersonCPP/Maps/FirstPersonExampleMap.FirstPersonExampleMap:PersistentLevel.FirstPersonExampleMap'
[2019.04.15-03.53.43:884][843]LogBlueprintUserMessages: Early EndPlayMap Detection: Level '/Game/FirstPersonCPP/Maps/FirstPersonExampleMap.FirstPersonExampleMap:PersistentLevel' has LevelScriptBlueprint '/Game/FirstPersonCPP/Maps/FirstPersonExampleMap.FirstPersonExampleMap:PersistentLevel.FirstPersonExampleMap' with GeneratedClass '/Game/FirstPersonCPP/Maps/FirstPersonExampleMap.FirstPersonExampleMap_C' with ClassGeneratedBy '/Game/FirstPersonCPP/Maps/FirstPersonExampleMap.FirstPersonExampleMap:PersistentLevel.FirstPersonExampleMap'
[2019.04.15-03.53.43:884][843]LogSlate: Updating window title bar state: overlay mode, drag disabled, window buttons hidden, title bar hidden
[2019.04.15-03.53.43:918][843]LogPlayLevel: Display: Shutting down PIE online subsystems
[2019.04.15-03.53.43:918][843]LogBlueprintUserMessages: Late EndPlayMap Detection: Level '/Game/FirstPersonCPP/Maps/FirstPersonExampleMap.FirstPersonExampleMap:PersistentLevel' has LevelScriptBlueprint '/Game/FirstPersonCPP/Maps/FirstPersonExampleMap.FirstPersonExampleMap:PersistentLevel.FirstPersonExampleMap' with GeneratedClass '/Game/FirstPersonCPP/Maps/FirstPersonExampleMap.FirstPersonExampleMap_C' with ClassGeneratedBy '/Game/FirstPersonCPP/Maps/FirstPersonExampleMap.FirstPersonExampleMap:PersistentLevel.FirstPersonExampleMap'
[2019.04.15-03.53.43:938][843]LogSlate: Updating window title bar state: overlay mode, drag disabled, window buttons hidden, title bar hidden
[2019.04.15-03.53.43:991][848]LogPlayLevel: Display: Destroying online subsystem :Context_11
