Log file open, 04/12/19 17:06:13
LogWindows: Failed to load 'aqProf.dll' (GetLastError=126)
LogWindows: File 'aqProf.dll' does not exist
LogWindows: Failed to load 'VtuneApi.dll' (GetLastError=126)
LogWindows: File 'VtuneApi.dll' does not exist
LogWindows: Failed to load 'VtuneApi32e.dll' (GetLastError=126)
LogWindows: File 'VtuneApi32e.dll' does not exist
LogConsoleResponse: Display: Failed to find resolution value strings in scalability ini. Falling back to default.
LogInit: Display: Running engine for game: GameplayMechanics
LogPakFile: Registered encryption key '00000000000000000000000000000000': 0 pak files mounted, 0 remain pending
LogPlatformFile: Not using cached read wrapper
LogTaskGraph: Started task graph with 5 named threads and 23 total threads with 3 sets of task threads.
LogStats: Stats thread started at 0.275706
LogD3D11RHI: Loaded GFSDK_Aftermath_Lib.x64.dll
LogICUInternationalization: ICU TimeZone Detection - Raw Offset: +0:00, Platform Override: ''
LogPluginManager: Mounting plugin Paper2D
LogPluginManager: Mounting plugin AISupport
LogPluginManager: Mounting plugin LightPropagationVolume
LogPluginManager: Mounting plugin ActorLayerUtilities
LogPluginManager: Mounting plugin CLionSourceCodeAccess
LogPluginManager: Mounting plugin CodeLiteSourceCodeAccess
LogPluginManager: Mounting plugin GitSourceControl
LogPluginManager: Mounting plugin KDevelopSourceCodeAccess
LogPluginManager: Mounting plugin NullSourceCodeAccess
LogPluginManager: Mounting plugin PerforceSourceControl
LogPluginManager: Mounting plugin SubversionSourceControl
LogPluginManager: Mounting plugin UObjectPlugin
LogPluginManager: Mounting plugin VisualStudioCodeSourceCodeAccess
LogPluginManager: Mounting plugin VisualStudioSourceCodeAccess
LogPluginManager: Mounting plugin XCodeSourceCodeAccess
LogPluginManager: Mounting plugin AssetManagerEditor
LogPluginManager: Mounting plugin CryptoKeys
LogPluginManager: Mounting plugin DataValidation
LogPluginManager: Mounting plugin FacialAnimation
LogPluginManager: Mounting plugin GameplayTagsEditor
LogPluginManager: Mounting plugin MacGraphicsSwitching
LogPluginManager: Mounting plugin MeshEditor
LogPluginManager: Mounting plugin MobileLauncherProfileWizard
LogPluginManager: Mounting plugin PluginBrowser
LogPluginManager: Mounting plugin SpeedTreeImporter
LogPluginManager: Mounting plugin DatasmithContent
LogPluginManager: Mounting plugin VariantManagerContent
LogPluginManager: Mounting plugin AlembicImporter
LogPluginManager: Mounting plugin AppleImageUtils
LogPluginManager: Mounting plugin AppleVision
LogPluginManager: Mounting plugin BackChannel
LogPluginManager: Mounting plugin CharacterAI
LogPluginManager: Mounting plugin GeometryCache
LogPluginManager: Mounting plugin HTML5Networking
LogPluginManager: Mounting plugin ProxyLODPlugin
LogPluginManager: Mounting plugin MagicLeap
LogPluginManager: Mounting plugin MagicLeapMedia
LogPluginManager: Mounting plugin AndroidMedia
LogPluginManager: Mounting plugin AvfMedia
LogPluginManager: Mounting plugin ImgMedia
LogPluginManager: Mounting plugin LinearTimecode
LogPluginManager: Mounting plugin MediaCompositing
LogPluginManager: Mounting plugin MediaPlayerEditor
LogPluginManager: Mounting plugin WebMMedia
LogPluginManager: Mounting plugin WmfMedia
LogPluginManager: Mounting plugin TcpMessaging
LogPluginManager: Mounting plugin UdpMessaging
LogPluginManager: Mounting plugin ActorSequence
LogPluginManager: Mounting plugin LevelSequenceEditor
LogPluginManager: Mounting plugin MatineeToLevelSequence
LogPluginManager: Mounting plugin NetcodeUnitTest
LogPluginManager: Mounting plugin NUTUnrealEngine4
LogPluginManager: Mounting plugin OnlineSubsystemGooglePlay
LogPluginManager: Mounting plugin OnlineSubsystemIOS
LogPluginManager: Mounting plugin OnlineSubsystem
LogPluginManager: Mounting plugin OnlineSubsystemNull
LogPluginManager: Mounting plugin OnlineSubsystemUtils
LogPluginManager: Mounting plugin LauncherChunkInstaller
LogPluginManager: Mounting plugin AndroidDeviceProfileSelector
LogPluginManager: Mounting plugin AndroidMoviePlayer
LogPluginManager: Mounting plugin AndroidPermission
LogPluginManager: Mounting plugin AppleMoviePlayer
LogPluginManager: Mounting plugin ArchVisCharacter
LogPluginManager: Mounting plugin AudioCapture
LogPluginManager: Mounting plugin CableComponent
LogPluginManager: Mounting plugin CustomMeshComponent
LogPluginManager: Mounting plugin EditableMesh
LogPluginManager: Mounting plugin ExampleDeviceProfileSelector
LogPluginManager: Mounting plugin Firebase
LogPluginManager: Mounting plugin GoogleCloudMessaging
LogPluginManager: Mounting plugin IOSDeviceProfileSelector
LogPluginManager: Mounting plugin LinuxDeviceProfileSelector
LogPluginManager: Mounting plugin LocationServicesBPLibrary
LogPluginManager: Mounting plugin MobilePatchingUtils
LogPluginManager: Mounting plugin OculusVR
LogPluginManager: Mounting plugin PhysXVehicles
LogPluginManager: Mounting plugin ProceduralMeshComponent
LogPluginManager: Mounting plugin RuntimePhysXCooking
LogPluginManager: Mounting plugin SteamVR
LogPluginManager: Mounting plugin WebMMoviePlayer
LogPluginManager: Mounting plugin WindowsMoviePlayer
LogStreaming: Display: Took  0.083s to configure plugins.
LogInit: Using libcurl 7.55.1-DEV
LogInit:  - built for x86_64-pc-win32
LogInit:  - supports SSL with OpenSSL/1.0.2h
LogInit:  - supports HTTP deflate (compression) using libz 1.2.8
LogInit:  - other features:
LogInit:      CURL_VERSION_SSL
LogInit:      CURL_VERSION_LIBZ
LogInit:      CURL_VERSION_IPV6
LogInit:      CURL_VERSION_ASYNCHDNS
LogInit:      CURL_VERSION_LARGEFILE
LogInit:      CURL_VERSION_IDN
LogInit:  CurlRequestOptions (configurable via config and command line):
LogInit:  - bVerifyPeer = true  - Libcurl will verify peer certificate
LogInit:  - bUseHttpProxy = false  - Libcurl will NOT use HTTP proxy
LogInit:  - bDontReuseConnections = false  - Libcurl will reuse connections
LogInit:  - MaxHostConnections = 16  - Libcurl will limit the number of connections to a host
LogInit:  - LocalHostAddr = Default
LogInit:  - BufferSize = 65536
LogInit: WinSock: version 1.1 (2.2), MaxSocks=32767, MaxUdp=65467
LogInit: Build: ++UE4+Release-4.21-CL-4753647
LogInit: Engine Version: 4.21.2-4753647+++UE4+Release-4.21
LogInit: Compatible Engine Version: 4.21.0-4541578+++UE4+Release-4.21
LogInit: Net CL: 4541578
LogInit: OS: Windows 10 (), CPU: Intel(R) Core(TM) i7-6700K CPU @ 4.00GHz, GPU: NVIDIA GeForce GTX 1080
LogInit: Compiled (64-bit): Jan 19 2019 02:07:31
LogInit: Compiled with Visual C++: 19.13.26129.00
LogInit: Build Configuration: Development
LogInit: Branch Name: ++UE4+Release-4.21
LogInit: Command Line:  -EpicPortal -epicusername=PolishNoble -epicuserid=a099b9665b064454aaa52d270fdb3151 -epiclocale=en-US
LogInit: Base Directory: C:/Program Files/Epic Games/UE_4.21/Engine/Binaries/Win64/
LogInit: Installed Engine Build: 1
LogDevObjectVersion: Number of dev versions registered: 22
LogDevObjectVersion:   Dev-Blueprints (B0D832E4-1F89-4F0D-ACCF-7EB736FD4AA2): 10
LogDevObjectVersion:   Dev-Build (E1C64328-A22C-4D53-A36C-8E866417BD8C): 0
LogDevObjectVersion:   Dev-Core (375EC13C-06E4-48FB-B500-84F0262A717E): 2
LogDevObjectVersion:   Dev-Editor (E4B068ED-F494-42E9-A231-DA0B2E46BB41): 26
LogDevObjectVersion:   Dev-Framework (CFFC743F-43B0-4480-9391-14DF171D2073): 34
LogDevObjectVersion:   Dev-Mobile (B02B49B5-BB20-44E9-A304-32B752E40360): 2
LogDevObjectVersion:   Dev-Networking (A4E4105C-59A1-49B5-A7C5-40C4547EDFEE): 0
LogDevObjectVersion:   Dev-Online (39C831C9-5AE6-47DC-9A44-9C173E1C8E7C): 0
LogDevObjectVersion:   Dev-Physics (78F01B33-EBEA-4F98-B9B4-84EACCB95AA2): 0
LogDevObjectVersion:   Dev-Platform (6631380F-2D4D-43E0-8009-CF276956A95A): 0
LogDevObjectVersion:   Dev-Rendering (12F88B9F-8875-4AFC-A67C-D90C383ABD29): 27
LogDevObjectVersion:   Dev-Sequencer (7B5AE74C-D270-4C10-A958-57980B212A5A): 9
LogDevObjectVersion:   Dev-VR (D7296918-1DD6-4BDD-9DE2-64A83CC13884): 2
LogDevObjectVersion:   Dev-LoadTimes (C2A15278-BFE7-4AFE-6C17-90FF531DF755): 1
LogDevObjectVersion:   Private-Geometry (6EACA3D4-40EC-4CC1-B786-8BED09428FC5): 3
LogDevObjectVersion:   Dev-AnimPhys (29E575DD-E0A3-4627-9D10-D276232CDCEA): 17
LogDevObjectVersion:   Dev-Anim (AF43A65D-7FD3-4947-9873-3E8ED9C1BB05): 2
LogDevObjectVersion:   Dev-ReflectionCapture (6B266CEC-1EC7-4B8F-A30B-E4D90942FC07): 1
LogDevObjectVersion:   Dev-Automation (0DF73D61-A23F-47EA-B727-89E90C41499A): 1
LogDevObjectVersion:   FortniteMain (601D1886-AC64-4F84-AA16-D3DE0DEAC7D6): 17
LogDevObjectVersion:   Dev-Enterprise (9DFFBCD6-494F-0158-E221-12823C92A888): 4
LogDevObjectVersion:   Dev-Niagara (F2AED0AC-9AFE-416F-8664-AA7FFA26D6FC): 1
LogStreaming: Display: Took  0.003s to delete old logs.
LogInit: Presizing for max 8388607 objects, including 0 objects not considered by GC, pre-allocating 0 bytes for permanent pool.
LogInit: Object subsystem initialized
LogConfig: Setting CVar [[con.DebugEarlyDefault:1]]
LogConfig: Setting CVar [[r.setres:1280x720]]
[2019.04.12-16.06.13:417][  0]LogConfig: Setting CVar [[r.VSync:0]]
[2019.04.12-16.06.13:417][  0]LogConfig: Setting CVar [[r.RHICmdBypass:0]]
[2019.04.12-16.06.13:417][  0]LogConfig: Applying CVar settings from Section [/Script/Engine.RendererSettings] File [C:/Users/Michal/Documents/GitHub/Gameplay-Mechanics/GameplayMechanics/Saved/Config/Windows/Engine.ini]
[2019.04.12-16.06.13:417][  0]LogConfig: Setting CVar [[r.GPUCrashDebugging:0]]
[2019.04.12-16.06.13:417][  0]LogConfig: Setting CVar [[r.CustomDepth:3]]
[2019.04.12-16.06.13:417][  0]LogConfig: Setting CVar [[r.CustomDepthTemporalAAJitter:1]]
[2019.04.12-16.06.13:417][  0]LogConfig: Setting CVar [[r.PostProcessing.PropagateAlpha:0]]
[2019.04.12-16.06.13:417][  0]LogConfig: Applying CVar settings from Section [/Script/Engine.RendererOverrideSettings] File [C:/Users/Michal/Documents/GitHub/Gameplay-Mechanics/GameplayMechanics/Saved/Config/Windows/Engine.ini]
[2019.04.12-16.06.13:417][  0]LogConfig: Applying CVar settings from Section [/Script/Engine.StreamingSettings] File [C:/Users/Michal/Documents/GitHub/Gameplay-Mechanics/GameplayMechanics/Saved/Config/Windows/Engine.ini]
[2019.04.12-16.06.13:417][  0]LogConfig: Setting CVar [[s.MinBulkDataSizeForAsyncLoading:131072]]
[2019.04.12-16.06.13:417][  0]LogConfig: Setting CVar [[s.AsyncLoadingThreadEnabled:0]]
[2019.04.12-16.06.13:417][  0]LogConfig: Setting CVar [[s.EventDrivenLoaderEnabled:1]]
[2019.04.12-16.06.13:417][  0]LogConfig: Setting CVar [[s.WarnIfTimeLimitExceeded:0]]
[2019.04.12-16.06.13:417][  0]LogConfig: Setting CVar [[s.TimeLimitExceededMultiplier:1.5]]
[2019.04.12-16.06.13:417][  0]LogConfig: Setting CVar [[s.TimeLimitExceededMinTime:0.005]]
[2019.04.12-16.06.13:417][  0]LogConfig: Setting CVar [[s.UseBackgroundLevelStreaming:1]]
[2019.04.12-16.06.13:417][  0]LogConfig: Setting CVar [[s.PriorityAsyncLoadingExtraTime:15.0]]
[2019.04.12-16.06.13:417][  0]LogConfig: Setting CVar [[s.LevelStreamingActorsUpdateTimeLimit:5.0]]
[2019.04.12-16.06.13:417][  0]LogConfig: Setting CVar [[s.PriorityLevelStreamingActorsUpdateExtraTime:5.0]]
[2019.04.12-16.06.13:417][  0]LogConfig: Setting CVar [[s.LevelStreamingComponentsRegistrationGranularity:10]]
[2019.04.12-16.06.13:417][  0]LogConfig: Setting CVar [[s.UnregisterComponentsTimeLimit:1.0]]
[2019.04.12-16.06.13:417][  0]LogConfig: Setting CVar [[s.LevelStreamingComponentsUnregistrationGranularity:5]]
[2019.04.12-16.06.13:417][  0]LogConfig: Applying CVar settings from Section [/Script/Engine.GarbageCollectionSettings] File [C:/Users/Michal/Documents/GitHub/Gameplay-Mechanics/GameplayMechanics/Saved/Config/Windows/Engine.ini]
[2019.04.12-16.06.13:417][  0]LogConfig: Setting CVar [[gc.MaxObjectsNotConsideredByGC:1]]
[2019.04.12-16.06.13:417][  0]LogConfig: Setting CVar [[gc.SizeOfPermanentObjectPool:0]]
[2019.04.12-16.06.13:417][  0]LogConfig: Setting CVar [[gc.FlushStreamingOnGC:0]]
[2019.04.12-16.06.13:417][  0]LogConfig: Setting CVar [[gc.NumRetriesBeforeForcingGC:10]]
[2019.04.12-16.06.13:417][  0]LogConfig: Setting CVar [[gc.AllowParallelGC:1]]
[2019.04.12-16.06.13:417][  0]LogConfig: Setting CVar [[gc.TimeBetweenPurgingPendingKillObjects:61.1]]
[2019.04.12-16.06.13:417][  0]LogConfig: Setting CVar [[gc.MaxObjectsInEditor:8388607]]
[2019.04.12-16.06.13:418][  0]LogConfig: Setting CVar [[gc.IncrementalBeginDestroyEnabled:1]]
[2019.04.12-16.06.13:418][  0]LogConfig: Setting CVar [[gc.CreateGCClusters:1]]
[2019.04.12-16.06.13:418][  0]LogConfig: Setting CVar [[gc.MergeGCClusters:0]]
[2019.04.12-16.06.13:418][  0]LogConfig: Setting CVar [[gc.MinGCClusterSize:5]]
[2019.04.12-16.06.13:418][  0]LogConfig: Setting CVar [[gc.ActorClusteringEnabled:0]]
[2019.04.12-16.06.13:418][  0]LogConfig: Setting CVar [[gc.BlueprintClusteringEnabled:0]]
[2019.04.12-16.06.13:418][  0]LogConfig: Setting CVar [[gc.UseDisregardForGCOnDedicatedServers:0]]
[2019.04.12-16.06.13:418][  0]LogConfig: Applying CVar settings from Section [/Script/Engine.NetworkSettings] File [C:/Users/Michal/Documents/GitHub/Gameplay-Mechanics/GameplayMechanics/Saved/Config/Windows/Engine.ini]
[2019.04.12-16.06.13:418][  0]LogConfig: Applying CVar settings from Section [/Script/UnrealEd.CookerSettings] File [C:/Users/Michal/Documents/GitHub/Gameplay-Mechanics/GameplayMechanics/Saved/Config/Windows/Engine.ini]
[2019.04.12-16.06.13:424][  0]LogConfig: Applying CVar settings from Section [ViewDistanceQuality@3] File [C:/Users/Michal/Documents/GitHub/Gameplay-Mechanics/GameplayMechanics/Saved/Config/Windows/Scalability.ini]
[2019.04.12-16.06.13:424][  0]LogConfig: Setting CVar [[r.SkeletalMeshLODBias:0]]
[2019.04.12-16.06.13:424][  0]LogConfig: Setting CVar [[r.ViewDistanceScale:1.0]]
[2019.04.12-16.06.13:424][  0]LogConfig: Applying CVar settings from Section [AntiAliasingQuality@3] File [C:/Users/Michal/Documents/GitHub/Gameplay-Mechanics/GameplayMechanics/Saved/Config/Windows/Scalability.ini]
[2019.04.12-16.06.13:424][  0]LogConfig: Setting CVar [[r.PostProcessAAQuality:4]]
[2019.04.12-16.06.13:424][  0]LogConfig: Applying CVar settings from Section [ShadowQuality@3] File [C:/Users/Michal/Documents/GitHub/Gameplay-Mechanics/GameplayMechanics/Saved/Config/Windows/Scalability.ini]
[2019.04.12-16.06.13:424][  0]LogConfig: Setting CVar [[r.LightFunctionQuality:1]]
[2019.04.12-16.06.13:424][  0]LogConfig: Setting CVar [[r.ShadowQuality:5]]
[2019.04.12-16.06.13:424][  0]LogConfig: Setting CVar [[r.Shadow.CSM.MaxCascades:10]]
[2019.04.12-16.06.13:424][  0]LogConfig: Setting CVar [[r.Shadow.MaxResolution:2048]]
[2019.04.12-16.06.13:424][  0]LogConfig: Setting CVar [[r.Shadow.MaxCSMResolution:2048]]
[2019.04.12-16.06.13:424][  0]LogConfig: Setting CVar [[r.Shadow.RadiusThreshold:0.01]]
[2019.04.12-16.06.13:424][  0]LogConfig: Setting CVar [[r.Shadow.DistanceScale:1.0]]
[2019.04.12-16.06.13:424][  0]LogConfig: Setting CVar [[r.Shadow.CSM.TransitionScale:1.0]]
[2019.04.12-16.06.13:424][  0]LogConfig: Setting CVar [[r.Shadow.PreShadowResolutionFactor:1.0]]
[2019.04.12-16.06.13:424][  0]LogConfig: Setting CVar [[r.DistanceFieldShadowing:1]]
[2019.04.12-16.06.13:424][  0]LogConfig: Setting CVar [[r.DistanceFieldAO:1]]
[2019.04.12-16.06.13:424][  0]LogConfig: Setting CVar [[r.AOQuality:2]]
[2019.04.12-16.06.13:424][  0]LogConfig: Setting CVar [[r.VolumetricFog:1]]
[2019.04.12-16.06.13:424][  0]LogConfig: Setting CVar [[r.VolumetricFog.GridPixelSize:8]]
[2019.04.12-16.06.13:424][  0]LogConfig: Setting CVar [[r.VolumetricFog.GridSizeZ:128]]
[2019.04.12-16.06.13:424][  0]LogConfig: Setting CVar [[r.VolumetricFog.HistoryMissSupersampleCount:4]]
[2019.04.12-16.06.13:424][  0]LogConfig: Setting CVar [[r.LightMaxDrawDistanceScale:1]]
[2019.04.12-16.06.13:424][  0]LogConfig: Setting CVar [[r.CapsuleShadows:1]]
[2019.04.12-16.06.13:424][  0]LogConfig: Applying CVar settings from Section [PostProcessQuality@3] File [C:/Users/Michal/Documents/GitHub/Gameplay-Mechanics/GameplayMechanics/Saved/Config/Windows/Scalability.ini]
[2019.04.12-16.06.13:424][  0]LogConfig: Setting CVar [[r.MotionBlurQuality:4]]
[2019.04.12-16.06.13:424][  0]LogConfig: Setting CVar [[r.AmbientOcclusionMipLevelFactor:0.4]]
[2019.04.12-16.06.13:424][  0]LogConfig: Setting CVar [[r.AmbientOcclusionMaxQuality:100]]
[2019.04.12-16.06.13:424][  0]LogConfig: Setting CVar [[r.AmbientOcclusionLevels:-1]]
[2019.04.12-16.06.13:424][  0]LogConfig: Setting CVar [[r.AmbientOcclusionRadiusScale:1.0]]
[2019.04.12-16.06.13:424][  0]LogConfig: Setting CVar [[r.DepthOfFieldQuality:2]]
[2019.04.12-16.06.13:424][  0]LogConfig: Setting CVar [[r.RenderTargetPoolMin:400]]
[2019.04.12-16.06.13:424][  0]LogConfig: Setting CVar [[r.LensFlareQuality:2]]
[2019.04.12-16.06.13:424][  0]LogConfig: Setting CVar [[r.SceneColorFringeQuality:1]]
[2019.04.12-16.06.13:424][  0]LogConfig: Setting CVar [[r.EyeAdaptationQuality:2]]
[2019.04.12-16.06.13:424][  0]LogConfig: Setting CVar [[r.BloomQuality:5]]
[2019.04.12-16.06.13:424][  0]LogConfig: Setting CVar [[r.FastBlurThreshold:100]]
[2019.04.12-16.06.13:424][  0]LogConfig: Setting CVar [[r.Upscale.Quality:3]]
[2019.04.12-16.06.13:424][  0]LogConfig: Setting CVar [[r.Tonemapper.GrainQuantization:1]]
[2019.04.12-16.06.13:424][  0]LogConfig: Setting CVar [[r.LightShaftQuality:1]]
[2019.04.12-16.06.13:424][  0]LogConfig: Setting CVar [[r.Filter.SizeScale:1]]
[2019.04.12-16.06.13:424][  0]LogConfig: Setting CVar [[r.Tonemapper.Quality:5]]
[2019.04.12-16.06.13:424][  0]LogConfig: Setting CVar [[r.DOF.Gather.AccumulatorQuality:1        ; higher gathering accumulator quality]]
[2019.04.12-16.06.13:424][  0]LogConfig: Setting CVar [[r.DOF.Gather.PostfilterMethod:1          ; Median3x3 postfilering method]]
[2019.04.12-16.06.13:424][  0]LogConfig: Setting CVar [[r.DOF.Gather.EnableBokehSettings:0       ; no bokeh simulation when gathering]]
[2019.04.12-16.06.13:424][  0]LogConfig: Setting CVar [[r.DOF.Gather.RingCount:4                 ; medium number of samples when gathering]]
[2019.04.12-16.06.13:424][  0]LogConfig: Setting CVar [[r.DOF.Scatter.ForegroundCompositing:1    ; additive foreground scattering]]
[2019.04.12-16.06.13:424][  0]LogConfig: Setting CVar [[r.DOF.Scatter.BackgroundCompositing:2    ; additive background scattering]]
[2019.04.12-16.06.13:424][  0]LogConfig: Setting CVar [[r.DOF.Scatter.EnableBokehSettings:1      ; bokeh simulation when scattering]]
[2019.04.12-16.06.13:424][  0]LogConfig: Setting CVar [[r.DOF.Scatter.MaxSpriteRatio:0.1         ; only a maximum of 10% of scattered bokeh]]
[2019.04.12-16.06.13:424][  0]LogConfig: Setting CVar [[r.DOF.Recombine.Quality:1                ; cheap slight out of focus]]
[2019.04.12-16.06.13:424][  0]LogConfig: Setting CVar [[r.DOF.Recombine.EnableBokehSettings:0    ; no bokeh simulation on slight out of focus]]
[2019.04.12-16.06.13:424][  0]LogConfig: Setting CVar [[r.DOF.TemporalAAQuality:1                ; more stable temporal accumulation]]
[2019.04.12-16.06.13:424][  0]LogConfig: Setting CVar [[r.DOF.Kernel.MaxForegroundRadius:0.025]]
[2019.04.12-16.06.13:424][  0]LogConfig: Setting CVar [[r.DOF.Kernel.MaxBackgroundRadius:0.025]]
[2019.04.12-16.06.13:424][  0]LogConfig: Applying CVar settings from Section [TextureQuality@3] File [C:/Users/Michal/Documents/GitHub/Gameplay-Mechanics/GameplayMechanics/Saved/Config/Windows/Scalability.ini]
[2019.04.12-16.06.13:424][  0]LogConfig: Setting CVar [[r.Streaming.MipBias:0]]
[2019.04.12-16.06.13:424][  0]LogConfig: Setting CVar [[r.Streaming.AmortizeCPUToGPUCopy:0]]
[2019.04.12-16.06.13:424][  0]LogConfig: Setting CVar [[r.Streaming.MaxNumTexturesToStreamPerFrame:0]]
[2019.04.12-16.06.13:424][  0]LogConfig: Setting CVar [[r.Streaming.Boost:1]]
[2019.04.12-16.06.13:424][  0]LogConfig: Setting CVar [[r.MaxAnisotropy:8]]
[2019.04.12-16.06.13:424][  0]LogConfig: Setting CVar [[r.Streaming.LimitPoolSizeToVRAM:0]]
[2019.04.12-16.06.13:424][  0]LogConfig: Setting CVar [[r.Streaming.PoolSize:1000]]
[2019.04.12-16.06.13:424][  0]LogConfig: Setting CVar [[r.Streaming.MaxEffectiveScreenSize:0]]
[2019.04.12-16.06.13:424][  0]LogConfig: Applying CVar settings from Section [EffectsQuality@3] File [C:/Users/Michal/Documents/GitHub/Gameplay-Mechanics/GameplayMechanics/Saved/Config/Windows/Scalability.ini]
[2019.04.12-16.06.13:424][  0]LogConfig: Setting CVar [[r.TranslucencyLightingVolumeDim:64]]
[2019.04.12-16.06.13:424][  0]LogConfig: Setting CVar [[r.RefractionQuality:2]]
[2019.04.12-16.06.13:424][  0]LogConfig: Setting CVar [[r.SSR.Quality:3]]
[2019.04.12-16.06.13:424][  0]LogConfig: Setting CVar [[r.SceneColorFormat:4]]
[2019.04.12-16.06.13:424][  0]LogConfig: Setting CVar [[r.DetailMode:2]]
[2019.04.12-16.06.13:424][  0]LogConfig: Setting CVar [[r.TranslucencyVolumeBlur:1]]
[2019.04.12-16.06.13:424][  0]LogConfig: Setting CVar [[r.MaterialQualityLevel:1 ; High quality]]
[2019.04.12-16.06.13:424][  0]LogConfig: Setting CVar [[r.SSS.Scale:1]]
[2019.04.12-16.06.13:424][  0]LogConfig: Setting CVar [[r.SSS.SampleSet:2]]
[2019.04.12-16.06.13:424][  0]LogConfig: Setting CVar [[r.SSS.Quality:1]]
[2019.04.12-16.06.13:424][  0]LogConfig: Setting CVar [[r.SSS.HalfRes:1]]
[2019.04.12-16.06.13:424][  0]LogConfig: Setting CVar [[r.EmitterSpawnRateScale:1.0]]
[2019.04.12-16.06.13:424][  0]LogConfig: Setting CVar [[r.ParticleLightQuality:2]]
[2019.04.12-16.06.13:424][  0]LogConfig: Applying CVar settings from Section [FoliageQuality@3] File [C:/Users/Michal/Documents/GitHub/Gameplay-Mechanics/GameplayMechanics/Saved/Config/Windows/Scalability.ini]
[2019.04.12-16.06.13:424][  0]LogConfig: Setting CVar [[foliage.DensityScale:1.0]]
[2019.04.12-16.06.13:424][  0]LogConfig: Setting CVar [[grass.DensityScale:1.0]]
[2019.04.12-16.06.13:425][  0]LogInit: Selected Device Profile: [Windows]
[2019.04.12-16.06.13:425][  0]LogInit: Applying CVar settings loaded from the selected device profile: [Windows]
[2019.04.12-16.06.13:437][  0]LogHAL: Display: Platform has ~ 16 GB [17117184000 / 17179869184 / 16], which maps to Larger [LargestMinGB=32, LargerMinGB=12, DefaultMinGB=8, SmallerMinGB=6, SmallestMinGB=0)
[2019.04.12-16.06.13:437][  0]LogConfig: Setting CVar [[r.Vulkan.UseRealUBs:1]]
[2019.04.12-16.06.13:437][  0]LogInit: Going up to parent DeviceProfile []
[2019.04.12-16.06.13:437][  0]LogConfig: Applying CVar settings from Section [ViewDistanceQuality@3] File [C:/Users/Michal/Documents/GitHub/Gameplay-Mechanics/GameplayMechanics/Saved/Config/Windows/Scalability.ini]
[2019.04.12-16.06.13:438][  0]LogConfig: Setting CVar [[r.SkeletalMeshLODBias:0]]
[2019.04.12-16.06.13:438][  0]LogConfig: Setting CVar [[r.ViewDistanceScale:1.0]]
[2019.04.12-16.06.13:438][  0]LogConfig: Applying CVar settings from Section [AntiAliasingQuality@3] File [C:/Users/Michal/Documents/GitHub/Gameplay-Mechanics/GameplayMechanics/Saved/Config/Windows/Scalability.ini]
[2019.04.12-16.06.13:438][  0]LogConfig: Setting CVar [[r.PostProcessAAQuality:4]]
[2019.04.12-16.06.13:438][  0]LogConfig: Applying CVar settings from Section [ShadowQuality@3] File [C:/Users/Michal/Documents/GitHub/Gameplay-Mechanics/GameplayMechanics/Saved/Config/Windows/Scalability.ini]
[2019.04.12-16.06.13:438][  0]LogConfig: Setting CVar [[r.LightFunctionQuality:1]]
[2019.04.12-16.06.13:438][  0]LogConfig: Setting CVar [[r.ShadowQuality:5]]
[2019.04.12-16.06.13:438][  0]LogConfig: Setting CVar [[r.Shadow.CSM.MaxCascades:10]]
[2019.04.12-16.06.13:438][  0]LogConfig: Setting CVar [[r.Shadow.MaxResolution:2048]]
[2019.04.12-16.06.13:438][  0]LogConfig: Setting CVar [[r.Shadow.MaxCSMResolution:2048]]
[2019.04.12-16.06.13:438][  0]LogConfig: Setting CVar [[r.Shadow.RadiusThreshold:0.01]]
[2019.04.12-16.06.13:438][  0]LogConfig: Setting CVar [[r.Shadow.DistanceScale:1.0]]
[2019.04.12-16.06.13:438][  0]LogConfig: Setting CVar [[r.Shadow.CSM.TransitionScale:1.0]]
[2019.04.12-16.06.13:438][  0]LogConfig: Setting CVar [[r.Shadow.PreShadowResolutionFactor:1.0]]
[2019.04.12-16.06.13:438][  0]LogConfig: Setting CVar [[r.DistanceFieldShadowing:1]]
[2019.04.12-16.06.13:438][  0]LogConfig: Setting CVar [[r.DistanceFieldAO:1]]
[2019.04.12-16.06.13:438][  0]LogConfig: Setting CVar [[r.AOQuality:2]]
[2019.04.12-16.06.13:438][  0]LogConfig: Setting CVar [[r.VolumetricFog:1]]
[2019.04.12-16.06.13:438][  0]LogConfig: Setting CVar [[r.VolumetricFog.GridPixelSize:8]]
[2019.04.12-16.06.13:438][  0]LogConfig: Setting CVar [[r.VolumetricFog.GridSizeZ:128]]
[2019.04.12-16.06.13:438][  0]LogConfig: Setting CVar [[r.VolumetricFog.HistoryMissSupersampleCount:4]]
[2019.04.12-16.06.13:438][  0]LogConfig: Setting CVar [[r.LightMaxDrawDistanceScale:1]]
[2019.04.12-16.06.13:438][  0]LogConfig: Setting CVar [[r.CapsuleShadows:1]]
[2019.04.12-16.06.13:438][  0]LogConfig: Applying CVar settings from Section [PostProcessQuality@3] File [C:/Users/Michal/Documents/GitHub/Gameplay-Mechanics/GameplayMechanics/Saved/Config/Windows/Scalability.ini]
[2019.04.12-16.06.13:438][  0]LogConfig: Setting CVar [[r.MotionBlurQuality:4]]
[2019.04.12-16.06.13:438][  0]LogConfig: Setting CVar [[r.AmbientOcclusionMipLevelFactor:0.4]]
[2019.04.12-16.06.13:438][  0]LogConfig: Setting CVar [[r.AmbientOcclusionMaxQuality:100]]
[2019.04.12-16.06.13:438][  0]LogConfig: Setting CVar [[r.AmbientOcclusionLevels:-1]]
[2019.04.12-16.06.13:438][  0]LogConfig: Setting CVar [[r.AmbientOcclusionRadiusScale:1.0]]
[2019.04.12-16.06.13:438][  0]LogConfig: Setting CVar [[r.DepthOfFieldQuality:2]]
[2019.04.12-16.06.13:438][  0]LogConfig: Setting CVar [[r.RenderTargetPoolMin:400]]
[2019.04.12-16.06.13:438][  0]LogConfig: Setting CVar [[r.LensFlareQuality:2]]
[2019.04.12-16.06.13:438][  0]LogConfig: Setting CVar [[r.SceneColorFringeQuality:1]]
[2019.04.12-16.06.13:438][  0]LogConfig: Setting CVar [[r.EyeAdaptationQuality:2]]
[2019.04.12-16.06.13:438][  0]LogConfig: Setting CVar [[r.BloomQuality:5]]
[2019.04.12-16.06.13:438][  0]LogConfig: Setting CVar [[r.FastBlurThreshold:100]]
[2019.04.12-16.06.13:438][  0]LogConfig: Setting CVar [[r.Upscale.Quality:3]]
[2019.04.12-16.06.13:438][  0]LogConfig: Setting CVar [[r.Tonemapper.GrainQuantization:1]]
[2019.04.12-16.06.13:438][  0]LogConfig: Setting CVar [[r.LightShaftQuality:1]]
[2019.04.12-16.06.13:438][  0]LogConfig: Setting CVar [[r.Filter.SizeScale:1]]
[2019.04.12-16.06.13:438][  0]LogConfig: Setting CVar [[r.Tonemapper.Quality:5]]
[2019.04.12-16.06.13:438][  0]LogConfig: Setting CVar [[r.DOF.Gather.AccumulatorQuality:1        ; higher gathering accumulator quality]]
[2019.04.12-16.06.13:438][  0]LogConfig: Setting CVar [[r.DOF.Gather.PostfilterMethod:1          ; Median3x3 postfilering method]]
[2019.04.12-16.06.13:438][  0]LogConfig: Setting CVar [[r.DOF.Gather.EnableBokehSettings:0       ; no bokeh simulation when gathering]]
[2019.04.12-16.06.13:438][  0]LogConfig: Setting CVar [[r.DOF.Gather.RingCount:4                 ; medium number of samples when gathering]]
[2019.04.12-16.06.13:438][  0]LogConfig: Setting CVar [[r.DOF.Scatter.ForegroundCompositing:1    ; additive foreground scattering]]
[2019.04.12-16.06.13:438][  0]LogConfig: Setting CVar [[r.DOF.Scatter.BackgroundCompositing:2    ; additive background scattering]]
[2019.04.12-16.06.13:438][  0]LogConfig: Setting CVar [[r.DOF.Scatter.EnableBokehSettings:1      ; bokeh simulation when scattering]]
[2019.04.12-16.06.13:438][  0]LogConfig: Setting CVar [[r.DOF.Scatter.MaxSpriteRatio:0.1         ; only a maximum of 10% of scattered bokeh]]
[2019.04.12-16.06.13:438][  0]LogConfig: Setting CVar [[r.DOF.Recombine.Quality:1                ; cheap slight out of focus]]
[2019.04.12-16.06.13:438][  0]LogConfig: Setting CVar [[r.DOF.Recombine.EnableBokehSettings:0    ; no bokeh simulation on slight out of focus]]
[2019.04.12-16.06.13:438][  0]LogConfig: Setting CVar [[r.DOF.TemporalAAQuality:1                ; more stable temporal accumulation]]
[2019.04.12-16.06.13:438][  0]LogConfig: Setting CVar [[r.DOF.Kernel.MaxForegroundRadius:0.025]]
[2019.04.12-16.06.13:438][  0]LogConfig: Setting CVar [[r.DOF.Kernel.MaxBackgroundRadius:0.025]]
[2019.04.12-16.06.13:438][  0]LogConfig: Applying CVar settings from Section [TextureQuality@3] File [C:/Users/Michal/Documents/GitHub/Gameplay-Mechanics/GameplayMechanics/Saved/Config/Windows/Scalability.ini]
[2019.04.12-16.06.13:438][  0]LogConfig: Setting CVar [[r.Streaming.MipBias:0]]
[2019.04.12-16.06.13:438][  0]LogConfig: Setting CVar [[r.Streaming.AmortizeCPUToGPUCopy:0]]
[2019.04.12-16.06.13:438][  0]LogConfig: Setting CVar [[r.Streaming.MaxNumTexturesToStreamPerFrame:0]]
[2019.04.12-16.06.13:438][  0]LogConfig: Setting CVar [[r.Streaming.Boost:1]]
[2019.04.12-16.06.13:438][  0]LogConfig: Setting CVar [[r.MaxAnisotropy:8]]
[2019.04.12-16.06.13:438][  0]LogConfig: Setting CVar [[r.Streaming.LimitPoolSizeToVRAM:0]]
[2019.04.12-16.06.13:438][  0]LogConfig: Setting CVar [[r.Streaming.PoolSize:1000]]
[2019.04.12-16.06.13:438][  0]LogConfig: Setting CVar [[r.Streaming.MaxEffectiveScreenSize:0]]
[2019.04.12-16.06.13:438][  0]LogConfig: Applying CVar settings from Section [EffectsQuality@3] File [C:/Users/Michal/Documents/GitHub/Gameplay-Mechanics/GameplayMechanics/Saved/Config/Windows/Scalability.ini]
[2019.04.12-16.06.13:438][  0]LogConfig: Setting CVar [[r.TranslucencyLightingVolumeDim:64]]
[2019.04.12-16.06.13:438][  0]LogConfig: Setting CVar [[r.RefractionQuality:2]]
[2019.04.12-16.06.13:438][  0]LogConfig: Setting CVar [[r.SSR.Quality:3]]
[2019.04.12-16.06.13:438][  0]LogConfig: Setting CVar [[r.SceneColorFormat:4]]
[2019.04.12-16.06.13:438][  0]LogConfig: Setting CVar [[r.DetailMode:2]]
[2019.04.12-16.06.13:438][  0]LogConfig: Setting CVar [[r.TranslucencyVolumeBlur:1]]
[2019.04.12-16.06.13:438][  0]LogConfig: Setting CVar [[r.MaterialQualityLevel:1 ; High quality]]
[2019.04.12-16.06.13:438][  0]LogConfig: Setting CVar [[r.SSS.Scale:1]]
[2019.04.12-16.06.13:438][  0]LogConfig: Setting CVar [[r.SSS.SampleSet:2]]
[2019.04.12-16.06.13:438][  0]LogConfig: Setting CVar [[r.SSS.Quality:1]]
[2019.04.12-16.06.13:438][  0]LogConfig: Setting CVar [[r.SSS.HalfRes:1]]
[2019.04.12-16.06.13:438][  0]LogConfig: Setting CVar [[r.EmitterSpawnRateScale:1.0]]
[2019.04.12-16.06.13:438][  0]LogConfig: Setting CVar [[r.ParticleLightQuality:2]]
[2019.04.12-16.06.13:438][  0]LogConfig: Applying CVar settings from Section [FoliageQuality@3] File [C:/Users/Michal/Documents/GitHub/Gameplay-Mechanics/GameplayMechanics/Saved/Config/Windows/Scalability.ini]
[2019.04.12-16.06.13:438][  0]LogConfig: Setting CVar [[foliage.DensityScale:1.0]]
[2019.04.12-16.06.13:438][  0]LogConfig: Setting CVar [[grass.DensityScale:1.0]]
[2019.04.12-16.06.13:438][  0]LogConfig: Applying CVar settings from Section [Startup] File [../../../Engine/Config/ConsoleVariables.ini]
[2019.04.12-16.06.13:439][  0]LogConfig: Setting CVar [[net.UseAdaptiveNetUpdateFrequency:0]]
[2019.04.12-16.06.13:439][  0]LogConfig: Applying CVar settings from Section [ConsoleVariables] File [C:/Users/Michal/Documents/GitHub/Gameplay-Mechanics/GameplayMechanics/Saved/Config/Windows/Engine.ini]
[2019.04.12-16.06.13:439][  0]LogInit: Computer: DESKTOP-F66LNLJ
[2019.04.12-16.06.13:439][  0]LogInit: User: Michal
[2019.04.12-16.06.13:439][  0]LogInit: CPU Page size=4096, Cores=4
[2019.04.12-16.06.13:439][  0]LogInit: High frequency timer resolution =3.914067 MHz
[2019.04.12-16.06.13:439][  0]LogMemory: Memory total: Physical=15.9GB (16GB approx)
[2019.04.12-16.06.13:439][  0]LogMemory: Platform Memory Stats for Windows
[2019.04.12-16.06.13:439][  0]LogMemory: Process Physical Memory: 102.69 MB used, 102.69 MB peak
[2019.04.12-16.06.13:439][  0]LogMemory: Process Virtual Memory: 89.71 MB used, 89.71 MB peak
[2019.04.12-16.06.13:439][  0]LogMemory: Physical Memory: 8949.14 MB used,  7375.08 MB free, 16324.22 MB total
[2019.04.12-16.06.13:439][  0]LogMemory: Virtual Memory: 4646.27 MB used,  134213080.00 MB free, 134217728.00 MB total
[2019.04.12-16.06.13:454][  0]LogInit: Using OS detected language (en-US).
[2019.04.12-16.06.13:455][  0]LogInit: Using OS detected locale (en-GB).
[2019.04.12-16.06.13:455][  0]LogTextLocalizationManager: No specific localization for 'en-US' exists, so the 'en' localization will be used.
[2019.04.12-16.06.13:784][  0]LogStreaming: Display: Took  0.330s to InitEngineTextLocalization.
[2019.04.12-16.06.13:784][  0]LogInit: Setting process to per monitor DPI aware
[2019.04.12-16.06.13:823][  0]LogSlate: New Slate User Created.  User Index 0, Is Virtual User: 0
[2019.04.12-16.06.13:823][  0]LogSlate: Slate User Registered.  User Index 0, Is Virtual User: 0
[2019.04.12-16.06.13:990][  0]LogHMD: Failed to initialize OpenVR with code 110
[2019.04.12-16.06.13:990][  0]LogD3D11RHI: D3D11 adapters:
[2019.04.12-16.06.14:049][  0]LogD3D11RHI:    0. 'NVIDIA GeForce GTX 1080' (Feature Level 11_0)
[2019.04.12-16.06.14:049][  0]LogD3D11RHI:       8079/0/8162 MB DedicatedVideo/DedicatedSystem/SharedSystem, Outputs:2, VendorId:0x10de
[2019.04.12-16.06.14:051][  0]LogD3D11RHI:    1. 'Microsoft Basic Render Driver' (Feature Level 11_0)
[2019.04.12-16.06.14:051][  0]LogD3D11RHI:       0/0/8162 MB DedicatedVideo/DedicatedSystem/SharedSystem, Outputs:0, VendorId:0x1414
[2019.04.12-16.06.14:051][  0]LogD3D11RHI: Chosen D3D11 Adapter: 0
[2019.04.12-16.06.14:057][  0]LogD3D11RHI: Creating new Direct3DDevice
[2019.04.12-16.06.14:058][  0]LogD3D11RHI:     GPU DeviceId: 0x1b80 (for the marketing name, search the web for "GPU Device Id")
[2019.04.12-16.06.14:058][  0]LogWindows: EnumDisplayDevices:
[2019.04.12-16.06.14:058][  0]LogWindows:    0. 'NVIDIA GeForce GTX 1080' (P:1 D:1)
[2019.04.12-16.06.14:058][  0]LogWindows:    1. 'NVIDIA GeForce GTX 1080' (P:0 D:1)
[2019.04.12-16.06.14:058][  0]LogWindows:    2. 'NVIDIA GeForce GTX 1080' (P:0 D:0)
[2019.04.12-16.06.14:058][  0]LogWindows:    3. 'NVIDIA GeForce GTX 1080' (P:0 D:0)
[2019.04.12-16.06.14:058][  0]LogWindows: DebugString: FoundDriverCount:4 
[2019.04.12-16.06.14:058][  0]LogD3D11RHI:     Adapter Name: NVIDIA GeForce GTX 1080
[2019.04.12-16.06.14:058][  0]LogD3D11RHI:   Driver Version: 418.81 (internal:25.21.14.1881, unified:418.81)
[2019.04.12-16.06.14:058][  0]LogD3D11RHI:      Driver Date: 1-30-2019
[2019.04.12-16.06.14:058][  0]LogRHI: Texture pool is 5655 MB (70% of 8079 MB)
[2019.04.12-16.06.14:092][  0]LogD3D11RHI: Async texture creation enabled
[2019.04.12-16.06.14:117][  0]LogD3D11RHI: GPU Timing Frequency: 1000.000000 (Debug: 2 1)
[2019.04.12-16.06.14:491][  0]LogTemp: Display: Loaded TP AllDesktopTargetPlatform
[2019.04.12-16.06.14:506][  0]LogTemp: Display: Loaded TP MacClientTargetPlatform
[2019.04.12-16.06.14:519][  0]LogTemp: Display: Loaded TP MacNoEditorTargetPlatform
[2019.04.12-16.06.14:530][  0]LogTemp: Display: Loaded TP MacServerTargetPlatform
[2019.04.12-16.06.14:541][  0]LogTemp: Display: Loaded TP MacTargetPlatform
[2019.04.12-16.06.14:552][  0]LogTemp: Display: Loaded TP WindowsClientTargetPlatform
[2019.04.12-16.06.14:568][  0]LogTemp: Display: Loaded TP WindowsNoEditorTargetPlatform
[2019.04.12-16.06.14:579][  0]LogTemp: Display: Loaded TP WindowsServerTargetPlatform
[2019.04.12-16.06.14:584][  0]LogTemp: Display: Loaded TP WindowsTargetPlatform
[2019.04.12-16.06.14:662][  0]LogTemp: Display: Loaded TP AndroidTargetPlatform
[2019.04.12-16.06.14:662][  0]LogTemp: Display: Loaded TP AndroidTargetPlatform
[2019.04.12-16.06.14:662][  0]LogTemp: Display: Loaded TP AndroidTargetPlatform
[2019.04.12-16.06.14:662][  0]LogTemp: Display: Loaded TP AndroidTargetPlatform
[2019.04.12-16.06.14:662][  0]LogTemp: Display: Loaded TP AndroidTargetPlatform
[2019.04.12-16.06.14:662][  0]LogTemp: Display: Loaded TP AndroidTargetPlatform
[2019.04.12-16.06.14:662][  0]LogTemp: Display: Loaded TP AndroidTargetPlatform
[2019.04.12-16.06.14:662][  0]LogTemp: Display: Loaded TP AndroidTargetPlatform
[2019.04.12-16.06.14:662][  0]LogTemp: Display: Loaded TP AndroidTargetPlatform
[2019.04.12-16.06.14:662][  0]LogTemp: Display: Loaded TP AndroidTargetPlatform
[2019.04.12-16.06.14:662][  0]LogTemp: Display: Loaded TP AndroidTargetPlatform
[2019.04.12-16.06.14:662][  0]LogTemp: Display: Loaded TP AndroidTargetPlatform
[2019.04.12-16.06.14:662][  0]LogTemp: Display: Loaded TP AndroidTargetPlatform
[2019.04.12-16.06.14:662][  0]LogTemp: Display: Loaded TP AndroidTargetPlatform
[2019.04.12-16.06.14:662][  0]LogTemp: Display: Loaded TP AndroidTargetPlatform
[2019.04.12-16.06.14:662][  0]LogTemp: Display: Loaded TP AndroidTargetPlatform
[2019.04.12-16.06.14:662][  0]LogTemp: Display: Loaded TP AndroidTargetPlatform
[2019.04.12-16.06.14:662][  0]LogTemp: Display: Loaded TP AndroidTargetPlatform
[2019.04.12-16.06.14:663][  0]LogTemp: Display: Loaded TP HTML5TargetPlatform
[2019.04.12-16.06.14:725][  0]LogTemp: Display: Loaded TP IOSTargetPlatform
[2019.04.12-16.06.14:725][  0]LogTemp: Display: Loaded TP IOSTargetPlatform
[2019.04.12-16.06.14:747][  0]LogTemp: Display: Loaded TP TVOSTargetPlatform
[2019.04.12-16.06.14:747][  0]LogTemp: Display: Loaded TP TVOSTargetPlatform
[2019.04.12-16.06.14:758][  0]LogTemp: Display: Loaded TP LinuxClientTargetPlatform
[2019.04.12-16.06.14:768][  0]LogTemp: Display: Loaded TP LinuxNoEditorTargetPlatform
[2019.04.12-16.06.14:780][  0]LogTemp: Display: Loaded TP LinuxServerTargetPlatform
[2019.04.12-16.06.14:794][  0]LogTemp: Display: Loaded TP LinuxTargetPlatform
[2019.04.12-16.06.14:833][  0]LogTemp: Display: Loaded TP LuminTargetPlatform
[2019.04.12-16.06.14:833][  0]LogTemp: Display: Loaded TP LuminTargetPlatform
[2019.04.12-16.06.14:833][  0]LogTargetPlatformManager: Display: Building Assets For Windows
[2019.04.12-16.06.14:886][  0]LogShaderCompilers: Guid format shader working directory is -37 characters bigger than the processId version (../../../../../../Users/Michal/Documents/GitHub/Gameplay-Mechanics/GameplayMechanics/Intermediate/Shaders/WorkingDirectory/8340/).
[2019.04.12-16.06.14:886][  0]LogShaderCompilers: Cleaned the shader compiler working directory 'C:/Users/Michal/AppData/Local/Temp/UnrealShaderWorkingDir/BB5939AB427D835A308547986DB45444/'.
[2019.04.12-16.06.14:888][  0]LogXGEController: Cannot use XGE Controller as Incredibuild is not installed on this machine.
[2019.04.12-16.06.14:888][  0]LogShaderCompilers: Cannot use XGE Shader Compiler as Incredibuild is not installed on this machine.
[2019.04.12-16.06.14:888][  0]LogShaderCompilers: Display: Using Local Shader Compiler.
[2019.04.12-16.06.15:376][  0]LogDerivedDataCache: Display: Max Cache Size: 512 MB
[2019.04.12-16.06.15:429][  0]LogDerivedDataCache: Loaded boot cache 0.05s 73MB C:/Users/Michal/AppData/Local/UnrealEngine/4.21/DerivedDataCache/Boot.ddc.
[2019.04.12-16.06.15:429][  0]LogDerivedDataCache: Display: Loaded Boot cache: C:/Users/Michal/AppData/Local/UnrealEngine/4.21/DerivedDataCache/Boot.ddc
[2019.04.12-16.06.15:429][  0]LogDerivedDataCache: FDerivedDataBackendGraph:  Pak pak cache file ../../../../../../Users/Michal/Documents/GitHub/Gameplay-Mechanics/GameplayMechanics/DerivedDataCache/DDC.ddp not found, will not use a pak cache.
[2019.04.12-16.06.15:429][  0]LogDerivedDataCache: Unable to find inner node Pak for hierarchical cache Hierarchy.
[2019.04.12-16.06.15:429][  0]LogDerivedDataCache: FDerivedDataBackendGraph:  CompressedPak pak cache file ../../../../../../Users/Michal/Documents/GitHub/Gameplay-Mechanics/GameplayMechanics/DerivedDataCache/Compressed.ddp not found, will not use a pak cache.
[2019.04.12-16.06.15:429][  0]LogDerivedDataCache: Unable to find inner node CompressedPak for hierarchical cache Hierarchy.
[2019.04.12-16.06.15:442][  0]LogDerivedDataCache: Display: Pak cache opened for reading ../../../Engine/DerivedDataCache/Compressed.ddp.
[2019.04.12-16.06.15:442][  0]LogDerivedDataCache: FDerivedDataBackendGraph:  EnterprisePak pak cache file ../../../Enterprise/DerivedDataCache/Compressed.ddp not found, will not use a pak cache.
[2019.04.12-16.06.15:442][  0]LogDerivedDataCache: Unable to find inner node EnterprisePak for hierarchical cache Hierarchy.
[2019.04.12-16.06.15:454][  0]LogDerivedDataCache: Using Local data cache path C:/Users/Michal/AppData/Local/UnrealEngine/Common/DerivedDataCache: Writable
[2019.04.12-16.06.15:454][  0]LogDerivedDataCache: Shared data cache path not found in *engine.ini, will not use an Shared cache.
[2019.04.12-16.06.15:454][  0]LogDerivedDataCache: Unable to find inner node Shared for hierarchical cache Hierarchy.
[2019.04.12-16.06.15:473][  0]LogMaterial: Verifying Global Shaders for PCD3D_SM5
[2019.04.12-16.06.15:475][  0]LogSlate: Using FreeType 2.6.0
[2019.04.12-16.06.15:475][  0]LogSlate: SlateFontServices - WITH_FREETYPE: 1, WITH_HARFBUZZ: 1
[2019.04.12-16.06.15:556][  0]LogAssetRegistry: FAssetRegistry took 0.0332 seconds to start up
[2019.04.12-16.06.15:851][  0]LogInit: Selected Device Profile: [Windows]
[2019.04.12-16.06.15:979][  0]LogSimplygon: Simplygon DLL not present - disabling.
[2019.04.12-16.06.15:982][  0]LogMeshReduction: Using SimplygonSwarm for distributed automatic mesh merging
[2019.04.12-16.06.15:982][  0]LogMeshReduction: Using ProxyLODMeshReduction for automatic mesh merging
[2019.04.12-16.06.15:983][  0]LogMeshReduction: Using QuadricMeshReduction for automatic static mesh reduction
[2019.04.12-16.06.15:983][  0]LogMeshReduction: No automatic skeletal mesh reduction module available
[2019.04.12-16.06.15:995][  0]LogNetVersion: GameplayMechanics 1.0.0, NetCL: 4541578, EngineNetVer: 5, GameNetVer: 0 (Checksum: 3490075600)
[2019.04.12-16.06.16:472][  0]LogPackageLocalizationCache: Processed 11 localized package path(s) for 2 prioritized culture(s) in 0.084238 seconds
[2019.04.12-16.06.16:477][  0]LogUObjectArray: 39775 objects as part of root set at end of initial load.
[2019.04.12-16.06.16:477][  0]LogUObjectAllocator: 6914656 out of 0 bytes used by permanent object pool.
[2019.04.12-16.06.16:477][  0]LogUObjectArray: CloseDisregardForGC: 0/0 objects in disregard for GC pool
[2019.04.12-16.06.17:241][  0]LogTcpMessaging: Initializing TcpMessaging bridge
[2019.04.12-16.06.17:253][  0]LogUdpMessaging: Initializing bridge on interface 0.0.0.0:0 to multicast group 230.0.0.1:6666.
[2019.04.12-16.06.17:874][  0]LogWindows: Windows GetLastError: The operation completed successfully. (0)
[2019.04.12-16.06.18:745][  0]LogWindows: Error: === Critical error: ===
[2019.04.12-16.06.18:745][  0]LogWindows: Error: 
[2019.04.12-16.06.18:745][  0]LogWindows: Error: Fatal error: [File:D:\Build\++UE4\Sync\Engine\Source\Runtime\CoreUObject\Private\UObject\UObjectGlobals.cpp] [Line: 3755] 
[2019.04.12-16.06.18:745][  0]LogWindows: Error: Default subobject SphereComponent SphereComponent already exists for FlyingArrow /Script/GameplayMechanics.Default__FlyingArrow.
[2019.04.12-16.06.18:745][  0]LogWindows: Error: 
[2019.04.12-16.06.18:745][  0]LogWindows: Error: 
[2019.04.12-16.06.18:745][  0]LogWindows: Error: [Callstack] 0x00007ff95beda388 KERNELBASE.dll!UnknownFunction []
[2019.04.12-16.06.18:745][  0]LogWindows: Error: [Callstack] 0x00007ff91c73cd1a UE4Editor-Core.dll!UnknownFunction []
[2019.04.12-16.06.18:745][  0]LogWindows: Error: [Callstack] 0x00007ff91c51a967 UE4Editor-Core.dll!UnknownFunction []
[2019.04.12-16.06.18:745][  0]LogWindows: Error: [Callstack] 0x00007ff91c450df7 UE4Editor-Core.dll!UnknownFunction []
[2019.04.12-16.06.18:745][  0]LogWindows: Error: [Callstack] 0x00007ff90edf4236 UE4Editor-CoreUObject.dll!UnknownFunction []
[2019.04.12-16.06.18:745][  0]LogWindows: Error: [Callstack] 0x00007ff90ed20a2d UE4Editor-CoreUObject.dll!UnknownFunction []
[2019.04.12-16.06.18:745][  0]LogWindows: Error: [Callstack] 0x00007ff8eea84125 UE4Editor-GameplayMechanics-2864.dll!AFlyingArrow::AFlyingArrow() [c:\users\michal\documents\github\gameplay-mechanics\gameplaymechanics\source\gameplaymechanics\flyingarrow.cpp:13]
[2019.04.12-16.06.18:745][  0]LogWindows: Error: [Callstack] 0x00007ff90eb68973 UE4Editor-CoreUObject.dll!UnknownFunction []
[2019.04.12-16.06.18:745][  0]LogWindows: Error: [Callstack] 0x00007ff90ee320a8 UE4Editor-CoreUObject.dll!UnknownFunction []
[2019.04.12-16.06.18:745][  0]LogWindows: Error: [Callstack] 0x00007ff90ee1819f UE4Editor-CoreUObject.dll!UnknownFunction []
[2019.04.12-16.06.18:745][  0]LogWindows: Error: [Callstack] 0x00007ff90eb6e977 UE4Editor-CoreUObject.dll!UnknownFunction []
[2019.04.12-16.06.18:745][  0]LogWindows: Error: [Callstack] 0x00007ff91c35ca7e UE4Editor-Core.dll!UnknownFunction []
[2019.04.12-16.06.18:745][  0]LogWindows: Error: [Callstack] 0x00007ff91c519e66 UE4Editor-Core.dll!UnknownFunction []
[2019.04.12-16.06.18:745][  0]LogWindows: Error: [Callstack] 0x00007ff93552cfec UE4Editor-Projects.dll!UnknownFunction []
[2019.04.12-16.06.18:745][  0]LogWindows: Error: [Callstack] 0x00007ff93552d2d4 UE4Editor-Projects.dll!UnknownFunction []
[2019.04.12-16.06.18:745][  0]LogWindows: Error: [Callstack] 0x00007ff78f8c83a1 UE4Editor.exe!UnknownFunction []
[2019.04.12-16.06.18:745][  0]LogWindows: Error: [Callstack] 0x00007ff78f8cdc6b UE4Editor.exe!UnknownFunction []
[2019.04.12-16.06.18:745][  0]LogWindows: Error: [Callstack] 0x00007ff78f8c5783 UE4Editor.exe!UnknownFunction []
[2019.04.12-16.06.18:745][  0]LogWindows: Error: [Callstack] 0x00007ff78f8c59ea UE4Editor.exe!UnknownFunction []
[2019.04.12-16.06.18:745][  0]LogWindows: Error: [Callstack] 0x00007ff78f8d48da UE4Editor.exe!UnknownFunction []
[2019.04.12-16.06.18:745][  0]LogWindows: Error: [Callstack] 0x00007ff78f8d659a UE4Editor.exe!UnknownFunction []
[2019.04.12-16.06.18:745][  0]LogWindows: Error: [Callstack] 0x00007ff95e584034 KERNEL32.DLL!UnknownFunction []
[2019.04.12-16.06.18:746][  0]LogWindows: Error: [Callstack] 0x00007ff95ed03691 ntdll.dll!UnknownFunction []
[2019.04.12-16.06.18:746][  0]LogWindows: Error: 
[2019.04.12-16.06.18:768][  0]LogExit: Executing StaticShutdownAfterError
[2019.04.12-16.06.18:770][  0]LogWindows: FPlatformMisc::RequestExit(1)
[2019.04.12-16.06.18:779][  0]Log file closed, 04/12/19 17:06:18
