Log file open, 04/14/19 19:18:28
LogWindows: Failed to load 'aqProf.dll' (GetLastError=126)
LogWindows: File 'aqProf.dll' does not exist
LogWindows: Failed to load 'VtuneApi.dll' (GetLastError=126)
LogWindows: File 'VtuneApi.dll' does not exist
LogWindows: Failed to load 'VtuneApi32e.dll' (GetLastError=126)
LogWindows: File 'VtuneApi32e.dll' does not exist
LogConsoleResponse: Display: Failed to find resolution value strings in scalability ini. Falling back to default.
LogInit: Display: Running engine for game: GameplayMechanics
LogPakFile: Registered encryption key '00000000000000000000000000000000': 0 pak files mounted, 0 remain pending
LogPlatformFile: Not using cached read wrapper
LogTaskGraph: Started task graph with 5 named threads and 23 total threads with 3 sets of task threads.
LogStats: Stats thread started at 0.273029
LogD3D11RHI: Loaded GFSDK_Aftermath_Lib.x64.dll
LogICUInternationalization: ICU TimeZone Detection - Raw Offset: +0:00, Platform Override: ''
LogPluginManager: Mounting plugin Paper2D
LogPluginManager: Mounting plugin AISupport
LogPluginManager: Mounting plugin LightPropagationVolume
LogPluginManager: Mounting plugin ActorLayerUtilities
LogPluginManager: Mounting plugin CLionSourceCodeAccess
LogPluginManager: Mounting plugin CodeLiteSourceCodeAccess
LogPluginManager: Mounting plugin GitSourceControl
LogPluginManager: Mounting plugin KDevelopSourceCodeAccess
LogPluginManager: Mounting plugin NullSourceCodeAccess
LogPluginManager: Mounting plugin PerforceSourceControl
LogPluginManager: Mounting plugin SubversionSourceControl
LogPluginManager: Mounting plugin UObjectPlugin
LogPluginManager: Mounting plugin VisualStudioCodeSourceCodeAccess
LogPluginManager: Mounting plugin VisualStudioSourceCodeAccess
LogPluginManager: Mounting plugin XCodeSourceCodeAccess
LogPluginManager: Mounting plugin AssetManagerEditor
LogPluginManager: Mounting plugin CryptoKeys
LogPluginManager: Mounting plugin DataValidation
LogPluginManager: Mounting plugin FacialAnimation
LogPluginManager: Mounting plugin GameplayTagsEditor
LogPluginManager: Mounting plugin MacGraphicsSwitching
LogPluginManager: Mounting plugin MeshEditor
LogPluginManager: Mounting plugin MobileLauncherProfileWizard
LogPluginManager: Mounting plugin PluginBrowser
LogPluginManager: Mounting plugin SpeedTreeImporter
LogPluginManager: Mounting plugin DatasmithContent
LogPluginManager: Mounting plugin VariantManagerContent
LogPluginManager: Mounting plugin AlembicImporter
LogPluginManager: Mounting plugin AppleImageUtils
LogPluginManager: Mounting plugin AppleVision
LogPluginManager: Mounting plugin BackChannel
LogPluginManager: Mounting plugin CharacterAI
LogPluginManager: Mounting plugin GeometryCache
LogPluginManager: Mounting plugin HTML5Networking
LogPluginManager: Mounting plugin ProxyLODPlugin
LogPluginManager: Mounting plugin MagicLeap
LogPluginManager: Mounting plugin MagicLeapMedia
LogPluginManager: Mounting plugin AndroidMedia
LogPluginManager: Mounting plugin AvfMedia
LogPluginManager: Mounting plugin ImgMedia
LogPluginManager: Mounting plugin LinearTimecode
LogPluginManager: Mounting plugin MediaCompositing
LogPluginManager: Mounting plugin MediaPlayerEditor
LogPluginManager: Mounting plugin WebMMedia
LogPluginManager: Mounting plugin WmfMedia
LogPluginManager: Mounting plugin TcpMessaging
LogPluginManager: Mounting plugin UdpMessaging
LogPluginManager: Mounting plugin ActorSequence
LogPluginManager: Mounting plugin LevelSequenceEditor
LogPluginManager: Mounting plugin MatineeToLevelSequence
LogPluginManager: Mounting plugin NetcodeUnitTest
LogPluginManager: Mounting plugin NUTUnrealEngine4
LogPluginManager: Mounting plugin OnlineSubsystemGooglePlay
LogPluginManager: Mounting plugin OnlineSubsystemIOS
LogPluginManager: Mounting plugin OnlineSubsystem
LogPluginManager: Mounting plugin OnlineSubsystemNull
LogPluginManager: Mounting plugin OnlineSubsystemUtils
LogPluginManager: Mounting plugin LauncherChunkInstaller
LogPluginManager: Mounting plugin AndroidDeviceProfileSelector
LogPluginManager: Mounting plugin AndroidMoviePlayer
LogPluginManager: Mounting plugin AndroidPermission
LogPluginManager: Mounting plugin AppleMoviePlayer
LogPluginManager: Mounting plugin ArchVisCharacter
LogPluginManager: Mounting plugin AudioCapture
LogPluginManager: Mounting plugin CableComponent
LogPluginManager: Mounting plugin CustomMeshComponent
LogPluginManager: Mounting plugin EditableMesh
LogPluginManager: Mounting plugin ExampleDeviceProfileSelector
LogPluginManager: Mounting plugin Firebase
LogPluginManager: Mounting plugin GoogleCloudMessaging
LogPluginManager: Mounting plugin IOSDeviceProfileSelector
LogPluginManager: Mounting plugin LinuxDeviceProfileSelector
LogPluginManager: Mounting plugin LocationServicesBPLibrary
LogPluginManager: Mounting plugin MobilePatchingUtils
LogPluginManager: Mounting plugin OculusVR
LogPluginManager: Mounting plugin PhysXVehicles
LogPluginManager: Mounting plugin ProceduralMeshComponent
LogPluginManager: Mounting plugin RuntimePhysXCooking
LogPluginManager: Mounting plugin SteamVR
LogPluginManager: Mounting plugin WebMMoviePlayer
LogPluginManager: Mounting plugin WindowsMoviePlayer
LogStreaming: Display: Took  0.072s to configure plugins.
LogInit: Warning: Incompatible or missing module: GameplayMechanics
Running C:/Program Files/Epic Games/UE_4.21/Engine/Binaries/DotNET/UnrealBuildTool.exe Development Win64 -Project="C:/Users/Michal/Documents/GitHub/Gameplay-Mechanics/GameplayMechanics/GameplayMechanics.uproject" -TargetType=Editor -Progress -NoHotReloadFromIDE
Performing full C++ include scan (building a new target)
Using 'git status' to determine working set for adaptive non-unity build (C:\Users\Michal\Documents\GitHub\Gameplay-Mechanics).
Creating makefile for GameplayMechanicsEditor (no existing makefile)
Using Visual Studio 2017 14.16.27023 toolchain (C:\Program Files (x86)\Microsoft Visual Studio\2017\Community\VC\Tools\MSVC\14.16.27023) and Windows 10.0.17763.0 SDK (C:\Program Files (x86)\Windows Kits\10).
@progress push 5%
@progress pop
Building 3 actions with 8 processes...
  @progress 'Compiling C++ source code...' 0%
  @progress 'Compiling C++ source code...' 33%
  [1/3] GameplayMechanicsCharacter.cpp
  @progress 'Compiling C++ source code...' 67%
  [2/3] UE4Editor-GameplayMechanics.lib
     Creating library C:\Users\Michal\Documents\GitHub\Gameplay-Mechanics\GameplayMechanics\Intermediate\Build\Win64\UE4Editor\Development\GameplayMechanics\UE4Editor-GameplayMechanics.lib and object C:\Users\Michal\Documents\GitHub\Gameplay-Mechanics\GameplayMechanics\Intermediate\Build\Win64\UE4Editor\Development\GameplayMechanics\UE4Editor-GameplayMechanics.exp
  @progress 'Compiling C++ source code...' 100%
  [3/3] UE4Editor-GameplayMechanics.dll
     Creating library C:\Users\Michal\Documents\GitHub\Gameplay-Mechanics\GameplayMechanics\Intermediate\Build\Win64\UE4Editor\Development\GameplayMechanics\UE4Editor-GameplayMechanics.suppressed.lib and object C:\Users\Michal\Documents\GitHub\Gameplay-Mechanics\GameplayMechanics\Intermediate\Build\Win64\UE4Editor\Development\GameplayMechanics\UE4Editor-GameplayMechanics.suppressed.exp
Total build time: 6.37 seconds (Parallel executor: 2.49 seconds)
LogInit: Using libcurl 7.55.1-DEV
LogInit:  - built for x86_64-pc-win32
LogInit:  - supports SSL with OpenSSL/1.0.2h
LogInit:  - supports HTTP deflate (compression) using libz 1.2.8
LogInit:  - other features:
LogInit:      CURL_VERSION_SSL
LogInit:      CURL_VERSION_LIBZ
LogInit:      CURL_VERSION_IPV6
LogInit:      CURL_VERSION_ASYNCHDNS
LogInit:      CURL_VERSION_LARGEFILE
LogInit:      CURL_VERSION_IDN
LogInit:  CurlRequestOptions (configurable via config and command line):
LogInit:  - bVerifyPeer = true  - Libcurl will verify peer certificate
LogInit:  - bUseHttpProxy = false  - Libcurl will NOT use HTTP proxy
LogInit:  - bDontReuseConnections = false  - Libcurl will reuse connections
LogInit:  - MaxHostConnections = 16  - Libcurl will limit the number of connections to a host
LogInit:  - LocalHostAddr = Default
LogInit:  - BufferSize = 65536
LogInit: WinSock: version 1.1 (2.2), MaxSocks=32767, MaxUdp=65467
LogInit: Build: ++UE4+Release-4.21-CL-4753647
LogInit: Engine Version: 4.21.2-4753647+++UE4+Release-4.21
LogInit: Compatible Engine Version: 4.21.0-4541578+++UE4+Release-4.21
LogInit: Net CL: 4541578
LogInit: OS: Windows 10 (), CPU: Intel(R) Core(TM) i7-6700K CPU @ 4.00GHz, GPU: NVIDIA GeForce GTX 1080
LogInit: Compiled (64-bit): Jan 19 2019 02:07:31
LogInit: Compiled with Visual C++: 19.13.26129.00
LogInit: Build Configuration: Development
LogInit: Branch Name: ++UE4+Release-4.21
LogInit: Command Line:  -EpicPortal -epicusername=PolishNoble -epicuserid=a099b9665b064454aaa52d270fdb3151 -epiclocale=en-US
LogInit: Base Directory: C:/Program Files/Epic Games/UE_4.21/Engine/Binaries/Win64/
LogInit: Installed Engine Build: 1
LogDevObjectVersion: Number of dev versions registered: 22
LogDevObjectVersion:   Dev-Blueprints (B0D832E4-1F89-4F0D-ACCF-7EB736FD4AA2): 10
LogDevObjectVersion:   Dev-Build (E1C64328-A22C-4D53-A36C-8E866417BD8C): 0
LogDevObjectVersion:   Dev-Core (375EC13C-06E4-48FB-B500-84F0262A717E): 2
LogDevObjectVersion:   Dev-Editor (E4B068ED-F494-42E9-A231-DA0B2E46BB41): 26
LogDevObjectVersion:   Dev-Framework (CFFC743F-43B0-4480-9391-14DF171D2073): 34
LogDevObjectVersion:   Dev-Mobile (B02B49B5-BB20-44E9-A304-32B752E40360): 2
LogDevObjectVersion:   Dev-Networking (A4E4105C-59A1-49B5-A7C5-40C4547EDFEE): 0
LogDevObjectVersion:   Dev-Online (39C831C9-5AE6-47DC-9A44-9C173E1C8E7C): 0
LogDevObjectVersion:   Dev-Physics (78F01B33-EBEA-4F98-B9B4-84EACCB95AA2): 0
LogDevObjectVersion:   Dev-Platform (6631380F-2D4D-43E0-8009-CF276956A95A): 0
LogDevObjectVersion:   Dev-Rendering (12F88B9F-8875-4AFC-A67C-D90C383ABD29): 27
LogDevObjectVersion:   Dev-Sequencer (7B5AE74C-D270-4C10-A958-57980B212A5A): 9
LogDevObjectVersion:   Dev-VR (D7296918-1DD6-4BDD-9DE2-64A83CC13884): 2
LogDevObjectVersion:   Dev-LoadTimes (C2A15278-BFE7-4AFE-6C17-90FF531DF755): 1
LogDevObjectVersion:   Private-Geometry (6EACA3D4-40EC-4CC1-B786-8BED09428FC5): 3
LogDevObjectVersion:   Dev-AnimPhys (29E575DD-E0A3-4627-9D10-D276232CDCEA): 17
LogDevObjectVersion:   Dev-Anim (AF43A65D-7FD3-4947-9873-3E8ED9C1BB05): 2
LogDevObjectVersion:   Dev-ReflectionCapture (6B266CEC-1EC7-4B8F-A30B-E4D90942FC07): 1
LogDevObjectVersion:   Dev-Automation (0DF73D61-A23F-47EA-B727-89E90C41499A): 1
LogDevObjectVersion:   FortniteMain (601D1886-AC64-4F84-AA16-D3DE0DEAC7D6): 17
LogDevObjectVersion:   Dev-Enterprise (9DFFBCD6-494F-0158-E221-12823C92A888): 4
LogDevObjectVersion:   Dev-Niagara (F2AED0AC-9AFE-416F-8664-AA7FFA26D6FC): 1
LogStreaming: Display: Took  0.003s to delete old logs.
LogInit: Presizing for max 8388607 objects, including 0 objects not considered by GC, pre-allocating 0 bytes for permanent pool.
LogInit: Object subsystem initialized
LogConfig: Setting CVar [[con.DebugEarlyDefault:1]]
LogConfig: Setting CVar [[r.setres:1280x720]]
[2019.04.14-18.18.37:125][  0]LogConfig: Setting CVar [[r.VSync:0]]
[2019.04.14-18.18.37:125][  0]LogConfig: Setting CVar [[r.RHICmdBypass:0]]
[2019.04.14-18.18.37:125][  0]LogConfig: Applying CVar settings from Section [/Script/Engine.RendererSettings] File [C:/Users/Michal/Documents/GitHub/Gameplay-Mechanics/GameplayMechanics/Saved/Config/Windows/Engine.ini]
[2019.04.14-18.18.37:125][  0]LogConfig: Setting CVar [[r.GPUCrashDebugging:0]]
[2019.04.14-18.18.37:125][  0]LogConfig: Setting CVar [[r.CustomDepth:3]]
[2019.04.14-18.18.37:125][  0]LogConfig: Setting CVar [[r.CustomDepthTemporalAAJitter:1]]
[2019.04.14-18.18.37:125][  0]LogConfig: Setting CVar [[r.PostProcessing.PropagateAlpha:0]]
[2019.04.14-18.18.37:125][  0]LogConfig: Applying CVar settings from Section [/Script/Engine.RendererOverrideSettings] File [C:/Users/Michal/Documents/GitHub/Gameplay-Mechanics/GameplayMechanics/Saved/Config/Windows/Engine.ini]
[2019.04.14-18.18.37:125][  0]LogConfig: Applying CVar settings from Section [/Script/Engine.StreamingSettings] File [C:/Users/Michal/Documents/GitHub/Gameplay-Mechanics/GameplayMechanics/Saved/Config/Windows/Engine.ini]
[2019.04.14-18.18.37:125][  0]LogConfig: Setting CVar [[s.MinBulkDataSizeForAsyncLoading:131072]]
[2019.04.14-18.18.37:125][  0]LogConfig: Setting CVar [[s.AsyncLoadingThreadEnabled:0]]
[2019.04.14-18.18.37:125][  0]LogConfig: Setting CVar [[s.EventDrivenLoaderEnabled:1]]
[2019.04.14-18.18.37:125][  0]LogConfig: Setting CVar [[s.WarnIfTimeLimitExceeded:0]]
[2019.04.14-18.18.37:125][  0]LogConfig: Setting CVar [[s.TimeLimitExceededMultiplier:1.5]]
[2019.04.14-18.18.37:125][  0]LogConfig: Setting CVar [[s.TimeLimitExceededMinTime:0.005]]
[2019.04.14-18.18.37:125][  0]LogConfig: Setting CVar [[s.UseBackgroundLevelStreaming:1]]
[2019.04.14-18.18.37:125][  0]LogConfig: Setting CVar [[s.PriorityAsyncLoadingExtraTime:15.0]]
[2019.04.14-18.18.37:125][  0]LogConfig: Setting CVar [[s.LevelStreamingActorsUpdateTimeLimit:5.0]]
[2019.04.14-18.18.37:125][  0]LogConfig: Setting CVar [[s.PriorityLevelStreamingActorsUpdateExtraTime:5.0]]
[2019.04.14-18.18.37:125][  0]LogConfig: Setting CVar [[s.LevelStreamingComponentsRegistrationGranularity:10]]
[2019.04.14-18.18.37:125][  0]LogConfig: Setting CVar [[s.UnregisterComponentsTimeLimit:1.0]]
[2019.04.14-18.18.37:125][  0]LogConfig: Setting CVar [[s.LevelStreamingComponentsUnregistrationGranularity:5]]
[2019.04.14-18.18.37:125][  0]LogConfig: Applying CVar settings from Section [/Script/Engine.GarbageCollectionSettings] File [C:/Users/Michal/Documents/GitHub/Gameplay-Mechanics/GameplayMechanics/Saved/Config/Windows/Engine.ini]
[2019.04.14-18.18.37:125][  0]LogConfig: Setting CVar [[gc.MaxObjectsNotConsideredByGC:1]]
[2019.04.14-18.18.37:125][  0]LogConfig: Setting CVar [[gc.SizeOfPermanentObjectPool:0]]
[2019.04.14-18.18.37:125][  0]LogConfig: Setting CVar [[gc.FlushStreamingOnGC:0]]
[2019.04.14-18.18.37:125][  0]LogConfig: Setting CVar [[gc.NumRetriesBeforeForcingGC:10]]
[2019.04.14-18.18.37:125][  0]LogConfig: Setting CVar [[gc.AllowParallelGC:1]]
[2019.04.14-18.18.37:125][  0]LogConfig: Setting CVar [[gc.TimeBetweenPurgingPendingKillObjects:61.1]]
[2019.04.14-18.18.37:125][  0]LogConfig: Setting CVar [[gc.MaxObjectsInEditor:8388607]]
[2019.04.14-18.18.37:125][  0]LogConfig: Setting CVar [[gc.IncrementalBeginDestroyEnabled:1]]
[2019.04.14-18.18.37:125][  0]LogConfig: Setting CVar [[gc.CreateGCClusters:1]]
[2019.04.14-18.18.37:125][  0]LogConfig: Setting CVar [[gc.MergeGCClusters:0]]
[2019.04.14-18.18.37:126][  0]LogConfig: Setting CVar [[gc.MinGCClusterSize:5]]
[2019.04.14-18.18.37:126][  0]LogConfig: Setting CVar [[gc.ActorClusteringEnabled:0]]
[2019.04.14-18.18.37:126][  0]LogConfig: Setting CVar [[gc.BlueprintClusteringEnabled:0]]
[2019.04.14-18.18.37:126][  0]LogConfig: Setting CVar [[gc.UseDisregardForGCOnDedicatedServers:0]]
[2019.04.14-18.18.37:126][  0]LogConfig: Applying CVar settings from Section [/Script/Engine.NetworkSettings] File [C:/Users/Michal/Documents/GitHub/Gameplay-Mechanics/GameplayMechanics/Saved/Config/Windows/Engine.ini]
[2019.04.14-18.18.37:126][  0]LogConfig: Applying CVar settings from Section [/Script/UnrealEd.CookerSettings] File [C:/Users/Michal/Documents/GitHub/Gameplay-Mechanics/GameplayMechanics/Saved/Config/Windows/Engine.ini]
[2019.04.14-18.18.37:131][  0]LogConfig: Applying CVar settings from Section [ViewDistanceQuality@3] File [C:/Users/Michal/Documents/GitHub/Gameplay-Mechanics/GameplayMechanics/Saved/Config/Windows/Scalability.ini]
[2019.04.14-18.18.37:131][  0]LogConfig: Setting CVar [[r.SkeletalMeshLODBias:0]]
[2019.04.14-18.18.37:131][  0]LogConfig: Setting CVar [[r.ViewDistanceScale:1.0]]
[2019.04.14-18.18.37:131][  0]LogConfig: Applying CVar settings from Section [AntiAliasingQuality@3] File [C:/Users/Michal/Documents/GitHub/Gameplay-Mechanics/GameplayMechanics/Saved/Config/Windows/Scalability.ini]
[2019.04.14-18.18.37:131][  0]LogConfig: Setting CVar [[r.PostProcessAAQuality:4]]
[2019.04.14-18.18.37:131][  0]LogConfig: Applying CVar settings from Section [ShadowQuality@3] File [C:/Users/Michal/Documents/GitHub/Gameplay-Mechanics/GameplayMechanics/Saved/Config/Windows/Scalability.ini]
[2019.04.14-18.18.37:131][  0]LogConfig: Setting CVar [[r.LightFunctionQuality:1]]
[2019.04.14-18.18.37:131][  0]LogConfig: Setting CVar [[r.ShadowQuality:5]]
[2019.04.14-18.18.37:131][  0]LogConfig: Setting CVar [[r.Shadow.CSM.MaxCascades:10]]
[2019.04.14-18.18.37:131][  0]LogConfig: Setting CVar [[r.Shadow.MaxResolution:2048]]
[2019.04.14-18.18.37:131][  0]LogConfig: Setting CVar [[r.Shadow.MaxCSMResolution:2048]]
[2019.04.14-18.18.37:131][  0]LogConfig: Setting CVar [[r.Shadow.RadiusThreshold:0.01]]
[2019.04.14-18.18.37:131][  0]LogConfig: Setting CVar [[r.Shadow.DistanceScale:1.0]]
[2019.04.14-18.18.37:131][  0]LogConfig: Setting CVar [[r.Shadow.CSM.TransitionScale:1.0]]
[2019.04.14-18.18.37:131][  0]LogConfig: Setting CVar [[r.Shadow.PreShadowResolutionFactor:1.0]]
[2019.04.14-18.18.37:131][  0]LogConfig: Setting CVar [[r.DistanceFieldShadowing:1]]
[2019.04.14-18.18.37:131][  0]LogConfig: Setting CVar [[r.DistanceFieldAO:1]]
[2019.04.14-18.18.37:131][  0]LogConfig: Setting CVar [[r.AOQuality:2]]
[2019.04.14-18.18.37:132][  0]LogConfig: Setting CVar [[r.VolumetricFog:1]]
[2019.04.14-18.18.37:132][  0]LogConfig: Setting CVar [[r.VolumetricFog.GridPixelSize:8]]
[2019.04.14-18.18.37:132][  0]LogConfig: Setting CVar [[r.VolumetricFog.GridSizeZ:128]]
[2019.04.14-18.18.37:132][  0]LogConfig: Setting CVar [[r.VolumetricFog.HistoryMissSupersampleCount:4]]
[2019.04.14-18.18.37:132][  0]LogConfig: Setting CVar [[r.LightMaxDrawDistanceScale:1]]
[2019.04.14-18.18.37:132][  0]LogConfig: Setting CVar [[r.CapsuleShadows:1]]
[2019.04.14-18.18.37:132][  0]LogConfig: Applying CVar settings from Section [PostProcessQuality@3] File [C:/Users/Michal/Documents/GitHub/Gameplay-Mechanics/GameplayMechanics/Saved/Config/Windows/Scalability.ini]
[2019.04.14-18.18.37:132][  0]LogConfig: Setting CVar [[r.MotionBlurQuality:4]]
[2019.04.14-18.18.37:132][  0]LogConfig: Setting CVar [[r.AmbientOcclusionMipLevelFactor:0.4]]
[2019.04.14-18.18.37:132][  0]LogConfig: Setting CVar [[r.AmbientOcclusionMaxQuality:100]]
[2019.04.14-18.18.37:132][  0]LogConfig: Setting CVar [[r.AmbientOcclusionLevels:-1]]
[2019.04.14-18.18.37:132][  0]LogConfig: Setting CVar [[r.AmbientOcclusionRadiusScale:1.0]]
[2019.04.14-18.18.37:132][  0]LogConfig: Setting CVar [[r.DepthOfFieldQuality:2]]
[2019.04.14-18.18.37:132][  0]LogConfig: Setting CVar [[r.RenderTargetPoolMin:400]]
[2019.04.14-18.18.37:132][  0]LogConfig: Setting CVar [[r.LensFlareQuality:2]]
[2019.04.14-18.18.37:132][  0]LogConfig: Setting CVar [[r.SceneColorFringeQuality:1]]
[2019.04.14-18.18.37:132][  0]LogConfig: Setting CVar [[r.EyeAdaptationQuality:2]]
[2019.04.14-18.18.37:132][  0]LogConfig: Setting CVar [[r.BloomQuality:5]]
[2019.04.14-18.18.37:132][  0]LogConfig: Setting CVar [[r.FastBlurThreshold:100]]
[2019.04.14-18.18.37:132][  0]LogConfig: Setting CVar [[r.Upscale.Quality:3]]
[2019.04.14-18.18.37:132][  0]LogConfig: Setting CVar [[r.Tonemapper.GrainQuantization:1]]
[2019.04.14-18.18.37:132][  0]LogConfig: Setting CVar [[r.LightShaftQuality:1]]
[2019.04.14-18.18.37:132][  0]LogConfig: Setting CVar [[r.Filter.SizeScale:1]]
[2019.04.14-18.18.37:132][  0]LogConfig: Setting CVar [[r.Tonemapper.Quality:5]]
[2019.04.14-18.18.37:132][  0]LogConfig: Setting CVar [[r.DOF.Gather.AccumulatorQuality:1        ; higher gathering accumulator quality]]
[2019.04.14-18.18.37:132][  0]LogConfig: Setting CVar [[r.DOF.Gather.PostfilterMethod:1          ; Median3x3 postfilering method]]
[2019.04.14-18.18.37:132][  0]LogConfig: Setting CVar [[r.DOF.Gather.EnableBokehSettings:0       ; no bokeh simulation when gathering]]
[2019.04.14-18.18.37:132][  0]LogConfig: Setting CVar [[r.DOF.Gather.RingCount:4                 ; medium number of samples when gathering]]
[2019.04.14-18.18.37:132][  0]LogConfig: Setting CVar [[r.DOF.Scatter.ForegroundCompositing:1    ; additive foreground scattering]]
[2019.04.14-18.18.37:132][  0]LogConfig: Setting CVar [[r.DOF.Scatter.BackgroundCompositing:2    ; additive background scattering]]
[2019.04.14-18.18.37:132][  0]LogConfig: Setting CVar [[r.DOF.Scatter.EnableBokehSettings:1      ; bokeh simulation when scattering]]
[2019.04.14-18.18.37:132][  0]LogConfig: Setting CVar [[r.DOF.Scatter.MaxSpriteRatio:0.1         ; only a maximum of 10% of scattered bokeh]]
[2019.04.14-18.18.37:132][  0]LogConfig: Setting CVar [[r.DOF.Recombine.Quality:1                ; cheap slight out of focus]]
[2019.04.14-18.18.37:132][  0]LogConfig: Setting CVar [[r.DOF.Recombine.EnableBokehSettings:0    ; no bokeh simulation on slight out of focus]]
[2019.04.14-18.18.37:132][  0]LogConfig: Setting CVar [[r.DOF.TemporalAAQuality:1                ; more stable temporal accumulation]]
[2019.04.14-18.18.37:132][  0]LogConfig: Setting CVar [[r.DOF.Kernel.MaxForegroundRadius:0.025]]
[2019.04.14-18.18.37:132][  0]LogConfig: Setting CVar [[r.DOF.Kernel.MaxBackgroundRadius:0.025]]
[2019.04.14-18.18.37:132][  0]LogConfig: Applying CVar settings from Section [TextureQuality@3] File [C:/Users/Michal/Documents/GitHub/Gameplay-Mechanics/GameplayMechanics/Saved/Config/Windows/Scalability.ini]
[2019.04.14-18.18.37:132][  0]LogConfig: Setting CVar [[r.Streaming.MipBias:0]]
[2019.04.14-18.18.37:132][  0]LogConfig: Setting CVar [[r.Streaming.AmortizeCPUToGPUCopy:0]]
[2019.04.14-18.18.37:132][  0]LogConfig: Setting CVar [[r.Streaming.MaxNumTexturesToStreamPerFrame:0]]
[2019.04.14-18.18.37:132][  0]LogConfig: Setting CVar [[r.Streaming.Boost:1]]
[2019.04.14-18.18.37:132][  0]LogConfig: Setting CVar [[r.MaxAnisotropy:8]]
[2019.04.14-18.18.37:132][  0]LogConfig: Setting CVar [[r.Streaming.LimitPoolSizeToVRAM:0]]
[2019.04.14-18.18.37:132][  0]LogConfig: Setting CVar [[r.Streaming.PoolSize:1000]]
[2019.04.14-18.18.37:132][  0]LogConfig: Setting CVar [[r.Streaming.MaxEffectiveScreenSize:0]]
[2019.04.14-18.18.37:132][  0]LogConfig: Applying CVar settings from Section [EffectsQuality@3] File [C:/Users/Michal/Documents/GitHub/Gameplay-Mechanics/GameplayMechanics/Saved/Config/Windows/Scalability.ini]
[2019.04.14-18.18.37:132][  0]LogConfig: Setting CVar [[r.TranslucencyLightingVolumeDim:64]]
[2019.04.14-18.18.37:132][  0]LogConfig: Setting CVar [[r.RefractionQuality:2]]
[2019.04.14-18.18.37:132][  0]LogConfig: Setting CVar [[r.SSR.Quality:3]]
[2019.04.14-18.18.37:132][  0]LogConfig: Setting CVar [[r.SceneColorFormat:4]]
[2019.04.14-18.18.37:132][  0]LogConfig: Setting CVar [[r.DetailMode:2]]
[2019.04.14-18.18.37:132][  0]LogConfig: Setting CVar [[r.TranslucencyVolumeBlur:1]]
[2019.04.14-18.18.37:132][  0]LogConfig: Setting CVar [[r.MaterialQualityLevel:1 ; High quality]]
[2019.04.14-18.18.37:132][  0]LogConfig: Setting CVar [[r.SSS.Scale:1]]
[2019.04.14-18.18.37:132][  0]LogConfig: Setting CVar [[r.SSS.SampleSet:2]]
[2019.04.14-18.18.37:132][  0]LogConfig: Setting CVar [[r.SSS.Quality:1]]
[2019.04.14-18.18.37:132][  0]LogConfig: Setting CVar [[r.SSS.HalfRes:1]]
[2019.04.14-18.18.37:132][  0]LogConfig: Setting CVar [[r.EmitterSpawnRateScale:1.0]]
[2019.04.14-18.18.37:132][  0]LogConfig: Setting CVar [[r.ParticleLightQuality:2]]
[2019.04.14-18.18.37:132][  0]LogConfig: Applying CVar settings from Section [FoliageQuality@3] File [C:/Users/Michal/Documents/GitHub/Gameplay-Mechanics/GameplayMechanics/Saved/Config/Windows/Scalability.ini]
[2019.04.14-18.18.37:132][  0]LogConfig: Setting CVar [[foliage.DensityScale:1.0]]
[2019.04.14-18.18.37:132][  0]LogConfig: Setting CVar [[grass.DensityScale:1.0]]
[2019.04.14-18.18.37:132][  0]LogInit: Selected Device Profile: [Windows]
[2019.04.14-18.18.37:132][  0]LogInit: Applying CVar settings loaded from the selected device profile: [Windows]
[2019.04.14-18.18.37:142][  0]LogHAL: Display: Platform has ~ 16 GB [17117184000 / 17179869184 / 16], which maps to Larger [LargestMinGB=32, LargerMinGB=12, DefaultMinGB=8, SmallerMinGB=6, SmallestMinGB=0)
[2019.04.14-18.18.37:142][  0]LogConfig: Setting CVar [[r.Vulkan.UseRealUBs:1]]
[2019.04.14-18.18.37:142][  0]LogInit: Going up to parent DeviceProfile []
[2019.04.14-18.18.37:142][  0]LogConfig: Applying CVar settings from Section [ViewDistanceQuality@3] File [C:/Users/Michal/Documents/GitHub/Gameplay-Mechanics/GameplayMechanics/Saved/Config/Windows/Scalability.ini]
[2019.04.14-18.18.37:142][  0]LogConfig: Setting CVar [[r.SkeletalMeshLODBias:0]]
[2019.04.14-18.18.37:142][  0]LogConfig: Setting CVar [[r.ViewDistanceScale:1.0]]
[2019.04.14-18.18.37:142][  0]LogConfig: Applying CVar settings from Section [AntiAliasingQuality@3] File [C:/Users/Michal/Documents/GitHub/Gameplay-Mechanics/GameplayMechanics/Saved/Config/Windows/Scalability.ini]
[2019.04.14-18.18.37:142][  0]LogConfig: Setting CVar [[r.PostProcessAAQuality:4]]
[2019.04.14-18.18.37:142][  0]LogConfig: Applying CVar settings from Section [ShadowQuality@3] File [C:/Users/Michal/Documents/GitHub/Gameplay-Mechanics/GameplayMechanics/Saved/Config/Windows/Scalability.ini]
[2019.04.14-18.18.37:142][  0]LogConfig: Setting CVar [[r.LightFunctionQuality:1]]
[2019.04.14-18.18.37:142][  0]LogConfig: Setting CVar [[r.ShadowQuality:5]]
[2019.04.14-18.18.37:142][  0]LogConfig: Setting CVar [[r.Shadow.CSM.MaxCascades:10]]
[2019.04.14-18.18.37:142][  0]LogConfig: Setting CVar [[r.Shadow.MaxResolution:2048]]
[2019.04.14-18.18.37:142][  0]LogConfig: Setting CVar [[r.Shadow.MaxCSMResolution:2048]]
[2019.04.14-18.18.37:142][  0]LogConfig: Setting CVar [[r.Shadow.RadiusThreshold:0.01]]
[2019.04.14-18.18.37:142][  0]LogConfig: Setting CVar [[r.Shadow.DistanceScale:1.0]]
[2019.04.14-18.18.37:142][  0]LogConfig: Setting CVar [[r.Shadow.CSM.TransitionScale:1.0]]
[2019.04.14-18.18.37:142][  0]LogConfig: Setting CVar [[r.Shadow.PreShadowResolutionFactor:1.0]]
[2019.04.14-18.18.37:142][  0]LogConfig: Setting CVar [[r.DistanceFieldShadowing:1]]
[2019.04.14-18.18.37:142][  0]LogConfig: Setting CVar [[r.DistanceFieldAO:1]]
[2019.04.14-18.18.37:142][  0]LogConfig: Setting CVar [[r.AOQuality:2]]
[2019.04.14-18.18.37:142][  0]LogConfig: Setting CVar [[r.VolumetricFog:1]]
[2019.04.14-18.18.37:142][  0]LogConfig: Setting CVar [[r.VolumetricFog.GridPixelSize:8]]
[2019.04.14-18.18.37:142][  0]LogConfig: Setting CVar [[r.VolumetricFog.GridSizeZ:128]]
[2019.04.14-18.18.37:142][  0]LogConfig: Setting CVar [[r.VolumetricFog.HistoryMissSupersampleCount:4]]
[2019.04.14-18.18.37:142][  0]LogConfig: Setting CVar [[r.LightMaxDrawDistanceScale:1]]
[2019.04.14-18.18.37:142][  0]LogConfig: Setting CVar [[r.CapsuleShadows:1]]
[2019.04.14-18.18.37:142][  0]LogConfig: Applying CVar settings from Section [PostProcessQuality@3] File [C:/Users/Michal/Documents/GitHub/Gameplay-Mechanics/GameplayMechanics/Saved/Config/Windows/Scalability.ini]
[2019.04.14-18.18.37:142][  0]LogConfig: Setting CVar [[r.MotionBlurQuality:4]]
[2019.04.14-18.18.37:142][  0]LogConfig: Setting CVar [[r.AmbientOcclusionMipLevelFactor:0.4]]
[2019.04.14-18.18.37:143][  0]LogConfig: Setting CVar [[r.AmbientOcclusionMaxQuality:100]]
[2019.04.14-18.18.37:143][  0]LogConfig: Setting CVar [[r.AmbientOcclusionLevels:-1]]
[2019.04.14-18.18.37:143][  0]LogConfig: Setting CVar [[r.AmbientOcclusionRadiusScale:1.0]]
[2019.04.14-18.18.37:143][  0]LogConfig: Setting CVar [[r.DepthOfFieldQuality:2]]
[2019.04.14-18.18.37:143][  0]LogConfig: Setting CVar [[r.RenderTargetPoolMin:400]]
[2019.04.14-18.18.37:143][  0]LogConfig: Setting CVar [[r.LensFlareQuality:2]]
[2019.04.14-18.18.37:143][  0]LogConfig: Setting CVar [[r.SceneColorFringeQuality:1]]
[2019.04.14-18.18.37:143][  0]LogConfig: Setting CVar [[r.EyeAdaptationQuality:2]]
[2019.04.14-18.18.37:143][  0]LogConfig: Setting CVar [[r.BloomQuality:5]]
[2019.04.14-18.18.37:143][  0]LogConfig: Setting CVar [[r.FastBlurThreshold:100]]
[2019.04.14-18.18.37:143][  0]LogConfig: Setting CVar [[r.Upscale.Quality:3]]
[2019.04.14-18.18.37:143][  0]LogConfig: Setting CVar [[r.Tonemapper.GrainQuantization:1]]
[2019.04.14-18.18.37:143][  0]LogConfig: Setting CVar [[r.LightShaftQuality:1]]
[2019.04.14-18.18.37:143][  0]LogConfig: Setting CVar [[r.Filter.SizeScale:1]]
[2019.04.14-18.18.37:143][  0]LogConfig: Setting CVar [[r.Tonemapper.Quality:5]]
[2019.04.14-18.18.37:143][  0]LogConfig: Setting CVar [[r.DOF.Gather.AccumulatorQuality:1        ; higher gathering accumulator quality]]
[2019.04.14-18.18.37:143][  0]LogConfig: Setting CVar [[r.DOF.Gather.PostfilterMethod:1          ; Median3x3 postfilering method]]
[2019.04.14-18.18.37:143][  0]LogConfig: Setting CVar [[r.DOF.Gather.EnableBokehSettings:0       ; no bokeh simulation when gathering]]
[2019.04.14-18.18.37:143][  0]LogConfig: Setting CVar [[r.DOF.Gather.RingCount:4                 ; medium number of samples when gathering]]
[2019.04.14-18.18.37:143][  0]LogConfig: Setting CVar [[r.DOF.Scatter.ForegroundCompositing:1    ; additive foreground scattering]]
[2019.04.14-18.18.37:143][  0]LogConfig: Setting CVar [[r.DOF.Scatter.BackgroundCompositing:2    ; additive background scattering]]
[2019.04.14-18.18.37:143][  0]LogConfig: Setting CVar [[r.DOF.Scatter.EnableBokehSettings:1      ; bokeh simulation when scattering]]
[2019.04.14-18.18.37:143][  0]LogConfig: Setting CVar [[r.DOF.Scatter.MaxSpriteRatio:0.1         ; only a maximum of 10% of scattered bokeh]]
[2019.04.14-18.18.37:143][  0]LogConfig: Setting CVar [[r.DOF.Recombine.Quality:1                ; cheap slight out of focus]]
[2019.04.14-18.18.37:143][  0]LogConfig: Setting CVar [[r.DOF.Recombine.EnableBokehSettings:0    ; no bokeh simulation on slight out of focus]]
[2019.04.14-18.18.37:143][  0]LogConfig: Setting CVar [[r.DOF.TemporalAAQuality:1                ; more stable temporal accumulation]]
[2019.04.14-18.18.37:143][  0]LogConfig: Setting CVar [[r.DOF.Kernel.MaxForegroundRadius:0.025]]
[2019.04.14-18.18.37:143][  0]LogConfig: Setting CVar [[r.DOF.Kernel.MaxBackgroundRadius:0.025]]
[2019.04.14-18.18.37:143][  0]LogConfig: Applying CVar settings from Section [TextureQuality@3] File [C:/Users/Michal/Documents/GitHub/Gameplay-Mechanics/GameplayMechanics/Saved/Config/Windows/Scalability.ini]
[2019.04.14-18.18.37:143][  0]LogConfig: Setting CVar [[r.Streaming.MipBias:0]]
[2019.04.14-18.18.37:143][  0]LogConfig: Setting CVar [[r.Streaming.AmortizeCPUToGPUCopy:0]]
[2019.04.14-18.18.37:143][  0]LogConfig: Setting CVar [[r.Streaming.MaxNumTexturesToStreamPerFrame:0]]
[2019.04.14-18.18.37:143][  0]LogConfig: Setting CVar [[r.Streaming.Boost:1]]
[2019.04.14-18.18.37:143][  0]LogConfig: Setting CVar [[r.MaxAnisotropy:8]]
[2019.04.14-18.18.37:143][  0]LogConfig: Setting CVar [[r.Streaming.LimitPoolSizeToVRAM:0]]
[2019.04.14-18.18.37:143][  0]LogConfig: Setting CVar [[r.Streaming.PoolSize:1000]]
[2019.04.14-18.18.37:143][  0]LogConfig: Setting CVar [[r.Streaming.MaxEffectiveScreenSize:0]]
[2019.04.14-18.18.37:143][  0]LogConfig: Applying CVar settings from Section [EffectsQuality@3] File [C:/Users/Michal/Documents/GitHub/Gameplay-Mechanics/GameplayMechanics/Saved/Config/Windows/Scalability.ini]
[2019.04.14-18.18.37:143][  0]LogConfig: Setting CVar [[r.TranslucencyLightingVolumeDim:64]]
[2019.04.14-18.18.37:143][  0]LogConfig: Setting CVar [[r.RefractionQuality:2]]
[2019.04.14-18.18.37:143][  0]LogConfig: Setting CVar [[r.SSR.Quality:3]]
[2019.04.14-18.18.37:143][  0]LogConfig: Setting CVar [[r.SceneColorFormat:4]]
[2019.04.14-18.18.37:143][  0]LogConfig: Setting CVar [[r.DetailMode:2]]
[2019.04.14-18.18.37:143][  0]LogConfig: Setting CVar [[r.TranslucencyVolumeBlur:1]]
[2019.04.14-18.18.37:143][  0]LogConfig: Setting CVar [[r.MaterialQualityLevel:1 ; High quality]]
[2019.04.14-18.18.37:143][  0]LogConfig: Setting CVar [[r.SSS.Scale:1]]
[2019.04.14-18.18.37:143][  0]LogConfig: Setting CVar [[r.SSS.SampleSet:2]]
[2019.04.14-18.18.37:143][  0]LogConfig: Setting CVar [[r.SSS.Quality:1]]
[2019.04.14-18.18.37:143][  0]LogConfig: Setting CVar [[r.SSS.HalfRes:1]]
[2019.04.14-18.18.37:143][  0]LogConfig: Setting CVar [[r.EmitterSpawnRateScale:1.0]]
[2019.04.14-18.18.37:143][  0]LogConfig: Setting CVar [[r.ParticleLightQuality:2]]
[2019.04.14-18.18.37:143][  0]LogConfig: Applying CVar settings from Section [FoliageQuality@3] File [C:/Users/Michal/Documents/GitHub/Gameplay-Mechanics/GameplayMechanics/Saved/Config/Windows/Scalability.ini]
[2019.04.14-18.18.37:143][  0]LogConfig: Setting CVar [[foliage.DensityScale:1.0]]
[2019.04.14-18.18.37:143][  0]LogConfig: Setting CVar [[grass.DensityScale:1.0]]
[2019.04.14-18.18.37:143][  0]LogConfig: Applying CVar settings from Section [Startup] File [../../../Engine/Config/ConsoleVariables.ini]
[2019.04.14-18.18.37:143][  0]LogConfig: Setting CVar [[net.UseAdaptiveNetUpdateFrequency:0]]
[2019.04.14-18.18.37:143][  0]LogConfig: Applying CVar settings from Section [ConsoleVariables] File [C:/Users/Michal/Documents/GitHub/Gameplay-Mechanics/GameplayMechanics/Saved/Config/Windows/Engine.ini]
[2019.04.14-18.18.37:143][  0]LogInit: Computer: DESKTOP-F66LNLJ
[2019.04.14-18.18.37:143][  0]LogInit: User: Michal
[2019.04.14-18.18.37:143][  0]LogInit: CPU Page size=4096, Cores=4
[2019.04.14-18.18.37:143][  0]LogInit: High frequency timer resolution =3.914067 MHz
[2019.04.14-18.18.37:144][  0]LogMemory: Memory total: Physical=15.9GB (16GB approx)
[2019.04.14-18.18.37:144][  0]LogMemory: Platform Memory Stats for Windows
[2019.04.14-18.18.37:144][  0]LogMemory: Process Physical Memory: 106.95 MB used, 106.95 MB peak
[2019.04.14-18.18.37:144][  0]LogMemory: Process Virtual Memory: 90.20 MB used, 90.20 MB peak
[2019.04.14-18.18.37:144][  0]LogMemory: Physical Memory: 6290.07 MB used,  10034.15 MB free, 16324.22 MB total
[2019.04.14-18.18.37:144][  0]LogMemory: Virtual Memory: 4686.82 MB used,  134213040.00 MB free, 134217728.00 MB total
[2019.04.14-18.18.37:160][  0]LogInit: Using OS detected language (en-US).
[2019.04.14-18.18.37:160][  0]LogInit: Using OS detected locale (en-GB).
[2019.04.14-18.18.37:160][  0]LogTextLocalizationManager: No specific localization for 'en-US' exists, so the 'en' localization will be used.
[2019.04.14-18.18.37:472][  0]LogStreaming: Display: Took  0.313s to InitEngineTextLocalization.
[2019.04.14-18.18.37:472][  0]LogInit: Setting process to per monitor DPI aware
[2019.04.14-18.18.37:503][  0]LogSlate: New Slate User Created.  User Index 0, Is Virtual User: 0
[2019.04.14-18.18.37:504][  0]LogSlate: Slate User Registered.  User Index 0, Is Virtual User: 0
[2019.04.14-18.18.37:665][  0]LogHMD: Failed to initialize OpenVR with code 110
[2019.04.14-18.18.37:665][  0]LogD3D11RHI: D3D11 adapters:
[2019.04.14-18.18.37:725][  0]LogD3D11RHI:    0. 'NVIDIA GeForce GTX 1080' (Feature Level 11_0)
[2019.04.14-18.18.37:725][  0]LogD3D11RHI:       8079/0/8162 MB DedicatedVideo/DedicatedSystem/SharedSystem, Outputs:2, VendorId:0x10de
[2019.04.14-18.18.37:726][  0]LogD3D11RHI:    1. 'Microsoft Basic Render Driver' (Feature Level 11_0)
[2019.04.14-18.18.37:726][  0]LogD3D11RHI:       0/0/8162 MB DedicatedVideo/DedicatedSystem/SharedSystem, Outputs:0, VendorId:0x1414
[2019.04.14-18.18.37:726][  0]LogD3D11RHI: Chosen D3D11 Adapter: 0
[2019.04.14-18.18.37:732][  0]LogD3D11RHI: Creating new Direct3DDevice
[2019.04.14-18.18.37:732][  0]LogD3D11RHI:     GPU DeviceId: 0x1b80 (for the marketing name, search the web for "GPU Device Id")
[2019.04.14-18.18.37:732][  0]LogWindows: EnumDisplayDevices:
[2019.04.14-18.18.37:732][  0]LogWindows:    0. 'NVIDIA GeForce GTX 1080' (P:1 D:1)
[2019.04.14-18.18.37:733][  0]LogWindows:    1. 'NVIDIA GeForce GTX 1080' (P:0 D:1)
[2019.04.14-18.18.37:733][  0]LogWindows:    2. 'NVIDIA GeForce GTX 1080' (P:0 D:0)
[2019.04.14-18.18.37:733][  0]LogWindows:    3. 'NVIDIA GeForce GTX 1080' (P:0 D:0)
[2019.04.14-18.18.37:733][  0]LogWindows: DebugString: FoundDriverCount:4 
[2019.04.14-18.18.37:733][  0]LogD3D11RHI:     Adapter Name: NVIDIA GeForce GTX 1080
[2019.04.14-18.18.37:733][  0]LogD3D11RHI:   Driver Version: 418.81 (internal:25.21.14.1881, unified:418.81)
[2019.04.14-18.18.37:733][  0]LogD3D11RHI:      Driver Date: 1-30-2019
[2019.04.14-18.18.37:733][  0]LogRHI: Texture pool is 5655 MB (70% of 8079 MB)
[2019.04.14-18.18.37:767][  0]LogD3D11RHI: Async texture creation enabled
[2019.04.14-18.18.37:781][  0]LogD3D11RHI: GPU Timing Frequency: 1000.000000 (Debug: 2 1)
[2019.04.14-18.18.38:116][  0]LogTemp: Display: Loaded TP AllDesktopTargetPlatform
[2019.04.14-18.18.38:126][  0]LogTemp: Display: Loaded TP MacClientTargetPlatform
[2019.04.14-18.18.38:138][  0]LogTemp: Display: Loaded TP MacNoEditorTargetPlatform
[2019.04.14-18.18.38:148][  0]LogTemp: Display: Loaded TP MacServerTargetPlatform
[2019.04.14-18.18.38:160][  0]LogTemp: Display: Loaded TP MacTargetPlatform
[2019.04.14-18.18.38:170][  0]LogTemp: Display: Loaded TP WindowsClientTargetPlatform
[2019.04.14-18.18.38:181][  0]LogTemp: Display: Loaded TP WindowsNoEditorTargetPlatform
[2019.04.14-18.18.38:192][  0]LogTemp: Display: Loaded TP WindowsServerTargetPlatform
[2019.04.14-18.18.38:197][  0]LogTemp: Display: Loaded TP WindowsTargetPlatform
[2019.04.14-18.18.38:256][  0]LogTemp: Display: Loaded TP AndroidTargetPlatform
[2019.04.14-18.18.38:256][  0]LogTemp: Display: Loaded TP AndroidTargetPlatform
[2019.04.14-18.18.38:257][  0]LogTemp: Display: Loaded TP AndroidTargetPlatform
[2019.04.14-18.18.38:257][  0]LogTemp: Display: Loaded TP AndroidTargetPlatform
[2019.04.14-18.18.38:257][  0]LogTemp: Display: Loaded TP AndroidTargetPlatform
[2019.04.14-18.18.38:257][  0]LogTemp: Display: Loaded TP AndroidTargetPlatform
[2019.04.14-18.18.38:257][  0]LogTemp: Display: Loaded TP AndroidTargetPlatform
[2019.04.14-18.18.38:257][  0]LogTemp: Display: Loaded TP AndroidTargetPlatform
[2019.04.14-18.18.38:257][  0]LogTemp: Display: Loaded TP AndroidTargetPlatform
[2019.04.14-18.18.38:257][  0]LogTemp: Display: Loaded TP AndroidTargetPlatform
[2019.04.14-18.18.38:257][  0]LogTemp: Display: Loaded TP AndroidTargetPlatform
[2019.04.14-18.18.38:257][  0]LogTemp: Display: Loaded TP AndroidTargetPlatform
[2019.04.14-18.18.38:257][  0]LogTemp: Display: Loaded TP AndroidTargetPlatform
[2019.04.14-18.18.38:257][  0]LogTemp: Display: Loaded TP AndroidTargetPlatform
[2019.04.14-18.18.38:257][  0]LogTemp: Display: Loaded TP AndroidTargetPlatform
[2019.04.14-18.18.38:257][  0]LogTemp: Display: Loaded TP AndroidTargetPlatform
[2019.04.14-18.18.38:257][  0]LogTemp: Display: Loaded TP AndroidTargetPlatform
[2019.04.14-18.18.38:257][  0]LogTemp: Display: Loaded TP AndroidTargetPlatform
[2019.04.14-18.18.38:258][  0]LogTemp: Display: Loaded TP HTML5TargetPlatform
[2019.04.14-18.18.38:313][  0]LogTemp: Display: Loaded TP IOSTargetPlatform
[2019.04.14-18.18.38:313][  0]LogTemp: Display: Loaded TP IOSTargetPlatform
[2019.04.14-18.18.38:331][  0]LogTemp: Display: Loaded TP TVOSTargetPlatform
[2019.04.14-18.18.38:331][  0]LogTemp: Display: Loaded TP TVOSTargetPlatform
[2019.04.14-18.18.38:341][  0]LogTemp: Display: Loaded TP LinuxClientTargetPlatform
[2019.04.14-18.18.38:351][  0]LogTemp: Display: Loaded TP LinuxNoEditorTargetPlatform
[2019.04.14-18.18.38:361][  0]LogTemp: Display: Loaded TP LinuxServerTargetPlatform
[2019.04.14-18.18.38:373][  0]LogTemp: Display: Loaded TP LinuxTargetPlatform
[2019.04.14-18.18.38:413][  0]LogTemp: Display: Loaded TP LuminTargetPlatform
[2019.04.14-18.18.38:413][  0]LogTemp: Display: Loaded TP LuminTargetPlatform
[2019.04.14-18.18.38:413][  0]LogTargetPlatformManager: Display: Building Assets For Windows
[2019.04.14-18.18.38:471][  0]LogShaderCompilers: Guid format shader working directory is -38 characters bigger than the processId version (../../../../../../Users/Michal/Documents/GitHub/Gameplay-Mechanics/GameplayMechanics/Intermediate/Shaders/WorkingDirectory/13240/).
[2019.04.14-18.18.38:471][  0]LogShaderCompilers: Cleaned the shader compiler working directory 'C:/Users/Michal/AppData/Local/Temp/UnrealShaderWorkingDir/EDB17AD2496D7E1B931264A192A52AEB/'.
[2019.04.14-18.18.38:474][  0]LogXGEController: Cannot use XGE Controller as Incredibuild is not installed on this machine.
[2019.04.14-18.18.38:474][  0]LogShaderCompilers: Cannot use XGE Shader Compiler as Incredibuild is not installed on this machine.
[2019.04.14-18.18.38:474][  0]LogShaderCompilers: Display: Using Local Shader Compiler.
[2019.04.14-18.18.38:923][  0]LogDerivedDataCache: Display: Max Cache Size: 512 MB
[2019.04.14-18.18.38:966][  0]LogDerivedDataCache: Loaded boot cache 0.04s 77MB C:/Users/Michal/AppData/Local/UnrealEngine/4.21/DerivedDataCache/Boot.ddc.
[2019.04.14-18.18.38:966][  0]LogDerivedDataCache: Display: Loaded Boot cache: C:/Users/Michal/AppData/Local/UnrealEngine/4.21/DerivedDataCache/Boot.ddc
[2019.04.14-18.18.38:966][  0]LogDerivedDataCache: FDerivedDataBackendGraph:  Pak pak cache file ../../../../../../Users/Michal/Documents/GitHub/Gameplay-Mechanics/GameplayMechanics/DerivedDataCache/DDC.ddp not found, will not use a pak cache.
[2019.04.14-18.18.38:966][  0]LogDerivedDataCache: Unable to find inner node Pak for hierarchical cache Hierarchy.
[2019.04.14-18.18.38:966][  0]LogDerivedDataCache: FDerivedDataBackendGraph:  CompressedPak pak cache file ../../../../../../Users/Michal/Documents/GitHub/Gameplay-Mechanics/GameplayMechanics/DerivedDataCache/Compressed.ddp not found, will not use a pak cache.
[2019.04.14-18.18.38:966][  0]LogDerivedDataCache: Unable to find inner node CompressedPak for hierarchical cache Hierarchy.
[2019.04.14-18.18.38:979][  0]LogDerivedDataCache: Display: Pak cache opened for reading ../../../Engine/DerivedDataCache/Compressed.ddp.
[2019.04.14-18.18.38:979][  0]LogDerivedDataCache: FDerivedDataBackendGraph:  EnterprisePak pak cache file ../../../Enterprise/DerivedDataCache/Compressed.ddp not found, will not use a pak cache.
[2019.04.14-18.18.38:979][  0]LogDerivedDataCache: Unable to find inner node EnterprisePak for hierarchical cache Hierarchy.
[2019.04.14-18.18.38:991][  0]LogDerivedDataCache: Using Local data cache path C:/Users/Michal/AppData/Local/UnrealEngine/Common/DerivedDataCache: Writable
[2019.04.14-18.18.38:991][  0]LogDerivedDataCache: Shared data cache path not found in *engine.ini, will not use an Shared cache.
[2019.04.14-18.18.38:991][  0]LogDerivedDataCache: Unable to find inner node Shared for hierarchical cache Hierarchy.
[2019.04.14-18.18.39:010][  0]LogMaterial: Verifying Global Shaders for PCD3D_SM5
[2019.04.14-18.18.39:012][  0]LogSlate: Using FreeType 2.6.0
[2019.04.14-18.18.39:012][  0]LogSlate: SlateFontServices - WITH_FREETYPE: 1, WITH_HARFBUZZ: 1
[2019.04.14-18.18.39:086][  0]LogAssetRegistry: FAssetRegistry took 0.0314 seconds to start up
[2019.04.14-18.18.39:343][  0]LogInit: Selected Device Profile: [Windows]
[2019.04.14-18.18.39:464][  0]LogSimplygon: Simplygon DLL not present - disabling.
[2019.04.14-18.18.39:467][  0]LogMeshReduction: Using SimplygonSwarm for distributed automatic mesh merging
[2019.04.14-18.18.39:467][  0]LogMeshReduction: Using ProxyLODMeshReduction for automatic mesh merging
[2019.04.14-18.18.39:467][  0]LogMeshReduction: Using QuadricMeshReduction for automatic static mesh reduction
[2019.04.14-18.18.39:467][  0]LogMeshReduction: No automatic skeletal mesh reduction module available
[2019.04.14-18.18.39:477][  0]LogNetVersion: GameplayMechanics 1.0.0, NetCL: 4541578, EngineNetVer: 5, GameNetVer: 0 (Checksum: 3490075600)
[2019.04.14-18.18.39:891][  0]LogPackageLocalizationCache: Processed 11 localized package path(s) for 2 prioritized culture(s) in 0.079519 seconds
[2019.04.14-18.18.39:896][  0]LogUObjectArray: 39775 objects as part of root set at end of initial load.
[2019.04.14-18.18.39:896][  0]LogUObjectAllocator: 6914656 out of 0 bytes used by permanent object pool.
[2019.04.14-18.18.39:896][  0]LogUObjectArray: CloseDisregardForGC: 0/0 objects in disregard for GC pool
[2019.04.14-18.18.40:594][  0]LogTcpMessaging: Initializing TcpMessaging bridge
[2019.04.14-18.18.40:607][  0]LogUdpMessaging: Initializing bridge on interface 0.0.0.0:0 to multicast group 230.0.0.1:6666.
[2019.04.14-18.18.41:373][  0]SourceControl: Source control is disabled
[2019.04.14-18.18.42:100][  0]LogAndroidPermission: UAndroidPermissionCallbackProxy::GetInstance
[2019.04.14-18.18.42:182][  0]LogOcInput: OculusInput pre-init called
[2019.04.14-18.18.42:302][  0]LogEngine: Initializing Engine...
[2019.04.14-18.18.42:303][  0]LogHMD: Failed to initialize OpenVR with code 110
[2019.04.14-18.18.42:304][  0]LogStats: UGameplayTagsManager::ConstructGameplayTagTree: ImportINI prefixes -  0.000 s
[2019.04.14-18.18.42:304][  0]LogStats: UGameplayTagsManager::ConstructGameplayTagTree: Construct from data asset -  0.000 s
[2019.04.14-18.18.42:304][  0]LogStats: UGameplayTagsManager::ConstructGameplayTagTree: ImportINI -  0.000 s
[2019.04.14-18.18.42:304][  0]LogStats: UGameplayTagsManager::ConstructGameplayTagTree: GameplayTagTreeChangedEvent.Broadcast -  0.000 s
[2019.04.14-18.18.42:492][  0]LogInit: Initializing FReadOnlyCVARCache
[2019.04.14-18.18.42:503][  0]LogAIModule: Creating AISystem for world Untitled
[2019.04.14-18.18.42:520][  0]LogInit: XAudio2 using 'Speakers (Sound Blaster Z)' : 6 channels at 48 kHz using 32 bits per sample (channel mask 0x3f)
[2019.04.14-18.18.42:531][  0]LogInit: FAudioDevice initialized.
[2019.04.14-18.18.42:531][  0]LogNetVersion: Set ProjectVersion to 1.0.0.0. Version Checksum will be recalculated on next use.
[2019.04.14-18.18.42:637][  0]LogDerivedDataCache: Saved boot cache 0.11s 77MB C:/Users/Michal/AppData/Local/UnrealEngine/4.21/DerivedDataCache/Boot.ddc.
[2019.04.14-18.18.42:647][  0]LogInit: Texture streaming: Enabled
[2019.04.14-18.18.42:660][  0]LogEngineSessionManager: EngineSessionManager initialized
[2019.04.14-18.18.42:672][  0]LogInit: Transaction tracking system initialized
[2019.04.14-18.18.42:692][  0]BlueprintLog: New page: Editor Load
[2019.04.14-18.18.42:794][  0]LocalizationService: Localization service is disabled
[2019.04.14-18.18.43:174][  0]LogFileCache: Scanning file cache for directory 'C:/Users/Michal/Documents/GitHub/Gameplay-Mechanics/GameplayMechanics/Content/' took 0.02s
[2019.04.14-18.18.43:174][  0]LogCook: Display: Max memory allowance for cook 16384mb min free memory 0mb
[2019.04.14-18.18.43:174][  0]LogCook: Display: Mobile HDR setting 1
[2019.04.14-18.18.43:174][  0]LogGameplayTags: Display: UGameplayTagsManager::DoneAddingNativeTags. DelegateIsBound: 0
[2019.04.14-18.18.43:174][  0]LogStats: UGameplayTagsManager::ConstructGameplayTagTree: ImportINI prefixes -  0.000 s
[2019.04.14-18.18.43:174][  0]LogStats: UGameplayTagsManager::ConstructGameplayTagTree: Construct from data asset -  0.000 s
[2019.04.14-18.18.43:174][  0]LogStats: UGameplayTagsManager::ConstructGameplayTagTree: ImportINI -  0.000 s
[2019.04.14-18.18.43:174][  0]LogStats: UGameplayTagsManager::ConstructGameplayTagTree: GameplayTagTreeChangedEvent.Broadcast -  0.000 s
[2019.04.14-18.18.43:289][  0]Cmd: MAP LOAD FILE="../../../../../../Users/Michal/Documents/GitHub/Gameplay-Mechanics/GameplayMechanics/Content/FirstPersonCPP/Maps/FirstPersonExampleMap.umap" TEMPLATE=0 SHOWPROGRESS=1 FEATURELEVEL=3
[2019.04.14-18.18.43:289][  0]LightingResults: New page: Lighting Build
[2019.04.14-18.18.43:292][  0]MapCheck: New page: Map Check
[2019.04.14-18.18.43:292][  0]LightingResults: New page: Lighting Build
[2019.04.14-18.18.43:457][  0]LogAIModule: Creating AISystem for world FirstPersonExampleMap
[2019.04.14-18.18.43:463][  0]LogEditorServer: Finished looking for orphan Actors (0.000 secs)
[2019.04.14-18.18.43:483][  0]Cmd: MAP CHECKDEP NOCLEARLOG
[2019.04.14-18.18.43:483][  0]MapCheck: Map check complete: 0 Error(s), 0 Warning(s), took 0.12ms to complete.
[2019.04.14-18.18.43:483][  0]LogFileHelpers: Loading map 'FirstPersonExampleMap' took 0.194
[2019.04.14-18.18.43:588][  0]LogSlate: Updating window title bar state: overlay mode, drag disabled, window buttons hidden, title bar hidden
[2019.04.14-18.18.43:597][  0]LogSlate: Updating window title bar state: overlay mode, drag disabled, window buttons hidden, title bar hidden
[2019.04.14-18.18.43:605][  0]LogSlate: Updating window title bar state: overlay mode, drag disabled, window buttons hidden, title bar hidden
[2019.04.14-18.18.43:611][  0]LogSlate: Updating window title bar state: overlay mode, drag disabled, window buttons hidden, title bar hidden
[2019.04.14-18.18.43:621][  0]LogCollectionManager: Loaded 0 collections in 0.001909 seconds
[2019.04.14-18.18.43:637][  0]LogFileCache: Scanning file cache for directory 'C:/Users/Michal/Documents/GitHub/Gameplay-Mechanics/GameplayMechanics/Saved/Collections/' took 0.01s
[2019.04.14-18.18.43:637][  0]LogFileCache: Scanning file cache for directory 'C:/Users/Michal/Documents/GitHub/Gameplay-Mechanics/GameplayMechanics/Content/Developers/Michal/Collections/' took 0.00s
[2019.04.14-18.18.43:637][  0]LogFileCache: Scanning file cache for directory 'C:/Users/Michal/Documents/GitHub/Gameplay-Mechanics/GameplayMechanics/Content/Collections/' took 0.00s
[2019.04.14-18.18.43:637][  0]LogCollectionManager: Rebuilt the GUID cache for 0 collections in 0.000000 seconds
[2019.04.14-18.18.43:645][  0]LogContentBrowser: Native class hierarchy populated in 0.0082 seconds. Added 2660 classes and 622 folders.
[2019.04.14-18.18.43:652][  0]LogContentBrowser: Native class hierarchy updated for 'WidgetCarousel' in 0.0004 seconds. Added 0 classes and 0 folders.
[2019.04.14-18.18.43:659][  0]LogPakFile: Registered encryption key '00000000000000000000000000000000': 0 pak files mounted, 0 remain pending
[2019.04.14-18.18.43:664][  0]LogPakFile: Registered encryption key '00000000000000000000000000000000': 0 pak files mounted, 0 remain pending
[2019.04.14-18.18.43:677][  0]LogPakFile: Registered encryption key '00000000000000000000000000000000': 0 pak files mounted, 0 remain pending
[2019.04.14-18.18.43:683][  0]LogPakFile: Registered encryption key '00000000000000000000000000000000': 0 pak files mounted, 0 remain pending
[2019.04.14-18.18.43:687][  0]LogPakFile: Registered encryption key '00000000000000000000000000000000': 0 pak files mounted, 0 remain pending
[2019.04.14-18.18.43:691][  0]LogPakFile: Registered encryption key '00000000000000000000000000000000': 0 pak files mounted, 0 remain pending
[2019.04.14-18.18.43:695][  0]LogPakFile: Registered encryption key '00000000000000000000000000000000': 0 pak files mounted, 0 remain pending
[2019.04.14-18.18.43:699][  0]LogPakFile: Registered encryption key '00000000000000000000000000000000': 0 pak files mounted, 0 remain pending
[2019.04.14-18.18.43:704][  0]LogPakFile: Registered encryption key '00000000000000000000000000000000': 0 pak files mounted, 0 remain pending
[2019.04.14-18.18.43:709][  0]LogPakFile: Registered encryption key '00000000000000000000000000000000': 0 pak files mounted, 0 remain pending
[2019.04.14-18.18.43:714][  0]LogPakFile: Registered encryption key '00000000000000000000000000000000': 0 pak files mounted, 0 remain pending
[2019.04.14-18.18.43:718][  0]LogPakFile: Registered encryption key '00000000000000000000000000000000': 0 pak files mounted, 0 remain pending
[2019.04.14-18.18.43:723][  0]LogPakFile: Registered encryption key '00000000000000000000000000000000': 0 pak files mounted, 0 remain pending
[2019.04.14-18.18.43:728][  0]LogPakFile: Registered encryption key '00000000000000000000000000000000': 0 pak files mounted, 0 remain pending
[2019.04.14-18.18.43:733][  0]LogPakFile: Registered encryption key '00000000000000000000000000000000': 0 pak files mounted, 0 remain pending
[2019.04.14-18.18.43:737][  0]LogPakFile: Registered encryption key '00000000000000000000000000000000': 0 pak files mounted, 0 remain pending
[2019.04.14-18.18.43:757][  0]LogPakFile: Registered encryption key '00000000000000000000000000000000': 0 pak files mounted, 0 remain pending
[2019.04.14-18.18.43:762][  0]LogPakFile: Registered encryption key '00000000000000000000000000000000': 0 pak files mounted, 0 remain pending
[2019.04.14-18.18.43:767][  0]LogPakFile: Registered encryption key '00000000000000000000000000000000': 0 pak files mounted, 0 remain pending
[2019.04.14-18.18.43:771][  0]LogPakFile: Registered encryption key '00000000000000000000000000000000': 0 pak files mounted, 0 remain pending
[2019.04.14-18.18.43:794][  0]LogPakFile: Registered encryption key '00000000000000000000000000000000': 0 pak files mounted, 0 remain pending
[2019.04.14-18.18.43:799][  0]LogPakFile: Registered encryption key '00000000000000000000000000000000': 0 pak files mounted, 0 remain pending
[2019.04.14-18.18.43:803][  0]LogPakFile: Registered encryption key '00000000000000000000000000000000': 0 pak files mounted, 0 remain pending
[2019.04.14-18.18.43:808][  0]LogPakFile: Registered encryption key '00000000000000000000000000000000': 0 pak files mounted, 0 remain pending
[2019.04.14-18.18.43:812][  0]LogPakFile: Registered encryption key '00000000000000000000000000000000': 0 pak files mounted, 0 remain pending
[2019.04.14-18.18.43:816][  0]LogPakFile: Registered encryption key '00000000000000000000000000000000': 0 pak files mounted, 0 remain pending
[2019.04.14-18.18.43:956][  0]LogContentBrowser: Native class hierarchy updated for 'AddContentDialog' in 0.0004 seconds. Added 0 classes and 0 folders.
[2019.04.14-18.18.43:961][  0]LogContentBrowser: Native class hierarchy updated for 'SceneOutliner' in 0.0003 seconds. Added 1 classes and 2 folders.
[2019.04.14-18.18.44:027][  0]LogSlate: Took 0.000133 seconds to synchronously load lazily loaded font '../../../Engine/Content/Slate/Fonts/Roboto-Regular.ttf' (155K)
[2019.04.14-18.18.44:029][  0]LogSlate: Took 0.000149 seconds to synchronously load lazily loaded font '../../../Engine/Content/Slate/Fonts/Roboto-Bold.ttf' (160K)
[2019.04.14-18.18.44:037][  0]LogSlate: Took 0.003649 seconds to synchronously load lazily loaded font '../../../Engine/Content/Editor/Slate/Fonts/FontAwesome.ttf' (139K)
[2019.04.14-18.18.44:118][  0]LogRenderer: Reallocating scene render targets to support 1616x808 Format 10 NumSamples 1 (Frame:1).
[2019.04.14-18.18.44:210][  0]LogContentBrowser: Native class hierarchy updated for 'HierarchicalLODOutliner' in 0.0003 seconds. Added 0 classes and 0 folders.
[2019.04.14-18.18.44:210][  0]LogLoad: (Engine Initialization) Total time: 17.34 seconds
[2019.04.14-18.18.44:210][  0]LogLoad: (Engine Initialization) Total Blueprint compile time: 0.00 seconds
[2019.04.14-18.18.44:221][  0]LogWindowsTextInputMethodSystem: Display: IME system now deactivated.
[2019.04.14-18.18.44:277][  0]LogContentStreaming: Texture pool size now 1000 MB
[2019.04.14-18.18.44:321][  1]LogAssetRegistry: Asset discovery search completed in 5.2577 seconds
[2019.04.14-18.18.44:323][  1]LogCollectionManager: Rebuilt the object cache for 0 collections in 0.000000 seconds (found 0 objects)
[2019.04.14-18.18.44:323][  1]LogCollectionManager: Fixed up redirectors for 0 collections in 0.000040 seconds (updated 0 objects)
[2019.04.14-18.18.46:423][250]LogSlate: FSceneViewport::OnFocusLost() reason 0
[2019.04.14-18.18.55:915][ 68]LogEditorViewport: Clicking on Actor (context menu): TextRenderActor (TemplateLabel)
[2019.04.14-18.18.55:953][ 68]LogSlate: FSceneViewport::OnFocusLost() reason 2
[2019.04.14-18.18.58:003][287]LogEditorViewport: Clicking on Actor (LMB): BP_Sky_Sphere_C (SkySphereBlueprint)
[2019.04.14-18.23.02:865][385]LogSlate: FSceneViewport::OnFocusLost() reason 0
[2019.04.14-18.23.06:571][801]LogSlate: Took 0.005435 seconds to synchronously load lazily loaded font '../../../Engine/Content/Slate/Fonts/Roboto-Light.ttf' (167K)
[2019.04.14-18.23.06:577][801]LogAssetEditorManager: Opening Asset editor for Class /Script/GameplayMechanics.FlyingArrow
[2019.04.14-18.23.38:830][317]LogSlate: FSceneViewport::OnFocusLost() reason 0
[2019.04.14-18.23.38:980][334]LogAssetEditorManager: Opening Asset editor for Class /Script/GameplayMechanics.BaseArrow
[2019.04.14-18.23.47:764][414]LogSlate: FSceneViewport::OnFocusLost() reason 0
[2019.04.14-18.23.49:943][669]LogSlate: Took 0.004110 seconds to synchronously load lazily loaded font '../../../Engine/Content/Slate/Fonts/Roboto-BoldCondensed.ttf' (158K)
[2019.04.14-18.24.02:448][146]Running C:/Program Files/Epic Games/UE_4.21/Engine/Binaries/DotNET/UnrealBuildTool.exe Win64 Development -TargetType=Editor -Project="C:/Users/Michal/Documents/GitHub/Gameplay-Mechanics/GameplayMechanics/GameplayMechanics.uproject" -invalidatemakefilesonly
[2019.04.14-18.24.03:256][146]Invalidating makefiles only in this run.
[2019.04.14-18.24.03:495][146]Candidate modules for hot reload:
[2019.04.14-18.24.03:495][146]  GameplayMechanics
[2019.04.14-18.24.03:495][146]Launching UnrealBuildTool... [C:/Program Files/Epic Games/UE_4.21/Engine/Binaries/DotNET/UnrealBuildTool.exe  -ModuleWithSuffix=GameplayMechanics,1745 Win64 Development -TargetType=Editor -Project="../../../../../../Users/Michal/Documents/GitHub/Gameplay-Mechanics/GameplayMechanics/GameplayMechanics.uproject" -canskiplink "C:/Users/Michal/Documents/GitHub/Gameplay-Mechanics/GameplayMechanics/GameplayMechanics.uproject" ]
[2019.04.14-18.24.18:476][146]CompilerResultsLog: New page: Compilation - 14 Apr 2019 20:24:18
[2019.04.14-18.24.18:476][146]CompilerResultsLog: Using 'git status' to determine working set for adaptive non-unity build (C:\Users\Michal\Documents\GitHub\Gameplay-Mechanics).
[2019.04.14-18.24.18:476][146]CompilerResultsLog: Creating makefile for hot reloading GameplayMechanicsEditor (no existing makefile)
[2019.04.14-18.24.18:476][146]CompilerResultsLog: Compiling game modules for hot reload
[2019.04.14-18.24.18:476][146]CompilerResultsLog: Using Visual Studio 2017 14.16.27023 toolchain (C:\Program Files (x86)\Microsoft Visual Studio\2017\Community\VC\Tools\MSVC\14.16.27023) and Windows 10.0.17763.0 SDK (C:\Program Files (x86)\Windows Kits\10).
[2019.04.14-18.24.18:476][146]CompilerResultsLog: Parsing headers for GameplayMechanicsEditor
[2019.04.14-18.24.18:476][146]CompilerResultsLog:   Running UnrealHeaderTool "C:\Users\Michal\Documents\GitHub\Gameplay-Mechanics\GameplayMechanics\GameplayMechanics.uproject" "C:\Users\Michal\Documents\GitHub\Gameplay-Mechanics\GameplayMechanics\Intermediate\Build\Win64\GameplayMechanicsEditor\Development\GameplayMechanicsEditor.uhtmanifest" -LogCmds="loginit warning, logexit warning, logdatabase error" -Unattended -WarningsAsErrors -installed
[2019.04.14-18.24.18:476][146]CompilerResultsLog: Reflection code generated for GameplayMechanicsEditor in 8.5601667 seconds
[2019.04.14-18.24.18:476][146]CompilerResultsLog: Building 5 actions with 8 processes...
[2019.04.14-18.24.18:476][146]CompilerResultsLog:   [1/5] GameplayMechanics.init.gen.cpp
[2019.04.14-18.24.18:476][146]CompilerResultsLog:   [2/5] Bow.cpp
[2019.04.14-18.24.18:476][146]CompilerResultsLog:   [3/5] Bow.gen.cpp
[2019.04.14-18.24.18:476][146]CompilerResultsLog:   [4/5] UE4Editor-GameplayMechanics-1745.lib
[2019.04.14-18.24.18:476][146]CompilerResultsLog:      Creating library C:\Users\Michal\Documents\GitHub\Gameplay-Mechanics\GameplayMechanics\Intermediate\Build\Win64\UE4Editor\Development\GameplayMechanics\UE4Editor-GameplayMechanics-1745.lib and object C:\Users\Michal\Documents\GitHub\Gameplay-Mechanics\GameplayMechanics\Intermediate\Build\Win64\UE4Editor\Development\GameplayMechanics\UE4Editor-GameplayMechanics-1745.exp
[2019.04.14-18.24.18:476][146]CompilerResultsLog:   [5/5] UE4Editor-GameplayMechanics-1745.dll
[2019.04.14-18.24.18:476][146]CompilerResultsLog:      Creating library C:\Users\Michal\Documents\GitHub\Gameplay-Mechanics\GameplayMechanics\Intermediate\Build\Win64\UE4Editor\Development\GameplayMechanics\UE4Editor-GameplayMechanics-1745.suppressed.lib and object C:\Users\Michal\Documents\GitHub\Gameplay-Mechanics\GameplayMechanics\Intermediate\Build\Win64\UE4Editor\Development\GameplayMechanics\UE4Editor-GameplayMechanics-1745.suppressed.exp
[2019.04.14-18.24.18:476][146]CompilerResultsLog: Total build time: 14.77 seconds (Parallel executor: 1.57 seconds)
[2019.04.14-18.24.18:476][146]LogMainFrame: MainFrame: Module compiling took 14.984 seconds
[2019.04.14-18.24.18:516][146]LogClass: Could not find existing class Bow in package /Script/GameplayMechanics for HotReload, assuming new class
[2019.04.14-18.24.18:534][146]LogContentBrowser: Native class hierarchy updated for 'GameplayMechanics' in 0.0004 seconds. Added 10 classes and 2 folders.
[2019.04.14-18.24.18:535][146]Display: HotReload successful (7 functions remapped  0 scriptstructs remapped)
[2019.04.14-18.24.18:658][146]LogContentBrowser: Native class hierarchy populated in 0.0069 seconds. Added 2662 classes and 624 folders.
[2019.04.14-18.24.18:658][146]Display: HotReload took 15.2s.
[2019.04.14-18.24.18:659][146]Warning: HotReload operation took 15.2s.
[2019.04.14-18.24.18:925][146]LogSlate: Window 'Add C++ Class' being destroyed
[2019.04.14-18.24.18:929][146]LogHotReload: New module detected: UE4Editor-GameplayMechanics-1745.dll
[2019.04.14-18.24.18:970][147]LogHotReload: Starting Hot-Reload from IDE
[2019.04.14-18.24.19:012][147]LogContentBrowser: Native class hierarchy updated for 'GameplayMechanics' in 0.0004 seconds. Added 10 classes and 2 folders.
[2019.04.14-18.24.19:013][147]Display: HotReload successful (0 functions remapped  0 scriptstructs remapped)
[2019.04.14-18.24.19:042][147]LogContentBrowser: Native class hierarchy populated in 0.0069 seconds. Added 2662 classes and 624 folders.
[2019.04.14-18.24.19:045][147]Display: HotReload took  0.1s.
[2019.04.14-18.35.13:480][999]LogSavePackage: Moving '../../../../../../Users/Michal/Documents/GitHub/Gameplay-Mechanics/GameplayMechanics/Saved/FirstPersonExampleMap9BD3C5964602579F1D90C8846A006C0E.tmp' to '../../../../../../Users/Michal/Documents/GitHub/Gameplay-Mechanics/GameplayMechanics/Content/FirstPersonCPP/Maps/FirstPersonExampleMap.umap'
[2019.04.14-18.35.14:942][999]LogSavePackage: Moving '../../../../../../Users/Michal/Documents/GitHub/Gameplay-Mechanics/GameplayMechanics/Saved/FirstPersonExampleMap_BuiltData9117A6E24EF7B8B39310F6AADF2F4E4B.tmp' to '../../../../../../Users/Michal/Documents/GitHub/Gameplay-Mechanics/GameplayMechanics/Content/FirstPersonCPP/Maps/FirstPersonExampleMap_BuiltData.uasset'
[2019.04.14-18.35.24:713][ 29]LogSlate: Window 'GameplayMechanics - Unreal Editor' being destroyed
[2019.04.14-18.35.24:893][ 30]Cmd: QUIT_EDITOR
[2019.04.14-18.35.24:906][ 30]LogWindowsTextInputMethodSystem: Display: IME system now deactivated.
[2019.04.14-18.35.24:917][ 30]LogExit: Preparing to exit.
[2019.04.14-18.35.25:147][ 30]LogActorComponent: UnregisterComponent: (None.None) Not registered. Aborting.
[2019.04.14-18.35.25:147][ 30]LogActorComponent: UnregisterComponent: (None.None) Not registered. Aborting.
[2019.04.14-18.35.25:147][ 30]LogActorComponent: UnregisterComponent: (None.None) Not registered. Aborting.
[2019.04.14-18.35.25:147][ 30]LogActorComponent: UnregisterComponent: (None.None) Not registered. Aborting.
[2019.04.14-18.35.25:147][ 30]LogActorComponent: UnregisterComponent: (None.None) Not registered. Aborting.
[2019.04.14-18.35.25:147][ 30]LogActorComponent: UnregisterComponent: (None.None) Not registered. Aborting.
[2019.04.14-18.35.25:147][ 30]LogActorComponent: UnregisterComponent: (None.None) Not registered. Aborting.
[2019.04.14-18.35.25:147][ 30]LogActorComponent: UnregisterComponent: (None.None) Not registered. Aborting.
[2019.04.14-18.35.25:147][ 30]LogActorComponent: UnregisterComponent: (None.None) Not registered. Aborting.
[2019.04.14-18.35.25:147][ 30]LogActorComponent: UnregisterComponent: (None.None) Not registered. Aborting.
[2019.04.14-18.35.25:147][ 30]LogActorComponent: UnregisterComponent: (None.None) Not registered. Aborting.
[2019.04.14-18.35.25:160][ 30]LogExit: Editor shut down
[2019.04.14-18.35.25:160][ 30]LogExit: Transaction tracking system shut down
[2019.04.14-18.35.25:429][ 30]LogExit: Object subsystem successfully closed.
[2019.04.14-18.35.25:440][ 30]LogShaderCompilers: Display: Shaders left to compile 0
[2019.04.14-18.35.25:442][ 30]LogD3D11RHI: Shutdown
[2019.04.14-18.35.25:442][ 30]LogD3D11RHI: CleanupD3DDevice
[2019.04.14-18.35.25:443][ 30]LogD3D11RHI: ~FD3D11DynamicRHI
[2019.04.14-18.35.25:461][ 30]LogModuleManager: Shutting down and abandoning module GameplayMechanics (626)
[2019.04.14-18.35.25:461][ 30]LogModuleManager: Shutting down and abandoning module HierarchicalLODOutliner (624)
[2019.04.14-18.35.25:461][ 30]LogModuleManager: Shutting down and abandoning module SceneOutliner (622)
[2019.04.14-18.35.25:461][ 30]LogModuleManager: Shutting down and abandoning module AddContentDialog (620)
[2019.04.14-18.35.25:461][ 30]LogModuleManager: Shutting down and abandoning module WidgetCarousel (619)
[2019.04.14-18.35.25:461][ 30]LogModuleManager: Shutting down and abandoning module EditorWidgets (616)
[2019.04.14-18.35.25:461][ 30]LogModuleManager: Shutting down and abandoning module CollectionManager (614)
[2019.04.14-18.35.25:462][ 30]LogModuleManager: Shutting down and abandoning module StatsViewer (612)
[2019.04.14-18.35.25:462][ 30]LogModuleManager: Shutting down and abandoning module FoliageEdit (610)
[2019.04.14-18.35.25:462][ 30]LogModuleManager: Shutting down and abandoning module LandscapeEditor (608)
[2019.04.14-18.35.25:462][ 30]LogModuleManager: Shutting down and abandoning module MeshPaintMode (606)
[2019.04.14-18.35.25:462][ 30]LogModuleManager: Shutting down and abandoning module SceneDepthPickerMode (604)
[2019.04.14-18.35.25:462][ 30]LogModuleManager: Shutting down and abandoning module ActorPickerMode (602)
[2019.04.14-18.35.25:462][ 30]LogModuleManager: Shutting down and abandoning module GeometryMode (600)
[2019.04.14-18.35.25:462][ 30]LogModuleManager: Shutting down and abandoning module TextureAlignMode (598)
[2019.04.14-18.35.25:462][ 30]LogModuleManager: Shutting down and abandoning module BspMode (596)
[2019.04.14-18.35.25:462][ 30]LogModuleManager: Shutting down and abandoning module PIEPreviewDeviceProfileSelector (594)
[2019.04.14-18.35.25:462][ 30]LogModuleManager: Shutting down and abandoning module SequenceRecorderSections (592)
[2019.04.14-18.35.25:462][ 30]LogModuleManager: Shutting down and abandoning module AutomationWorker (590)
[2019.04.14-18.35.25:462][ 30]LogModuleManager: Shutting down and abandoning module AudioCaptureEditor (588)
[2019.04.14-18.35.25:462][ 30]LogModuleManager: Shutting down and abandoning module MatineeToLevelSequence (586)
[2019.04.14-18.35.25:462][ 30]LogModuleManager: Shutting down and abandoning module LevelSequenceEditor (584)
[2019.04.14-18.35.25:462][ 30]LogModuleManager: Shutting down and abandoning module PlacementMode (583)
[2019.04.14-18.35.25:462][ 30]LogModuleManager: Shutting down and abandoning module MaterialEditor (582)
[2019.04.14-18.35.25:462][ 30]LogModuleManager: Shutting down and abandoning module WmfMediaFactory (578)
[2019.04.14-18.35.25:462][ 30]LogModuleManager: Shutting down and abandoning module WmfMediaEditor (576)
[2019.04.14-18.35.25:462][ 30]LogModuleManager: Shutting down and abandoning module WebMMediaFactory (574)
[2019.04.14-18.35.25:462][ 30]LogModuleManager: Shutting down and abandoning module WebMMediaEditor (572)
[2019.04.14-18.35.25:462][ 30]LogModuleManager: Shutting down and abandoning module WebMMedia (570)
[2019.04.14-18.35.25:462][ 30]LogModuleManager: Shutting down and abandoning module MediaPlayerEditor (568)
[2019.04.14-18.35.25:462][ 30]LogModuleManager: Shutting down and abandoning module MediaCompositingEditor (566)
[2019.04.14-18.35.25:462][ 30]LogModuleManager: Shutting down and abandoning module SequenceRecorder (565)
[2019.04.14-18.35.25:462][ 30]LogModuleManager: Shutting down and abandoning module OpenExrWrapper (562)
[2019.04.14-18.35.25:462][ 30]LogModuleManager: Shutting down and abandoning module ImgMediaFactory (560)
[2019.04.14-18.35.25:462][ 30]LogModuleManager: Shutting down and abandoning module ImgMediaEditor (558)
[2019.04.14-18.35.25:462][ 30]LogModuleManager: Shutting down and abandoning module AvfMediaFactory (556)
[2019.04.14-18.35.25:462][ 30]LogModuleManager: Shutting down and abandoning module AvfMediaEditor (554)
[2019.04.14-18.35.25:462][ 30]LogModuleManager: Shutting down and abandoning module AndroidMediaFactory (552)
[2019.04.14-18.35.25:462][ 30]LogModuleManager: Shutting down and abandoning module AndroidMediaEditor (550)
[2019.04.14-18.35.25:462][ 30]LogModuleManager: Shutting down and abandoning module MagicLeapCameraPreviewFactory (548)
[2019.04.14-18.35.25:462][ 30]LogModuleManager: Shutting down and abandoning module MagicLeapMediaFactory (546)
[2019.04.14-18.35.25:463][ 30]LogModuleManager: Shutting down and abandoning module MagicLeapMediaEditor (544)
[2019.04.14-18.35.25:463][ 30]LogModuleManager: Shutting down and abandoning module CharacterAI (542)
[2019.04.14-18.35.25:463][ 30]LogModuleManager: Shutting down and abandoning module SmartSnapping (540)
[2019.04.14-18.35.25:463][ 30]LogModuleManager: Shutting down and abandoning module SessionServices (538)
[2019.04.14-18.35.25:463][ 30]LogModuleManager: Shutting down and abandoning module ViewportSnapping (536)
[2019.04.14-18.35.25:463][ 30]LogModuleManager: Shutting down and abandoning module ViewportInteraction (534)
[2019.04.14-18.35.25:463][ 30]LogModuleManager: Shutting down and abandoning module ClothPainter (532)
[2019.04.14-18.35.25:463][ 30]LogModuleManager: Shutting down and abandoning module SkeletalMeshEditor (531)
[2019.04.14-18.35.25:463][ 30]LogModuleManager: Shutting down and abandoning module LogVisualizer (528)
[2019.04.14-18.35.25:463][ 30]LogModuleManager: Shutting down and abandoning module IntroTutorials (526)
[2019.04.14-18.35.25:463][ 30]LogModuleManager: Shutting down and abandoning module GameProjectGeneration (525)
[2019.04.14-18.35.25:463][ 30]LogModuleManager: Shutting down and abandoning module LuminPlatformEditor (522)
[2019.04.14-18.35.25:463][ 30]LogModuleManager: Shutting down and abandoning module IOSPlatformEditor (520)
[2019.04.14-18.35.25:463][ 30]LogModuleManager: Shutting down and abandoning module HTML5PlatformEditor (518)
[2019.04.14-18.35.25:463][ 30]LogModuleManager: Shutting down and abandoning module AndroidPlatformEditor (516)
[2019.04.14-18.35.25:463][ 30]LogModuleManager: Shutting down and abandoning module AndroidDeviceDetection (515)
[2019.04.14-18.35.25:510][ 30]LogModuleManager: Shutting down and abandoning module WindowsPlatformEditor (512)
[2019.04.14-18.35.25:510][ 30]LogModuleManager: Shutting down and abandoning module LuminRuntimeSettings (510)
[2019.04.14-18.35.25:510][ 30]LogModuleManager: Shutting down and abandoning module IOSRuntimeSettings (508)
[2019.04.14-18.35.25:510][ 30]LogModuleManager: Shutting down and abandoning module AndroidRuntimeSettings (506)
[2019.04.14-18.35.25:510][ 30]LogModuleManager: Shutting down and abandoning module TimeManagementEditor (504)
[2019.04.14-18.35.25:510][ 30]LogModuleManager: Shutting down and abandoning module InputBindingEditor (502)
[2019.04.14-18.35.25:510][ 30]LogModuleManager: Shutting down and abandoning module MergeActors (500)
[2019.04.14-18.35.25:510][ 30]LogModuleManager: Shutting down and abandoning module LocalizationDashboard (498)
[2019.04.14-18.35.25:510][ 30]LogModuleManager: Shutting down and abandoning module LocalizationService (497)
[2019.04.14-18.35.25:510][ 30]LogModuleManager: Shutting down and abandoning module HardwareTargeting (494)
[2019.04.14-18.35.25:510][ 30]LogModuleManager: Shutting down and abandoning module DeviceProfileEditor (492)
[2019.04.14-18.35.25:510][ 30]LogModuleManager: Shutting down and abandoning module UndoHistory (490)
[2019.04.14-18.35.25:510][ 30]LogModuleManager: Shutting down and abandoning module XmlParser (488)
[2019.04.14-18.35.25:510][ 30]LogModuleManager: Shutting down and abandoning module Blutility (486)
[2019.04.14-18.35.25:510][ 30]LogModuleManager: Shutting down and abandoning module ProjectSettingsViewer (484)
[2019.04.14-18.35.25:511][ 30]LogModuleManager: Shutting down and abandoning module ProjectTargetPlatformEditor (483)
[2019.04.14-18.35.25:511][ 30]LogModuleManager: Shutting down and abandoning module EditorSettingsViewer (480)
[2019.04.14-18.35.25:511][ 30]LogModuleManager: Shutting down and abandoning module SettingsEditor (478)
[2019.04.14-18.35.25:511][ 30]LogModuleManager: Shutting down and abandoning module ProjectLauncher (476)
[2019.04.14-18.35.25:511][ 30]LogModuleManager: Shutting down and abandoning module SessionFrontend (474)
[2019.04.14-18.35.25:511][ 30]LogModuleManager: Shutting down and abandoning module ProfilerClient (472)
[2019.04.14-18.35.25:511][ 30]LogModuleManager: Shutting down and abandoning module DeviceManager (470)
[2019.04.14-18.35.25:511][ 30]LogModuleManager: Shutting down and abandoning module TargetDeviceServices (469)
[2019.04.14-18.35.25:577][ 30]LogModuleManager: Shutting down and abandoning module AutomationController (466)
[2019.04.14-18.35.25:577][ 30]LogModuleManager: Shutting down and abandoning module AutomationWindow (464)
[2019.04.14-18.35.25:577][ 30]LogModuleManager: Shutting down and abandoning module Layers (462)
[2019.04.14-18.35.25:577][ 30]LogModuleManager: Shutting down and abandoning module ComponentVisualizers (460)
[2019.04.14-18.35.25:577][ 30]LogModuleManager: Shutting down and abandoning module DetailCustomizations (458)
[2019.04.14-18.35.25:577][ 30]LogModuleManager: Shutting down and abandoning module PackagesDialog (456)
[2019.04.14-18.35.25:577][ 30]LogModuleManager: Shutting down and abandoning module Persona (454)
[2019.04.14-18.35.25:577][ 30]LogModuleManager: Shutting down and abandoning module AdvancedPreviewScene (453)
[2019.04.14-18.35.25:577][ 30]LogModuleManager: Shutting down and abandoning module AnimGraph (451)
[2019.04.14-18.35.25:577][ 30]LogModuleManager: Shutting down and abandoning module Kismet (448)
[2019.04.14-18.35.25:577][ 30]LogModuleManager: Shutting down and abandoning module GraphEditor (446)
[2019.04.14-18.35.25:577][ 30]LogModuleManager: Shutting down and abandoning module ClassViewer (444)
[2019.04.14-18.35.25:578][ 30]LogModuleManager: Shutting down and abandoning module Toolbox (442)
[2019.04.14-18.35.25:578][ 30]LogModuleManager: Shutting down and abandoning module ModuleUI (440)
[2019.04.14-18.35.25:578][ 30]LogModuleManager: Shutting down and abandoning module MovieSceneTools (438)
[2019.04.14-18.35.25:578][ 30]LogModuleManager: Shutting down and abandoning module OutputLog (436)
[2019.04.14-18.35.25:578][ 30]LogModuleManager: Shutting down and abandoning module GammaUI (434)
[2019.04.14-18.35.25:578][ 30]LogModuleManager: Shutting down and abandoning module Documentation (432)
[2019.04.14-18.35.25:578][ 30]LogModuleManager: Shutting down and abandoning module MovieSceneTracks (430)
[2019.04.14-18.35.25:578][ 30]LogModuleManager: Shutting down and abandoning module MovieScene (428)
[2019.04.14-18.35.25:578][ 30]LogModuleManager: Shutting down and abandoning module StreamingPauseRendering (426)
[2019.04.14-18.35.25:578][ 30]LogModuleManager: Shutting down and abandoning module LauncherPlatform (424)
[2019.04.14-18.35.25:578][ 30]LogModuleManager: Shutting down and abandoning module AnalyticsET (422)
[2019.04.14-18.35.25:578][ 30]LogModuleManager: Shutting down and abandoning module PortalServices (420)
[2019.04.14-18.35.25:578][ 30]LogModuleManager: Shutting down and abandoning module PortalRpc (418)
[2019.04.14-18.35.25:578][ 30]LogModuleManager: Shutting down and abandoning module MessagingRpc (416)
[2019.04.14-18.35.25:578][ 30]LogModuleManager: Shutting down and abandoning module AIModule (414)
[2019.04.14-18.35.25:578][ 30]LogModuleManager: Shutting down and abandoning module GameplayDebugger (413)
[2019.04.14-18.35.25:578][ 30]LogModuleManager: Shutting down and abandoning module AITestSuite (411)
[2019.04.14-18.35.25:578][ 30]LogModuleManager: Shutting down and abandoning module NavigationSystem (409)
[2019.04.14-18.35.25:578][ 30]LogModuleManager: Shutting down and abandoning module ImageWriteQueue (406)
[2019.04.14-18.35.25:580][ 30]LogModuleManager: Shutting down and abandoning module ProfilerService (404)
[2019.04.14-18.35.25:642][ 30]LogModuleManager: Shutting down and abandoning module TaskGraph (402)
[2019.04.14-18.35.25:642][ 30]LogModuleManager: Shutting down and abandoning module SteamVRController (400)
[2019.04.14-18.35.25:642][ 30]LogModuleManager: Shutting down and abandoning module ProceduralMeshComponentEditor (398)
[2019.04.14-18.35.25:642][ 30]LogModuleManager: Shutting down and abandoning module ProceduralMeshComponent (396)
[2019.04.14-18.35.25:642][ 30]LogModuleManager: Shutting down and abandoning module OculusInput (394)
[2019.04.14-18.35.25:642][ 30]LogModuleManager: Shutting down and abandoning module MobilePatchingUtils (392)
[2019.04.14-18.35.25:642][ 30]LogModuleManager: Shutting down and abandoning module EditableMesh (390)
[2019.04.14-18.35.25:642][ 30]LogModuleManager: Shutting down and abandoning module CustomMeshComponent (388)
[2019.04.14-18.35.25:642][ 30]LogModuleManager: Shutting down and abandoning module CableComponent (386)
[2019.04.14-18.35.25:642][ 30]LogModuleManager: Shutting down and abandoning module AudioCapture (384)
[2019.04.14-18.35.25:642][ 30]LogModuleManager: Shutting down and abandoning module ArchVisCharacter (382)
[2019.04.14-18.35.25:642][ 30]LogModuleManager: Shutting down and abandoning module AndroidPermission (380)
[2019.04.14-18.35.25:642][ 30]LogModuleManager: Shutting down and abandoning module NUTUnrealEngine4 (378)
[2019.04.14-18.35.25:642][ 30]LogModuleManager: Shutting down and abandoning module NetcodeUnitTest (376)
[2019.04.14-18.35.25:642][ 30]LogModuleManager: Shutting down and abandoning module MediaCompositing (374)
[2019.04.14-18.35.25:642][ 30]LogModuleManager: Shutting down and abandoning module LinearTimecode (372)
[2019.04.14-18.35.25:642][ 30]LogModuleManager: Shutting down and abandoning module ImgMedia (370)
[2019.04.14-18.35.25:644][ 30]LogModuleManager: Shutting down and abandoning module HTML5Networking (368)
[2019.04.14-18.35.25:645][ 30]LogModuleManager: Shutting down and abandoning module GeometryCacheTracks (366)
[2019.04.14-18.35.25:645][ 30]LogModuleManager: Shutting down and abandoning module GeometryCacheSequencer (364)
[2019.04.14-18.35.25:645][ 30]LogModuleManager: Shutting down and abandoning module BackChannel (362)
[2019.04.14-18.35.25:645][ 30]LogModuleManager: Shutting down and abandoning module AppleVision (360)
[2019.04.14-18.35.25:645][ 30]LogModuleManager: Shutting down and abandoning module AppleImageUtilsBlueprintSupport (358)
[2019.04.14-18.35.25:645][ 30]LogModuleManager: Shutting down and abandoning module AppleImageUtils (356)
[2019.04.14-18.35.25:645][ 30]LogModuleManager: Shutting down and abandoning module AlembicImporter (354)
[2019.04.14-18.35.25:645][ 30]LogModuleManager: Shutting down and abandoning module AlembicLibrary (353)
[2019.04.14-18.35.25:645][ 30]LogModuleManager: Shutting down and abandoning module GeometryCache (352)
[2019.04.14-18.35.25:645][ 30]LogModuleManager: Shutting down and abandoning module GeometryCacheEd (351)
[2019.04.14-18.35.25:645][ 30]LogModuleManager: Shutting down and abandoning module VariantManagerContent (346)
[2019.04.14-18.35.25:645][ 30]LogModuleManager: Shutting down and abandoning module DatasmithContentEditor (344)
[2019.04.14-18.35.25:645][ 30]LogModuleManager: Shutting down and abandoning module SpeedTreeImporter (342)
[2019.04.14-18.35.25:645][ 30]LogModuleManager: Shutting down and abandoning module PluginBrowser (340)
[2019.04.14-18.35.25:645][ 30]LogModuleManager: Shutting down and abandoning module MobileLauncherProfileWizard (338)
[2019.04.14-18.35.25:645][ 30]LogModuleManager: Shutting down and abandoning module PolygonModeling (336)
[2019.04.14-18.35.25:645][ 30]LogModuleManager: Shutting down and abandoning module MeshEditor (334)
[2019.04.14-18.35.25:645][ 30]LogModuleManager: Shutting down and abandoning module CryptoKeysOpenSSL (332)
[2019.04.14-18.35.25:645][ 30]LogModuleManager: Shutting down and abandoning module CryptoKeys (330)
[2019.04.14-18.35.25:645][ 30]LogModuleManager: Shutting down and abandoning module VisualStudioSourceCodeAccess (328)
[2019.04.14-18.35.25:645][ 30]LogModuleManager: Shutting down and abandoning module VisualStudioCodeSourceCodeAccess (326)
[2019.04.14-18.35.25:645][ 30]LogModuleManager: Shutting down and abandoning module UObjectPlugin (324)
[2019.04.14-18.35.25:645][ 30]LogModuleManager: Shutting down and abandoning module SubversionSourceControl (322)
[2019.04.14-18.35.25:645][ 30]LogModuleManager: Shutting down and abandoning module PerforceSourceControl (320)
[2019.04.14-18.35.25:645][ 30]LogModuleManager: Shutting down and abandoning module GitSourceControl (318)
[2019.04.14-18.35.25:645][ 30]LogModuleManager: Shutting down and abandoning module SourceControl (317)
[2019.04.14-18.35.25:645][ 30]LogModuleManager: Shutting down and abandoning module CLionSourceCodeAccess (314)
[2019.04.14-18.35.25:645][ 30]LogModuleManager: Shutting down and abandoning module ActorLayerUtilitiesEditor (312)
[2019.04.14-18.35.25:645][ 30]LogModuleManager: Shutting down and abandoning module ActorLayerUtilities (310)
[2019.04.14-18.35.25:645][ 30]LogModuleManager: Shutting down and abandoning module LightPropagationVolumeEditor (308)
[2019.04.14-18.35.25:645][ 30]LogModuleManager: Shutting down and abandoning module PaperTiledImporter (306)
[2019.04.14-18.35.25:645][ 30]LogModuleManager: Shutting down and abandoning module PaperSpriteSheetImporter (304)
[2019.04.14-18.35.25:645][ 30]LogModuleManager: Shutting down and abandoning module Paper2DEditor (302)
[2019.04.14-18.35.25:645][ 30]LogModuleManager: Shutting down and abandoning module MeshPaint (301)
[2019.04.14-18.35.25:645][ 30]LogModuleManager: Shutting down and abandoning module RuntimePhysXCooking (296)
[2019.04.14-18.35.25:645][ 30]LogModuleManager: Shutting down and abandoning module PhysXVehiclesEditor (294)
[2019.04.14-18.35.25:645][ 30]LogModuleManager: Shutting down and abandoning module PhysXVehicles (292)
[2019.04.14-18.35.25:645][ 30]LogModuleManager: Shutting down and abandoning module OculusEditor (290)
[2019.04.14-18.35.25:645][ 30]LogModuleManager: Shutting down and abandoning module LocationServicesBPLibrary (288)
[2019.04.14-18.35.25:645][ 30]LogModuleManager: Shutting down and abandoning module ActorSequence (286)
[2019.04.14-18.35.25:645][ 30]LogModuleManager: Shutting down and abandoning module UdpMessaging (284)
[2019.04.14-18.35.25:746][ 30]LogModuleManager: Shutting down and abandoning module TcpMessaging (282)
[2019.04.14-18.35.25:847][ 30]LogModuleManager: Shutting down and abandoning module MagicLeapAudio (280)
[2019.04.14-18.35.25:847][ 30]LogModuleManager: Shutting down and abandoning module GameplayTagsEditor (278)
[2019.04.14-18.35.25:847][ 30]LogModuleManager: Shutting down and abandoning module FacialAnimationEditor (276)
[2019.04.14-18.35.25:847][ 30]LogModuleManager: Shutting down and abandoning module FacialAnimation (274)
[2019.04.14-18.35.25:847][ 30]LogModuleManager: Shutting down and abandoning module DataValidation (272)
[2019.04.14-18.35.25:847][ 30]LogModuleManager: Shutting down and abandoning module AssetManagerEditor (270)
[2019.04.14-18.35.25:847][ 30]LogModuleManager: Shutting down and abandoning module LevelEditor (269)
[2019.04.14-18.35.25:847][ 30]LogModuleManager: Shutting down and abandoning module PixelInspectorModule (268)
[2019.04.14-18.35.25:847][ 30]LogModuleManager: Shutting down and abandoning module CommonMenuExtensions (266)
[2019.04.14-18.35.25:847][ 30]LogModuleManager: Shutting down and abandoning module MainFrame (264)
[2019.04.14-18.35.25:848][ 30]LogModuleManager: Shutting down and abandoning module HotReload (263)
[2019.04.14-18.35.25:848][ 30]LogModuleManager: Shutting down and abandoning module ContentBrowser (259)
[2019.04.14-18.35.25:849][ 30]LogModuleManager: Shutting down and abandoning module TreeMap (257)
[2019.04.14-18.35.25:849][ 30]LogModuleManager: Shutting down and abandoning module LightPropagationVolumeRuntime (254)
[2019.04.14-18.35.25:849][ 30]LogModuleManager: Shutting down and abandoning module AISupportModule (252)
[2019.04.14-18.35.25:849][ 30]LogModuleManager: Shutting down and abandoning module Paper2D (250)
[2019.04.14-18.35.25:849][ 30]LogModuleManager: Shutting down and abandoning module WindowsMoviePlayer (248)
[2019.04.14-18.35.25:849][ 30]LogModuleManager: Shutting down and abandoning module WebMMoviePlayer (246)
[2019.04.14-18.35.25:849][ 30]LogModuleManager: Shutting down and abandoning module WmfMedia (244)
[2019.04.14-18.35.25:850][ 30]LogModuleManager: Shutting down and abandoning module Media (243)
[2019.04.14-18.35.25:857][ 30]LogModuleManager: Shutting down and abandoning module PacketHandler (240)
[2019.04.14-18.35.25:857][ 30]LogModuleManager: Shutting down and abandoning module ClothingSystemEditor (238)
[2019.04.14-18.35.25:857][ 30]LogModuleManager: Shutting down and abandoning module ClothingSystemRuntime (236)
[2019.04.14-18.35.25:857][ 30]LogModuleManager: Shutting down and abandoning module MediaAssets (234)
[2019.04.14-18.35.25:857][ 30]LogModuleManager: Shutting down and abandoning module Overlay (232)
[2019.04.14-18.35.25:857][ 30]LogModuleManager: Shutting down and abandoning module OverlayEditor (231)
[2019.04.14-18.35.25:857][ 30]LogModuleManager: Shutting down and abandoning module VREditor (228)
[2019.04.14-18.35.25:857][ 30]LogModuleManager: Shutting down and abandoning module StringTableEditor (226)
[2019.04.14-18.35.25:857][ 30]LogModuleManager: Shutting down and abandoning module GameplayTasksEditor (224)
[2019.04.14-18.35.25:857][ 30]LogModuleManager: Shutting down and abandoning module BehaviorTreeEditor (222)
[2019.04.14-18.35.25:857][ 30]LogModuleManager: Shutting down and abandoning module FunctionalTesting (220)
[2019.04.14-18.35.25:857][ 30]LogModuleManager: Shutting down and abandoning module CollisionAnalyzer (218)
[2019.04.14-18.35.25:857][ 30]LogModuleManager: Shutting down and abandoning module WorkspaceMenuStructure (217)
[2019.04.14-18.35.25:857][ 30]LogModuleManager: Shutting down and abandoning module UMG (214)
[2019.04.14-18.35.25:857][ 30]LogModuleManager: Shutting down and abandoning module UMGEditor (213)
[2019.04.14-18.35.25:857][ 30]LogModuleManager: Shutting down and abandoning module Sequencer (212)
[2019.04.14-18.35.25:857][ 30]LogModuleManager: Shutting down and abandoning module MessageLog (209)
[2019.04.14-18.35.25:857][ 30]LogModuleManager: Shutting down and abandoning module SlateReflector (204)
[2019.04.14-18.35.25:857][ 30]LogModuleManager: Shutting down and abandoning module Slate (202)
[2019.04.14-18.35.25:857][ 30]LogModuleManager: Shutting down and abandoning module EditorStyle (200)
[2019.04.14-18.35.25:859][ 30]LogModuleManager: Shutting down and abandoning module MRMesh (198)
[2019.04.14-18.35.25:859][ 30]LogModuleManager: Shutting down and abandoning module SourceCodeAccess (196)
[2019.04.14-18.35.25:859][ 30]LogModuleManager: Shutting down and abandoning module HeadMountedDisplay (194)
[2019.04.14-18.35.25:859][ 30]LogModuleManager: Shutting down and abandoning module XAudio2 (192)
[2019.04.14-18.35.25:859][ 30]LogModuleManager: Shutting down and abandoning module Networking (190)
[2019.04.14-18.35.25:859][ 30]LogModuleManager: Shutting down and abandoning module Core (188)
[2019.04.14-18.35.25:859][ 30]LogModuleManager: Shutting down and abandoning module LevelSequence (186)
[2019.04.14-18.35.25:859][ 30]LogModuleManager: Shutting down and abandoning module KismetCompiler (184)
[2019.04.14-18.35.25:859][ 30]LogModuleManager: Shutting down and abandoning module MeshUtilities (182)
[2019.04.14-18.35.25:859][ 30]LogModuleManager: Shutting down and abandoning module MeshMergeUtilities (181)
[2019.04.14-18.35.25:859][ 30]LogModuleManager: Shutting down and abandoning module MeshReductionInterface (180)
[2019.04.14-18.35.25:859][ 30]LogModuleManager: Shutting down and abandoning module SimplygonSwarm (179)
[2019.04.14-18.35.25:859][ 30]LogModuleManager: Shutting down and abandoning module ProxyLODMeshReduction (177)
[2019.04.14-18.35.25:859][ 30]LogModuleManager: Shutting down and abandoning module SimplygonMeshReduction (175)
[2019.04.14-18.35.25:859][ 30]LogModuleManager: Shutting down and abandoning module QuadricMeshReduction (173)
[2019.04.14-18.35.25:859][ 30]LogModuleManager: Shutting down and abandoning module MaterialBaking (169)
[2019.04.14-18.35.25:859][ 30]LogModuleManager: Shutting down and abandoning module DirectoryWatcher (165)
[2019.04.14-18.35.25:859][ 30]LogModuleManager: Shutting down and abandoning module DerivedDataCache (162)
[2019.04.14-18.35.25:936][ 30]LogDerivedDataCache: Shutdown
[2019.04.14-18.35.25:936][ 30]LogModuleManager: Shutting down and abandoning module XGEController (160)
[2019.04.14-18.35.25:936][ 30]LogModuleManager: Shutting down and abandoning module TargetPlatform (158)
[2019.04.14-18.35.25:936][ 30]LogModuleManager: Shutting down and abandoning module VulkanShaderFormat (157)
[2019.04.14-18.35.25:936][ 30]LogModuleManager: Shutting down and abandoning module ShaderFormatVectorVM (155)
[2019.04.14-18.35.25:936][ 30]LogModuleManager: Shutting down and abandoning module ShaderFormatOpenGL (153)
[2019.04.14-18.35.25:936][ 30]LogModuleManager: Shutting down and abandoning module ShaderFormatD3D (151)
[2019.04.14-18.35.25:936][ 30]LogModuleManager: Shutting down and abandoning module MetalShaderFormat (149)
[2019.04.14-18.35.25:936][ 30]LogModuleManager: Shutting down and abandoning module TextureFormatUncompressed (147)
[2019.04.14-18.35.25:936][ 30]LogModuleManager: Shutting down and abandoning module TextureFormatPVR (145)
[2019.04.14-18.35.25:936][ 30]LogModuleManager: Shutting down and abandoning module TextureFormatDXT (143)
[2019.04.14-18.35.25:936][ 30]LogModuleManager: Shutting down and abandoning module TextureFormatIntelISPCTexComp (141)
[2019.04.14-18.35.25:936][ 30]LogModuleManager: Shutting down and abandoning module TextureFormatASTC (139)
[2019.04.14-18.35.25:936][ 30]LogModuleManager: Shutting down and abandoning module ImageWrapper (138)
[2019.04.14-18.35.25:936][ 30]LogModuleManager: Shutting down and abandoning module TextureFormatAndroid (135)
[2019.04.14-18.35.25:936][ 30]LogModuleManager: Shutting down and abandoning module AudioFormatOpus (133)
[2019.04.14-18.35.25:936][ 30]LogModuleManager: Shutting down and abandoning module AudioFormatOgg (131)
[2019.04.14-18.35.25:936][ 30]LogModuleManager: Shutting down and abandoning module AudioFormatADPCM (129)
[2019.04.14-18.35.25:936][ 30]LogModuleManager: Shutting down and abandoning module LuminTargetPlatform (127)
[2019.04.14-18.35.25:937][ 30]LogModuleManager: Shutting down and abandoning module LinuxTargetPlatform (125)
[2019.04.14-18.35.25:937][ 30]LogModuleManager: Shutting down and abandoning module LinuxServerTargetPlatform (123)
[2019.04.14-18.35.25:937][ 30]LogModuleManager: Shutting down and abandoning module LinuxNoEditorTargetPlatform (121)
[2019.04.14-18.35.25:937][ 30]LogModuleManager: Shutting down and abandoning module LinuxClientTargetPlatform (119)
[2019.04.14-18.35.25:937][ 30]LogModuleManager: Shutting down and abandoning module TVOSTargetPlatform (117)
[2019.04.14-18.35.25:951][ 30]LogModuleManager: Shutting down and abandoning module Messaging (115)
[2019.04.14-18.35.25:951][ 30]LogModuleManager: Shutting down and abandoning module IOSTargetPlatform (113)
[2019.04.14-18.35.25:951][ 30]LogModuleManager: Shutting down and abandoning module HTML5TargetPlatform (111)
[2019.04.14-18.35.25:951][ 30]LogModuleManager: Shutting down and abandoning module AndroidTargetPlatform (109)
[2019.04.14-18.35.25:955][ 30]LogModuleManager: Shutting down and abandoning module WindowsTargetPlatform (107)
[2019.04.14-18.35.25:955][ 30]LogModuleManager: Shutting down and abandoning module WindowsServerTargetPlatform (105)
[2019.04.14-18.35.25:955][ 30]LogModuleManager: Shutting down and abandoning module WindowsNoEditorTargetPlatform (103)
[2019.04.14-18.35.25:955][ 30]LogModuleManager: Shutting down and abandoning module WindowsClientTargetPlatform (101)
[2019.04.14-18.35.25:955][ 30]LogModuleManager: Shutting down and abandoning module MacTargetPlatform (99)
[2019.04.14-18.35.25:955][ 30]LogModuleManager: Shutting down and abandoning module MacServerTargetPlatform (97)
[2019.04.14-18.35.25:955][ 30]LogModuleManager: Shutting down and abandoning module MacNoEditorTargetPlatform (95)
[2019.04.14-18.35.25:955][ 30]LogModuleManager: Shutting down and abandoning module MacClientTargetPlatform (93)
[2019.04.14-18.35.25:955][ 30]LogModuleManager: Shutting down and abandoning module AllDesktopTargetPlatform (91)
[2019.04.14-18.35.25:955][ 30]LogModuleManager: Shutting down and abandoning module InputCore (88)
[2019.04.14-18.35.25:955][ 30]LogModuleManager: Shutting down and abandoning module Settings (86)
[2019.04.14-18.35.25:955][ 30]LogModuleManager: Shutting down and abandoning module PhysXCooking (84)
[2019.04.14-18.35.25:955][ 30]LogModuleManager: Shutting down and abandoning module SteamVR (82)
[2019.04.14-18.35.25:955][ 30]LogHMD: Freeing OpenVRDLLHandle.
[2019.04.14-18.35.25:955][ 30]LogModuleManager: Shutting down and abandoning module OculusHMD (80)
[2019.04.14-18.35.25:955][ 30]LogModuleManager: Shutting down and abandoning module ExampleDeviceProfileSelector (78)
[2019.04.14-18.35.25:955][ 30]LogModuleManager: Shutting down and abandoning module LauncherChunkInstaller (76)
[2019.04.14-18.35.25:955][ 30]LogModuleManager: Shutting down and abandoning module OnlineBlueprintSupport (74)
[2019.04.14-18.35.25:955][ 30]LogModuleManager: Shutting down and abandoning module OnlineSubsystem (70)
[2019.04.14-18.35.25:956][ 30]LogModuleManager: Shutting down and abandoning module XMPP (65)
[2019.04.14-18.35.25:956][ 30]LogModuleManager: Shutting down and abandoning module WebSockets (64)
[2019.04.14-18.35.25:964][ 30]LogModuleManager: Shutting down and abandoning module HTTP (61)
[2019.04.14-18.35.25:964][ 30]LogHttp: Display: Http module shutting down, but needs to wait on 1 outstanding Http requests:
[2019.04.14-18.35.25:964][ 30]LogHttp: Display: 	verb=[POST] url=[https://datarouter.ol.epicgames.com/datarouter/api/v1/public/data?SessionID=%7B31E35F0C-4FC1-E723-4E79-56A30CD604F2%7D&AppID=UEEditor.Rocket.Release&AppVersion=4.21.2-4753647%2B%2B%2BUE4%2BRelease-4.21&UserID=c6b0d3844f1b847f06f87aafb6760f09%7Ca099b9665b064454aaa52d270fdb3151%7C76bb4124-480b-4bc0-b426-32d0bd649c5a&AppEnvironment=datacollector-binary&UploadType=eteventstream] status=Processing
[2019.04.14-18.35.25:976][ 30]LogModuleManager: Shutting down and abandoning module SSL (60)
[2019.04.14-18.35.25:977][ 30]LogModuleManager: Shutting down and abandoning module MagicLeapIdentity (56)
[2019.04.14-18.35.25:977][ 30]LogModuleManager: Shutting down and abandoning module MagicLeapHelperVulkan (54)
[2019.04.14-18.35.25:977][ 30]LogModuleManager: Shutting down and abandoning module MagicLeapHelperOpenGL (52)
[2019.04.14-18.35.25:977][ 30]LogModuleManager: Shutting down and abandoning module MagicLeapSecureStorage (50)
[2019.04.14-18.35.25:977][ 30]LogModuleManager: Shutting down and abandoning module MagicLeapHandTracking (48)
[2019.04.14-18.35.25:977][ 30]LogModuleManager: Shutting down and abandoning module MagicLeapEyeTracker (46)
[2019.04.14-18.35.25:977][ 30]LogModuleManager: Shutting down and abandoning module MagicLeapController (44)
[2019.04.14-18.35.25:977][ 30]LogSlate: Slate User Destroyed.  User Index 0, Is Virtual User: 0
[2019.04.14-18.35.25:977][ 30]LogModuleManager: Shutting down and abandoning module MagicLeap (42)
[2019.04.14-18.35.25:977][ 30]LogModuleManager: Shutting down and abandoning module DatasmithContent (40)
[2019.04.14-18.35.25:978][ 30]LogModuleManager: Shutting down and abandoning module DesktopPlatform (38)
[2019.04.14-18.35.25:978][ 30]LogModuleManager: Shutting down and abandoning module AnimationModifiers (36)
[2019.04.14-18.35.25:978][ 30]LogModuleManager: Shutting down and abandoning module PropertyEditor (35)
[2019.04.14-18.35.25:978][ 30]LogModuleManager: Shutting down and abandoning module AudioEditor (32)
[2019.04.14-18.35.25:978][ 30]LogModuleManager: Shutting down and abandoning module TextureCompressor (30)
[2019.04.14-18.35.25:978][ 30]LogModuleManager: Shutting down and abandoning module ShaderCore (28)
[2019.04.14-18.35.25:978][ 30]LogModuleManager: Shutting down and abandoning module Landscape (26)
[2019.04.14-18.35.25:978][ 30]LogModuleManager: Shutting down and abandoning module SlateRHIRenderer (24)
[2019.04.14-18.35.25:978][ 30]LogModuleManager: Shutting down and abandoning module OpenGLDrv (22)
[2019.04.14-18.35.25:978][ 30]LogModuleManager: Shutting down and abandoning module D3D11RHI (20)
[2019.04.14-18.35.25:978][ 30]LogModuleManager: Shutting down and abandoning module AnimGraphRuntime (18)
[2019.04.14-18.35.25:978][ 30]LogModuleManager: Shutting down and abandoning module Renderer (16)
[2019.04.14-18.35.25:978][ 30]LogModuleManager: Shutting down and abandoning module Engine (14)
[2019.04.14-18.35.25:978][ 30]LogModuleManager: Shutting down and abandoning module CoreUObject (12)
[2019.04.14-18.35.25:978][ 30]LogModuleManager: Shutting down and abandoning module NetworkFile (10)
[2019.04.14-18.35.25:978][ 30]LogModuleManager: Shutting down and abandoning module CookedIterativeFile (8)
[2019.04.14-18.35.25:978][ 30]LogModuleManager: Shutting down and abandoning module StreamingFile (6)
[2019.04.14-18.35.25:978][ 30]LogModuleManager: Shutting down and abandoning module SandboxFile (4)
[2019.04.14-18.35.25:978][ 30]LogModuleManager: Shutting down and abandoning module PakFile (2)
[2019.04.14-18.35.25:983][ 30]LogExit: Exiting.
[2019.04.14-18.35.25:988][ 30]Log file closed, 04/14/19 19:35:25
